#
# A fatal error has been detected by the Java Runtime Environment:
#
#  SIGSEGV (0xb) at pc=0x00007f7dfda2e102, pid=24243, tid=140179861219072
#
# JRE version: Java(TM) SE Runtime Environment (8.0_31-b13) (build 1.8.0_31-b13)
# Java VM: Java HotSpot(TM) 64-Bit Server VM (25.31-b07 mixed mode linux-amd64 compressed oops)
# Problematic frame:
# C  [i965_dri.so+0x2fe102]
#
# Failed to write core dump. Core dumps have been disabled. To enable core dumping, try "ulimit -c unlimited" before starting Java again
#
# If you would like to submit a bug report, please visit:
#   http://bugreport.java.com/bugreport/crash.jsp
# The crash happened outside the Java Virtual Machine in native code.
# See problematic frame for where to report the bug.
#

---------------  T H R E A D  ---------------

Current thread (0x00007f7e7c38a000):  JavaThread "AWT-EventQueue-0" [_thread_in_native, id=24283, stack(0x00007f7e2ac52000,0x00007f7e2ad53000)]

siginfo: si_signo: 11 (SIGSEGV), si_code: 1 (SEGV_MAPERR), si_addr: 0x000000000000c540

Registers:
RAX=0x00007f7dfda2e0f0, RBX=0x000000000000c000, RCX=0x0000000000000000, RDX=0x0000000000000001
RSP=0x00007f7e2ad50300, RBP=0x0000000000000000, RSI=0x00007f7e080200c0, RDI=0x0000000100000000
R8 =0x0000000000000000, R9 =0x00007f7e2923ea20, R10=0x00007f7e6d01cb98, R11=0x00007f7e84004460
R12=0x00007f7e0c6dfdd0, R13=0x00007f7e0c6dd380, R14=0x00007f7e0c6ec710, R15=0x0000000000000000
RIP=0x00007f7dfda2e102, EFLAGS=0x0000000000010206, CSGSFS=0x0000000000000033, ERR=0x0000000000000004
  TRAPNO=0x000000000000000e

Top of Stack: (sp=0x00007f7e2ad50300)
0x00007f7e2ad50300:   0000000000000000 00007f7e0801ffe0
0x00007f7e2ad50310:   0000000000000000 00007f7e0c6dfdd0
0x00007f7e2ad50320:   00007f7e0c6dd380 00007f7e2923eac2
0x00007f7e2ad50330:   00007f7e2ad50360 00007f7e00000000
0x00007f7e2ad50340:   0000000000000000 0000000000000000
0x00007f7e2ad50350:   000000000240003e 00007f7e2920fbf1
0x00007f7e2ad50360:   00007f7e0801ffe0 bbb60bd6d1501b00
0x00007f7e2ad50370:   000000000240003e 00007f7e29656ca8
0x00007f7e2ad50380:   00007f7e2ad503f0 0000000000000000
0x00007f7e2ad50390:   00007f7e29656ca8 00007f7e2ad504b8
0x00007f7e2ad503a0:   00007f7e7c38a000 00007f7dff7d0849
0x00007f7e2ad503b0:   00000000ec8fb5a8 00007f7e2920fc20
0x00007f7e2ad503c0:   000000000240003e 00007f7e0c6da2c0
0x00007f7e2ad503d0:   00007f7e2ad50480 00007f7e7c38a1e8
0x00007f7e2ad503e0:   00000000ec8fb648 00007f7e2920fc20
0x00007f7e2ad503f0:   00007f7e2ad50470 00007f7e6d01cbc4
0x00007f7e2ad50400:   00000000ec8fb6f0 00007f7e00000000
0x00007f7e2ad50410:   00000000ec8fb6e0 00000000ee125540
0x00007f7e2ad50420:   00000000ee124670 00007f7e2ad50610
0x00007f7e2ad50430:   00007f7e2ad50430 0000000000000000
0x00007f7e2ad50440:   00007f7e2ad504b8 00007f7e296584f0
0x00007f7e2ad50450:   0000000000000000 00007f7e29656ca8
0x00007f7e2ad50460:   0000000000000000 00007f7e2ad50490
0x00007f7e2ad50470:   00007f7e2ad50500 00007f7e6d007a0d
0x00007f7e2ad50480:   00000000c4e29a00 00007f7e6d013518
0x00007f7e2ad50490:   00007f7e2920fc20 00000000ee1244a0
0x00007f7e2ad504a0:   000000000240003e 0000000000000000
0x00007f7e2ad504b0:   00007f7e0c6da2c0 00000000c4e29d30
0x00007f7e2ad504c0:   00007f7e2ad504c0 00007f7e29656bf9
0x00007f7e2ad504d0:   00007f7e2ad50538 00007f7e296584f0
0x00007f7e2ad504e0:   0000000000000000 00007f7e29656c08
0x00007f7e2ad504f0:   00007f7e2ad50490 00007f7e2ad50520 

Instructions: (pc=0x00007f7dfda2e102)
0x00007f7dfda2e0e2:   41 5c c3 66 66 2e 0f 1f 84 00 00 00 00 00 41 55
0x00007f7dfda2e0f2:   41 54 55 53 48 83 ec 08 48 8b 1f 48 85 db 74 41
0x00007f7dfda2e102:   f6 83 40 05 00 00 01 89 cd 41 89 d5 49 89 f4 75
0x00007f7dfda2e112:   75 41 83 e5 01 75 5f 83 e5 fd 74 32 48 8d 35 9b 

Register to memory mapping:

RAX=0x00007f7dfda2e0f0: <offset 0x2fe0f0> in /usr/lib/x86_64-linux-gnu/dri/i965_dri.so at 0x00007f7dfd730000
RBX=0x000000000000c000 is an unknown value
RCX=0x0000000000000000 is an unknown value
RDX=0x0000000000000001 is an unknown value
RSP=0x00007f7e2ad50300 is pointing into the stack for thread: 0x00007f7e7c38a000
RBP=0x0000000000000000 is an unknown value
RSI=0x00007f7e080200c0 is an unknown value
RDI=0x0000000100000000 is pointing into metadata
R8 =0x0000000000000000 is an unknown value
R9 =0x00007f7e2923ea20: <offset 0x4ba20> in /usr/lib/x86_64-linux-gnu/libGL.so.1 at 0x00007f7e291f3000
R10=0x00007f7e6d01cb98 is at code_begin+1528 in an Interpreter codelet
method entry point (kind = native)  [0x00007f7e6d01c5a0, 0x00007f7e6d01d4e0]  3904 bytes
R11=0x00007f7e84004460: <offset 0x97e460> in /usr/lib/jvm/jdk1.8.0_31/jre/lib/amd64/server/libjvm.so at 0x00007f7e83686000
R12=0x00007f7e0c6dfdd0 is an unknown value
R13=0x00007f7e0c6dd380 is an unknown value
R14=0x00007f7e0c6ec710 is an unknown value
R15=0x0000000000000000 is an unknown value


Stack: [0x00007f7e2ac52000,0x00007f7e2ad53000],  sp=0x00007f7e2ad50300,  free space=1016k
Native frames: (J=compiled Java code, j=interpreted, Vv=VM code, C=native code)
C  [i965_dri.so+0x2fe102]

Java frames: (J=compiled Java code, j=interpreted, Vv=VM code)
j  jogamp.opengl.x11.glx.GLX.dispatch_glXSwapBuffers0(JJJ)V+0
j  jogamp.opengl.x11.glx.GLX.glXSwapBuffers(JJ)V+41
j  jogamp.opengl.x11.glx.X11GLXDrawable.swapBuffersImpl(Z)V+17
j  jogamp.opengl.GLDrawableImpl.swapBuffers()V+67
j  javax.media.opengl.awt.GLCanvas$12.run()V+45
J 1500 C1 java.awt.event.InvocationEvent.dispatch()V (69 bytes) @ 0x00007f7e6d56edac [0x00007f7e6d56ec60+0x14c]
j  java.awt.EventQueue.dispatchEventImpl(Ljava/awt/AWTEvent;Ljava/lang/Object;)V+21
j  java.awt.EventQueue.access$500(Ljava/awt/EventQueue;Ljava/awt/AWTEvent;Ljava/lang/Object;)V+3
j  java.awt.EventQueue$3.run()Ljava/lang/Void;+32
j  java.awt.EventQueue$3.run()Ljava/lang/Object;+1
v  ~StubRoutines::call_stub
J 1394  java.security.AccessController.doPrivileged(Ljava/security/PrivilegedAction;Ljava/security/AccessControlContext;)Ljava/lang/Object; (0 bytes) @ 0x00007f7e6d51b0e3 [0x00007f7e6d51b080+0x63]
J 1462 C1 java.awt.EventQueue.dispatchEvent(Ljava/awt/AWTEvent;)V (80 bytes) @ 0x00007f7e6d552edc [0x00007f7e6d552620+0x8bc]
J 1467 C1 java.awt.EventDispatchThread.pumpOneEventForFilters(I)V (295 bytes) @ 0x00007f7e6d558f5c [0x00007f7e6d557360+0x1bfc]
j  java.awt.EventDispatchThread.pumpEventsForFilter(ILjava/awt/Conditional;Ljava/awt/EventFilter;)V+35
j  java.awt.EventDispatchThread.pumpEventsForHierarchy(ILjava/awt/Conditional;Ljava/awt/Component;)V+11
j  java.awt.EventDispatchThread.pumpEvents(ILjava/awt/Conditional;)V+4
j  java.awt.EventDispatchThread.pumpEvents(Ljava/awt/Conditional;)V+3
j  java.awt.EventDispatchThread.run()V+9
v  ~StubRoutines::call_stub

---------------  P R O C E S S  ---------------

Java Threads: ( => current thread )
  0x00007f7e09555800 JavaThread "Thread-4" [_thread_blocked, id=24330, stack(0x00007f7dfaf77000,0x00007f7dfb078000)]
  0x00007f7e09539800 JavaThread "Java Sound Event Dispatcher" daemon [_thread_blocked, id=24324, stack(0x00007f7e2800b000,0x00007f7e2810c000)]
  0x00007f7e0c285800 JavaThread "Animation Thread-SharedResourceRunner" daemon [_thread_blocked, id=24308, stack(0x00007f7e2a0ee000,0x00007f7e2a1ef000)]
  0x00007f7e0c1fa000 JavaThread "process reaper" daemon [_thread_blocked, id=24288, stack(0x00007f7e2a918000,0x00007f7e2a951000)]
  0x00007f7e7c00f000 JavaThread "DestroyJavaVM" [_thread_blocked, id=24245, stack(0x00007f7e850b5000,0x00007f7e851b6000)]
  0x00007f7e7c39a000 JavaThread "Animation Thread" [_thread_blocked, id=24284, stack(0x00007f7e2ab51000,0x00007f7e2ac52000)]
=>0x00007f7e7c38a000 JavaThread "AWT-EventQueue-0" [_thread_in_native, id=24283, stack(0x00007f7e2ac52000,0x00007f7e2ad53000)]
  0x00007f7e7c387800 JavaThread "AWT-Shutdown" [_thread_blocked, id=24282, stack(0x00007f7e2ad53000,0x00007f7e2ae54000)]
  0x00007f7e7c33a000 JavaThread "AWT-XAWT" daemon [_thread_blocked, id=24279, stack(0x00007f7e2b256000,0x00007f7e2b357000)]
  0x00007f7e7c2f5800 JavaThread "Java2D Disposer" daemon [_thread_blocked, id=24278, stack(0x00007f7e5c00d000,0x00007f7e5c10e000)]
  0x00007f7e7c0ce000 JavaThread "Service Thread" daemon [_thread_blocked, id=24276, stack(0x00007f7e5d4d1000,0x00007f7e5d5d2000)]
  0x00007f7e7c0c9000 JavaThread "C1 CompilerThread2" daemon [_thread_blocked, id=24275, stack(0x00007f7e5d5d2000,0x00007f7e5d6d3000)]
  0x00007f7e7c0c7000 JavaThread "C2 CompilerThread1" daemon [_thread_blocked, id=24274, stack(0x00007f7e5d6d3000,0x00007f7e5d7d4000)]
  0x00007f7e7c0c4000 JavaThread "C2 CompilerThread0" daemon [_thread_blocked, id=24273, stack(0x00007f7e5d7d4000,0x00007f7e5d8d5000)]
  0x00007f7e48001000 JavaThread "JDWP Command Reader" daemon [_thread_in_native, id=24263, stack(0x00007f7e5d8d5000,0x00007f7e5d9d6000)]
  0x00007f7e7c0c2000 JavaThread "JDWP Event Helper Thread" daemon [_thread_blocked, id=24256, stack(0x00007f7e5d9d6000,0x00007f7e5dad7000)]
  0x00007f7e7c0be800 JavaThread "JDWP Transport Listener: dt_socket" daemon [_thread_blocked, id=24255, stack(0x00007f7e5dad7000,0x00007f7e5dbd8000)]
  0x00007f7e7c0ae000 JavaThread "Signal Dispatcher" daemon [_thread_blocked, id=24254, stack(0x00007f7e5dddc000,0x00007f7e5dedd000)]
  0x00007f7e7c081800 JavaThread "Finalizer" daemon [_thread_blocked, id=24252, stack(0x00007f7e5dedd000,0x00007f7e5dfde000)]
  0x00007f7e7c07f800 JavaThread "Reference Handler" daemon [_thread_blocked, id=24251, stack(0x00007f7e5dfde000,0x00007f7e5e0df000)]

Other Threads:
  0x00007f7e7c07a800 VMThread [stack: 0x00007f7e5e0df000,0x00007f7e5e1e0000] [id=24250]
  0x00007f7e7c0e1000 WatcherThread [stack: 0x00007f7e5d3d0000,0x00007f7e5d4d1000] [id=24277]

VM state:not at safepoint (normal execution)

VM Mutex/Monitor currently owned by a thread: None

Heap:
 PSYoungGen      total 34304K, used 13183K [0x00000000ebf00000, 0x00000000ee300000, 0x0000000100000000)
  eden space 31744K, 33% used [0x00000000ebf00000,0x00000000ec9674e8,0x00000000ede00000)
  from space 2560K, 98% used [0x00000000ee080000,0x00000000ee2f8870,0x00000000ee300000)
  to   space 2560K, 0% used [0x00000000ede00000,0x00000000ede00000,0x00000000ee080000)
 ParOldGen       total 42496K, used 19364K [0x00000000c3c00000, 0x00000000c6580000, 0x00000000ebf00000)
  object space 42496K, 45% used [0x00000000c3c00000,0x00000000c4ee9110,0x00000000c6580000)
 Metaspace       used 18124K, capacity 18269K, committed 18432K, reserved 1067008K
  class space    used 1709K, capacity 1789K, committed 1792K, reserved 1048576K

Card table byte_map: [0x00007f7e81225000,0x00007f7e81408000] byte_map_base: 0x00007f7e80c07000

Marking Bits: (ParMarkBitMap*) 0x00007f7e845e12a0
 Begin Bits: [0x00007f7e5e1e0000, 0x00007f7e5f0f0000)
 End Bits:   [0x00007f7e5f0f0000, 0x00007f7e60000000)

Polling page: 0x00007f7e85208000

CodeCache: size=245760Kb used=5753Kb max_used=5764Kb free=240006Kb
 bounds [0x00007f7e6d000000, 0x00007f7e6d5b0000, 0x00007f7e7c000000]
 total_blobs=2493 nmethods=1552 adapters=864
 compilation: enabled

Compilation events (10 events):
Event: 16.776 Thread 0x00007f7e7c0c9000 1549   !   3       sun.reflect.GeneratedMethodAccessor2::invoke (46 bytes)
Event: 16.777 Thread 0x00007f7e7c0c9000 nmethod 1549 0x00007f7e6d59f290 code [0x00007f7e6d59f480, 0x00007f7e6d59fac8]
Event: 16.849 Thread 0x00007f7e7c0c9000 1550   !   3       sun.reflect.GeneratedMethodAccessor3::invoke (46 bytes)
Event: 16.850 Thread 0x00007f7e7c0c9000 nmethod 1550 0x00007f7e6d59fe90 code [0x00007f7e6d5a0080, 0x00007f7e6d5a06c8]
Event: 16.898 Thread 0x00007f7e7c0c9000 1551   !   3       sun.reflect.GeneratedMethodAccessor4::invoke (49 bytes)
Event: 16.899 Thread 0x00007f7e7c0c9000 nmethod 1551 0x00007f7e6d5a0a90 code [0x00007f7e6d5a0ca0, 0x00007f7e6d5a1608]
Event: 16.935 Thread 0x00007f7e7c0c7000 1552       4       processing.opengl.PJOGL::useProgram (11 bytes)
Event: 16.940 Thread 0x00007f7e7c0c7000 nmethod 1552 0x00007f7e6d5a4bd0 code [0x00007f7e6d5a4d80, 0x00007f7e6d5a5088]
Event: 17.204 Thread 0x00007f7e7c0c9000 1553       3       sun.awt.X11.Native::getByte (8 bytes)
Event: 17.204 Thread 0x00007f7e7c0c9000 nmethod 1553 0x00007f7e6d5a4850 code [0x00007f7e6d5a49c0, 0x00007f7e6d5a4b10]

GC Heap History (8 events):
Event: 1.061 GC heap before
{Heap before GC invocations=1 (full 0):
 PSYoungGen      total 18432K, used 15751K [0x00000000ebf00000, 0x00000000ed380000, 0x0000000100000000)
  eden space 15872K, 99% used [0x00000000ebf00000,0x00000000ece61f30,0x00000000ece80000)
  from space 2560K, 0% used [0x00000000ed100000,0x00000000ed100000,0x00000000ed380000)
  to   space 2560K, 0% used [0x00000000ece80000,0x00000000ece80000,0x00000000ed100000)
 ParOldGen       total 42496K, used 0K [0x00000000c3c00000, 0x00000000c6580000, 0x00000000ebf00000)
  object space 42496K, 0% used [0x00000000c3c00000,0x00000000c3c00000,0x00000000c6580000)
 Metaspace       used 12696K, capacity 12824K, committed 12928K, reserved 1060864K
  class space    used 1351K, capacity 1408K, committed 1408K, reserved 1048576K
Event: 1.066 GC heap after
Heap after GC invocations=1 (full 0):
 PSYoungGen      total 18432K, used 2529K [0x00000000ebf00000, 0x00000000ed380000, 0x0000000100000000)
  eden space 15872K, 0% used [0x00000000ebf00000,0x00000000ebf00000,0x00000000ece80000)
  from space 2560K, 98% used [0x00000000ece80000,0x00000000ed0f8460,0x00000000ed100000)
  to   space 2560K, 0% used [0x00000000ed100000,0x00000000ed100000,0x00000000ed380000)
 ParOldGen       total 42496K, used 1621K [0x00000000c3c00000, 0x00000000c6580000, 0x00000000ebf00000)
  object space 42496K, 3% used [0x00000000c3c00000,0x00000000c3d955c8,0x00000000c6580000)
 Metaspace       used 12696K, capacity 12824K, committed 12928K, reserved 1060864K
  class space    used 1351K, capacity 1408K, committed 1408K, reserved 1048576K
}
Event: 1.663 GC heap before
{Heap before GC invocations=2 (full 0):
 PSYoungGen      total 18432K, used 17692K [0x00000000ebf00000, 0x00000000ed380000, 0x0000000100000000)
  eden space 15872K, 95% used [0x00000000ebf00000,0x00000000ecdced08,0x00000000ece80000)
  from space 2560K, 98% used [0x00000000ece80000,0x00000000ed0f8460,0x00000000ed100000)
  to   space 2560K, 0% used [0x00000000ed100000,0x00000000ed100000,0x00000000ed380000)
 ParOldGen       total 42496K, used 1621K [0x00000000c3c00000, 0x00000000c6580000, 0x00000000ebf00000)
  object space 42496K, 3% used [0x00000000c3c00000,0x00000000c3d955c8,0x00000000c6580000)
 Metaspace       used 17395K, capacity 17541K, committed 17664K, reserved 1064960K
  class space    used 1683K, capacity 1721K, committed 1792K, reserved 1048576K
Event: 1.672 GC heap after
Heap after GC invocations=2 (full 0):
 PSYoungGen      total 18432K, used 2546K [0x00000000ebf00000, 0x00000000ed380000, 0x0000000100000000)
  eden space 15872K, 0% used [0x00000000ebf00000,0x00000000ebf00000,0x00000000ece80000)
  from space 2560K, 99% used [0x00000000ed100000,0x00000000ed37c860,0x00000000ed380000)
  to   space 2560K, 0% used [0x00000000ece80000,0x00000000ece80000,0x00000000ed100000)
 ParOldGen       total 42496K, used 5105K [0x00000000c3c00000, 0x00000000c6580000, 0x00000000ebf00000)
  object space 42496K, 12% used [0x00000000c3c00000,0x00000000c40fc450,0x00000000c6580000)
 Metaspace       used 17395K, capacity 17541K, committed 17664K, reserved 1064960K
  class space    used 1683K, capacity 1721K, committed 1792K, reserved 1048576K
}
Event: 1.875 GC heap before
{Heap before GC invocations=3 (full 0):
 PSYoungGen      total 18432K, used 18201K [0x00000000ebf00000, 0x00000000ed380000, 0x0000000100000000)
  eden space 15872K, 98% used [0x00000000ebf00000,0x00000000ece49dd0,0x00000000ece80000)
  from space 2560K, 99% used [0x00000000ed100000,0x00000000ed37c860,0x00000000ed380000)
  to   space 2560K, 0% used [0x00000000ece80000,0x00000000ece80000,0x00000000ed100000)
 ParOldGen       total 42496K, used 5105K [0x00000000c3c00000, 0x00000000c6580000, 0x00000000ebf00000)
  object space 42496K, 12% used [0x00000000c3c00000,0x00000000c40fc450,0x00000000c6580000)
 Metaspace       used 17445K, capacity 17605K, committed 17920K, reserved 1064960K
  class space    used 1683K, capacity 1721K, committed 1792K, reserved 1048576K
Event: 1.885 GC heap after
Heap after GC invocations=3 (full 0):
 PSYoungGen      total 18432K, used 2530K [0x00000000ebf00000, 0x00000000ee300000, 0x0000000100000000)
  eden space 15872K, 0% used [0x00000000ebf00000,0x00000000ebf00000,0x00000000ece80000)
  from space 2560K, 98% used [0x00000000ece80000,0x00000000ed0f8860,0x00000000ed100000)
  to   space 2560K, 0% used [0x00000000ee080000,0x00000000ee080000,0x00000000ee300000)
 ParOldGen       total 42496K, used 18315K [0x00000000c3c00000, 0x00000000c6580000, 0x00000000ebf00000)
  object space 42496K, 43% used [0x00000000c3c00000,0x00000000c4de2cc0,0x00000000c6580000)
 Metaspace       used 17445K, capacity 17605K, committed 17920K, reserved 1064960K
  class space    used 1683K, capacity 1721K, committed 1792K, reserved 1048576K
}
Event: 10.809 GC heap before
{Heap before GC invocations=4 (full 0):
 PSYoungGen      total 18432K, used 18397K [0x00000000ebf00000, 0x00000000ee300000, 0x0000000100000000)
  eden space 15872K, 99% used [0x00000000ebf00000,0x00000000ece7ed28,0x00000000ece80000)
  from space 2560K, 98% used [0x00000000ece80000,0x00000000ed0f8860,0x00000000ed100000)
  to   space 2560K, 0% used [0x00000000ee080000,0x00000000ee080000,0x00000000ee300000)
 ParOldGen       total 42496K, used 18315K [0x00000000c3c00000, 0x00000000c6580000, 0x00000000ebf00000)
  object space 42496K, 43% used [0x00000000c3c00000,0x00000000c4de2cc0,0x00000000c6580000)
 Metaspace       used 17869K, capacity 18045K, committed 18176K, reserved 1064960K
  class space    used 1695K, capacity 1757K, committed 1792K, reserved 1048576K
Event: 10.816 GC heap after
Heap after GC invocations=4 (full 0):
 PSYoungGen      total 34304K, used 2530K [0x00000000ebf00000, 0x00000000ee300000, 0x0000000100000000)
  eden space 31744K, 0% used [0x00000000ebf00000,0x00000000ebf00000,0x00000000ede00000)
  from space 2560K, 98% used [0x00000000ee080000,0x00000000ee2f8870,0x00000000ee300000)
  to   space 2560K, 0% used [0x00000000ede00000,0x00000000ede00000,0x00000000ee080000)
 ParOldGen       total 42496K, used 19364K [0x00000000c3c00000, 0x00000000c6580000, 0x00000000ebf00000)
  object space 42496K, 45% used [0x00000000c3c00000,0x00000000c4ee9110,0x00000000c6580000)
 Metaspace       used 17869K, capacity 18045K, committed 18176K, reserved 1064960K
  class space    used 1695K, capacity 1757K, committed 1792K, reserved 1048576K
}

Deoptimization events (4 events):
Event: 1.546 Thread 0x00007f7e7c38a000 Uncommon trap: reason=unreached action=reinterpret pc=0x00007f7e6d35906c method=com.jogamp.common.nio.Buffers.isDirect(Ljava/lang/Object;)Z @ 1
Event: 1.546 Thread 0x00007f7e7c38a000 Uncommon trap: reason=unreached action=reinterpret pc=0x00007f7e6d358df0 method=com.jogamp.common.nio.Buffers.getDirectBufferByteOffset(Ljava/lang/Object;)I @ 1
Event: 1.586 Thread 0x00007f7e7c38a000 Uncommon trap: reason=unreached action=reinterpret pc=0x00007f7e6d351048 method=com.jogamp.common.util.IntIntHashMap.get(I)I @ 19
Event: 1.607 Thread 0x00007f7e7c38a000 Uncommon trap: reason=unreached action=reinterpret pc=0x00007f7e6d31882c method=java.lang.reflect.AccessibleObject.setAccessible0(Ljava/lang/reflect/AccessibleObject;Z)V @ 4

Internal exceptions (10 events):
Event: 1.816 Thread 0x00007f7e7c38a000 Exception <a 'java/lang/reflect/InvocationTargetException'> (0x00000000ec482168) thrown at [/HUDSON/workspace/8-2-build-linux-amd64/jdk8u31/2394/hotspot/src/share/vm/runtime/reflection.cpp, line 1080]
Event: 1.816 Thread 0x00007f7e7c38a000 Exception <a 'java/lang/reflect/InvocationTargetException'> (0x00000000ec482848) thrown at [/HUDSON/workspace/8-2-build-linux-amd64/jdk8u31/2394/hotspot/src/share/vm/runtime/reflection.cpp, line 1080]
Event: 1.887 Thread 0x00007f7e7c38a000 Exception <a 'java/security/PrivilegedActionException'> (0x00000000ec000868) thrown at [/HUDSON/workspace/8-2-build-linux-amd64/jdk8u31/2394/hotspot/src/share/vm/prims/jvm.cpp, line 1312]
Event: 2.007 Thread 0x00007f7e7c38a000 Exception <a 'java/lang/reflect/InvocationTargetException'> (0x00000000ec0f3ce8) thrown at [/HUDSON/workspace/8-2-build-linux-amd64/jdk8u31/2394/hotspot/src/share/vm/runtime/reflection.cpp, line 1080]
Event: 2.009 Thread 0x00007f7e7c38a000 Exception <a 'java/lang/reflect/InvocationTargetException'> (0x00000000ec0f40f8) thrown at [/HUDSON/workspace/8-2-build-linux-amd64/jdk8u31/2394/hotspot/src/share/vm/runtime/reflection.cpp, line 1080]
Event: 2.073 Thread 0x00007f7e7c38a000 Exception <a 'java/lang/reflect/InvocationTargetException'> (0x00000000ec0fd308) thrown at [/HUDSON/workspace/8-2-build-linux-amd64/jdk8u31/2394/hotspot/src/share/vm/runtime/reflection.cpp, line 1080]
Event: 2.073 Thread 0x00007f7e7c38a000 Exception <a 'java/lang/reflect/InvocationTargetException'> (0x00000000ec0fd718) thrown at [/HUDSON/workspace/8-2-build-linux-amd64/jdk8u31/2394/hotspot/src/share/vm/runtime/reflection.cpp, line 1080]
Event: 2.139 Thread 0x00007f7e7c38a000 Exception <a 'java/lang/reflect/InvocationTargetException'> (0x00000000ec106290) thrown at [/HUDSON/workspace/8-2-build-linux-amd64/jdk8u31/2394/hotspot/src/share/vm/runtime/reflection.cpp, line 1080]
Event: 2.140 Thread 0x00007f7e7c38a000 Exception <a 'java/lang/reflect/InvocationTargetException'> (0x00000000ec1066a0) thrown at [/HUDSON/workspace/8-2-build-linux-amd64/jdk8u31/2394/hotspot/src/share/vm/runtime/reflection.cpp, line 1080]
Event: 2.195 Thread 0x00007f7e7c38a000 Exception <a 'java/lang/reflect/InvocationTargetException'> (0x00000000ec187040) thrown at [/HUDSON/workspace/8-2-build-linux-amd64/jdk8u31/2394/hotspot/src/share/vm/runtime/reflection.cpp, line 1080]

Events (10 events):
Event: 17.333 Thread 0x00007f7e7c38a000 DEOPT PACKING pc=0x00007f7e6d544829 sp=0x00007f7e2ad50110
Event: 17.333 Thread 0x00007f7e7c38a000 DEOPT UNPACKING pc=0x00007f7e6d047373 sp=0x00007f7e2ad4fe58 mode 1
Event: 17.333 Thread 0x00007f7e7c38a000 DEOPT PACKING pc=0x00007f7e6d51a744 sp=0x00007f7e2ad501a0
Event: 17.333 Thread 0x00007f7e7c38a000 DEOPT UNPACKING pc=0x00007f7e6d047373 sp=0x00007f7e2ad4ff38 mode 1
Event: 17.333 Thread 0x00007f7e7c38a000 DEOPT PACKING pc=0x00007f7e6d4843a4 sp=0x00007f7e2ad50250
Event: 17.333 Thread 0x00007f7e7c38a000 DEOPT UNPACKING pc=0x00007f7e6d047373 sp=0x00007f7e2ad4ff98 mode 1
Event: 17.333 Thread 0x00007f7e7c38a000 DEOPT PACKING pc=0x00007f7e6d4865f4 sp=0x00007f7e2ad502a0
Event: 17.333 Thread 0x00007f7e7c38a000 DEOPT UNPACKING pc=0x00007f7e6d047373 sp=0x00007f7e2ad50050 mode 1
Event: 17.333 Thread 0x00007f7e7c38a000 DEOPT PACKING pc=0x00007f7e6d568654 sp=0x00007f7e2ad50360
Event: 17.333 Thread 0x00007f7e7c38a000 DEOPT UNPACKING pc=0x00007f7e6d047373 sp=0x00007f7e2ad500a8 mode 1


Dynamic libraries:
00400000-00401000 r-xp 00000000 08:11 2229123                            /usr/lib/jvm/jdk1.8.0_31/bin/java
00600000-00601000 rw-p 00000000 08:11 2229123                            /usr/lib/jvm/jdk1.8.0_31/bin/java
0232b000-0234c000 rw-p 00000000 00:00 0                                  [heap]
c3c00000-c6580000 rw-p 00000000 00:00 0 
c6580000-ebf00000 ---p 00000000 00:00 0 
ebf00000-ee300000 rw-p 00000000 00:00 0 
ee300000-100000000 ---p 00000000 00:00 0 
100000000-1001c0000 rw-p 00000000 00:00 0 
1001c0000-140000000 ---p 00000000 00:00 0 
7f7dd4000000-7f7dd427f000 rw-p 00000000 00:00 0 
7f7dd427f000-7f7dd8000000 ---p 00000000 00:00 0 
7f7ddbffe000-7f7ddffff000 rw-s 00000000 00:11 1402204                    /dev/shm/pulse-shm-1022866355
7f7ddffff000-7f7de4000000 r--s 00000000 00:11 22180                      /dev/shm/pulse-shm-3810095572
7f7de4000000-7f7de4021000 rw-p 00000000 00:00 0 
7f7de4021000-7f7de8000000 ---p 00000000 00:00 0 
7f7de8000000-7f7de8021000 rw-p 00000000 00:00 0 
7f7de8021000-7f7dec000000 ---p 00000000 00:00 0 
7f7dec000000-7f7dec021000 rw-p 00000000 00:00 0 
7f7dec021000-7f7df0000000 ---p 00000000 00:00 0 
7f7df2e34000-7f7df2e74000 rw-p 00000000 00:00 0 
7f7df2e74000-7f7df3034000 ---p 00000000 00:00 0 
7f7df3034000-7f7df3035000 ---p 00000000 00:00 0 
7f7df3035000-7f7df3835000 rw-p 00000000 00:00 0                          [stack:24329]
7f7df3835000-7f7df3836000 ---p 00000000 00:00 0 
7f7df3836000-7f7df4036000 rw-p 00000000 00:00 0                          [stack:24325]
7f7df4036000-7f7df8037000 rw-s 00000000 00:11 1402183                    /dev/shm/pulse-shm-3085532909
7f7df8037000-7f7df803d000 r-xp 00000000 08:11 1317035                    /usr/lib/x86_64-linux-gnu/alsa-lib/libasound_module_pcm_pulse.so
7f7df803d000-7f7df823c000 ---p 00006000 08:11 1317035                    /usr/lib/x86_64-linux-gnu/alsa-lib/libasound_module_pcm_pulse.so
7f7df823c000-7f7df823d000 r--p 00005000 08:11 1317035                    /usr/lib/x86_64-linux-gnu/alsa-lib/libasound_module_pcm_pulse.so
7f7df823d000-7f7df823e000 rw-p 00006000 08:11 1317035                    /usr/lib/x86_64-linux-gnu/alsa-lib/libasound_module_pcm_pulse.so
7f7df823e000-7f7df8272000 r-xp 00000000 08:11 1246961                    /usr/local/cpffmpeg/lib/libvorbis.so.0.4.7
7f7df8272000-7f7df8472000 ---p 00034000 08:11 1246961                    /usr/local/cpffmpeg/lib/libvorbis.so.0.4.7
7f7df8472000-7f7df8473000 rw-p 00034000 08:11 1246961                    /usr/local/cpffmpeg/lib/libvorbis.so.0.4.7
7f7df8473000-7f7df8479000 r-xp 00000000 08:11 1246864                    /usr/local/cpffmpeg/lib/libogg.so.0.8.1
7f7df8479000-7f7df8678000 ---p 00006000 08:11 1246864                    /usr/local/cpffmpeg/lib/libogg.so.0.8.1
7f7df8678000-7f7df8679000 rw-p 00005000 08:11 1246864                    /usr/local/cpffmpeg/lib/libogg.so.0.8.1
7f7df8679000-7f7df868a000 r-xp 00000000 08:11 393690                     /lib/x86_64-linux-gnu/libgpg-error.so.0.13.0
7f7df868a000-7f7df8889000 ---p 00011000 08:11 393690                     /lib/x86_64-linux-gnu/libgpg-error.so.0.13.0
7f7df8889000-7f7df888a000 r--p 00010000 08:11 393690                     /lib/x86_64-linux-gnu/libgpg-error.so.0.13.0
7f7df888a000-7f7df888b000 rw-p 00011000 08:11 393690                     /lib/x86_64-linux-gnu/libgpg-error.so.0.13.0
7f7df888b000-7f7df891a000 r-xp 00000000 08:11 1246969                    /usr/local/cpffmpeg/lib/libvorbisenc.so.2.0.10
7f7df891a000-7f7df8b19000 ---p 0008f000 08:11 1246969                    /usr/local/cpffmpeg/lib/libvorbisenc.so.2.0.10
7f7df8b19000-7f7df8b35000 rw-p 0008e000 08:11 1246969                    /usr/local/cpffmpeg/lib/libvorbisenc.so.2.0.10
7f7df8b35000-7f7df8b88000 r-xp 00000000 08:11 1247702                    /usr/local/cpffmpeg/lib/libFLAC.so.8.3.0
7f7df8b88000-7f7df8d88000 ---p 00053000 08:11 1247702                    /usr/local/cpffmpeg/lib/libFLAC.so.8.3.0
7f7df8d88000-7f7df8d89000 rw-p 00053000 08:11 1247702                    /usr/local/cpffmpeg/lib/libFLAC.so.8.3.0
7f7df8d89000-7f7df8d9d000 r-xp 00000000 08:11 393941                     /lib/x86_64-linux-gnu/libresolv-2.19.so
7f7df8d9d000-7f7df8f9c000 ---p 00014000 08:11 393941                     /lib/x86_64-linux-gnu/libresolv-2.19.so
7f7df8f9c000-7f7df8f9d000 r--p 00013000 08:11 393941                     /lib/x86_64-linux-gnu/libresolv-2.19.so
7f7df8f9d000-7f7df8f9e000 rw-p 00014000 08:11 393941                     /lib/x86_64-linux-gnu/libresolv-2.19.so
7f7df8f9e000-7f7df8fa0000 rw-p 00000000 00:00 0 
7f7df8fa0000-7f7df9077000 r-xp 00000000 08:11 393710                     /lib/x86_64-linux-gnu/libgcrypt.so.20.0.2
7f7df9077000-7f7df9277000 ---p 000d7000 08:11 393710                     /lib/x86_64-linux-gnu/libgcrypt.so.20.0.2
7f7df9277000-7f7df9278000 r--p 000d7000 08:11 393710                     /lib/x86_64-linux-gnu/libgcrypt.so.20.0.2
7f7df9278000-7f7df9281000 rw-p 000d8000 08:11 393710                     /lib/x86_64-linux-gnu/libgcrypt.so.20.0.2
7f7df9281000-7f7df92a3000 r-xp 00000000 08:11 393692                     /lib/x86_64-linux-gnu/liblzma.so.5.0.0
7f7df92a3000-7f7df94a2000 ---p 00022000 08:11 393692                     /lib/x86_64-linux-gnu/liblzma.so.5.0.0
7f7df94a2000-7f7df94a3000 r--p 00021000 08:11 393692                     /lib/x86_64-linux-gnu/liblzma.so.5.0.0
7f7df94a3000-7f7df94a4000 rw-p 00022000 08:11 393692                     /lib/x86_64-linux-gnu/liblzma.so.5.0.0
7f7df94a4000-7f7df94a8000 r-xp 00000000 08:11 393657                     /lib/x86_64-linux-gnu/libuuid.so.1.3.0
7f7df94a8000-7f7df96a7000 ---p 00004000 08:11 393657                     /lib/x86_64-linux-gnu/libuuid.so.1.3.0
7f7df96a7000-7f7df96a8000 r--p 00003000 08:11 393657                     /lib/x86_64-linux-gnu/libuuid.so.1.3.0
7f7df96a8000-7f7df96a9000 rw-p 00004000 08:11 393657                     /lib/x86_64-linux-gnu/libuuid.so.1.3.0
7f7df96a9000-7f7df96ad000 r-xp 00000000 08:11 393736                     /lib/x86_64-linux-gnu/libattr.so.1.1.0
7f7df96ad000-7f7df98ac000 ---p 00004000 08:11 393736                     /lib/x86_64-linux-gnu/libattr.so.1.1.0
7f7df98ac000-7f7df98ad000 r--p 00003000 08:11 393736                     /lib/x86_64-linux-gnu/libattr.so.1.1.0
7f7df98ad000-7f7df98ae000 rw-p 00004000 08:11 393736                     /lib/x86_64-linux-gnu/libattr.so.1.1.0
7f7df98ae000-7f7df98b3000 r-xp 00000000 08:11 1315196                    /usr/lib/x86_64-linux-gnu/libasyncns.so.0.3.1
7f7df98b3000-7f7df9ab2000 ---p 00005000 08:11 1315196                    /usr/lib/x86_64-linux-gnu/libasyncns.so.0.3.1
7f7df9ab2000-7f7df9ab3000 r--p 00004000 08:11 1315196                    /usr/lib/x86_64-linux-gnu/libasyncns.so.0.3.1
7f7df9ab3000-7f7df9ab4000 rw-p 00005000 08:11 1315196                    /usr/lib/x86_64-linux-gnu/libasyncns.so.0.3.1
7f7df9ab4000-7f7df9b16000 r-xp 00000000 08:11 1315698                    /usr/lib/x86_64-linux-gnu/libsndfile.so.1.0.25
7f7df9b16000-7f7df9d16000 ---p 00062000 08:11 1315698                    /usr/lib/x86_64-linux-gnu/libsndfile.so.1.0.25
7f7df9d16000-7f7df9d18000 r--p 00062000 08:11 1315698                    /usr/lib/x86_64-linux-gnu/libsndfile.so.1.0.25
7f7df9d18000-7f7df9d19000 rw-p 00064000 08:11 1315698                    /usr/lib/x86_64-linux-gnu/libsndfile.so.1.0.25
7f7df9d19000-7f7df9d1d000 rw-p 00000000 00:00 0 
7f7df9d1d000-7f7df9d26000 r-xp 00000000 08:11 394193                     /lib/x86_64-linux-gnu/libwrap.so.0.7.6
7f7df9d26000-7f7df9f25000 ---p 00009000 08:11 394193                     /lib/x86_64-linux-gnu/libwrap.so.0.7.6
7f7df9f25000-7f7df9f26000 r--p 00008000 08:11 394193                     /lib/x86_64-linux-gnu/libwrap.so.0.7.6
7f7df9f26000-7f7df9f27000 rw-p 00009000 08:11 394193                     /lib/x86_64-linux-gnu/libwrap.so.0.7.6
7f7df9f27000-7f7df9f28000 rw-p 00000000 00:00 0 
7f7df9f28000-7f7df9f49000 r-xp 00000000 08:11 393722                     /lib/x86_64-linux-gnu/libsystemd.so.0.3.1
7f7df9f49000-7f7dfa149000 ---p 00021000 08:11 393722                     /lib/x86_64-linux-gnu/libsystemd.so.0.3.1
7f7dfa149000-7f7dfa14a000 r--p 00021000 08:11 393722                     /lib/x86_64-linux-gnu/libsystemd.so.0.3.1
7f7dfa14a000-7f7dfa14b000 rw-p 00022000 08:11 393722                     /lib/x86_64-linux-gnu/libsystemd.so.0.3.1
7f7dfa14b000-7f7dfa152000 r-xp 00000000 08:11 1313147                    /usr/lib/x86_64-linux-gnu/libSM.so.6.0.1
7f7dfa152000-7f7dfa351000 ---p 00007000 08:11 1313147                    /usr/lib/x86_64-linux-gnu/libSM.so.6.0.1
7f7dfa351000-7f7dfa352000 r--p 00006000 08:11 1313147                    /usr/lib/x86_64-linux-gnu/libSM.so.6.0.1
7f7dfa352000-7f7dfa353000 rw-p 00007000 08:11 1313147                    /usr/lib/x86_64-linux-gnu/libSM.so.6.0.1
7f7dfa353000-7f7dfa357000 r-xp 00000000 08:11 393218                     /lib/x86_64-linux-gnu/libcap.so.2.24
7f7dfa357000-7f7dfa556000 ---p 00004000 08:11 393218                     /lib/x86_64-linux-gnu/libcap.so.2.24
7f7dfa556000-7f7dfa557000 r--p 00003000 08:11 393218                     /lib/x86_64-linux-gnu/libcap.so.2.24
7f7dfa557000-7f7dfa558000 rw-p 00004000 08:11 393218                     /lib/x86_64-linux-gnu/libcap.so.2.24
7f7dfa558000-7f7dfa59f000 r-xp 00000000 08:11 393809                     /lib/x86_64-linux-gnu/libdbus-1.so.3.8.10
7f7dfa59f000-7f7dfa79e000 ---p 00047000 08:11 393809                     /lib/x86_64-linux-gnu/libdbus-1.so.3.8.10
7f7dfa79e000-7f7dfa79f000 r--p 00046000 08:11 393809                     /lib/x86_64-linux-gnu/libdbus-1.so.3.8.10
7f7dfa79f000-7f7dfa7a0000 rw-p 00047000 08:11 393809                     /lib/x86_64-linux-gnu/libdbus-1.so.3.8.10
7f7dfa7a0000-7f7dfa817000 r-xp 00000000 08:11 1315203                    /usr/lib/x86_64-linux-gnu/pulseaudio/libpulsecommon-5.0.so
7f7dfa817000-7f7dfaa17000 ---p 00077000 08:11 1315203                    /usr/lib/x86_64-linux-gnu/pulseaudio/libpulsecommon-5.0.so
7f7dfaa17000-7f7dfaa18000 r--p 00077000 08:11 1315203                    /usr/lib/x86_64-linux-gnu/pulseaudio/libpulsecommon-5.0.so
7f7dfaa18000-7f7dfaa1a000 rw-p 00078000 08:11 1315203                    /usr/lib/x86_64-linux-gnu/pulseaudio/libpulsecommon-5.0.so
7f7dfaa1a000-7f7dfaa24000 r-xp 00000000 08:11 394170                     /lib/x86_64-linux-gnu/libjson-c.so.2.0.0
7f7dfaa24000-7f7dfac23000 ---p 0000a000 08:11 394170                     /lib/x86_64-linux-gnu/libjson-c.so.2.0.0
7f7dfac23000-7f7dfac24000 r--p 00009000 08:11 394170                     /lib/x86_64-linux-gnu/libjson-c.so.2.0.0
7f7dfac24000-7f7dfac25000 rw-p 0000a000 08:11 394170                     /lib/x86_64-linux-gnu/libjson-c.so.2.0.0
7f7dfac25000-7f7dfac73000 r-xp 00000000 08:11 1314084                    /usr/lib/x86_64-linux-gnu/libpulse.so.0.17.3
7f7dfac73000-7f7dfae73000 ---p 0004e000 08:11 1314084                    /usr/lib/x86_64-linux-gnu/libpulse.so.0.17.3
7f7dfae73000-7f7dfae75000 r--p 0004e000 08:11 1314084                    /usr/lib/x86_64-linux-gnu/libpulse.so.0.17.3
7f7dfae75000-7f7dfae76000 rw-p 00050000 08:11 1314084                    /usr/lib/x86_64-linux-gnu/libpulse.so.0.17.3
7f7dfaf77000-7f7dfaf7a000 ---p 00000000 00:00 0 
7f7dfaf7a000-7f7dfb078000 rw-p 00000000 00:00 0                          [stack:24330]
7f7dfb078000-7f7dfb168000 r-xp 00000000 08:11 1313856                    /usr/lib/x86_64-linux-gnu/libasound.so.2.0.0
7f7dfb168000-7f7dfb367000 ---p 000f0000 08:11 1313856                    /usr/lib/x86_64-linux-gnu/libasound.so.2.0.0
7f7dfb367000-7f7dfb36e000 r--p 000ef000 08:11 1313856                    /usr/lib/x86_64-linux-gnu/libasound.so.2.0.0
7f7dfb36e000-7f7dfb370000 rw-p 000f6000 08:11 1313856                    /usr/lib/x86_64-linux-gnu/libasound.so.2.0.0
7f7dfb370000-7f7dfb37f000 r-xp 00000000 08:11 2240448                    /usr/lib/jvm/jdk1.8.0_31/jre/lib/amd64/libjsoundalsa.so
7f7dfb37f000-7f7dfb57e000 ---p 0000f000 08:11 2240448                    /usr/lib/jvm/jdk1.8.0_31/jre/lib/amd64/libjsoundalsa.so
7f7dfb57e000-7f7dfb57f000 rw-p 0000e000 08:11 2240448                    /usr/lib/jvm/jdk1.8.0_31/jre/lib/amd64/libjsoundalsa.so
7f7dfb57f000-7f7dfb580000 r-xp 00000000 08:11 2240452                    /usr/lib/jvm/jdk1.8.0_31/jre/lib/amd64/libjsound.so
7f7dfb580000-7f7dfb77f000 ---p 00001000 08:11 2240452                    /usr/lib/jvm/jdk1.8.0_31/jre/lib/amd64/libjsound.so
7f7dfb77f000-7f7dfb780000 rw-p 00000000 08:11 2240452                    /usr/lib/jvm/jdk1.8.0_31/jre/lib/amd64/libjsound.so
7f7dfb780000-7f7dfbd80000 rw-s 00000000 00:04 1402124                    /drm mm object (deleted)
7f7dfbd80000-7f7dfc380000 rw-s 00000000 00:04 1402123                    /drm mm object (deleted)
7f7dfc380000-7f7dfc38e000 r-xp 00000000 08:11 393942                     /lib/x86_64-linux-gnu/libudev.so.1.5.0
7f7dfc38e000-7f7dfc58d000 ---p 0000e000 08:11 393942                     /lib/x86_64-linux-gnu/libudev.so.1.5.0
7f7dfc58d000-7f7dfc58e000 r--p 0000d000 08:11 393942                     /lib/x86_64-linux-gnu/libudev.so.1.5.0
7f7dfc58e000-7f7dfc58f000 rw-p 0000e000 08:11 393942                     /lib/x86_64-linux-gnu/libudev.so.1.5.0
7f7dfc58f000-7f7dfc591000 r-xp 00000000 08:11 1316635                    /usr/lib/x86_64-linux-gnu/libXinerama.so.1.0.0
7f7dfc591000-7f7dfc790000 ---p 00002000 08:11 1316635                    /usr/lib/x86_64-linux-gnu/libXinerama.so.1.0.0
7f7dfc790000-7f7dfc791000 r--p 00001000 08:11 1316635                    /usr/lib/x86_64-linux-gnu/libXinerama.so.1.0.0
7f7dfc791000-7f7dfc792000 rw-p 00002000 08:11 1316635                    /usr/lib/x86_64-linux-gnu/libXinerama.so.1.0.0
7f7dfc792000-7f7dfc7c9000 r-xp 00000000 08:11 1316797                    /usr/lib/x86_64-linux-gnu/libtxc_dxtn_s2tc.so.0.0.0
7f7dfc7c9000-7f7dfc9c8000 ---p 00037000 08:11 1316797                    /usr/lib/x86_64-linux-gnu/libtxc_dxtn_s2tc.so.0.0.0
7f7dfc9c8000-7f7dfc9c9000 r--p 00036000 08:11 1316797                    /usr/lib/x86_64-linux-gnu/libtxc_dxtn_s2tc.so.0.0.0
7f7dfc9c9000-7f7dfc9ca000 rw-p 00037000 08:11 1316797                    /usr/lib/x86_64-linux-gnu/libtxc_dxtn_s2tc.so.0.0.0
7f7dfc9ca000-7f7dfc9e4000 r-xp 00000000 08:11 393684                     /lib/x86_64-linux-gnu/libz.so.1.2.8
7f7dfc9e4000-7f7dfcbe3000 ---p 0001a000 08:11 393684                     /lib/x86_64-linux-gnu/libz.so.1.2.8
7f7dfcbe3000-7f7dfcbe4000 r--p 00019000 08:11 393684                     /lib/x86_64-linux-gnu/libz.so.1.2.8
7f7dfcbe4000-7f7dfcbe5000 rw-p 0001a000 08:11 393684                     /lib/x86_64-linux-gnu/libz.so.1.2.8
7f7dfcbe5000-7f7dfcbed000 r-xp 00000000 08:11 1312442                    /usr/lib/x86_64-linux-gnu/libpciaccess.so.0.11.1
7f7dfcbed000-7f7dfcded000 ---p 00008000 08:11 1312442                    /usr/lib/x86_64-linux-gnu/libpciaccess.so.0.11.1
7f7dfcded000-7f7dfcdee000 r--p 00008000 08:11 1312442                    /usr/lib/x86_64-linux-gnu/libpciaccess.so.0.11.1
7f7dfcdee000-7f7dfcdef000 rw-p 00009000 08:11 1312442                    /usr/lib/x86_64-linux-gnu/libpciaccess.so.0.11.1
7f7dfcdef000-7f7dfcedb000 r-xp 00000000 08:11 1313581                    /usr/lib/x86_64-linux-gnu/libstdc++.so.6.0.20
7f7dfcedb000-7f7dfd0db000 ---p 000ec000 08:11 1313581                    /usr/lib/x86_64-linux-gnu/libstdc++.so.6.0.20
7f7dfd0db000-7f7dfd0e3000 r--p 000ec000 08:11 1313581                    /usr/lib/x86_64-linux-gnu/libstdc++.so.6.0.20
7f7dfd0e3000-7f7dfd0e5000 rw-p 000f4000 08:11 1313581                    /usr/lib/x86_64-linux-gnu/libstdc++.so.6.0.20
7f7dfd0e5000-7f7dfd0fa000 rw-p 00000000 00:00 0 
7f7dfd0fa000-7f7dfd106000 r-xp 00000000 08:11 1317459                    /usr/lib/x86_64-linux-gnu/libdrm_radeon.so.1.0.1
7f7dfd106000-7f7dfd305000 ---p 0000c000 08:11 1317459                    /usr/lib/x86_64-linux-gnu/libdrm_radeon.so.1.0.1
7f7dfd305000-7f7dfd306000 r--p 0000b000 08:11 1317459                    /usr/lib/x86_64-linux-gnu/libdrm_radeon.so.1.0.1
7f7dfd306000-7f7dfd307000 rw-p 0000c000 08:11 1317459                    /usr/lib/x86_64-linux-gnu/libdrm_radeon.so.1.0.1
7f7dfd307000-7f7dfd30d000 r-xp 00000000 08:11 1317705                    /usr/lib/x86_64-linux-gnu/libdrm_nouveau.so.2.0.0
7f7dfd30d000-7f7dfd50c000 ---p 00006000 08:11 1317705                    /usr/lib/x86_64-linux-gnu/libdrm_nouveau.so.2.0.0
7f7dfd50c000-7f7dfd50d000 r--p 00005000 08:11 1317705                    /usr/lib/x86_64-linux-gnu/libdrm_nouveau.so.2.0.0
7f7dfd50d000-7f7dfd50e000 rw-p 00006000 08:11 1317705                    /usr/lib/x86_64-linux-gnu/libdrm_nouveau.so.2.0.0
7f7dfd50e000-7f7dfd52f000 r-xp 00000000 08:11 1312658                    /usr/lib/x86_64-linux-gnu/libdrm_intel.so.1.0.0
7f7dfd52f000-7f7dfd72e000 ---p 00021000 08:11 1312658                    /usr/lib/x86_64-linux-gnu/libdrm_intel.so.1.0.0
7f7dfd72e000-7f7dfd72f000 r--p 00020000 08:11 1312658                    /usr/lib/x86_64-linux-gnu/libdrm_intel.so.1.0.0
7f7dfd72f000-7f7dfd730000 rw-p 00021000 08:11 1312658                    /usr/lib/x86_64-linux-gnu/libdrm_intel.so.1.0.0
7f7dfd730000-7f7dfdc4e000 r-xp 00000000 08:11 1312473                    /usr/lib/x86_64-linux-gnu/dri/i965_dri.so
7f7dfdc4e000-7f7dfde4e000 ---p 0051e000 08:11 1312473                    /usr/lib/x86_64-linux-gnu/dri/i965_dri.so
7f7dfde4e000-7f7dfde6a000 r--p 0051e000 08:11 1312473                    /usr/lib/x86_64-linux-gnu/dri/i965_dri.so
7f7dfde6a000-7f7dfde70000 rw-p 0053a000 08:11 1312473                    /usr/lib/x86_64-linux-gnu/dri/i965_dri.so
7f7dfde70000-7f7dfe07b000 rw-p 00000000 00:00 0 
7f7dfe07b000-7f7dfe081000 r-xp 00000000 08:11 1180552                    /usr/lib/mesa-diverted/x86_64-linux-gnu/libGLESv2.so.2.0.0
7f7dfe081000-7f7dfe280000 ---p 00006000 08:11 1180552                    /usr/lib/mesa-diverted/x86_64-linux-gnu/libGLESv2.so.2.0.0
7f7dfe280000-7f7dfe281000 r--p 00005000 08:11 1180552                    /usr/lib/mesa-diverted/x86_64-linux-gnu/libGLESv2.so.2.0.0
7f7dfe281000-7f7dfe282000 rw-p 00006000 08:11 1180552                    /usr/lib/mesa-diverted/x86_64-linux-gnu/libGLESv2.so.2.0.0
7f7dfe282000-7f7dfe2c7000 r-xp 00000000 08:11 1972897                    /tmp/jogamp_0000/file_cache/jln8000770950753496395/jln1845026248327178244/libjogl_mobile.so
7f7dfe2c7000-7f7dfe4c7000 ---p 00045000 08:11 1972897                    /tmp/jogamp_0000/file_cache/jln8000770950753496395/jln1845026248327178244/libjogl_mobile.so
7f7dfe4c7000-7f7dfe4c8000 rw-p 00045000 08:11 1972897                    /tmp/jogamp_0000/file_cache/jln8000770950753496395/jln1845026248327178244/libjogl_mobile.so
7f7dfe4c8000-7f7dfe4cf000 r-xp 00000000 08:11 1311207                    /usr/lib/x86_64-linux-gnu/libffi.so.6.0.2
7f7dfe4cf000-7f7dfe6ce000 ---p 00007000 08:11 1311207                    /usr/lib/x86_64-linux-gnu/libffi.so.6.0.2
7f7dfe6ce000-7f7dfe6cf000 r--p 00006000 08:11 1311207                    /usr/lib/x86_64-linux-gnu/libffi.so.6.0.2
7f7dfe6cf000-7f7dfe6d0000 rw-p 00007000 08:11 1311207                    /usr/lib/x86_64-linux-gnu/libffi.so.6.0.2
7f7dfe6d0000-7f7dfe6dd000 r-xp 00000000 08:11 1314293                    /usr/lib/x86_64-linux-gnu/libgbm.so.1.0.0
7f7dfe6dd000-7f7dfe8dc000 ---p 0000d000 08:11 1314293                    /usr/lib/x86_64-linux-gnu/libgbm.so.1.0.0
7f7dfe8dc000-7f7dfe8dd000 r--p 0000c000 08:11 1314293                    /usr/lib/x86_64-linux-gnu/libgbm.so.1.0.0
7f7dfe8dd000-7f7dfe8de000 rw-p 0000d000 08:11 1314293                    /usr/lib/x86_64-linux-gnu/libgbm.so.1.0.0
7f7dfe8de000-7f7dfe8ed000 r-xp 00000000 08:11 1314915                    /usr/lib/x86_64-linux-gnu/libwayland-server.so.0.1.0
7f7dfe8ed000-7f7dfeaed000 ---p 0000f000 08:11 1314915                    /usr/lib/x86_64-linux-gnu/libwayland-server.so.0.1.0
7f7dfeaed000-7f7dfeaef000 r--p 0000f000 08:11 1314915                    /usr/lib/x86_64-linux-gnu/libwayland-server.so.0.1.0
7f7dfeaef000-7f7dfeaf0000 rw-p 00011000 08:11 1314915                    /usr/lib/x86_64-linux-gnu/libwayland-server.so.0.1.0
7f7dfeaf0000-7f7dfeafc000 r-xp 00000000 08:11 1316306                    /usr/lib/x86_64-linux-gnu/libwayland-client.so.0.3.0
7f7dfeafc000-7f7dfecfb000 ---p 0000c000 08:11 1316306                    /usr/lib/x86_64-linux-gnu/libwayland-client.so.0.3.0
7f7dfecfb000-7f7dfecfe000 r--p 0000b000 08:11 1316306                    /usr/lib/x86_64-linux-gnu/libwayland-client.so.0.3.0
7f7dfecfe000-7f7dfecff000 rw-p 0000e000 08:11 1316306                    /usr/lib/x86_64-linux-gnu/libwayland-client.so.0.3.0
7f7dfecff000-7f7dfed02000 r-xp 00000000 08:11 1312486                    /usr/lib/x86_64-linux-gnu/libxcb-shape.so.0.0.0
7f7dfed02000-7f7dfef01000 ---p 00003000 08:11 1312486                    /usr/lib/x86_64-linux-gnu/libxcb-shape.so.0.0.0
7f7dfef01000-7f7dfef02000 r--p 00002000 08:11 1312486                    /usr/lib/x86_64-linux-gnu/libxcb-shape.so.0.0.0
7f7dfef02000-7f7dfef03000 rw-p 00003000 08:11 1312486                    /usr/lib/x86_64-linux-gnu/libxcb-shape.so.0.0.0
7f7dfef03000-7f7dfef0c000 r-xp 00000000 08:11 1320235                    /usr/lib/x86_64-linux-gnu/libxcb-render.so.0.0.0
7f7dfef0c000-7f7dff10b000 ---p 00009000 08:11 1320235                    /usr/lib/x86_64-linux-gnu/libxcb-render.so.0.0.0
7f7dff10b000-7f7dff10c000 r--p 00008000 08:11 1320235                    /usr/lib/x86_64-linux-gnu/libxcb-render.so.0.0.0
7f7dff10c000-7f7dff10d000 rw-p 00009000 08:11 1320235                    /usr/lib/x86_64-linux-gnu/libxcb-render.so.0.0.0
7f7dff10d000-7f7dff113000 r-xp 00000000 08:11 1313209                    /usr/lib/x86_64-linux-gnu/libxcb-xfixes.so.0.0.0
7f7dff113000-7f7dff313000 ---p 00006000 08:11 1313209                    /usr/lib/x86_64-linux-gnu/libxcb-xfixes.so.0.0.0
7f7dff313000-7f7dff314000 r--p 00006000 08:11 1313209                    /usr/lib/x86_64-linux-gnu/libxcb-xfixes.so.0.0.0
7f7dff314000-7f7dff315000 rw-p 00007000 08:11 1313209                    /usr/lib/x86_64-linux-gnu/libxcb-xfixes.so.0.0.0
7f7dff315000-7f7dff33d000 r-xp 00000000 08:11 1179661                    /usr/lib/mesa-diverted/x86_64-linux-gnu/libEGL.so.1.0.0
7f7dff33d000-7f7dff53c000 ---p 00028000 08:11 1179661                    /usr/lib/mesa-diverted/x86_64-linux-gnu/libEGL.so.1.0.0
7f7dff53c000-7f7dff53d000 r--p 00027000 08:11 1179661                    /usr/lib/mesa-diverted/x86_64-linux-gnu/libEGL.so.1.0.0
7f7dff53d000-7f7dff53e000 rw-p 00028000 08:11 1179661                    /usr/lib/mesa-diverted/x86_64-linux-gnu/libEGL.so.1.0.0
7f7dff53e000-7f7dff53f000 rw-p 00000000 00:00 0 
7f7dff53f000-7f7dff543000 r-xp 00000000 08:11 1184816                    /usr/lib/mesa-diverted/x86_64-linux-gnu/libGLESv1_CM.so.1.1.0
7f7dff543000-7f7dff742000 ---p 00004000 08:11 1184816                    /usr/lib/mesa-diverted/x86_64-linux-gnu/libGLESv1_CM.so.1.1.0
7f7dff742000-7f7dff743000 r--p 00003000 08:11 1184816                    /usr/lib/mesa-diverted/x86_64-linux-gnu/libGLESv1_CM.so.1.1.0
7f7dff743000-7f7dff744000 rw-p 00004000 08:11 1184816                    /usr/lib/mesa-diverted/x86_64-linux-gnu/libGLESv1_CM.so.1.1.0
7f7dff744000-7f7dff7e9000 r-xp 00000000 08:11 1972773                    /tmp/jogamp_0000/file_cache/jln8000770950753496395/jln1845026248327178244/libjogl_desktop.so
7f7dff7e9000-7f7dff9e9000 ---p 000a5000 08:11 1972773                    /tmp/jogamp_0000/file_cache/jln8000770950753496395/jln1845026248327178244/libjogl_desktop.so
7f7dff9e9000-7f7dff9ea000 rw-p 000a5000 08:11 1972773                    /tmp/jogamp_0000/file_cache/jln8000770950753496395/jln1845026248327178244/libjogl_desktop.so
7f7dff9ea000-7f7dff9f6000 r-xp 00000000 08:11 1317768                    /usr/lib/x86_64-linux-gnu/libdrm.so.2.4.0
7f7dff9f6000-7f7dffbf5000 ---p 0000c000 08:11 1317768                    /usr/lib/x86_64-linux-gnu/libdrm.so.2.4.0
7f7dffbf5000-7f7dffbf6000 r--p 0000b000 08:11 1317768                    /usr/lib/x86_64-linux-gnu/libdrm.so.2.4.0
7f7dffbf6000-7f7dffbf7000 rw-p 0000c000 08:11 1317768                    /usr/lib/x86_64-linux-gnu/libdrm.so.2.4.0
7f7dffbf7000-7f7dffbf8000 r-xp 00000000 08:11 1316882                    /usr/lib/x86_64-linux-gnu/libxshmfence.so.1.0.0
7f7dffbf8000-7f7dffdf7000 ---p 00001000 08:11 1316882                    /usr/lib/x86_64-linux-gnu/libxshmfence.so.1.0.0
7f7dffdf7000-7f7dffdf8000 r--p 00000000 08:11 1316882                    /usr/lib/x86_64-linux-gnu/libxshmfence.so.1.0.0
7f7dffdf8000-7f7dffdf9000 rw-p 00001000 08:11 1316882                    /usr/lib/x86_64-linux-gnu/libxshmfence.so.1.0.0
7f7dffdf9000-7f7dffdfe000 r-xp 00000000 08:11 1315759                    /usr/lib/x86_64-linux-gnu/libxcb-sync.so.1.0.0
7f7dffdfe000-7f7dffffe000 ---p 00005000 08:11 1315759                    /usr/lib/x86_64-linux-gnu/libxcb-sync.so.1.0.0
7f7dffffe000-7f7dfffff000 r--p 00005000 08:11 1315759                    /usr/lib/x86_64-linux-gnu/libxcb-sync.so.1.0.0
7f7dfffff000-7f7e00000000 rw-p 00006000 08:11 1315759                    /usr/lib/x86_64-linux-gnu/libxcb-sync.so.1.0.0
7f7e00000000-7f7e00021000 rw-p 00000000 00:00 0 
7f7e00021000-7f7e04000000 ---p 00000000 00:00 0 
7f7e04000000-7f7e067ef000 rw-p 00000000 00:00 0 
7f7e067ef000-7f7e08000000 ---p 00000000 00:00 0 
7f7e08000000-7f7e0a77c000 rw-p 00000000 00:00 0 
7f7e0a77c000-7f7e0c000000 ---p 00000000 00:00 0 
7f7e0c000000-7f7e0ca22000 rw-p 00000000 00:00 0 
7f7e0ca22000-7f7e10000000 ---p 00000000 00:00 0 
7f7e10000000-7f7e10021000 rw-p 00000000 00:00 0 
7f7e10021000-7f7e14000000 ---p 00000000 00:00 0 
7f7e14000000-7f7e14021000 rw-p 00000000 00:00 0 
7f7e14021000-7f7e18000000 ---p 00000000 00:00 0 
7f7e18000000-7f7e18029000 rw-p 00000000 00:00 0 
7f7e18029000-7f7e1c000000 ---p 00000000 00:00 0 
7f7e1c000000-7f7e1c040000 rw-p 00000000 00:00 0 
7f7e1c040000-7f7e20000000 ---p 00000000 00:00 0 
7f7e20000000-7f7e20021000 rw-p 00000000 00:00 0 
7f7e20021000-7f7e24000000 ---p 00000000 00:00 0 
7f7e24000000-7f7e24021000 rw-p 00000000 00:00 0 
7f7e24021000-7f7e28000000 ---p 00000000 00:00 0 
7f7e2800b000-7f7e2800e000 ---p 00000000 00:00 0 
7f7e2800e000-7f7e2810c000 rw-p 00000000 00:00 0                          [stack:24324]
7f7e2810c000-7f7e28123000 r-xp 00000000 08:11 1432196                    /usr/local/lib/libICE.so.6.3.0
7f7e28123000-7f7e28125000 rw-p 00016000 08:11 1432196                    /usr/local/lib/libICE.so.6.3.0
7f7e28125000-7f7e28128000 rw-p 00000000 00:00 0 
7f7e28177000-7f7e28179000 r-xp 00000000 08:11 1317437                    /usr/lib/x86_64-linux-gnu/libxcb-present.so.0.0.0
7f7e28179000-7f7e28378000 ---p 00002000 08:11 1317437                    /usr/lib/x86_64-linux-gnu/libxcb-present.so.0.0.0
7f7e28378000-7f7e28379000 r--p 00001000 08:11 1317437                    /usr/lib/x86_64-linux-gnu/libxcb-present.so.0.0.0
7f7e28379000-7f7e2837a000 rw-p 00002000 08:11 1317437                    /usr/lib/x86_64-linux-gnu/libxcb-present.so.0.0.0
7f7e2837a000-7f7e2837c000 r-xp 00000000 08:11 1313718                    /usr/lib/x86_64-linux-gnu/libxcb-dri3.so.0.0.0
7f7e2837c000-7f7e2857b000 ---p 00002000 08:11 1313718                    /usr/lib/x86_64-linux-gnu/libxcb-dri3.so.0.0.0
7f7e2857b000-7f7e2857c000 r--p 00001000 08:11 1313718                    /usr/lib/x86_64-linux-gnu/libxcb-dri3.so.0.0.0
7f7e2857c000-7f7e2857d000 rw-p 00002000 08:11 1313718                    /usr/lib/x86_64-linux-gnu/libxcb-dri3.so.0.0.0
7f7e2857d000-7f7e28581000 r-xp 00000000 08:11 1312874                    /usr/lib/x86_64-linux-gnu/libxcb-dri2.so.0.0.0
7f7e28581000-7f7e28780000 ---p 00004000 08:11 1312874                    /usr/lib/x86_64-linux-gnu/libxcb-dri2.so.0.0.0
7f7e28780000-7f7e28781000 r--p 00003000 08:11 1312874                    /usr/lib/x86_64-linux-gnu/libxcb-dri2.so.0.0.0
7f7e28781000-7f7e28782000 rw-p 00004000 08:11 1312874                    /usr/lib/x86_64-linux-gnu/libxcb-dri2.so.0.0.0
7f7e28782000-7f7e28799000 r-xp 00000000 08:11 1314543                    /usr/lib/x86_64-linux-gnu/libxcb-glx.so.0.0.0
7f7e28799000-7f7e28998000 ---p 00017000 08:11 1314543                    /usr/lib/x86_64-linux-gnu/libxcb-glx.so.0.0.0
7f7e28998000-7f7e2899a000 r--p 00016000 08:11 1314543                    /usr/lib/x86_64-linux-gnu/libxcb-glx.so.0.0.0
7f7e2899a000-7f7e2899b000 rw-p 00018000 08:11 1314543                    /usr/lib/x86_64-linux-gnu/libxcb-glx.so.0.0.0
7f7e2899b000-7f7e2899c000 r-xp 00000000 08:11 1318061                    /usr/lib/x86_64-linux-gnu/libX11-xcb.so.1.0.0
7f7e2899c000-7f7e28b9b000 ---p 00001000 08:11 1318061                    /usr/lib/x86_64-linux-gnu/libX11-xcb.so.1.0.0
7f7e28b9b000-7f7e28b9c000 r--p 00000000 08:11 1318061                    /usr/lib/x86_64-linux-gnu/libX11-xcb.so.1.0.0
7f7e28b9c000-7f7e28b9d000 rw-p 00001000 08:11 1318061                    /usr/lib/x86_64-linux-gnu/libX11-xcb.so.1.0.0
7f7e28b9d000-7f7e28b9f000 r-xp 00000000 08:11 1316876                    /usr/lib/x86_64-linux-gnu/libXdamage.so.1.1.0
7f7e28b9f000-7f7e28d9e000 ---p 00002000 08:11 1316876                    /usr/lib/x86_64-linux-gnu/libXdamage.so.1.1.0
7f7e28d9e000-7f7e28d9f000 r--p 00001000 08:11 1316876                    /usr/lib/x86_64-linux-gnu/libXdamage.so.1.1.0
7f7e28d9f000-7f7e28da0000 rw-p 00002000 08:11 1316876                    /usr/lib/x86_64-linux-gnu/libXdamage.so.1.1.0
7f7e28da0000-7f7e28dc5000 r-xp 00000000 08:11 1311159                    /usr/lib/x86_64-linux-gnu/libglapi.so.0.0.0
7f7e28dc5000-7f7e28fc5000 ---p 00025000 08:11 1311159                    /usr/lib/x86_64-linux-gnu/libglapi.so.0.0.0
7f7e28fc5000-7f7e28fc8000 r--p 00025000 08:11 1311159                    /usr/lib/x86_64-linux-gnu/libglapi.so.0.0.0
7f7e28fc8000-7f7e28fc9000 rw-p 00028000 08:11 1311159                    /usr/lib/x86_64-linux-gnu/libglapi.so.0.0.0
7f7e28fc9000-7f7e28fca000 rw-p 00000000 00:00 0 
7f7e28fca000-7f7e28ff0000 r-xp 00000000 08:11 393642                     /lib/x86_64-linux-gnu/libexpat.so.1.6.0
7f7e28ff0000-7f7e291ef000 ---p 00026000 08:11 393642                     /lib/x86_64-linux-gnu/libexpat.so.1.6.0
7f7e291ef000-7f7e291f2000 r--p 00025000 08:11 393642                     /lib/x86_64-linux-gnu/libexpat.so.1.6.0
7f7e291f2000-7f7e291f3000 rw-p 00028000 08:11 393642                     /lib/x86_64-linux-gnu/libexpat.so.1.6.0
7f7e291f3000-7f7e29289000 r-xp 00000000 08:11 1179742                    /usr/lib/mesa-diverted/x86_64-linux-gnu/libGL.so.1.2.0
7f7e29289000-7f7e29488000 ---p 00096000 08:11 1179742                    /usr/lib/mesa-diverted/x86_64-linux-gnu/libGL.so.1.2.0
7f7e29488000-7f7e2948b000 r--p 00095000 08:11 1179742                    /usr/lib/mesa-diverted/x86_64-linux-gnu/libGL.so.1.2.0
7f7e2948b000-7f7e2948c000 rw-p 00098000 08:11 1179742                    /usr/lib/mesa-diverted/x86_64-linux-gnu/libGL.so.1.2.0
7f7e2948c000-7f7e2968d000 rw-p 00000000 00:00 0 
7f7e2968d000-7f7e29694000 r-xp 00000000 08:11 1973321                    /tmp/jogamp_0000/file_cache/jln8000770950753496395/jln1845026248327178244/libnativewindow_x11.so
7f7e29694000-7f7e29893000 ---p 00007000 08:11 1973321                    /tmp/jogamp_0000/file_cache/jln8000770950753496395/jln1845026248327178244/libnativewindow_x11.so
7f7e29893000-7f7e29894000 rw-p 00006000 08:11 1973321                    /tmp/jogamp_0000/file_cache/jln8000770950753496395/jln1845026248327178244/libnativewindow_x11.so
7f7e29894000-7f7e29899000 r-xp 00000000 08:11 1316626                    /usr/lib/x86_64-linux-gnu/libXxf86vm.so.1.0.0
7f7e29899000-7f7e29a98000 ---p 00005000 08:11 1316626                    /usr/lib/x86_64-linux-gnu/libXxf86vm.so.1.0.0
7f7e29a98000-7f7e29a99000 r--p 00004000 08:11 1316626                    /usr/lib/x86_64-linux-gnu/libXxf86vm.so.1.0.0
7f7e29a99000-7f7e29a9a000 rw-p 00005000 08:11 1316626                    /usr/lib/x86_64-linux-gnu/libXxf86vm.so.1.0.0
7f7e29a9c000-7f7e29a9d000 rw-p 00000000 00:00 0 
7f7e29a9d000-7f7e29a9e000 rw-s 00000000 00:04 1402131                    /drm mm object (deleted)
7f7e29a9e000-7f7e29aa6000 rw-s 00000000 00:04 1401647                    /drm mm object (deleted)
7f7e29aa6000-7f7e29aae000 rw-s 00000000 00:04 1401646                    /drm mm object (deleted)
7f7e29aae000-7f7e29ab5000 r--s 00000000 08:11 1329829                    /usr/lib/x86_64-linux-gnu/gconv/gconv-modules.cache
7f7e29ab5000-7f7e29ac8000 r--s 00344000 08:11 2238871                    /usr/lib/jvm/jdk1.8.0_31/jre/lib/resources.jar
7f7e29ac8000-7f7e29ac9000 rw-s 00000000 00:04 1402122                    /drm mm object (deleted)
7f7e29ac9000-7f7e29ad1000 rw-s 00000000 00:04 1402116                    /drm mm object (deleted)
7f7e29ad1000-7f7e29ad9000 rw-s 00000000 00:04 1403945                    /drm mm object (deleted)
7f7e29ad9000-7f7e29ae1000 rw-s 00000000 00:04 1401629                    /drm mm object (deleted)
7f7e29ae1000-7f7e29ae9000 rw-s 00000000 00:04 1402112                    /drm mm object (deleted)
7f7e29ae9000-7f7e29aeb000 r-xp 00000000 08:11 1973320                    /tmp/jogamp_0000/file_cache/jln8000770950753496395/jln1845026248327178244/libnativewindow_awt.so
7f7e29aeb000-7f7e29cea000 ---p 00002000 08:11 1973320                    /tmp/jogamp_0000/file_cache/jln8000770950753496395/jln1845026248327178244/libnativewindow_awt.so
7f7e29cea000-7f7e29ceb000 rw-p 00001000 08:11 1973320                    /tmp/jogamp_0000/file_cache/jln8000770950753496395/jln1845026248327178244/libnativewindow_awt.so
7f7e29ceb000-7f7e29cec000 r-xp 00000000 08:11 2240464                    /usr/lib/jvm/jdk1.8.0_31/jre/lib/amd64/libjawt.so
7f7e29cec000-7f7e29eeb000 ---p 00001000 08:11 2240464                    /usr/lib/jvm/jdk1.8.0_31/jre/lib/amd64/libjawt.so
7f7e29eeb000-7f7e29eec000 rw-p 00000000 08:11 2240464                    /usr/lib/jvm/jdk1.8.0_31/jre/lib/amd64/libjawt.so
7f7e29eec000-7f7e29eee000 r-xp 00000000 08:11 1970821                    /tmp/jogamp_0000/file_cache/jln8000770950753496395/jln1845026248327178244/libgluegen-rt.so
7f7e29eee000-7f7e2a0ed000 ---p 00002000 08:11 1970821                    /tmp/jogamp_0000/file_cache/jln8000770950753496395/jln1845026248327178244/libgluegen-rt.so
7f7e2a0ed000-7f7e2a0ee000 rw-p 00001000 08:11 1970821                    /tmp/jogamp_0000/file_cache/jln8000770950753496395/jln1845026248327178244/libgluegen-rt.so
7f7e2a0ee000-7f7e2a0f1000 ---p 00000000 00:00 0 
7f7e2a0f1000-7f7e2a1ef000 rw-p 00000000 00:00 0                          [stack:24308]
7f7e2a1ef000-7f7e2a200000 r-xp 00000000 08:11 2240484                    /usr/lib/jvm/jdk1.8.0_31/jre/lib/amd64/libnio.so
7f7e2a200000-7f7e2a3ff000 ---p 00011000 08:11 2240484                    /usr/lib/jvm/jdk1.8.0_31/jre/lib/amd64/libnio.so
7f7e2a3ff000-7f7e2a400000 rw-p 00010000 08:11 2240484                    /usr/lib/jvm/jdk1.8.0_31/jre/lib/amd64/libnio.so
7f7e2a400000-7f7e2a701000 rw-p 00000000 00:00 0 
7f7e2a701000-7f7e2a717000 r-xp 00000000 08:11 2240476                    /usr/lib/jvm/jdk1.8.0_31/jre/lib/amd64/libnet.so
7f7e2a717000-7f7e2a917000 ---p 00016000 08:11 2240476                    /usr/lib/jvm/jdk1.8.0_31/jre/lib/amd64/libnet.so
7f7e2a917000-7f7e2a918000 rw-p 00016000 08:11 2240476                    /usr/lib/jvm/jdk1.8.0_31/jre/lib/amd64/libnet.so
7f7e2a918000-7f7e2a91b000 ---p 00000000 00:00 0 
7f7e2a91b000-7f7e2ab51000 rw-p 00000000 00:00 0                          [stack:24288]
7f7e2ab51000-7f7e2ab54000 ---p 00000000 00:00 0 
7f7e2ab54000-7f7e2ac52000 rw-p 00000000 00:00 0                          [stack:24284]
7f7e2ac52000-7f7e2ac55000 ---p 00000000 00:00 0 
7f7e2ac55000-7f7e2ad53000 rw-p 00000000 00:00 0                          [stack:24283]
7f7e2ad53000-7f7e2ad56000 ---p 00000000 00:00 0 
7f7e2ad56000-7f7e2ae54000 rw-p 00000000 00:00 0                          [stack:24282]
7f7e2ae54000-7f7e2ae57000 ---p 00000000 00:00 0 
7f7e2ae57000-7f7e2b155000 rw-p 00000000 00:00 0 
7f7e2b155000-7f7e2b158000 ---p 00000000 00:00 0 
7f7e2b158000-7f7e2b256000 rw-p 00000000 00:00 0 
7f7e2b256000-7f7e2b259000 ---p 00000000 00:00 0 
7f7e2b259000-7f7e2b357000 rw-p 00000000 00:00 0                          [stack:24279]
7f7e2b357000-7f7e2b35c000 r-xp 00000000 08:11 1314833                    /usr/lib/x86_64-linux-gnu/libXfixes.so.3.1.0
7f7e2b35c000-7f7e2b55b000 ---p 00005000 08:11 1314833                    /usr/lib/x86_64-linux-gnu/libXfixes.so.3.1.0
7f7e2b55b000-7f7e2b55c000 r--p 00004000 08:11 1314833                    /usr/lib/x86_64-linux-gnu/libXfixes.so.3.1.0
7f7e2b55c000-7f7e2b55d000 rw-p 00005000 08:11 1314833                    /usr/lib/x86_64-linux-gnu/libXfixes.so.3.1.0
7f7e2b55d000-7f7e2b567000 r-xp 00000000 08:11 1314983                    /usr/lib/x86_64-linux-gnu/libXcursor.so.1.0.2
7f7e2b567000-7f7e2b766000 ---p 0000a000 08:11 1314983                    /usr/lib/x86_64-linux-gnu/libXcursor.so.1.0.2
7f7e2b766000-7f7e2b767000 r--p 00009000 08:11 1314983                    /usr/lib/x86_64-linux-gnu/libXcursor.so.1.0.2
7f7e2b767000-7f7e2b768000 rw-p 0000a000 08:11 1314983                    /usr/lib/x86_64-linux-gnu/libXcursor.so.1.0.2
7f7e2b768000-7f7e2b77e000 r-xp 00000000 08:11 393871                     /lib/x86_64-linux-gnu/libgcc_s.so.1
7f7e2b77e000-7f7e2b97d000 ---p 00016000 08:11 393871                     /lib/x86_64-linux-gnu/libgcc_s.so.1
7f7e2b97d000-7f7e2b97e000 rw-p 00015000 08:11 393871                     /lib/x86_64-linux-gnu/libgcc_s.so.1
7f7e2b97e000-7f7e2b9e3000 r-xp 00000000 08:11 2240446                    /usr/lib/jvm/jdk1.8.0_31/jre/lib/amd64/libfontmanager.so
7f7e2b9e3000-7f7e2bbe2000 ---p 00065000 08:11 2240446                    /usr/lib/jvm/jdk1.8.0_31/jre/lib/amd64/libfontmanager.so
7f7e2bbe2000-7f7e2bbe6000 rw-p 00064000 08:11 2240446                    /usr/lib/jvm/jdk1.8.0_31/jre/lib/amd64/libfontmanager.so
7f7e2bbe6000-7f7e2bbf7000 rw-p 00000000 00:00 0 
7f7e2bbf7000-7f7e2bbfc000 r-xp 00000000 08:11 1314306                    /usr/lib/x86_64-linux-gnu/libXdmcp.so.6.0.0
7f7e2bbfc000-7f7e2bdfb000 ---p 00005000 08:11 1314306                    /usr/lib/x86_64-linux-gnu/libXdmcp.so.6.0.0
7f7e2bdfb000-7f7e2bdfc000 rw-p 00004000 08:11 1314306                    /usr/lib/x86_64-linux-gnu/libXdmcp.so.6.0.0
7f7e2bdfc000-7f7e2bdff000 r-xp 00000000 08:11 1318046                    /usr/lib/x86_64-linux-gnu/libXau.so.6.0.0
7f7e2bdff000-7f7e2bffe000 ---p 00003000 08:11 1318046                    /usr/lib/x86_64-linux-gnu/libXau.so.6.0.0
7f7e2bffe000-7f7e2bfff000 r--p 00002000 08:11 1318046                    /usr/lib/x86_64-linux-gnu/libXau.so.6.0.0
7f7e2bfff000-7f7e2c000000 rw-p 00003000 08:11 1318046                    /usr/lib/x86_64-linux-gnu/libXau.so.6.0.0
7f7e2c000000-7f7e2c2c1000 rw-p 00000000 00:00 0 
7f7e2c2c1000-7f7e30000000 ---p 00000000 00:00 0 
7f7e30000000-7f7e30021000 rw-p 00000000 00:00 0 
7f7e30021000-7f7e34000000 ---p 00000000 00:00 0 
7f7e34000000-7f7e34314000 rw-p 00000000 00:00 0 
7f7e34314000-7f7e38000000 ---p 00000000 00:00 0 
7f7e38000000-7f7e3842a000 rw-p 00000000 00:00 0 
7f7e3842a000-7f7e3c000000 ---p 00000000 00:00 0 
7f7e3c000000-7f7e3c021000 rw-p 00000000 00:00 0 
7f7e3c021000-7f7e40000000 ---p 00000000 00:00 0 
7f7e40000000-7f7e40021000 rw-p 00000000 00:00 0 
7f7e40021000-7f7e44000000 ---p 00000000 00:00 0 
7f7e44000000-7f7e44021000 rw-p 00000000 00:00 0 
7f7e44021000-7f7e48000000 ---p 00000000 00:00 0 
7f7e48000000-7f7e48021000 rw-p 00000000 00:00 0 
7f7e48021000-7f7e4c000000 ---p 00000000 00:00 0 
7f7e4c000000-7f7e4c021000 rw-p 00000000 00:00 0 
7f7e4c021000-7f7e50000000 ---p 00000000 00:00 0 
7f7e50000000-7f7e50021000 rw-p 00000000 00:00 0 
7f7e50021000-7f7e54000000 ---p 00000000 00:00 0 
7f7e54000000-7f7e54021000 rw-p 00000000 00:00 0 
7f7e54021000-7f7e58000000 ---p 00000000 00:00 0 
7f7e58000000-7f7e58021000 rw-p 00000000 00:00 0 
7f7e58021000-7f7e5c000000 ---p 00000000 00:00 0 
7f7e5c000000-7f7e5c001000 rw-s 00000000 00:04 1402113                    /drm mm object (deleted)
7f7e5c001000-7f7e5c002000 rw-s 00000000 00:04 1403938                    /drm mm object (deleted)
7f7e5c002000-7f7e5c003000 rw-s 00000000 00:04 1403933                    /drm mm object (deleted)
7f7e5c003000-7f7e5c004000 rw-s 00000000 00:04 1401630                    /drm mm object (deleted)
7f7e5c004000-7f7e5c005000 rw-s 00000000 00:04 1401619                    /drm mm object (deleted)
7f7e5c005000-7f7e5c00d000 rw-s 00000000 00:04 1401618                    /drm mm object (deleted)
7f7e5c00d000-7f7e5c010000 ---p 00000000 00:00 0 
7f7e5c010000-7f7e5c10e000 rw-p 00000000 00:00 0                          [stack:24278]
7f7e5c10e000-7f7e5c12f000 r-xp 00000000 08:11 1313271                    /usr/lib/x86_64-linux-gnu/libxcb.so.1.1.0
7f7e5c12f000-7f7e5c32e000 ---p 00021000 08:11 1313271                    /usr/lib/x86_64-linux-gnu/libxcb.so.1.1.0
7f7e5c32e000-7f7e5c32f000 r--p 00020000 08:11 1313271                    /usr/lib/x86_64-linux-gnu/libxcb.so.1.1.0
7f7e5c32f000-7f7e5c330000 rw-p 00021000 08:11 1313271                    /usr/lib/x86_64-linux-gnu/libxcb.so.1.1.0
7f7e5c330000-7f7e5c33f000 r-xp 00000000 08:11 1316875                    /usr/lib/x86_64-linux-gnu/libXi.so.6.1.0
7f7e5c33f000-7f7e5c53e000 ---p 0000f000 08:11 1316875                    /usr/lib/x86_64-linux-gnu/libXi.so.6.1.0
7f7e5c53e000-7f7e5c53f000 r--p 0000e000 08:11 1316875                    /usr/lib/x86_64-linux-gnu/libXi.so.6.1.0
7f7e5c53f000-7f7e5c540000 rw-p 0000f000 08:11 1316875                    /usr/lib/x86_64-linux-gnu/libXi.so.6.1.0
7f7e5c540000-7f7e5c545000 r-xp 00000000 08:11 1316638                    /usr/lib/x86_64-linux-gnu/libXtst.so.6.1.0
7f7e5c545000-7f7e5c744000 ---p 00005000 08:11 1316638                    /usr/lib/x86_64-linux-gnu/libXtst.so.6.1.0
7f7e5c744000-7f7e5c745000 r--p 00004000 08:11 1316638                    /usr/lib/x86_64-linux-gnu/libXtst.so.6.1.0
7f7e5c745000-7f7e5c746000 rw-p 00005000 08:11 1316638                    /usr/lib/x86_64-linux-gnu/libXtst.so.6.1.0
7f7e5c746000-7f7e5c74f000 r-xp 00000000 08:11 1315494                    /usr/lib/x86_64-linux-gnu/libXrender.so.1.3.0
7f7e5c74f000-7f7e5c94e000 ---p 00009000 08:11 1315494                    /usr/lib/x86_64-linux-gnu/libXrender.so.1.3.0
7f7e5c94e000-7f7e5c94f000 r--p 00008000 08:11 1315494                    /usr/lib/x86_64-linux-gnu/libXrender.so.1.3.0
7f7e5c94f000-7f7e5c950000 rw-p 00009000 08:11 1315494                    /usr/lib/x86_64-linux-gnu/libXrender.so.1.3.0
7f7e5c950000-7f7e5ca8c000 r-xp 00000000 08:11 1313346                    /usr/lib/x86_64-linux-gnu/libX11.so.6.3.0
7f7e5ca8c000-7f7e5cc8b000 ---p 0013c000 08:11 1313346                    /usr/lib/x86_64-linux-gnu/libX11.so.6.3.0
7f7e5cc8b000-7f7e5cc8d000 r--p 0013b000 08:11 1313346                    /usr/lib/x86_64-linux-gnu/libX11.so.6.3.0
7f7e5cc8d000-7f7e5cc92000 rw-p 0013d000 08:11 1313346                    /usr/lib/x86_64-linux-gnu/libX11.so.6.3.0
7f7e5cc92000-7f7e5cc93000 rw-p 00000000 00:00 0 
7f7e5cc93000-7f7e5cca4000 r-xp 00000000 08:11 1314987                    /usr/lib/x86_64-linux-gnu/libXext.so.6.4.0
7f7e5cca4000-7f7e5cea3000 ---p 00011000 08:11 1314987                    /usr/lib/x86_64-linux-gnu/libXext.so.6.4.0
7f7e5cea3000-7f7e5cea4000 r--p 00010000 08:11 1314987                    /usr/lib/x86_64-linux-gnu/libXext.so.6.4.0
7f7e5cea4000-7f7e5cea5000 rw-p 00011000 08:11 1314987                    /usr/lib/x86_64-linux-gnu/libXext.so.6.4.0
7f7e5cea5000-7f7e5cef9000 r-xp 00000000 08:11 2240494                    /usr/lib/jvm/jdk1.8.0_31/jre/lib/amd64/libawt_xawt.so
7f7e5cef9000-7f7e5d0f9000 ---p 00054000 08:11 2240494                    /usr/lib/jvm/jdk1.8.0_31/jre/lib/amd64/libawt_xawt.so
7f7e5d0f9000-7f7e5d0fd000 rw-p 00054000 08:11 2240494                    /usr/lib/jvm/jdk1.8.0_31/jre/lib/amd64/libawt_xawt.so
7f7e5d0fd000-7f7e5d0fe000 rw-p 00000000 00:00 0 
7f7e5d0fe000-7f7e5d1a0000 r-xp 00000000 08:11 2240462                    /usr/lib/jvm/jdk1.8.0_31/jre/lib/amd64/libawt.so
7f7e5d1a0000-7f7e5d3a0000 ---p 000a2000 08:11 2240462                    /usr/lib/jvm/jdk1.8.0_31/jre/lib/amd64/libawt.so
7f7e5d3a0000-7f7e5d3ac000 rw-p 000a2000 08:11 2240462                    /usr/lib/jvm/jdk1.8.0_31/jre/lib/amd64/libawt.so
7f7e5d3ac000-7f7e5d3d0000 rw-p 00000000 00:00 0 
7f7e5d3d0000-7f7e5d3d1000 ---p 00000000 00:00 0 
7f7e5d3d1000-7f7e5d4d1000 rw-p 00000000 00:00 0                          [stack:24277]
7f7e5d4d1000-7f7e5d4d4000 ---p 00000000 00:00 0 
7f7e5d4d4000-7f7e5d5d2000 rw-p 00000000 00:00 0                          [stack:24276]
7f7e5d5d2000-7f7e5d5d5000 ---p 00000000 00:00 0 
7f7e5d5d5000-7f7e5d6d3000 rw-p 00000000 00:00 0                          [stack:24275]
7f7e5d6d3000-7f7e5d6d6000 ---p 00000000 00:00 0 
7f7e5d6d6000-7f7e5d7d4000 rw-p 00000000 00:00 0                          [stack:24274]
7f7e5d7d4000-7f7e5d7d7000 ---p 00000000 00:00 0 
7f7e5d7d7000-7f7e5d8d5000 rw-p 00000000 00:00 0                          [stack:24273]
7f7e5d8d5000-7f7e5d8d8000 ---p 00000000 00:00 0 
7f7e5d8d8000-7f7e5d9d6000 rw-p 00000000 00:00 0                          [stack:24263]
7f7e5d9d6000-7f7e5d9d9000 ---p 00000000 00:00 0 
7f7e5d9d9000-7f7e5dad7000 rw-p 00000000 00:00 0                          [stack:24256]
7f7e5dad7000-7f7e5dada000 ---p 00000000 00:00 0 
7f7e5dada000-7f7e5dbd8000 rw-p 00000000 00:00 0                          [stack:24255]
7f7e5dbd8000-7f7e5dbdc000 r-xp 00000000 08:11 2240426                    /usr/lib/jvm/jdk1.8.0_31/jre/lib/amd64/libdt_socket.so
7f7e5dbdc000-7f7e5dddb000 ---p 00004000 08:11 2240426                    /usr/lib/jvm/jdk1.8.0_31/jre/lib/amd64/libdt_socket.so
7f7e5dddb000-7f7e5dddc000 rw-p 00003000 08:11 2240426                    /usr/lib/jvm/jdk1.8.0_31/jre/lib/amd64/libdt_socket.so
7f7e5dddc000-7f7e5dddf000 ---p 00000000 00:00 0 
7f7e5dddf000-7f7e5dedd000 rw-p 00000000 00:00 0                          [stack:24254]
7f7e5dedd000-7f7e5dee0000 ---p 00000000 00:00 0 
7f7e5dee0000-7f7e5dfde000 rw-p 00000000 00:00 0                          [stack:24252]
7f7e5dfde000-7f7e5dfe1000 ---p 00000000 00:00 0 
7f7e5dfe1000-7f7e5e0df000 rw-p 00000000 00:00 0                          [stack:24251]
7f7e5e0df000-7f7e5e0e0000 ---p 00000000 00:00 0 
7f7e5e0e0000-7f7e60000000 rw-p 00000000 00:00 0                          [stack:24250]
7f7e60000000-7f7e60021000 rw-p 00000000 00:00 0 
7f7e60021000-7f7e64000000 ---p 00000000 00:00 0 
7f7e64000000-7f7e64021000 rw-p 00000000 00:00 0 
7f7e64021000-7f7e68000000 ---p 00000000 00:00 0 
7f7e68000000-7f7e68021000 rw-p 00000000 00:00 0 
7f7e68021000-7f7e6c000000 ---p 00000000 00:00 0 
7f7e6c000000-7f7e6c001000 rw-s 00000000 00:04 1402094                    /drm mm object (deleted)
7f7e6c001000-7f7e6c002000 rwxp 00000000 00:00 0 
7f7e6c002000-7f7e6c00a000 rw-s 00000000 00:04 1401606                    /drm mm object (deleted)
7f7e6c00a000-7f7e6c00b000 r--p 00000000 00:00 0 
7f7e6c00b000-7f7e6c00f000 r--s 00094000 08:11 2238884                    /usr/lib/jvm/jdk1.8.0_31/jre/lib/jsse.jar
7f7e6c00f000-7f7e6c010000 rw-s 00000000 00:04 1401607                    /drm mm object (deleted)
7f7e6c010000-7f7e6c01e000 r--s 000f3000 08:11 3961956                    /home/kof/processing-git/build/linux/work/lib/pde.jar
7f7e6c01e000-7f7e6c032000 r--s 00141000 08:11 3961955                    /home/kof/processing-git/build/linux/work/lib/org.eclipse.osgi_3.8.1.v20120830-144521.jar
7f7e6c032000-7f7e6c035000 r--s 00041000 08:11 3961954                    /home/kof/processing-git/build/linux/work/lib/org-netbeans-swing-outline.jar
7f7e6c035000-7f7e6c049000 r--s 00127000 08:11 3961953                    /home/kof/processing-git/build/linux/work/lib/jna.jar
7f7e6c049000-7f7e6c056000 r--s 000c6000 08:11 3961908                    /home/kof/processing-git/build/linux/work/lib/jdimodel.jar
7f7e6c056000-7f7e6c05a000 r--s 0000e000 08:11 3961907                    /home/kof/processing-git/build/linux/work/lib/jdi.jar
7f7e6c05a000-7f7e6c096000 r--s 00629000 08:11 3961905                    /home/kof/processing-git/build/linux/work/lib/com.ibm.icu_4.4.2.v20110823.jar
7f7e6c096000-7f7e6c09b000 r--s 00068000 08:11 3961904                    /home/kof/processing-git/build/linux/work/lib/antlr.jar
7f7e6c09b000-7f7e6c0b9000 r--s 001bb000 08:11 3961903                    /home/kof/processing-git/build/linux/work/lib/ant.jar
7f7e6c0b9000-7f7e6c0bb000 r--s 00002000 08:11 3961901                    /home/kof/processing-git/build/linux/work/lib/ant-launcher.jar
7f7e6c0bb000-7f7e6c0bc000 r--s 00002000 08:11 3962091                    /home/kof/processing-git/build/linux/work/modes/java/libraries/minim/library/tritonus_aos.jar
7f7e6c0bc000-7f7e6c0bf000 r--s 00017000 08:11 3962092                    /home/kof/processing-git/build/linux/work/modes/java/libraries/minim/library/tritonus_share.jar
7f7e6c0bf000-7f7e6c0c2000 r--s 00016000 08:11 3962089                    /home/kof/processing-git/build/linux/work/modes/java/libraries/minim/library/minim.jar
7f7e6c0c2000-7f7e6c0c5000 r--s 00017000 08:11 3962087                    /home/kof/processing-git/build/linux/work/modes/java/libraries/minim/library/jl1.0.jar
7f7e6c0c5000-7f7e6c0c7000 r--s 0000a000 08:11 3962088                    /home/kof/processing-git/build/linux/work/modes/java/libraries/minim/library/jsminim.jar
7f7e6c0c7000-7f7e6c0c8000 r--s 00005000 08:11 3962090                    /home/kof/processing-git/build/linux/work/modes/java/libraries/minim/library/mp3spi1.9.4.jar
7f7e6c0c8000-7f7e6c0c9000 r--s 00023000 08:11 3961890                    /home/kof/processing-git/build/linux/work/core/library/jogl-all-natives-linux-armv6hf.jar
7f7e6c0c9000-7f7e6c0ec000 r--s 002ec000 08:11 3961895                    /home/kof/processing-git/build/linux/work/core/library/jogl-all.jar
7f7e6c0ec000-7f7e6c0ed000 r--s 00001000 08:11 3961887                    /home/kof/processing-git/build/linux/work/core/library/gluegen-rt-natives-windows-i586.jar
7f7e6c0ed000-7f7e6c0ee000 r--s 0002d000 08:11 3961894                    /home/kof/processing-git/build/linux/work/core/library/jogl-all-natives-windows-i586.jar
7f7e6c0ee000-7f7e6c0ef000 r--s 0002d000 08:11 3961891                    /home/kof/processing-git/build/linux/work/core/library/jogl-all-natives-linux-i586.jar
7f7e6c0ef000-7f7e6c0f1000 r--s 00000000 08:11 3961884                    /home/kof/processing-git/build/linux/work/core/library/gluegen-rt-natives-linux-i586.jar
7f7e6c0f1000-7f7e6d000000 rw-p 00000000 00:00 0 
7f7e6d000000-7f7e6d5b0000 rwxp 00000000 00:00 0 
7f7e6d5b0000-7f7e7c000000 ---p 00000000 00:00 0 
7f7e7c000000-7f7e7c453000 rw-p 00000000 00:00 0 
7f7e7c453000-7f7e80000000 ---p 00000000 00:00 0 
7f7e80000000-7f7e80001000 r--s 00064000 08:11 3961892                    /home/kof/processing-git/build/linux/work/core/library/jogl-all-natives-macosx-universal.jar
7f7e80001000-7f7e80002000 r--s 00001000 08:11 3961886                    /home/kof/processing-git/build/linux/work/core/library/gluegen-rt-natives-windows-amd64.jar
7f7e80002000-7f7e80004000 r--s 00034000 08:11 3961893                    /home/kof/processing-git/build/linux/work/core/library/jogl-all-natives-windows-amd64.jar
7f7e80004000-7f7e8000a000 r--s 000b1000 08:11 3961880                    /home/kof/processing-git/build/linux/work/core/library/core.jar
7f7e8000a000-7f7e8000c000 r--s 00000000 08:11 3961882                    /home/kof/processing-git/build/linux/work/core/library/gluegen-rt-natives-linux-amd64.jar
7f7e8000c000-7f7e800b1000 rw-p 00000000 00:00 0 
7f7e800b1000-7f7e80287000 r--s 03cae000 08:11 2238858                    /usr/lib/jvm/jdk1.8.0_31/jre/lib/rt.jar
7f7e80287000-7f7e80cdf000 rw-p 00000000 00:00 0 
7f7e80cdf000-7f7e80ce0000 ---p 00000000 00:00 0 
7f7e80ce0000-7f7e80de0000 rw-p 00000000 00:00 0                          [stack:24249]
7f7e80de0000-7f7e80de1000 ---p 00000000 00:00 0 
7f7e80de1000-7f7e80ee1000 rw-p 00000000 00:00 0                          [stack:24248]
7f7e80ee1000-7f7e80ee2000 ---p 00000000 00:00 0 
7f7e80ee2000-7f7e80fe2000 rw-p 00000000 00:00 0                          [stack:24247]
7f7e80fe2000-7f7e80fe3000 ---p 00000000 00:00 0 
7f7e80fe3000-7f7e810f8000 rw-p 00000000 00:00 0                          [stack:24246]
7f7e810f8000-7f7e81225000 ---p 00000000 00:00 0 
7f7e81225000-7f7e8123a000 rw-p 00000000 00:00 0 
7f7e8123a000-7f7e81366000 ---p 00000000 00:00 0 
7f7e81366000-7f7e81379000 rw-p 00000000 00:00 0 
7f7e81379000-7f7e81407000 ---p 00000000 00:00 0 
7f7e81407000-7f7e8141f000 rw-p 00000000 00:00 0 
7f7e8141f000-7f7e817c8000 ---p 00000000 00:00 0 
7f7e817c8000-7f7e817e2000 r-xp 00000000 08:11 2240468                    /usr/lib/jvm/jdk1.8.0_31/jre/lib/amd64/libzip.so
7f7e817e2000-7f7e819e2000 ---p 0001a000 08:11 2240468                    /usr/lib/jvm/jdk1.8.0_31/jre/lib/amd64/libzip.so
7f7e819e2000-7f7e819e3000 rw-p 0001a000 08:11 2240468                    /usr/lib/jvm/jdk1.8.0_31/jre/lib/amd64/libzip.so
7f7e819e3000-7f7e819ee000 r-xp 00000000 08:11 393930                     /lib/x86_64-linux-gnu/libnss_files-2.19.so
7f7e819ee000-7f7e81bed000 ---p 0000b000 08:11 393930                     /lib/x86_64-linux-gnu/libnss_files-2.19.so
7f7e81bed000-7f7e81bee000 r--p 0000a000 08:11 393930                     /lib/x86_64-linux-gnu/libnss_files-2.19.so
7f7e81bee000-7f7e81bef000 rw-p 0000b000 08:11 393930                     /lib/x86_64-linux-gnu/libnss_files-2.19.so
7f7e81bef000-7f7e81bf9000 r-xp 00000000 08:11 393934                     /lib/x86_64-linux-gnu/libnss_nis-2.19.so
7f7e81bf9000-7f7e81df8000 ---p 0000a000 08:11 393934                     /lib/x86_64-linux-gnu/libnss_nis-2.19.so
7f7e81df8000-7f7e81df9000 r--p 00009000 08:11 393934                     /lib/x86_64-linux-gnu/libnss_nis-2.19.so
7f7e81df9000-7f7e81dfa000 rw-p 0000a000 08:11 393934                     /lib/x86_64-linux-gnu/libnss_nis-2.19.so
7f7e81dfa000-7f7e81e0f000 r-xp 00000000 08:11 393924                     /lib/x86_64-linux-gnu/libnsl-2.19.so
7f7e81e0f000-7f7e8200e000 ---p 00015000 08:11 393924                     /lib/x86_64-linux-gnu/libnsl-2.19.so
7f7e8200e000-7f7e8200f000 r--p 00014000 08:11 393924                     /lib/x86_64-linux-gnu/libnsl-2.19.so
7f7e8200f000-7f7e82010000 rw-p 00015000 08:11 393924                     /lib/x86_64-linux-gnu/libnsl-2.19.so
7f7e82010000-7f7e82012000 rw-p 00000000 00:00 0 
7f7e82012000-7f7e82019000 r-xp 00000000 08:11 393926                     /lib/x86_64-linux-gnu/libnss_compat-2.19.so
7f7e82019000-7f7e82218000 ---p 00007000 08:11 393926                     /lib/x86_64-linux-gnu/libnss_compat-2.19.so
7f7e82218000-7f7e82219000 r--p 00006000 08:11 393926                     /lib/x86_64-linux-gnu/libnss_compat-2.19.so
7f7e82219000-7f7e8221a000 rw-p 00007000 08:11 393926                     /lib/x86_64-linux-gnu/libnss_compat-2.19.so
7f7e8221a000-7f7e82905000 r--p 00000000 08:11 1220119                    /usr/lib/locale/locale-archive
7f7e82905000-7f7e82907000 r-xp 00000000 08:11 2240428                    /usr/lib/jvm/jdk1.8.0_31/jre/lib/amd64/libnpt.so
7f7e82907000-7f7e82b07000 ---p 00002000 08:11 2240428                    /usr/lib/jvm/jdk1.8.0_31/jre/lib/amd64/libnpt.so
7f7e82b07000-7f7e82b08000 rw-p 00002000 08:11 2240428                    /usr/lib/jvm/jdk1.8.0_31/jre/lib/amd64/libnpt.so
7f7e82b08000-7f7e82b41000 r-xp 00000000 08:11 2240450                    /usr/lib/jvm/jdk1.8.0_31/jre/lib/amd64/libjdwp.so
7f7e82b41000-7f7e82d40000 ---p 00039000 08:11 2240450                    /usr/lib/jvm/jdk1.8.0_31/jre/lib/amd64/libjdwp.so
7f7e82d40000-7f7e82d42000 rw-p 00038000 08:11 2240450                    /usr/lib/jvm/jdk1.8.0_31/jre/lib/amd64/libjdwp.so
7f7e82d42000-7f7e82d6c000 r-xp 00000000 08:11 2240458                    /usr/lib/jvm/jdk1.8.0_31/jre/lib/amd64/libjava.so
7f7e82d6c000-7f7e82f6c000 ---p 0002a000 08:11 2240458                    /usr/lib/jvm/jdk1.8.0_31/jre/lib/amd64/libjava.so
7f7e82f6c000-7f7e82f6e000 rw-p 0002a000 08:11 2240458                    /usr/lib/jvm/jdk1.8.0_31/jre/lib/amd64/libjava.so
7f7e82f6e000-7f7e82f7b000 r-xp 00000000 08:11 2240466                    /usr/lib/jvm/jdk1.8.0_31/jre/lib/amd64/libverify.so
7f7e82f7b000-7f7e8317b000 ---p 0000d000 08:11 2240466                    /usr/lib/jvm/jdk1.8.0_31/jre/lib/amd64/libverify.so
7f7e8317b000-7f7e8317d000 rw-p 0000d000 08:11 2240466                    /usr/lib/jvm/jdk1.8.0_31/jre/lib/amd64/libverify.so
7f7e8317d000-7f7e83184000 r-xp 00000000 08:11 393943                     /lib/x86_64-linux-gnu/librt-2.19.so
7f7e83184000-7f7e83383000 ---p 00007000 08:11 393943                     /lib/x86_64-linux-gnu/librt-2.19.so
7f7e83383000-7f7e83384000 r--p 00006000 08:11 393943                     /lib/x86_64-linux-gnu/librt-2.19.so
7f7e83384000-7f7e83385000 rw-p 00007000 08:11 393943                     /lib/x86_64-linux-gnu/librt-2.19.so
7f7e83385000-7f7e83485000 r-xp 00000000 08:11 393920                     /lib/x86_64-linux-gnu/libm-2.19.so
7f7e83485000-7f7e83684000 ---p 00100000 08:11 393920                     /lib/x86_64-linux-gnu/libm-2.19.so
7f7e83684000-7f7e83685000 r--p 000ff000 08:11 393920                     /lib/x86_64-linux-gnu/libm-2.19.so
7f7e83685000-7f7e83686000 rw-p 00100000 08:11 393920                     /lib/x86_64-linux-gnu/libm-2.19.so
7f7e83686000-7f7e842f4000 r-xp 00000000 08:11 2240518                    /usr/lib/jvm/jdk1.8.0_31/jre/lib/amd64/server/libjvm.so
7f7e842f4000-7f7e844f3000 ---p 00c6e000 08:11 2240518                    /usr/lib/jvm/jdk1.8.0_31/jre/lib/amd64/server/libjvm.so
7f7e844f3000-7f7e845c9000 rw-p 00c6d000 08:11 2240518                    /usr/lib/jvm/jdk1.8.0_31/jre/lib/amd64/server/libjvm.so
7f7e845c9000-7f7e8460c000 rw-p 00000000 00:00 0 
7f7e8460c000-7f7e847ab000 r-xp 00000000 08:11 393896                     /lib/x86_64-linux-gnu/libc-2.19.so
7f7e847ab000-7f7e849ab000 ---p 0019f000 08:11 393896                     /lib/x86_64-linux-gnu/libc-2.19.so
7f7e849ab000-7f7e849af000 r--p 0019f000 08:11 393896                     /lib/x86_64-linux-gnu/libc-2.19.so
7f7e849af000-7f7e849b1000 rw-p 001a3000 08:11 393896                     /lib/x86_64-linux-gnu/libc-2.19.so
7f7e849b1000-7f7e849b5000 rw-p 00000000 00:00 0 
7f7e849b5000-7f7e849b8000 r-xp 00000000 08:11 393918                     /lib/x86_64-linux-gnu/libdl-2.19.so
7f7e849b8000-7f7e84bb7000 ---p 00003000 08:11 393918                     /lib/x86_64-linux-gnu/libdl-2.19.so
7f7e84bb7000-7f7e84bb8000 r--p 00002000 08:11 393918                     /lib/x86_64-linux-gnu/libdl-2.19.so
7f7e84bb8000-7f7e84bb9000 rw-p 00003000 08:11 393918                     /lib/x86_64-linux-gnu/libdl-2.19.so
7f7e84bb9000-7f7e84bce000 r-xp 00000000 08:11 2238630                    /usr/lib/jvm/jdk1.8.0_31/lib/amd64/jli/libjli.so
7f7e84bce000-7f7e84dcd000 ---p 00015000 08:11 2238630                    /usr/lib/jvm/jdk1.8.0_31/lib/amd64/jli/libjli.so
7f7e84dcd000-7f7e84dce000 rw-p 00014000 08:11 2238630                    /usr/lib/jvm/jdk1.8.0_31/lib/amd64/jli/libjli.so
7f7e84dce000-7f7e84de6000 r-xp 00000000 08:11 393668                     /lib/x86_64-linux-gnu/libpthread-2.19.so
7f7e84de6000-7f7e84fe5000 ---p 00018000 08:11 393668                     /lib/x86_64-linux-gnu/libpthread-2.19.so
7f7e84fe5000-7f7e84fe6000 r--p 00017000 08:11 393668                     /lib/x86_64-linux-gnu/libpthread-2.19.so
7f7e84fe6000-7f7e84fe7000 rw-p 00018000 08:11 393668                     /lib/x86_64-linux-gnu/libpthread-2.19.so
7f7e84fe7000-7f7e84feb000 rw-p 00000000 00:00 0 
7f7e84feb000-7f7e8500b000 r-xp 00000000 08:11 393845                     /lib/x86_64-linux-gnu/ld-2.19.so
7f7e8500b000-7f7e850b5000 rw-p 00000000 00:00 0 
7f7e850b5000-7f7e850b8000 ---p 00000000 00:00 0 
7f7e850b8000-7f7e851ba000 rw-p 00000000 00:00 0                          [stack:24245]
7f7e851ba000-7f7e851bb000 r--s 00001000 08:11 3961885                    /home/kof/processing-git/build/linux/work/core/library/gluegen-rt-natives-macosx-universal.jar
7f7e851bb000-7f7e851bc000 r--s 00000000 08:11 3961883                    /home/kof/processing-git/build/linux/work/core/library/gluegen-rt-natives-linux-armv6hf.jar
7f7e851bc000-7f7e851bd000 r--s 0002f000 08:11 3961889                    /home/kof/processing-git/build/linux/work/core/library/jogl-all-natives-linux-amd64.jar
7f7e851bd000-7f7e851c3000 r--s 00041000 08:11 3961888                    /home/kof/processing-git/build/linux/work/core/library/gluegen-rt.jar
7f7e851c3000-7f7e851ff000 rw-p 00000000 00:00 0 
7f7e851ff000-7f7e85207000 rw-s 00000000 08:11 1969670                    /tmp/hsperfdata_kof/24243
7f7e85207000-7f7e85208000 rw-p 00000000 00:00 0 
7f7e85208000-7f7e85209000 r--p 00000000 00:00 0 
7f7e85209000-7f7e8520b000 rw-p 00000000 00:00 0 
7f7e8520b000-7f7e8520c000 r--p 00020000 08:11 393845                     /lib/x86_64-linux-gnu/ld-2.19.so
7f7e8520c000-7f7e8520d000 rw-p 00021000 08:11 393845                     /lib/x86_64-linux-gnu/ld-2.19.so
7f7e8520d000-7f7e8520e000 rw-p 00000000 00:00 0 
7fffebcac000-7fffebccf000 rw-p 00000000 00:00 0                          [stack]
7fffebdfc000-7fffebdfe000 r-xp 00000000 00:00 0                          [vdso]
7fffebdfe000-7fffebe00000 r--p 00000000 00:00 0                          [vvar]
ffffffffff600000-ffffffffff601000 r-xp 00000000 00:00 0                  [vsyscall]

VM Arguments:
jvm_args: -agentlib:jdwp=transport=dt_socket,address=8083,server=y,suspend=y -Djava.library.path=:/home/kof/processing-git/build/linux/work/modes/java/libraries/minim/library:/usr/java/packages/lib/amd64:/usr/lib64:/lib64:/lib:/usr/lib -ea 
java_command: processing.core.PApplet --display=0 freqMapIn --sketch-path=/archive/kof/sketchBook/2015/02-unor/freqMapIn
java_class_path (initial): /tmp/vim-processing/freqMapIn:/home/kof/processing-git/build/linux/work/core/library/gluegen-rt.jar:/home/kof/processing-git/build/linux/work/core/library/jogl-all-natives-linux-amd64.jar:/home/kof/processing-git/build/linux/work/core/library/gluegen-rt-natives-linux-armv6hf.jar:/home/kof/processing-git/build/linux/work/core/library/gluegen-rt-natives-linux-amd64.jar:/home/kof/processing-git/build/linux/work/core/library/gluegen-rt-natives-macosx-universal.jar:/home/kof/processing-git/build/linux/work/core/library/core.jar:/home/kof/processing-git/build/linux/work/core/library/jogl-all-natives-windows-amd64.jar:/home/kof/processing-git/build/linux/work/core/library/gluegen-rt-natives-windows-amd64.jar:/home/kof/processing-git/build/linux/work/core/library/gluegen-rt-natives-linux-i586.jar:/home/kof/processing-git/build/linux/work/core/library/jogl-all-natives-macosx-universal.jar:/home/kof/processing-git/build/linux/work/core/library/jogl-all-natives-linux-i586.jar:/home/kof/processing-git/build/linux/work/core/library/jogl-all-natives-windows-i586.jar:/home/kof/processing-git/build/linux/work/core/library/gluegen-rt-natives-windows-i586.jar:/home/kof/processing-git/build/linux/work/core/library/jogl-all.jar:/home/kof/processing-git/build/linux/work/core/library/jogl-all-natives-linux-armv6hf.jar:/home/kof/processing-git/build/linux/work/core/library/gluegen-rt.jar:/home/kof/processing-git/build/linux/work/core/library/jogl-all-natives-linux-amd64.jar:/home/kof/processing-git/build/linux/work/core/library/gluegen-rt-natives-linux-armv6hf.jar:/home/kof/processing-git/build/linux/work/core/library/gluegen-rt-natives-linux-amd64.jar:/home/kof/processing-git/build/linux/work/core/library/gluegen-rt-natives-macosx-universal.jar:/home/kof/processing-git/build/linux/work/core/library/core.jar:/home/kof/processing-git/build/linux/work/core/library/jogl-all-natives-windows-amd64.jar:/home/kof/processing-git/build/linux/work/core/library/gluegen-r
Launcher Type: SUN_STANDARD

Environment Variables:
CLASSPATH=/usr/lib/jvm/jdk1.8.0_31/jre/lib/rt.jar:/home/kof/processing-git/build/linux/work/lib/ant-launcher.jar:/home/kof/processing-git/build/linux/work/lib/ant.jar:/home/kof/processing-git/build/linux/work/lib/antlr.jar:/home/kof/processing-git/build/linux/work/lib/com.ibm.icu_4.4.2.v20110823.jar:/home/kof/processing-git/build/linux/work/lib/jdi.jar:/home/kof/processing-git/build/linux/work/lib/jdimodel.jar:/home/kof/processing-git/build/linux/work/lib/jna.jar:/home/kof/processing-git/build/linux/work/lib/org-netbeans-swing-outline.jar:/home/kof/processing-git/build/linux/work/lib/org.eclipse.osgi_3.8.1.v20120830-144521.jar:/home/kof/processing-git/build/linux/work/lib/pde.jar:/home/kof/processing-git/build/linux/work/core/library/core.jar:/home/kof/processing-git/build/linux/work/core/library/gluegen-rt-natives-linux-amd64.jar:/home/kof/processing-git/build/linux/work/core/library/gluegen-rt-natives-linux-armv6hf.jar:/home/kof/processing-git/build/linux/work/core/library/gluegen-rt-natives-linux-i586.jar:/home/kof/processing-git/build/linux/work/core/library/gluegen-rt-natives-macosx-universal.jar:/home/kof/processing-git/build/linux/work/core/library/gluegen-rt-natives-windows-amd64.jar:/home/kof/processing-git/build/linux/work/core/library/gluegen-rt-natives-windows-i586.jar:/home/kof/processing-git/build/linux/work/core/library/gluegen-rt.jar:/home/kof/processing-git/build/linux/work/core/library/jogl-all-natives-linux-amd64.jar:/home/kof/processing-git/build/linux/work/core/library/jogl-all-natives-linux-armv6hf.jar:/home/kof/processing-git/build/linux/work/core/library/jogl-all-natives-linux-i586.jar:/home/kof/processing-git/build/linux/work/core/library/jogl-all-natives-macosx-universal.jar:/home/kof/processing-git/build/linux/work/core/library/jogl-all-natives-windows-amd64.jar:/home/kof/processing-git/build/linux/work/core/library/jogl-all-natives-windows-i586.jar:/home/kof/processing-git/build/linux/work/core/library/jogl-all.jar
PATH=/usr/lib/jvm/jdk1.8.0_31/bin:/usr/bin:/bin:/usr/sbin/:/home/kof/bin:/usr/local/bin
SHELL=/usr/bin/zsh
DISPLAY=:0.0

Signal Handlers:
SIGSEGV: [libjvm.so+0xa7a650], sa_mask[0]=11111111011111111101111111111110, sa_flags=SA_RESTART|SA_SIGINFO
SIGBUS: [libjvm.so+0xa7a650], sa_mask[0]=11111111011111111101111111111110, sa_flags=SA_RESTART|SA_SIGINFO
SIGFPE: [libjvm.so+0x8e28f0], sa_mask[0]=11111111011111111101111111111110, sa_flags=SA_RESTART|SA_SIGINFO
SIGPIPE: [libjvm.so+0x8e28f0], sa_mask[0]=11111111011111111101111111111110, sa_flags=SA_RESTART|SA_SIGINFO
SIGXFSZ: [libjvm.so+0x8e28f0], sa_mask[0]=11111111011111111101111111111110, sa_flags=SA_RESTART|SA_SIGINFO
SIGILL: [libjvm.so+0x8e28f0], sa_mask[0]=11111111011111111101111111111110, sa_flags=SA_RESTART|SA_SIGINFO
SIGUSR1: SIG_DFL, sa_mask[0]=00000000000000000000000000000000, sa_flags=none
SIGUSR2: [libjvm.so+0x8e4120], sa_mask[0]=00100000000000000000000000000000, sa_flags=SA_RESTART|SA_SIGINFO
SIGHUP: [libjvm.so+0x8e54e0], sa_mask[0]=11111111011111111101111111111110, sa_flags=SA_RESTART|SA_SIGINFO
SIGINT: [libjvm.so+0x8e54e0], sa_mask[0]=11111111011111111101111111111110, sa_flags=SA_RESTART|SA_SIGINFO
SIGTERM: [libjvm.so+0x8e54e0], sa_mask[0]=11111111011111111101111111111110, sa_flags=SA_RESTART|SA_SIGINFO
SIGQUIT: [libjvm.so+0x8e54e0], sa_mask[0]=11111111011111111101111111111110, sa_flags=SA_RESTART|SA_SIGINFO


---------------  S Y S T E M  ---------------

OS:PRETTY_NAME="Debian GNU/Linux 8 (jessie)"
NAME="Debian GNU/Linux"
VERSION_ID="8"
VERSION="8 (jessie)"
ID=debian
HOME_URL="http://www.debian.org/"
SUPPORT_URL="http://www.debian.org/support/"
BUG_REPORT_URL="https://bugs.debian.org/"

uname:Linux 3.16.0-4-amd64 #1 SMP Debian 3.16.7-ckt2-1 (2014-12-08) x86_64
libc:glibc 2.19 NPTL 2.19 
rlimit: STACK 8192k, CORE 0k, NPROC 15332, NOFILE 65536, AS infinity
load average:1.14 1.13 0.95

/proc/meminfo:
MemTotal:        3944792 kB
MemFree:          294916 kB
MemAvailable:    2084960 kB
Buffers:          280664 kB
Cached:          1131908 kB
SwapCached:        11736 kB
Active:          1298196 kB
Inactive:        1100504 kB
Active(anon):     784344 kB
Inactive(anon):   596140 kB
Active(file):     513852 kB
Inactive(file):   504364 kB
Unevictable:       80384 kB
Mlocked:           84528 kB
SwapTotal:       3212284 kB
SwapFree:        3150908 kB
Dirty:              1880 kB
Writeback:             0 kB
AnonPages:       1056840 kB
Mapped:           359616 kB
Shmem:            394348 kB
Slab:            1065660 kB
SReclaimable:    1025232 kB
SUnreclaim:        40428 kB
KernelStack:        9616 kB
PageTables:        33388 kB
NFS_Unstable:          0 kB
Bounce:                0 kB
WritebackTmp:          0 kB
CommitLimit:     5184680 kB
Committed_AS:    4519732 kB
VmallocTotal:   34359738367 kB
VmallocUsed:      389320 kB
VmallocChunk:   34359313996 kB
HardwareCorrupted:     0 kB
AnonHugePages:         0 kB
HugePages_Total:       0
HugePages_Free:        0
HugePages_Rsvd:        0
HugePages_Surp:        0
Hugepagesize:       2048 kB
DirectMap4k:      161408 kB
DirectMap2M:     3917824 kB


CPU:total 4 (2 cores per cpu, 2 threads per core) family 6 model 42 stepping 7, cmov, cx8, fxsr, mmx, sse, sse2, sse3, ssse3, sse4.1, sse4.2, popcnt, avx, aes, clmul, ht, tsc, tscinvbit

/proc/cpuinfo:
processor	: 0
vendor_id	: GenuineIntel
cpu family	: 6
model		: 42
model name	: Intel(R) Core(TM) i5-2520M CPU @ 2.50GHz
stepping	: 7
microcode	: 0x29
cpu MHz		: 2774.902
cache size	: 3072 KB
physical id	: 0
siblings	: 4
core id		: 0
cpu cores	: 2
apicid		: 0
initial apicid	: 0
fpu		: yes
fpu_exception	: yes
cpuid level	: 13
wp		: yes
flags		: fpu vme de pse tsc msr pae mce cx8 apic sep mtrr pge mca cmov pat pse36 clflush dts acpi mmx fxsr sse sse2 ss ht tm pbe syscall nx rdtscp lm constant_tsc arch_perfmon pebs bts nopl xtopology nonstop_tsc aperfmperf eagerfpu pni pclmulqdq dtes64 monitor ds_cpl vmx smx est tm2 ssse3 cx16 xtpr pdcm pcid sse4_1 sse4_2 x2apic popcnt tsc_deadline_timer aes xsave avx lahf_lm ida arat epb xsaveopt pln pts dtherm tpr_shadow vnmi flexpriority ept vpid
bogomips	: 4983.97
clflush size	: 64
cache_alignment	: 64
address sizes	: 36 bits physical, 48 bits virtual
power management:

processor	: 1
vendor_id	: GenuineIntel
cpu family	: 6
model		: 42
model name	: Intel(R) Core(TM) i5-2520M CPU @ 2.50GHz
stepping	: 7
microcode	: 0x29
cpu MHz		: 2644.628
cache size	: 3072 KB
physical id	: 0
siblings	: 4
core id		: 0
cpu cores	: 2
apicid		: 1
initial apicid	: 1
fpu		: yes
fpu_exception	: yes
cpuid level	: 13
wp		: yes
flags		: fpu vme de pse tsc msr pae mce cx8 apic sep mtrr pge mca cmov pat pse36 clflush dts acpi mmx fxsr sse sse2 ss ht tm pbe syscall nx rdtscp lm constant_tsc arch_perfmon pebs bts nopl xtopology nonstop_tsc aperfmperf eagerfpu pni pclmulqdq dtes64 monitor ds_cpl vmx smx est tm2 ssse3 cx16 xtpr pdcm pcid sse4_1 sse4_2 x2apic popcnt tsc_deadline_timer aes xsave avx lahf_lm ida arat epb xsaveopt pln pts dtherm tpr_shadow vnmi flexpriority ept vpid
bogomips	: 4983.97
clflush size	: 64
cache_alignment	: 64
address sizes	: 36 bits physical, 48 bits virtual
power management:

processor	: 2
vendor_id	: GenuineIntel
cpu family	: 6
model		: 42
model name	: Intel(R) Core(TM) i5-2520M CPU @ 2.50GHz
stepping	: 7
microcode	: 0x29
cpu MHz		: 2946.679
cache size	: 3072 KB
physical id	: 0
siblings	: 4
core id		: 1
cpu cores	: 2
apicid		: 2
initial apicid	: 2
fpu		: yes
fpu_exception	: yes
cpuid level	: 13
wp		: yes
flags		: fpu vme de pse tsc msr pae mce cx8 apic sep mtrr pge mca cmov pat pse36 clflush dts acpi mmx fxsr sse sse2 ss ht tm pbe syscall nx rdtscp lm constant_tsc arch_perfmon pebs bts nopl xtopology nonstop_tsc aperfmperf eagerfpu pni pclmulqdq dtes64 monitor ds_cpl vmx smx est tm2 ssse3 cx16 xtpr pdcm pcid sse4_1 sse4_2 x2apic popcnt tsc_deadline_timer aes xsave avx lahf_lm ida arat epb xsaveopt pln pts dtherm tpr_shadow vnmi flexpriority ept vpid
bogomips	: 4983.97
clflush size	: 64
cache_alignment	: 64
address sizes	: 36 bits physical, 48 bits virtual
power management:

processor	: 3
vendor_id	: GenuineIntel
cpu family	: 6
model		: 42
model name	: Intel(R) Core(TM) i5-2520M CPU @ 2.50GHz
stepping	: 7
microcode	: 0x29
cpu MHz		: 2670.800
cache size	: 3072 KB
physical id	: 0
siblings	: 4
core id		: 1
cpu cores	: 2
apicid		: 3
initial apicid	: 3
fpu		: yes
fpu_exception	: yes
cpuid level	: 13
wp		: yes
flags		: fpu vme de pse tsc msr pae mce cx8 apic sep mtrr pge mca cmov pat pse36 clflush dts acpi mmx fxsr sse sse2 ss ht tm pbe syscall nx rdtscp lm constant_tsc arch_perfmon pebs bts nopl xtopology nonstop_tsc aperfmperf eagerfpu pni pclmulqdq dtes64 monitor ds_cpl vmx smx est tm2 ssse3 cx16 xtpr pdcm pcid sse4_1 sse4_2 x2apic popcnt tsc_deadline_timer aes xsave avx lahf_lm ida arat epb xsaveopt pln pts dtherm tpr_shadow vnmi flexpriority ept vpid
bogomips	: 4983.97
clflush size	: 64
cache_alignment	: 64
address sizes	: 36 bits physical, 48 bits virtual
power management:



Memory: 4k page, physical 3944792k(294916k free), swap 3212284k(3150908k free)

vm_info: Java HotSpot(TM) 64-Bit Server VM (25.31-b07) for linux-amd64 JRE (1.8.0_31-b13), built on Dec 17 2014 20:40:15 by "java_re" with gcc 4.3.0 20080428 (Red Hat 4.3.0-8)

time: Wed Feb  4 14:03:42 2015
elapsed time: 17 seconds (0d 0h 0m 17s)

