#
# A fatal error has been detected by the Java Runtime Environment:
#
#  SIGSEGV (0xb) at pc=0x00007feb064ef102, pid=18238, tid=140647957751552
#
# JRE version: Java(TM) SE Runtime Environment (8.0_31-b13) (build 1.8.0_31-b13)
# Java VM: Java HotSpot(TM) 64-Bit Server VM (25.31-b07 mixed mode linux-amd64 compressed oops)
# Problematic frame:
# C  [i965_dri.so+0x2fe102]
#
# Failed to write core dump. Core dumps have been disabled. To enable core dumping, try "ulimit -c unlimited" before starting Java again
#
# If you would like to submit a bug report, please visit:
#   http://bugreport.java.com/bugreport/crash.jsp
# The crash happened outside the Java Virtual Machine in native code.
# See problematic frame for where to report the bug.
#

---------------  T H R E A D  ---------------

Current thread (0x00007feb803aa000):  JavaThread "AWT-EventQueue-0" [_thread_in_native, id=18277, stack(0x00007feb277f6000,0x00007feb278f7000)]

siginfo: si_signo: 11 (SIGSEGV), si_code: 1 (SEGV_MAPERR), si_addr: 0x000000000000c540

Registers:
RAX=0x00007feb064ef0f0, RBX=0x000000000000c000, RCX=0x0000000000000000, RDX=0x0000000000000001
RSP=0x00007feb278f4400, RBP=0x0000000000000000, RSI=0x00007feb1401f800, RDI=0x0000000100000000
R8 =0x0000000000000000, R9 =0x00007feb25d52a20, R10=0x00007feb71644347, R11=0x00000000c403b9e8
R12=0x00007feb086b7e50, R13=0x00007feb086b3730, R14=0x00007feb086c4af0, R15=0x0000000000000000
RIP=0x00007feb064ef102, EFLAGS=0x0000000000010206, CSGSFS=0x0000000000000033, ERR=0x0000000000000004
  TRAPNO=0x000000000000000e

Top of Stack: (sp=0x00007feb278f4400)
0x00007feb278f4400:   0000000000000000 00007feb1401f720
0x00007feb278f4410:   0000000000000000 00007feb086b7e50
0x00007feb278f4420:   00007feb086b3730 00007feb25d52ac2
0x00007feb278f4430:   00007feb278f4460 00007feb00000000
0x00007feb278f4440:   0000000000000000 0000000000000000
0x00007feb278f4450:   000000000440003e 00007feb25d23bf1
0x00007feb278f4460:   00007feb1401f720 fceb01be711b5e00
0x00007feb278f4470:   000000000440003e 000000010018adc0
0x00007feb278f4480:   00007feb278f44f0 0000000000000000
0x00007feb278f4490:   0000000000000001 00007feb278f4530
0x00007feb278f44a0:   00007feb803aa000 00007feb2445b849
0x00007feb278f44b0:   00007feb27537715 00007feb25d23c20
0x00007feb278f44c0:   000000000440003e 00007feb086b4920
0x00007feb278f44d0:   00007feb278f4530 00007feb803aa1e8
0x00007feb278f44e0:   00000000ecac39d8 00007feb25d23c20
0x00007feb278f44f0:   00007feb278f4540 00007feb716443bd
0x00007feb278f4500:   00000000ecac39c8 00000000ecac39e8
0x00007feb278f4510:   00000000ecac39e8 00000000ecac3a38
0x00007feb278f4520:   00000000ecac3a28 00000000ecac3a28
0x00007feb278f4530:   00000000c502c048 00000000ecac3a98
0x00007feb278f4540:   00007feb278f47d8 00007feb71645164
0x00007feb278f4550:   00000000c4f6b830 00000000ecac3a28
0x00007feb278f4560:   00000000ecac3b30 00007feb00000000
0x00007feb278f4570:   00000000ecac3b20 0000ffff00001fa0
0x00007feb278f4580:   00000000c4f6a8b8 00007feb7102dc23
0x00007feb278f4590:   00007feb278f47d8 00007feb7152e99c
0x00007feb278f45a0:   00007feb278f47d8 00007feb278f4790
0x00007feb278f45b0:   00007feb278f4790 00007feb7102dc23
0x00007feb278f45c0:   00007feb71005310 0000000000000000
0x00007feb278f45d0:   00007feb278f47d8 00007feb278f4790
0x00007feb278f45e0:   00007feb278f4790 00007feb7102dc23
0x00007feb278f45f0:   00007feb71005310 00000000c4f6a6e8 

Instructions: (pc=0x00007feb064ef102)
0x00007feb064ef0e2:   41 5c c3 66 66 2e 0f 1f 84 00 00 00 00 00 41 55
0x00007feb064ef0f2:   41 54 55 53 48 83 ec 08 48 8b 1f 48 85 db 74 41
0x00007feb064ef102:   f6 83 40 05 00 00 01 89 cd 41 89 d5 49 89 f4 75
0x00007feb064ef112:   75 41 83 e5 01 75 5f 83 e5 fd 74 32 48 8d 35 9b 

Register to memory mapping:

RAX=0x00007feb064ef0f0: <offset 0x2fe0f0> in /usr/lib/x86_64-linux-gnu/dri/i965_dri.so at 0x00007feb061f1000
RBX=0x000000000000c000 is an unknown value
RCX=0x0000000000000000 is an unknown value
RDX=0x0000000000000001 is an unknown value
RSP=0x00007feb278f4400 is pointing into the stack for thread: 0x00007feb803aa000
RBP=0x0000000000000000 is an unknown value
RSI=0x00007feb1401f800 is an unknown value
RDI=0x0000000100000000 is pointing into metadata
R8 =0x0000000000000000 is an unknown value
R9 =0x00007feb25d52a20: <offset 0x4ba20> in /usr/lib/x86_64-linux-gnu/libGL.so.1 at 0x00007feb25d07000
R10=0x00007feb71644347 is at entry_point+71 in (nmethod*)0x00007feb71644190
R11=0x00000000c403b9e8 is an oop
com.jogamp.common.os.MachineDescription$StaticConfig 
 - klass: 'com/jogamp/common/os/MachineDescription$StaticConfig'
R12=0x00007feb086b7e50 is an unknown value
R13=0x00007feb086b3730 is an unknown value
R14=0x00007feb086c4af0 is an unknown value
R15=0x0000000000000000 is an unknown value


Stack: [0x00007feb277f6000,0x00007feb278f7000],  sp=0x00007feb278f4400,  free space=1017k
Native frames: (J=compiled Java code, j=interpreted, Vv=VM code, C=native code)
C  [i965_dri.so+0x2fe102]

Java frames: (J=compiled Java code, j=interpreted, Vv=VM code)
J 1708  jogamp.opengl.x11.glx.GLX.dispatch_glXSwapBuffers0(JJJ)V (0 bytes) @ 0x00007feb71644347 [0x00007feb71644300+0x47]
J 1707 C1 jogamp.opengl.x11.glx.GLX.glXSwapBuffers(JJ)V (45 bytes) @ 0x00007feb71645164 [0x00007feb71644760+0xa04]
J 1706 C1 jogamp.opengl.x11.glx.X11GLXDrawable.swapBuffersImpl(Z)V (21 bytes) @ 0x00007feb71643f4c [0x00007feb71643ca0+0x2ac]
J 1653 C1 jogamp.opengl.GLDrawableImpl.swapBuffers()V (138 bytes) @ 0x00007feb715e8424 [0x00007feb715e7d60+0x6c4]
j  javax.media.opengl.awt.GLCanvas$12.run()V+45
J 1645 C1 java.awt.event.InvocationEvent.dispatch()V (69 bytes) @ 0x00007feb715df3ac [0x00007feb715df260+0x14c]
J 1575 C1 java.awt.EventQueue.dispatchEventImpl(Ljava/awt/AWTEvent;Ljava/lang/Object;)V (149 bytes) @ 0x00007feb715a3564 [0x00007feb715a1c40+0x1924]
J 1573 C1 java.awt.EventQueue$3.run()Ljava/lang/Void; (60 bytes) @ 0x00007feb7159cad4 [0x00007feb7159c8c0+0x214]
J 1572 C1 java.awt.EventQueue$3.run()Ljava/lang/Object; (5 bytes) @ 0x00007feb7159ead4 [0x00007feb7159ea40+0x94]
v  ~StubRoutines::call_stub
J 1328  java.security.AccessController.doPrivileged(Ljava/security/PrivilegedAction;Ljava/security/AccessControlContext;)Ljava/lang/Object; (0 bytes) @ 0x00007feb714ea563 [0x00007feb714ea500+0x63]
J 1449 C1 java.awt.EventQueue.dispatchEvent(Ljava/awt/AWTEvent;)V (80 bytes) @ 0x00007feb71534e5c [0x00007feb715345a0+0x8bc]
J 1458 C1 java.awt.EventDispatchThread.pumpOneEventForFilters(I)V (295 bytes) @ 0x00007feb7153cd9c [0x00007feb7153b1a0+0x1bfc]
j  java.awt.EventDispatchThread.pumpEventsForFilter(ILjava/awt/Conditional;Ljava/awt/EventFilter;)V+35
j  java.awt.EventDispatchThread.pumpEventsForHierarchy(ILjava/awt/Conditional;Ljava/awt/Component;)V+11
j  java.awt.EventDispatchThread.pumpEvents(ILjava/awt/Conditional;)V+4
j  java.awt.EventDispatchThread.pumpEvents(Ljava/awt/Conditional;)V+3
j  java.awt.EventDispatchThread.run()V+9
v  ~StubRoutines::call_stub

---------------  P R O C E S S  ---------------

Java Threads: ( => current thread )
  0x00007feb15556800 JavaThread "Thread-4" [_thread_blocked, id=18310, stack(0x00007feaff9f8000,0x00007feaffaf9000)]
  0x00007feb1553d000 JavaThread "Java Sound Event Dispatcher" daemon [_thread_blocked, id=18304, stack(0x00007feb2405e000,0x00007feb2415f000)]
  0x00007feb08299800 JavaThread "Animation Thread-SharedResourceRunner" daemon [_thread_blocked, id=18291, stack(0x00007feb26c02000,0x00007feb26d03000)]
  0x00007feb8000f000 JavaThread "DestroyJavaVM" [_thread_blocked, id=18240, stack(0x00007feb89bbf000,0x00007feb89cc0000)]
  0x00007feb803b9800 JavaThread "Animation Thread" [_thread_blocked, id=18278, stack(0x00007feb276f5000,0x00007feb277f6000)]
=>0x00007feb803aa000 JavaThread "AWT-EventQueue-0" [_thread_in_native, id=18277, stack(0x00007feb277f6000,0x00007feb278f7000)]
  0x00007feb803a7800 JavaThread "AWT-Shutdown" [_thread_blocked, id=18276, stack(0x00007feb278f7000,0x00007feb279f8000)]
  0x00007feb8035a000 JavaThread "AWT-XAWT" daemon [_thread_in_native, id=18273, stack(0x00007feb6c016000,0x00007feb6c117000)]
  0x00007feb8032d800 JavaThread "Java2D Disposer" daemon [_thread_blocked, id=18272, stack(0x00007feb6c322000,0x00007feb6c423000)]
  0x00007feb800d6000 JavaThread "Service Thread" daemon [_thread_blocked, id=18270, stack(0x00007feb6e0cd000,0x00007feb6e1ce000)]
  0x00007feb800c9000 JavaThread "C1 CompilerThread2" daemon [_thread_blocked, id=18269, stack(0x00007feb6e1ce000,0x00007feb6e2cf000)]
  0x00007feb800c7000 JavaThread "C2 CompilerThread1" daemon [_thread_blocked, id=18268, stack(0x00007feb6e2cf000,0x00007feb6e3d0000)]
  0x00007feb800c4000 JavaThread "C2 CompilerThread0" daemon [_thread_blocked, id=18267, stack(0x00007feb6e3d0000,0x00007feb6e4d1000)]
  0x00007feb4c001000 JavaThread "JDWP Command Reader" daemon [_thread_in_native, id=18253, stack(0x00007feb6e4d1000,0x00007feb6e5d2000)]
  0x00007feb800c2000 JavaThread "JDWP Event Helper Thread" daemon [_thread_blocked, id=18250, stack(0x00007feb6e5d2000,0x00007feb6e6d3000)]
  0x00007feb800be800 JavaThread "JDWP Transport Listener: dt_socket" daemon [_thread_blocked, id=18249, stack(0x00007feb6e6d3000,0x00007feb6e7d4000)]
  0x00007feb800ae000 JavaThread "Signal Dispatcher" daemon [_thread_blocked, id=18248, stack(0x00007feb6e9d8000,0x00007feb6ead9000)]
  0x00007feb80081800 JavaThread "Finalizer" daemon [_thread_blocked, id=18247, stack(0x00007feb6ead9000,0x00007feb6ebda000)]
  0x00007feb8007f800 JavaThread "Reference Handler" daemon [_thread_blocked, id=18246, stack(0x00007feb6ebda000,0x00007feb6ecdb000)]

Other Threads:
  0x00007feb8007a800 VMThread [stack: 0x00007feb6ecdb000,0x00007feb6eddc000] [id=18245]
  0x00007feb800e9000 WatcherThread [stack: 0x00007feb6dfcc000,0x00007feb6e0cd000] [id=18271]

VM state:not at safepoint (normal execution)

VM Mutex/Monitor currently owned by a thread: None

Heap:
 PSYoungGen      total 31744K, used 13732K [0x00000000ebf00000, 0x00000000f0d00000, 0x0000000100000000)
  eden space 30208K, 41% used [0x00000000ebf00000,0x00000000ecb21008,0x00000000edc80000)
  from space 1536K, 85% used [0x00000000ef180000,0x00000000ef2c8010,0x00000000ef300000)
  to   space 14848K, 0% used [0x00000000efe80000,0x00000000efe80000,0x00000000f0d00000)
 ParOldGen       total 42496K, used 20673K [0x00000000c3c00000, 0x00000000c6580000, 0x00000000ebf00000)
  object space 42496K, 48% used [0x00000000c3c00000,0x00000000c50304c0,0x00000000c6580000)
 Metaspace       used 18351K, capacity 18517K, committed 18688K, reserved 1067008K
  class space    used 1712K, capacity 1789K, committed 1792K, reserved 1048576K

Card table byte_map: [0x00007feb85d2f000,0x00007feb85f12000] byte_map_base: 0x00007feb85711000

Marking Bits: (ParMarkBitMap*) 0x00007feb890eb2a0
 Begin Bits: [0x00007feb6f1e0000, 0x00007feb700f0000)
 End Bits:   [0x00007feb700f0000, 0x00007feb71000000)

Polling page: 0x00007feb89d12000

CodeCache: size=245760Kb used=6802Kb max_used=6802Kb free=238957Kb
 bounds [0x00007feb71000000, 0x00007feb716b0000, 0x00007feb80000000]
 total_blobs=2746 nmethods=1805 adapters=864
 compilation: enabled

Compilation events (10 events):
Event: 80.194 Thread 0x00007feb800c9000 1804       1       java.awt.Component::isEnabledImpl (5 bytes)
Event: 80.194 Thread 0x00007feb800c9000 nmethod 1804 0x00007feb7169c910 code [0x00007feb7169ca60, 0x00007feb7169cb70]
Event: 80.302 Thread 0x00007feb800c9000 1806       3       sun.awt.X11.XWindow::handleMotionNotify (334 bytes)
Event: 80.307 Thread 0x00007feb800c9000 nmethod 1806 0x00007feb716a3610 code [0x00007feb716a3be0, 0x00007feb716a7638]
Event: 80.364 Thread 0x00007feb800c9000 1807       3       java.awt.Component::getInputContext (16 bytes)
Event: 80.365 Thread 0x00007feb800c9000 nmethod 1807 0x00007feb716a1890 code [0x00007feb716a1a00, 0x00007feb716a1c88]
Event: 80.423 Thread 0x00007feb800c9000 1808       3       java.awt.EventQueue::coalesceMouseEvent (44 bytes)
Event: 80.423 Thread 0x00007feb800c9000 nmethod 1808 0x00007feb716a10d0 code [0x00007feb716a1260, 0x00007feb716a16a8]
Event: 81.208 Thread 0x00007feb800c9000 1809       3       sun.awt.X11.Native::getByte (8 bytes)
Event: 81.209 Thread 0x00007feb800c9000 nmethod 1809 0x00007feb716a0d50 code [0x00007feb716a0ec0, 0x00007feb716a1010]

GC Heap History (10 events):
Event: 1.899 GC heap before
{Heap before GC invocations=3 (full 0):
 PSYoungGen      total 18432K, used 18145K [0x00000000ebf00000, 0x00000000ed380000, 0x0000000100000000)
  eden space 15872K, 98% used [0x00000000ebf00000,0x00000000ece3bea8,0x00000000ece80000)
  from space 2560K, 99% used [0x00000000ed100000,0x00000000ed37c880,0x00000000ed380000)
  to   space 2560K, 0% used [0x00000000ece80000,0x00000000ece80000,0x00000000ed100000)
 ParOldGen       total 42496K, used 4907K [0x00000000c3c00000, 0x00000000c6580000, 0x00000000ebf00000)
  object space 42496K, 11% used [0x00000000c3c00000,0x00000000c40cad98,0x00000000c6580000)
 Metaspace       used 17431K, capacity 17629K, committed 17920K, reserved 1064960K
  class space    used 1684K, capacity 1753K, committed 1792K, reserved 1048576K
Event: 1.909 GC heap after
Heap after GC invocations=3 (full 0):
 PSYoungGen      total 18432K, used 2530K [0x00000000ebf00000, 0x00000000ee300000, 0x0000000100000000)
  eden space 15872K, 0% used [0x00000000ebf00000,0x00000000ebf00000,0x00000000ece80000)
  from space 2560K, 98% used [0x00000000ece80000,0x00000000ed0f8870,0x00000000ed100000)
  to   space 2560K, 0% used [0x00000000ee080000,0x00000000ee080000,0x00000000ee300000)
 ParOldGen       total 42496K, used 18114K [0x00000000c3c00000, 0x00000000c6580000, 0x00000000ebf00000)
  object space 42496K, 42% used [0x00000000c3c00000,0x00000000c4db0810,0x00000000c6580000)
 Metaspace       used 17431K, capacity 17629K, committed 17920K, reserved 1064960K
  class space    used 1684K, capacity 1753K, committed 1792K, reserved 1048576K
}
Event: 10.571 GC heap before
{Heap before GC invocations=4 (full 0):
 PSYoungGen      total 18432K, used 18402K [0x00000000ebf00000, 0x00000000ee300000, 0x0000000100000000)
  eden space 15872K, 100% used [0x00000000ebf00000,0x00000000ece80000,0x00000000ece80000)
  from space 2560K, 98% used [0x00000000ece80000,0x00000000ed0f8870,0x00000000ed100000)
  to   space 2560K, 0% used [0x00000000ee080000,0x00000000ee080000,0x00000000ee300000)
 ParOldGen       total 42496K, used 18114K [0x00000000c3c00000, 0x00000000c6580000, 0x00000000ebf00000)
  object space 42496K, 42% used [0x00000000c3c00000,0x00000000c4db0810,0x00000000c6580000)
 Metaspace       used 17975K, capacity 18133K, committed 18176K, reserved 1064960K
  class space    used 1710K, capacity 1789K, committed 1792K, reserved 1048576K
Event: 10.581 GC heap after
Heap after GC invocations=4 (full 0):
 PSYoungGen      total 34304K, used 2530K [0x00000000ebf00000, 0x00000000ee300000, 0x0000000100000000)
  eden space 31744K, 0% used [0x00000000ebf00000,0x00000000ebf00000,0x00000000ede00000)
  from space 2560K, 98% used [0x00000000ee080000,0x00000000ee2f8860,0x00000000ee300000)
  to   space 2560K, 0% used [0x00000000ede00000,0x00000000ede00000,0x00000000ee080000)
 ParOldGen       total 42496K, used 19410K [0x00000000c3c00000, 0x00000000c6580000, 0x00000000ebf00000)
  object space 42496K, 45% used [0x00000000c3c00000,0x00000000c4ef4830,0x00000000c6580000)
 Metaspace       used 17975K, capacity 18133K, committed 18176K, reserved 1064960K
  class space    used 1710K, capacity 1789K, committed 1792K, reserved 1048576K
}
Event: 31.605 GC heap before
{Heap before GC invocations=5 (full 0):
 PSYoungGen      total 34304K, used 34274K [0x00000000ebf00000, 0x00000000ee300000, 0x0000000100000000)
  eden space 31744K, 100% used [0x00000000ebf00000,0x00000000ede00000,0x00000000ede00000)
  from space 2560K, 98% used [0x00000000ee080000,0x00000000ee2f8860,0x00000000ee300000)
  to   space 2560K, 0% used [0x00000000ede00000,0x00000000ede00000,0x00000000ee080000)
 ParOldGen       total 42496K, used 19410K [0x00000000c3c00000, 0x00000000c6580000, 0x00000000ebf00000)
  object space 42496K, 45% used [0x00000000c3c00000,0x00000000c4ef4830,0x00000000c6580000)
 Metaspace       used 18224K, capacity 18389K, committed 18432K, reserved 1067008K
  class space    used 1711K, capacity 1789K, committed 1792K, reserved 1048576K
Event: 31.614 GC heap after
Heap after GC invocations=5 (full 0):
 PSYoungGen      total 34304K, used 2530K [0x00000000ebf00000, 0x00000000f1c00000, 0x0000000100000000)
  eden space 31744K, 0% used [0x00000000ebf00000,0x00000000ebf00000,0x00000000ede00000)
  from space 2560K, 98% used [0x00000000ede00000,0x00000000ee078860,0x00000000ee080000)
  to   space 15872K, 0% used [0x00000000f0c80000,0x00000000f0c80000,0x00000000f1c00000)
 ParOldGen       total 42496K, used 19418K [0x00000000c3c00000, 0x00000000c6580000, 0x00000000ebf00000)
  object space 42496K, 45% used [0x00000000c3c00000,0x00000000c4ef6830,0x00000000c6580000)
 Metaspace       used 18224K, capacity 18389K, committed 18432K, reserved 1067008K
  class space    used 1711K, capacity 1789K, committed 1792K, reserved 1048576K
}
Event: 52.730 GC heap before
{Heap before GC invocations=6 (full 0):
 PSYoungGen      total 34304K, used 34274K [0x00000000ebf00000, 0x00000000f1c00000, 0x0000000100000000)
  eden space 31744K, 100% used [0x00000000ebf00000,0x00000000ede00000,0x00000000ede00000)
  from space 2560K, 98% used [0x00000000ede00000,0x00000000ee078860,0x00000000ee080000)
  to   space 15872K, 0% used [0x00000000f0c80000,0x00000000f0c80000,0x00000000f1c00000)
 ParOldGen       total 42496K, used 19418K [0x00000000c3c00000, 0x00000000c6580000, 0x00000000ebf00000)
  object space 42496K, 45% used [0x00000000c3c00000,0x00000000c4ef6830,0x00000000c6580000)
 Metaspace       used 18336K, capacity 18517K, committed 18688K, reserved 1067008K
  class space    used 1712K, capacity 1789K, committed 1792K, reserved 1048576K
Event: 52.738 GC heap after
Heap after GC invocations=6 (full 0):
 PSYoungGen      total 33792K, used 2562K [0x00000000ebf00000, 0x00000000f0f80000, 0x0000000100000000)
  eden space 30720K, 0% used [0x00000000ebf00000,0x00000000ebf00000,0x00000000edd00000)
  from space 3072K, 83% used [0x00000000f0c80000,0x00000000f0f00860,0x00000000f0f80000)
  to   space 15360K, 0% used [0x00000000ef180000,0x00000000ef180000,0x00000000f0080000)
 ParOldGen       total 42496K, used 19418K [0x00000000c3c00000, 0x00000000c6580000, 0x00000000ebf00000)
  object space 42496K, 45% used [0x00000000c3c00000,0x00000000c4ef6830,0x00000000c6580000)
 Metaspace       used 18336K, capacity 18517K, committed 18688K, reserved 1067008K
  class space    used 1712K, capacity 1789K, committed 1792K, reserved 1048576K
}
Event: 73.273 GC heap before
{Heap before GC invocations=7 (full 0):
 PSYoungGen      total 33792K, used 33282K [0x00000000ebf00000, 0x00000000f0f80000, 0x0000000100000000)
  eden space 30720K, 100% used [0x00000000ebf00000,0x00000000edd00000,0x00000000edd00000)
  from space 3072K, 83% used [0x00000000f0c80000,0x00000000f0f00860,0x00000000f0f80000)
  to   space 15360K, 0% used [0x00000000ef180000,0x00000000ef180000,0x00000000f0080000)
 ParOldGen       total 42496K, used 19418K [0x00000000c3c00000, 0x00000000c6580000, 0x00000000ebf00000)
  object space 42496K, 45% used [0x00000000c3c00000,0x00000000c4ef6830,0x00000000c6580000)
 Metaspace       used 18336K, capacity 18517K, committed 18688K, reserved 1067008K
  class space    used 1712K, capacity 1789K, committed 1792K, reserved 1048576K
Event: 73.283 GC heap after
Heap after GC invocations=7 (full 0):
 PSYoungGen      total 31744K, used 1312K [0x00000000ebf00000, 0x00000000f0d00000, 0x0000000100000000)
  eden space 30208K, 0% used [0x00000000ebf00000,0x00000000ebf00000,0x00000000edc80000)
  from space 1536K, 85% used [0x00000000ef180000,0x00000000ef2c8010,0x00000000ef300000)
  to   space 14848K, 0% used [0x00000000efe80000,0x00000000efe80000,0x00000000f0d00000)
 ParOldGen       total 42496K, used 20673K [0x00000000c3c00000, 0x00000000c6580000, 0x00000000ebf00000)
  object space 42496K, 48% used [0x00000000c3c00000,0x00000000c50304c0,0x00000000c6580000)
 Metaspace       used 18336K, capacity 18517K, committed 18688K, reserved 1067008K
  class space    used 1712K, capacity 1789K, committed 1792K, reserved 1048576K
}

Deoptimization events (4 events):
Event: 1.585 Thread 0x00007feb803aa000 Uncommon trap: reason=unreached action=reinterpret pc=0x00007feb7134a9ac method=com.jogamp.common.nio.Buffers.isDirect(Ljava/lang/Object;)Z @ 1
Event: 1.585 Thread 0x00007feb803aa000 Uncommon trap: reason=unreached action=reinterpret pc=0x00007feb7134a730 method=com.jogamp.common.nio.Buffers.getDirectBufferByteOffset(Ljava/lang/Object;)I @ 1
Event: 1.627 Thread 0x00007feb803aa000 Uncommon trap: reason=unreached action=reinterpret pc=0x00007feb7133b648 method=com.jogamp.common.util.IntIntHashMap.get(I)I @ 19
Event: 1.646 Thread 0x00007feb803aa000 Uncommon trap: reason=unreached action=reinterpret pc=0x00007feb713017ac method=java.lang.reflect.AccessibleObject.setAccessible0(Ljava/lang/reflect/AccessibleObject;Z)V @ 4

Internal exceptions (10 events):
Event: 1.849 Thread 0x00007feb803b9800 Exception <a 'java/security/PrivilegedActionException'> (0x00000000ec4b7448) thrown at [/HUDSON/workspace/8-2-build-linux-amd64/jdk8u31/2394/hotspot/src/share/vm/prims/jvm.cpp, line 1312]
Event: 1.850 Thread 0x00007feb803aa000 Exception <a 'java/lang/reflect/InvocationTargetException'> (0x00000000ec492360) thrown at [/HUDSON/workspace/8-2-build-linux-amd64/jdk8u31/2394/hotspot/src/share/vm/runtime/reflection.cpp, line 1080]
Event: 1.914 Thread 0x00007feb803aa000 Exception <a 'java/security/PrivilegedActionException'> (0x00000000ec00ab00) thrown at [/HUDSON/workspace/8-2-build-linux-amd64/jdk8u31/2394/hotspot/src/share/vm/prims/jvm.cpp, line 1312]
Event: 2.037 Thread 0x00007feb803aa000 Exception <a 'java/lang/reflect/InvocationTargetException'> (0x00000000ec107978) thrown at [/HUDSON/workspace/8-2-build-linux-amd64/jdk8u31/2394/hotspot/src/share/vm/runtime/reflection.cpp, line 1080]
Event: 2.039 Thread 0x00007feb803aa000 Exception <a 'java/lang/reflect/InvocationTargetException'> (0x00000000ec107d88) thrown at [/HUDSON/workspace/8-2-build-linux-amd64/jdk8u31/2394/hotspot/src/share/vm/runtime/reflection.cpp, line 1080]
Event: 2.112 Thread 0x00007feb803aa000 Exception <a 'java/lang/reflect/InvocationTargetException'> (0x00000000ec111730) thrown at [/HUDSON/workspace/8-2-build-linux-amd64/jdk8u31/2394/hotspot/src/share/vm/runtime/reflection.cpp, line 1080]
Event: 2.113 Thread 0x00007feb803aa000 Exception <a 'java/lang/reflect/InvocationTargetException'> (0x00000000ec111b40) thrown at [/HUDSON/workspace/8-2-build-linux-amd64/jdk8u31/2394/hotspot/src/share/vm/runtime/reflection.cpp, line 1080]
Event: 2.174 Thread 0x00007feb803aa000 Exception <a 'java/lang/reflect/InvocationTargetException'> (0x00000000ec11ad50) thrown at [/HUDSON/workspace/8-2-build-linux-amd64/jdk8u31/2394/hotspot/src/share/vm/runtime/reflection.cpp, line 1080]
Event: 2.174 Thread 0x00007feb803aa000 Exception <a 'java/lang/reflect/InvocationTargetException'> (0x00000000ec11b160) thrown at [/HUDSON/workspace/8-2-build-linux-amd64/jdk8u31/2394/hotspot/src/share/vm/runtime/reflection.cpp, line 1080]
Event: 2.251 Thread 0x00007feb803aa000 Exception <a 'java/lang/reflect/InvocationTargetException'> (0x00000000ec187cb8) thrown at [/HUDSON/workspace/8-2-build-linux-amd64/jdk8u31/2394/hotspot/src/share/vm/runtime/reflection.cpp, line 1080]

Events (10 events):
Event: 81.317 Thread 0x00007feb803aa000 DEOPT PACKING pc=0x00007feb71560d1c sp=0x00007feb278f4260
Event: 81.317 Thread 0x00007feb803aa000 DEOPT UNPACKING pc=0x00007feb71047373 sp=0x00007feb278f3fa8 mode 1
Event: 81.317 Thread 0x00007feb803aa000 DEOPT PACKING pc=0x00007feb715371a9 sp=0x00007feb278f4330
Event: 81.317 Thread 0x00007feb803aa000 DEOPT UNPACKING pc=0x00007feb71047373 sp=0x00007feb278f4078 mode 1
Event: 81.317 Thread 0x00007feb803aa000 DEOPT PACKING pc=0x00007feb71502b04 sp=0x00007feb278f43c0
Event: 81.317 Thread 0x00007feb803aa000 DEOPT UNPACKING pc=0x00007feb71047373 sp=0x00007feb278f4158 mode 1
Event: 81.317 Thread 0x00007feb803aa000 DEOPT PACKING pc=0x00007feb7169a6e8 sp=0x00007feb278f4470
Event: 81.317 Thread 0x00007feb803aa000 DEOPT UNPACKING pc=0x00007feb71047373 sp=0x00007feb278f4148 mode 1
Event: 81.317 Thread 0x00007feb803aa000 DEOPT PACKING pc=0x00007feb71562554 sp=0x00007feb278f44c0
Event: 81.317 Thread 0x00007feb803aa000 DEOPT UNPACKING pc=0x00007feb71047373 sp=0x00007feb278f4208 mode 1


Dynamic libraries:
00400000-00401000 r-xp 00000000 08:11 2229123                            /usr/lib/jvm/jdk1.8.0_31/bin/java
00600000-00601000 rw-p 00000000 08:11 2229123                            /usr/lib/jvm/jdk1.8.0_31/bin/java
00f47000-00f68000 rw-p 00000000 00:00 0                                  [heap]
c3c00000-c6580000 rw-p 00000000 00:00 0 
c6580000-ebf00000 ---p 00000000 00:00 0 
ebf00000-f0d00000 rw-p 00000000 00:00 0 
f0d00000-100000000 ---p 00000000 00:00 0 
100000000-1001c0000 rw-p 00000000 00:00 0 
1001c0000-140000000 ---p 00000000 00:00 0 
7fead4000000-7fead4285000 rw-p 00000000 00:00 0 
7fead4285000-7fead8000000 ---p 00000000 00:00 0 
7feadbfff000-7feae0000000 rw-s 00000000 00:11 1382463                    /dev/shm/pulse-shm-534038266
7feae0000000-7feae0021000 rw-p 00000000 00:00 0 
7feae0021000-7feae4000000 ---p 00000000 00:00 0 
7feae7fff000-7feaec000000 r--s 00000000 00:11 22180                      /dev/shm/pulse-shm-3810095572
7feaec000000-7feaec021000 rw-p 00000000 00:00 0 
7feaec021000-7feaf0000000 ---p 00000000 00:00 0 
7feaf37ff000-7feaf3800000 ---p 00000000 00:00 0 
7feaf3800000-7feaf4000000 rw-p 00000000 00:00 0                          [stack:18309]
7feaf4000000-7feaf4021000 rw-p 00000000 00:00 0 
7feaf4021000-7feaf8000000 ---p 00000000 00:00 0 
7feaf80b6000-7feaf8136000 rw-p 00000000 00:00 0 
7feaf8136000-7feaf82b6000 ---p 00000000 00:00 0 
7feaf82b6000-7feaf82b7000 ---p 00000000 00:00 0 
7feaf82b7000-7feaf8ab7000 rw-p 00000000 00:00 0                          [stack:18305]
7feaf8ab7000-7feafcab8000 rw-s 00000000 00:11 1381679                    /dev/shm/pulse-shm-3464959076
7feafcab8000-7feafcabe000 r-xp 00000000 08:11 1317035                    /usr/lib/x86_64-linux-gnu/alsa-lib/libasound_module_pcm_pulse.so
7feafcabe000-7feafccbd000 ---p 00006000 08:11 1317035                    /usr/lib/x86_64-linux-gnu/alsa-lib/libasound_module_pcm_pulse.so
7feafccbd000-7feafccbe000 r--p 00005000 08:11 1317035                    /usr/lib/x86_64-linux-gnu/alsa-lib/libasound_module_pcm_pulse.so
7feafccbe000-7feafccbf000 rw-p 00006000 08:11 1317035                    /usr/lib/x86_64-linux-gnu/alsa-lib/libasound_module_pcm_pulse.so
7feafccbf000-7feafccf3000 r-xp 00000000 08:11 1246961                    /usr/local/cpffmpeg/lib/libvorbis.so.0.4.7
7feafccf3000-7feafcef3000 ---p 00034000 08:11 1246961                    /usr/local/cpffmpeg/lib/libvorbis.so.0.4.7
7feafcef3000-7feafcef4000 rw-p 00034000 08:11 1246961                    /usr/local/cpffmpeg/lib/libvorbis.so.0.4.7
7feafcef4000-7feafcefa000 r-xp 00000000 08:11 1246864                    /usr/local/cpffmpeg/lib/libogg.so.0.8.1
7feafcefa000-7feafd0f9000 ---p 00006000 08:11 1246864                    /usr/local/cpffmpeg/lib/libogg.so.0.8.1
7feafd0f9000-7feafd0fa000 rw-p 00005000 08:11 1246864                    /usr/local/cpffmpeg/lib/libogg.so.0.8.1
7feafd0fa000-7feafd10b000 r-xp 00000000 08:11 393690                     /lib/x86_64-linux-gnu/libgpg-error.so.0.13.0
7feafd10b000-7feafd30a000 ---p 00011000 08:11 393690                     /lib/x86_64-linux-gnu/libgpg-error.so.0.13.0
7feafd30a000-7feafd30b000 r--p 00010000 08:11 393690                     /lib/x86_64-linux-gnu/libgpg-error.so.0.13.0
7feafd30b000-7feafd30c000 rw-p 00011000 08:11 393690                     /lib/x86_64-linux-gnu/libgpg-error.so.0.13.0
7feafd30c000-7feafd39b000 r-xp 00000000 08:11 1246969                    /usr/local/cpffmpeg/lib/libvorbisenc.so.2.0.10
7feafd39b000-7feafd59a000 ---p 0008f000 08:11 1246969                    /usr/local/cpffmpeg/lib/libvorbisenc.so.2.0.10
7feafd59a000-7feafd5b6000 rw-p 0008e000 08:11 1246969                    /usr/local/cpffmpeg/lib/libvorbisenc.so.2.0.10
7feafd5b6000-7feafd609000 r-xp 00000000 08:11 1247702                    /usr/local/cpffmpeg/lib/libFLAC.so.8.3.0
7feafd609000-7feafd809000 ---p 00053000 08:11 1247702                    /usr/local/cpffmpeg/lib/libFLAC.so.8.3.0
7feafd809000-7feafd80a000 rw-p 00053000 08:11 1247702                    /usr/local/cpffmpeg/lib/libFLAC.so.8.3.0
7feafd80a000-7feafd81e000 r-xp 00000000 08:11 393941                     /lib/x86_64-linux-gnu/libresolv-2.19.so
7feafd81e000-7feafda1d000 ---p 00014000 08:11 393941                     /lib/x86_64-linux-gnu/libresolv-2.19.so
7feafda1d000-7feafda1e000 r--p 00013000 08:11 393941                     /lib/x86_64-linux-gnu/libresolv-2.19.so
7feafda1e000-7feafda1f000 rw-p 00014000 08:11 393941                     /lib/x86_64-linux-gnu/libresolv-2.19.so
7feafda1f000-7feafda21000 rw-p 00000000 00:00 0 
7feafda21000-7feafdaf8000 r-xp 00000000 08:11 393710                     /lib/x86_64-linux-gnu/libgcrypt.so.20.0.2
7feafdaf8000-7feafdcf8000 ---p 000d7000 08:11 393710                     /lib/x86_64-linux-gnu/libgcrypt.so.20.0.2
7feafdcf8000-7feafdcf9000 r--p 000d7000 08:11 393710                     /lib/x86_64-linux-gnu/libgcrypt.so.20.0.2
7feafdcf9000-7feafdd02000 rw-p 000d8000 08:11 393710                     /lib/x86_64-linux-gnu/libgcrypt.so.20.0.2
7feafdd02000-7feafdd24000 r-xp 00000000 08:11 393692                     /lib/x86_64-linux-gnu/liblzma.so.5.0.0
7feafdd24000-7feafdf23000 ---p 00022000 08:11 393692                     /lib/x86_64-linux-gnu/liblzma.so.5.0.0
7feafdf23000-7feafdf24000 r--p 00021000 08:11 393692                     /lib/x86_64-linux-gnu/liblzma.so.5.0.0
7feafdf24000-7feafdf25000 rw-p 00022000 08:11 393692                     /lib/x86_64-linux-gnu/liblzma.so.5.0.0
7feafdf25000-7feafdf29000 r-xp 00000000 08:11 393657                     /lib/x86_64-linux-gnu/libuuid.so.1.3.0
7feafdf29000-7feafe128000 ---p 00004000 08:11 393657                     /lib/x86_64-linux-gnu/libuuid.so.1.3.0
7feafe128000-7feafe129000 r--p 00003000 08:11 393657                     /lib/x86_64-linux-gnu/libuuid.so.1.3.0
7feafe129000-7feafe12a000 rw-p 00004000 08:11 393657                     /lib/x86_64-linux-gnu/libuuid.so.1.3.0
7feafe12a000-7feafe12e000 r-xp 00000000 08:11 393736                     /lib/x86_64-linux-gnu/libattr.so.1.1.0
7feafe12e000-7feafe32d000 ---p 00004000 08:11 393736                     /lib/x86_64-linux-gnu/libattr.so.1.1.0
7feafe32d000-7feafe32e000 r--p 00003000 08:11 393736                     /lib/x86_64-linux-gnu/libattr.so.1.1.0
7feafe32e000-7feafe32f000 rw-p 00004000 08:11 393736                     /lib/x86_64-linux-gnu/libattr.so.1.1.0
7feafe32f000-7feafe334000 r-xp 00000000 08:11 1315196                    /usr/lib/x86_64-linux-gnu/libasyncns.so.0.3.1
7feafe334000-7feafe533000 ---p 00005000 08:11 1315196                    /usr/lib/x86_64-linux-gnu/libasyncns.so.0.3.1
7feafe533000-7feafe534000 r--p 00004000 08:11 1315196                    /usr/lib/x86_64-linux-gnu/libasyncns.so.0.3.1
7feafe534000-7feafe535000 rw-p 00005000 08:11 1315196                    /usr/lib/x86_64-linux-gnu/libasyncns.so.0.3.1
7feafe535000-7feafe597000 r-xp 00000000 08:11 1315698                    /usr/lib/x86_64-linux-gnu/libsndfile.so.1.0.25
7feafe597000-7feafe797000 ---p 00062000 08:11 1315698                    /usr/lib/x86_64-linux-gnu/libsndfile.so.1.0.25
7feafe797000-7feafe799000 r--p 00062000 08:11 1315698                    /usr/lib/x86_64-linux-gnu/libsndfile.so.1.0.25
7feafe799000-7feafe79a000 rw-p 00064000 08:11 1315698                    /usr/lib/x86_64-linux-gnu/libsndfile.so.1.0.25
7feafe79a000-7feafe79e000 rw-p 00000000 00:00 0 
7feafe79e000-7feafe7a7000 r-xp 00000000 08:11 394193                     /lib/x86_64-linux-gnu/libwrap.so.0.7.6
7feafe7a7000-7feafe9a6000 ---p 00009000 08:11 394193                     /lib/x86_64-linux-gnu/libwrap.so.0.7.6
7feafe9a6000-7feafe9a7000 r--p 00008000 08:11 394193                     /lib/x86_64-linux-gnu/libwrap.so.0.7.6
7feafe9a7000-7feafe9a8000 rw-p 00009000 08:11 394193                     /lib/x86_64-linux-gnu/libwrap.so.0.7.6
7feafe9a8000-7feafe9a9000 rw-p 00000000 00:00 0 
7feafe9a9000-7feafe9ca000 r-xp 00000000 08:11 393722                     /lib/x86_64-linux-gnu/libsystemd.so.0.3.1
7feafe9ca000-7feafebca000 ---p 00021000 08:11 393722                     /lib/x86_64-linux-gnu/libsystemd.so.0.3.1
7feafebca000-7feafebcb000 r--p 00021000 08:11 393722                     /lib/x86_64-linux-gnu/libsystemd.so.0.3.1
7feafebcb000-7feafebcc000 rw-p 00022000 08:11 393722                     /lib/x86_64-linux-gnu/libsystemd.so.0.3.1
7feafebcc000-7feafebd3000 r-xp 00000000 08:11 1313147                    /usr/lib/x86_64-linux-gnu/libSM.so.6.0.1
7feafebd3000-7feafedd2000 ---p 00007000 08:11 1313147                    /usr/lib/x86_64-linux-gnu/libSM.so.6.0.1
7feafedd2000-7feafedd3000 r--p 00006000 08:11 1313147                    /usr/lib/x86_64-linux-gnu/libSM.so.6.0.1
7feafedd3000-7feafedd4000 rw-p 00007000 08:11 1313147                    /usr/lib/x86_64-linux-gnu/libSM.so.6.0.1
7feafedd4000-7feafedd8000 r-xp 00000000 08:11 393218                     /lib/x86_64-linux-gnu/libcap.so.2.24
7feafedd8000-7feafefd7000 ---p 00004000 08:11 393218                     /lib/x86_64-linux-gnu/libcap.so.2.24
7feafefd7000-7feafefd8000 r--p 00003000 08:11 393218                     /lib/x86_64-linux-gnu/libcap.so.2.24
7feafefd8000-7feafefd9000 rw-p 00004000 08:11 393218                     /lib/x86_64-linux-gnu/libcap.so.2.24
7feafefd9000-7feaff020000 r-xp 00000000 08:11 393809                     /lib/x86_64-linux-gnu/libdbus-1.so.3.8.10
7feaff020000-7feaff21f000 ---p 00047000 08:11 393809                     /lib/x86_64-linux-gnu/libdbus-1.so.3.8.10
7feaff21f000-7feaff220000 r--p 00046000 08:11 393809                     /lib/x86_64-linux-gnu/libdbus-1.so.3.8.10
7feaff220000-7feaff221000 rw-p 00047000 08:11 393809                     /lib/x86_64-linux-gnu/libdbus-1.so.3.8.10
7feaff221000-7feaff298000 r-xp 00000000 08:11 1315203                    /usr/lib/x86_64-linux-gnu/pulseaudio/libpulsecommon-5.0.so
7feaff298000-7feaff498000 ---p 00077000 08:11 1315203                    /usr/lib/x86_64-linux-gnu/pulseaudio/libpulsecommon-5.0.so
7feaff498000-7feaff499000 r--p 00077000 08:11 1315203                    /usr/lib/x86_64-linux-gnu/pulseaudio/libpulsecommon-5.0.so
7feaff499000-7feaff49b000 rw-p 00078000 08:11 1315203                    /usr/lib/x86_64-linux-gnu/pulseaudio/libpulsecommon-5.0.so
7feaff49b000-7feaff4a5000 r-xp 00000000 08:11 394170                     /lib/x86_64-linux-gnu/libjson-c.so.2.0.0
7feaff4a5000-7feaff6a4000 ---p 0000a000 08:11 394170                     /lib/x86_64-linux-gnu/libjson-c.so.2.0.0
7feaff6a4000-7feaff6a5000 r--p 00009000 08:11 394170                     /lib/x86_64-linux-gnu/libjson-c.so.2.0.0
7feaff6a5000-7feaff6a6000 rw-p 0000a000 08:11 394170                     /lib/x86_64-linux-gnu/libjson-c.so.2.0.0
7feaff6a6000-7feaff6f4000 r-xp 00000000 08:11 1314084                    /usr/lib/x86_64-linux-gnu/libpulse.so.0.17.3
7feaff6f4000-7feaff8f4000 ---p 0004e000 08:11 1314084                    /usr/lib/x86_64-linux-gnu/libpulse.so.0.17.3
7feaff8f4000-7feaff8f6000 r--p 0004e000 08:11 1314084                    /usr/lib/x86_64-linux-gnu/libpulse.so.0.17.3
7feaff8f6000-7feaff8f7000 rw-p 00050000 08:11 1314084                    /usr/lib/x86_64-linux-gnu/libpulse.so.0.17.3
7feaff9f8000-7feaff9fb000 ---p 00000000 00:00 0 
7feaff9fb000-7feaffaf9000 rw-p 00000000 00:00 0                          [stack:18310]
7feaffaf9000-7feaffbe9000 r-xp 00000000 08:11 1313856                    /usr/lib/x86_64-linux-gnu/libasound.so.2.0.0
7feaffbe9000-7feaffde8000 ---p 000f0000 08:11 1313856                    /usr/lib/x86_64-linux-gnu/libasound.so.2.0.0
7feaffde8000-7feaffdef000 r--p 000ef000 08:11 1313856                    /usr/lib/x86_64-linux-gnu/libasound.so.2.0.0
7feaffdef000-7feaffdf1000 rw-p 000f6000 08:11 1313856                    /usr/lib/x86_64-linux-gnu/libasound.so.2.0.0
7feaffdf1000-7feaffe00000 r-xp 00000000 08:11 2240448                    /usr/lib/jvm/jdk1.8.0_31/jre/lib/amd64/libjsoundalsa.so
7feaffe00000-7feafffff000 ---p 0000f000 08:11 2240448                    /usr/lib/jvm/jdk1.8.0_31/jre/lib/amd64/libjsoundalsa.so
7feafffff000-7feb00000000 rw-p 0000e000 08:11 2240448                    /usr/lib/jvm/jdk1.8.0_31/jre/lib/amd64/libjsoundalsa.so
7feb00000000-7feb027e5000 rw-p 00000000 00:00 0 
7feb027e5000-7feb04000000 ---p 00000000 00:00 0 
7feb04040000-7feb04041000 r-xp 00000000 08:11 2240452                    /usr/lib/jvm/jdk1.8.0_31/jre/lib/amd64/libjsound.so
7feb04041000-7feb04240000 ---p 00001000 08:11 2240452                    /usr/lib/jvm/jdk1.8.0_31/jre/lib/amd64/libjsound.so
7feb04240000-7feb04241000 rw-p 00000000 08:11 2240452                    /usr/lib/jvm/jdk1.8.0_31/jre/lib/amd64/libjsound.so
7feb04241000-7feb04841000 rw-s 00000000 00:04 1378303                    /drm mm object (deleted)
7feb04841000-7feb04e41000 rw-s 00000000 00:04 1380284                    /drm mm object (deleted)
7feb04e41000-7feb04e4f000 r-xp 00000000 08:11 393942                     /lib/x86_64-linux-gnu/libudev.so.1.5.0
7feb04e4f000-7feb0504e000 ---p 0000e000 08:11 393942                     /lib/x86_64-linux-gnu/libudev.so.1.5.0
7feb0504e000-7feb0504f000 r--p 0000d000 08:11 393942                     /lib/x86_64-linux-gnu/libudev.so.1.5.0
7feb0504f000-7feb05050000 rw-p 0000e000 08:11 393942                     /lib/x86_64-linux-gnu/libudev.so.1.5.0
7feb05050000-7feb05052000 r-xp 00000000 08:11 1316635                    /usr/lib/x86_64-linux-gnu/libXinerama.so.1.0.0
7feb05052000-7feb05251000 ---p 00002000 08:11 1316635                    /usr/lib/x86_64-linux-gnu/libXinerama.so.1.0.0
7feb05251000-7feb05252000 r--p 00001000 08:11 1316635                    /usr/lib/x86_64-linux-gnu/libXinerama.so.1.0.0
7feb05252000-7feb05253000 rw-p 00002000 08:11 1316635                    /usr/lib/x86_64-linux-gnu/libXinerama.so.1.0.0
7feb05253000-7feb0528a000 r-xp 00000000 08:11 1316797                    /usr/lib/x86_64-linux-gnu/libtxc_dxtn_s2tc.so.0.0.0
7feb0528a000-7feb05489000 ---p 00037000 08:11 1316797                    /usr/lib/x86_64-linux-gnu/libtxc_dxtn_s2tc.so.0.0.0
7feb05489000-7feb0548a000 r--p 00036000 08:11 1316797                    /usr/lib/x86_64-linux-gnu/libtxc_dxtn_s2tc.so.0.0.0
7feb0548a000-7feb0548b000 rw-p 00037000 08:11 1316797                    /usr/lib/x86_64-linux-gnu/libtxc_dxtn_s2tc.so.0.0.0
7feb0548b000-7feb054a5000 r-xp 00000000 08:11 393684                     /lib/x86_64-linux-gnu/libz.so.1.2.8
7feb054a5000-7feb056a4000 ---p 0001a000 08:11 393684                     /lib/x86_64-linux-gnu/libz.so.1.2.8
7feb056a4000-7feb056a5000 r--p 00019000 08:11 393684                     /lib/x86_64-linux-gnu/libz.so.1.2.8
7feb056a5000-7feb056a6000 rw-p 0001a000 08:11 393684                     /lib/x86_64-linux-gnu/libz.so.1.2.8
7feb056a6000-7feb056ae000 r-xp 00000000 08:11 1312442                    /usr/lib/x86_64-linux-gnu/libpciaccess.so.0.11.1
7feb056ae000-7feb058ae000 ---p 00008000 08:11 1312442                    /usr/lib/x86_64-linux-gnu/libpciaccess.so.0.11.1
7feb058ae000-7feb058af000 r--p 00008000 08:11 1312442                    /usr/lib/x86_64-linux-gnu/libpciaccess.so.0.11.1
7feb058af000-7feb058b0000 rw-p 00009000 08:11 1312442                    /usr/lib/x86_64-linux-gnu/libpciaccess.so.0.11.1
7feb058b0000-7feb0599c000 r-xp 00000000 08:11 1313581                    /usr/lib/x86_64-linux-gnu/libstdc++.so.6.0.20
7feb0599c000-7feb05b9c000 ---p 000ec000 08:11 1313581                    /usr/lib/x86_64-linux-gnu/libstdc++.so.6.0.20
7feb05b9c000-7feb05ba4000 r--p 000ec000 08:11 1313581                    /usr/lib/x86_64-linux-gnu/libstdc++.so.6.0.20
7feb05ba4000-7feb05ba6000 rw-p 000f4000 08:11 1313581                    /usr/lib/x86_64-linux-gnu/libstdc++.so.6.0.20
7feb05ba6000-7feb05bbb000 rw-p 00000000 00:00 0 
7feb05bbb000-7feb05bc7000 r-xp 00000000 08:11 1317459                    /usr/lib/x86_64-linux-gnu/libdrm_radeon.so.1.0.1
7feb05bc7000-7feb05dc6000 ---p 0000c000 08:11 1317459                    /usr/lib/x86_64-linux-gnu/libdrm_radeon.so.1.0.1
7feb05dc6000-7feb05dc7000 r--p 0000b000 08:11 1317459                    /usr/lib/x86_64-linux-gnu/libdrm_radeon.so.1.0.1
7feb05dc7000-7feb05dc8000 rw-p 0000c000 08:11 1317459                    /usr/lib/x86_64-linux-gnu/libdrm_radeon.so.1.0.1
7feb05dc8000-7feb05dce000 r-xp 00000000 08:11 1317705                    /usr/lib/x86_64-linux-gnu/libdrm_nouveau.so.2.0.0
7feb05dce000-7feb05fcd000 ---p 00006000 08:11 1317705                    /usr/lib/x86_64-linux-gnu/libdrm_nouveau.so.2.0.0
7feb05fcd000-7feb05fce000 r--p 00005000 08:11 1317705                    /usr/lib/x86_64-linux-gnu/libdrm_nouveau.so.2.0.0
7feb05fce000-7feb05fcf000 rw-p 00006000 08:11 1317705                    /usr/lib/x86_64-linux-gnu/libdrm_nouveau.so.2.0.0
7feb05fcf000-7feb05ff0000 r-xp 00000000 08:11 1312658                    /usr/lib/x86_64-linux-gnu/libdrm_intel.so.1.0.0
7feb05ff0000-7feb061ef000 ---p 00021000 08:11 1312658                    /usr/lib/x86_64-linux-gnu/libdrm_intel.so.1.0.0
7feb061ef000-7feb061f0000 r--p 00020000 08:11 1312658                    /usr/lib/x86_64-linux-gnu/libdrm_intel.so.1.0.0
7feb061f0000-7feb061f1000 rw-p 00021000 08:11 1312658                    /usr/lib/x86_64-linux-gnu/libdrm_intel.so.1.0.0
7feb061f1000-7feb0670f000 r-xp 00000000 08:11 1312473                    /usr/lib/x86_64-linux-gnu/dri/i965_dri.so
7feb0670f000-7feb0690f000 ---p 0051e000 08:11 1312473                    /usr/lib/x86_64-linux-gnu/dri/i965_dri.so
7feb0690f000-7feb0692b000 r--p 0051e000 08:11 1312473                    /usr/lib/x86_64-linux-gnu/dri/i965_dri.so
7feb0692b000-7feb06931000 rw-p 0053a000 08:11 1312473                    /usr/lib/x86_64-linux-gnu/dri/i965_dri.so
7feb06931000-7feb06b3c000 rw-p 00000000 00:00 0 
7feb06b3c000-7feb06b42000 r-xp 00000000 08:11 1180552                    /usr/lib/mesa-diverted/x86_64-linux-gnu/libGLESv2.so.2.0.0
7feb06b42000-7feb06d41000 ---p 00006000 08:11 1180552                    /usr/lib/mesa-diverted/x86_64-linux-gnu/libGLESv2.so.2.0.0
7feb06d41000-7feb06d42000 r--p 00005000 08:11 1180552                    /usr/lib/mesa-diverted/x86_64-linux-gnu/libGLESv2.so.2.0.0
7feb06d42000-7feb06d43000 rw-p 00006000 08:11 1180552                    /usr/lib/mesa-diverted/x86_64-linux-gnu/libGLESv2.so.2.0.0
7feb06d43000-7feb06d88000 r-xp 00000000 08:11 1988854                    /tmp/jogamp_0000/file_cache/jln4465359893696398147/jln4274900219490205528/libjogl_mobile.so
7feb06d88000-7feb06f88000 ---p 00045000 08:11 1988854                    /tmp/jogamp_0000/file_cache/jln4465359893696398147/jln4274900219490205528/libjogl_mobile.so
7feb06f88000-7feb06f89000 rw-p 00045000 08:11 1988854                    /tmp/jogamp_0000/file_cache/jln4465359893696398147/jln4274900219490205528/libjogl_mobile.so
7feb06f89000-7feb06f90000 r-xp 00000000 08:11 1311207                    /usr/lib/x86_64-linux-gnu/libffi.so.6.0.2
7feb06f90000-7feb0718f000 ---p 00007000 08:11 1311207                    /usr/lib/x86_64-linux-gnu/libffi.so.6.0.2
7feb0718f000-7feb07190000 r--p 00006000 08:11 1311207                    /usr/lib/x86_64-linux-gnu/libffi.so.6.0.2
7feb07190000-7feb07191000 rw-p 00007000 08:11 1311207                    /usr/lib/x86_64-linux-gnu/libffi.so.6.0.2
7feb07191000-7feb0719e000 r-xp 00000000 08:11 1314293                    /usr/lib/x86_64-linux-gnu/libgbm.so.1.0.0
7feb0719e000-7feb0739d000 ---p 0000d000 08:11 1314293                    /usr/lib/x86_64-linux-gnu/libgbm.so.1.0.0
7feb0739d000-7feb0739e000 r--p 0000c000 08:11 1314293                    /usr/lib/x86_64-linux-gnu/libgbm.so.1.0.0
7feb0739e000-7feb0739f000 rw-p 0000d000 08:11 1314293                    /usr/lib/x86_64-linux-gnu/libgbm.so.1.0.0
7feb0739f000-7feb073ae000 r-xp 00000000 08:11 1314915                    /usr/lib/x86_64-linux-gnu/libwayland-server.so.0.1.0
7feb073ae000-7feb075ae000 ---p 0000f000 08:11 1314915                    /usr/lib/x86_64-linux-gnu/libwayland-server.so.0.1.0
7feb075ae000-7feb075b0000 r--p 0000f000 08:11 1314915                    /usr/lib/x86_64-linux-gnu/libwayland-server.so.0.1.0
7feb075b0000-7feb075b1000 rw-p 00011000 08:11 1314915                    /usr/lib/x86_64-linux-gnu/libwayland-server.so.0.1.0
7feb075b1000-7feb075bd000 r-xp 00000000 08:11 1316306                    /usr/lib/x86_64-linux-gnu/libwayland-client.so.0.3.0
7feb075bd000-7feb077bc000 ---p 0000c000 08:11 1316306                    /usr/lib/x86_64-linux-gnu/libwayland-client.so.0.3.0
7feb077bc000-7feb077bf000 r--p 0000b000 08:11 1316306                    /usr/lib/x86_64-linux-gnu/libwayland-client.so.0.3.0
7feb077bf000-7feb077c0000 rw-p 0000e000 08:11 1316306                    /usr/lib/x86_64-linux-gnu/libwayland-client.so.0.3.0
7feb077c0000-7feb077c3000 r-xp 00000000 08:11 1312486                    /usr/lib/x86_64-linux-gnu/libxcb-shape.so.0.0.0
7feb077c3000-7feb079c2000 ---p 00003000 08:11 1312486                    /usr/lib/x86_64-linux-gnu/libxcb-shape.so.0.0.0
7feb079c2000-7feb079c3000 r--p 00002000 08:11 1312486                    /usr/lib/x86_64-linux-gnu/libxcb-shape.so.0.0.0
7feb079c3000-7feb079c4000 rw-p 00003000 08:11 1312486                    /usr/lib/x86_64-linux-gnu/libxcb-shape.so.0.0.0
7feb079c4000-7feb079cd000 r-xp 00000000 08:11 1320235                    /usr/lib/x86_64-linux-gnu/libxcb-render.so.0.0.0
7feb079cd000-7feb07bcc000 ---p 00009000 08:11 1320235                    /usr/lib/x86_64-linux-gnu/libxcb-render.so.0.0.0
7feb07bcc000-7feb07bcd000 r--p 00008000 08:11 1320235                    /usr/lib/x86_64-linux-gnu/libxcb-render.so.0.0.0
7feb07bcd000-7feb07bce000 rw-p 00009000 08:11 1320235                    /usr/lib/x86_64-linux-gnu/libxcb-render.so.0.0.0
7feb07bce000-7feb07bd4000 r-xp 00000000 08:11 1313209                    /usr/lib/x86_64-linux-gnu/libxcb-xfixes.so.0.0.0
7feb07bd4000-7feb07dd4000 ---p 00006000 08:11 1313209                    /usr/lib/x86_64-linux-gnu/libxcb-xfixes.so.0.0.0
7feb07dd4000-7feb07dd5000 r--p 00006000 08:11 1313209                    /usr/lib/x86_64-linux-gnu/libxcb-xfixes.so.0.0.0
7feb07dd5000-7feb07dd6000 rw-p 00007000 08:11 1313209                    /usr/lib/x86_64-linux-gnu/libxcb-xfixes.so.0.0.0
7feb07dd6000-7feb07dfe000 r-xp 00000000 08:11 1179661                    /usr/lib/mesa-diverted/x86_64-linux-gnu/libEGL.so.1.0.0
7feb07dfe000-7feb07ffd000 ---p 00028000 08:11 1179661                    /usr/lib/mesa-diverted/x86_64-linux-gnu/libEGL.so.1.0.0
7feb07ffd000-7feb07ffe000 r--p 00027000 08:11 1179661                    /usr/lib/mesa-diverted/x86_64-linux-gnu/libEGL.so.1.0.0
7feb07ffe000-7feb07fff000 rw-p 00028000 08:11 1179661                    /usr/lib/mesa-diverted/x86_64-linux-gnu/libEGL.so.1.0.0
7feb07fff000-7feb08000000 rw-p 00000000 00:00 0 
7feb08000000-7feb08a01000 rw-p 00000000 00:00 0 
7feb08a01000-7feb0c000000 ---p 00000000 00:00 0 
7feb0c000000-7feb0c021000 rw-p 00000000 00:00 0 
7feb0c021000-7feb10000000 ---p 00000000 00:00 0 
7feb10000000-7feb10021000 rw-p 00000000 00:00 0 
7feb10021000-7feb14000000 ---p 00000000 00:00 0 
7feb14000000-7feb1677d000 rw-p 00000000 00:00 0 
7feb1677d000-7feb18000000 ---p 00000000 00:00 0 
7feb18000000-7feb18040000 rw-p 00000000 00:00 0 
7feb18040000-7feb1c000000 ---p 00000000 00:00 0 
7feb1c000000-7feb1c021000 rw-p 00000000 00:00 0 
7feb1c021000-7feb20000000 ---p 00000000 00:00 0 
7feb20000000-7feb2002c000 rw-p 00000000 00:00 0 
7feb2002c000-7feb24000000 ---p 00000000 00:00 0 
7feb2405e000-7feb24061000 ---p 00000000 00:00 0 
7feb24061000-7feb2415f000 rw-p 00000000 00:00 0                          [stack:18304]
7feb2415f000-7feb24176000 r-xp 00000000 08:11 1432196                    /usr/local/lib/libICE.so.6.3.0
7feb24176000-7feb24178000 rw-p 00016000 08:11 1432196                    /usr/local/lib/libICE.so.6.3.0
7feb24178000-7feb2417b000 rw-p 00000000 00:00 0 
7feb241c2000-7feb241ca000 rw-s 00000000 00:04 1380288                    /drm mm object (deleted)
7feb241ca000-7feb241ce000 r-xp 00000000 08:11 1184816                    /usr/lib/mesa-diverted/x86_64-linux-gnu/libGLESv1_CM.so.1.1.0
7feb241ce000-7feb243cd000 ---p 00004000 08:11 1184816                    /usr/lib/mesa-diverted/x86_64-linux-gnu/libGLESv1_CM.so.1.1.0
7feb243cd000-7feb243ce000 r--p 00003000 08:11 1184816                    /usr/lib/mesa-diverted/x86_64-linux-gnu/libGLESv1_CM.so.1.1.0
7feb243ce000-7feb243cf000 rw-p 00004000 08:11 1184816                    /usr/lib/mesa-diverted/x86_64-linux-gnu/libGLESv1_CM.so.1.1.0
7feb243cf000-7feb24474000 r-xp 00000000 08:11 1988853                    /tmp/jogamp_0000/file_cache/jln4465359893696398147/jln4274900219490205528/libjogl_desktop.so
7feb24474000-7feb24674000 ---p 000a5000 08:11 1988853                    /tmp/jogamp_0000/file_cache/jln4465359893696398147/jln4274900219490205528/libjogl_desktop.so
7feb24674000-7feb24675000 rw-p 000a5000 08:11 1988853                    /tmp/jogamp_0000/file_cache/jln4465359893696398147/jln4274900219490205528/libjogl_desktop.so
7feb24675000-7feb24681000 r-xp 00000000 08:11 1317768                    /usr/lib/x86_64-linux-gnu/libdrm.so.2.4.0
7feb24681000-7feb24880000 ---p 0000c000 08:11 1317768                    /usr/lib/x86_64-linux-gnu/libdrm.so.2.4.0
7feb24880000-7feb24881000 r--p 0000b000 08:11 1317768                    /usr/lib/x86_64-linux-gnu/libdrm.so.2.4.0
7feb24881000-7feb24882000 rw-p 0000c000 08:11 1317768                    /usr/lib/x86_64-linux-gnu/libdrm.so.2.4.0
7feb24882000-7feb24883000 r-xp 00000000 08:11 1316882                    /usr/lib/x86_64-linux-gnu/libxshmfence.so.1.0.0
7feb24883000-7feb24a82000 ---p 00001000 08:11 1316882                    /usr/lib/x86_64-linux-gnu/libxshmfence.so.1.0.0
7feb24a82000-7feb24a83000 r--p 00000000 08:11 1316882                    /usr/lib/x86_64-linux-gnu/libxshmfence.so.1.0.0
7feb24a83000-7feb24a84000 rw-p 00001000 08:11 1316882                    /usr/lib/x86_64-linux-gnu/libxshmfence.so.1.0.0
7feb24a84000-7feb24a89000 r-xp 00000000 08:11 1315759                    /usr/lib/x86_64-linux-gnu/libxcb-sync.so.1.0.0
7feb24a89000-7feb24c89000 ---p 00005000 08:11 1315759                    /usr/lib/x86_64-linux-gnu/libxcb-sync.so.1.0.0
7feb24c89000-7feb24c8a000 r--p 00005000 08:11 1315759                    /usr/lib/x86_64-linux-gnu/libxcb-sync.so.1.0.0
7feb24c8a000-7feb24c8b000 rw-p 00006000 08:11 1315759                    /usr/lib/x86_64-linux-gnu/libxcb-sync.so.1.0.0
7feb24c8b000-7feb24c8d000 r-xp 00000000 08:11 1317437                    /usr/lib/x86_64-linux-gnu/libxcb-present.so.0.0.0
7feb24c8d000-7feb24e8c000 ---p 00002000 08:11 1317437                    /usr/lib/x86_64-linux-gnu/libxcb-present.so.0.0.0
7feb24e8c000-7feb24e8d000 r--p 00001000 08:11 1317437                    /usr/lib/x86_64-linux-gnu/libxcb-present.so.0.0.0
7feb24e8d000-7feb24e8e000 rw-p 00002000 08:11 1317437                    /usr/lib/x86_64-linux-gnu/libxcb-present.so.0.0.0
7feb24e8e000-7feb24e90000 r-xp 00000000 08:11 1313718                    /usr/lib/x86_64-linux-gnu/libxcb-dri3.so.0.0.0
7feb24e90000-7feb2508f000 ---p 00002000 08:11 1313718                    /usr/lib/x86_64-linux-gnu/libxcb-dri3.so.0.0.0
7feb2508f000-7feb25090000 r--p 00001000 08:11 1313718                    /usr/lib/x86_64-linux-gnu/libxcb-dri3.so.0.0.0
7feb25090000-7feb25091000 rw-p 00002000 08:11 1313718                    /usr/lib/x86_64-linux-gnu/libxcb-dri3.so.0.0.0
7feb25091000-7feb25095000 r-xp 00000000 08:11 1312874                    /usr/lib/x86_64-linux-gnu/libxcb-dri2.so.0.0.0
7feb25095000-7feb25294000 ---p 00004000 08:11 1312874                    /usr/lib/x86_64-linux-gnu/libxcb-dri2.so.0.0.0
7feb25294000-7feb25295000 r--p 00003000 08:11 1312874                    /usr/lib/x86_64-linux-gnu/libxcb-dri2.so.0.0.0
7feb25295000-7feb25296000 rw-p 00004000 08:11 1312874                    /usr/lib/x86_64-linux-gnu/libxcb-dri2.so.0.0.0
7feb25296000-7feb252ad000 r-xp 00000000 08:11 1314543                    /usr/lib/x86_64-linux-gnu/libxcb-glx.so.0.0.0
7feb252ad000-7feb254ac000 ---p 00017000 08:11 1314543                    /usr/lib/x86_64-linux-gnu/libxcb-glx.so.0.0.0
7feb254ac000-7feb254ae000 r--p 00016000 08:11 1314543                    /usr/lib/x86_64-linux-gnu/libxcb-glx.so.0.0.0
7feb254ae000-7feb254af000 rw-p 00018000 08:11 1314543                    /usr/lib/x86_64-linux-gnu/libxcb-glx.so.0.0.0
7feb254af000-7feb254b0000 r-xp 00000000 08:11 1318061                    /usr/lib/x86_64-linux-gnu/libX11-xcb.so.1.0.0
7feb254b0000-7feb256af000 ---p 00001000 08:11 1318061                    /usr/lib/x86_64-linux-gnu/libX11-xcb.so.1.0.0
7feb256af000-7feb256b0000 r--p 00000000 08:11 1318061                    /usr/lib/x86_64-linux-gnu/libX11-xcb.so.1.0.0
7feb256b0000-7feb256b1000 rw-p 00001000 08:11 1318061                    /usr/lib/x86_64-linux-gnu/libX11-xcb.so.1.0.0
7feb256b1000-7feb256b3000 r-xp 00000000 08:11 1316876                    /usr/lib/x86_64-linux-gnu/libXdamage.so.1.1.0
7feb256b3000-7feb258b2000 ---p 00002000 08:11 1316876                    /usr/lib/x86_64-linux-gnu/libXdamage.so.1.1.0
7feb258b2000-7feb258b3000 r--p 00001000 08:11 1316876                    /usr/lib/x86_64-linux-gnu/libXdamage.so.1.1.0
7feb258b3000-7feb258b4000 rw-p 00002000 08:11 1316876                    /usr/lib/x86_64-linux-gnu/libXdamage.so.1.1.0
7feb258b4000-7feb258d9000 r-xp 00000000 08:11 1311159                    /usr/lib/x86_64-linux-gnu/libglapi.so.0.0.0
7feb258d9000-7feb25ad9000 ---p 00025000 08:11 1311159                    /usr/lib/x86_64-linux-gnu/libglapi.so.0.0.0
7feb25ad9000-7feb25adc000 r--p 00025000 08:11 1311159                    /usr/lib/x86_64-linux-gnu/libglapi.so.0.0.0
7feb25adc000-7feb25add000 rw-p 00028000 08:11 1311159                    /usr/lib/x86_64-linux-gnu/libglapi.so.0.0.0
7feb25add000-7feb25ade000 rw-p 00000000 00:00 0 
7feb25ade000-7feb25b04000 r-xp 00000000 08:11 393642                     /lib/x86_64-linux-gnu/libexpat.so.1.6.0
7feb25b04000-7feb25d03000 ---p 00026000 08:11 393642                     /lib/x86_64-linux-gnu/libexpat.so.1.6.0
7feb25d03000-7feb25d06000 r--p 00025000 08:11 393642                     /lib/x86_64-linux-gnu/libexpat.so.1.6.0
7feb25d06000-7feb25d07000 rw-p 00028000 08:11 393642                     /lib/x86_64-linux-gnu/libexpat.so.1.6.0
7feb25d07000-7feb25d9d000 r-xp 00000000 08:11 1179742                    /usr/lib/mesa-diverted/x86_64-linux-gnu/libGL.so.1.2.0
7feb25d9d000-7feb25f9c000 ---p 00096000 08:11 1179742                    /usr/lib/mesa-diverted/x86_64-linux-gnu/libGL.so.1.2.0
7feb25f9c000-7feb25f9f000 r--p 00095000 08:11 1179742                    /usr/lib/mesa-diverted/x86_64-linux-gnu/libGL.so.1.2.0
7feb25f9f000-7feb25fa0000 rw-p 00098000 08:11 1179742                    /usr/lib/mesa-diverted/x86_64-linux-gnu/libGL.so.1.2.0
7feb25fa0000-7feb261a1000 rw-p 00000000 00:00 0 
7feb261a1000-7feb261a8000 r-xp 00000000 08:11 1988856                    /tmp/jogamp_0000/file_cache/jln4465359893696398147/jln4274900219490205528/libnativewindow_x11.so
7feb261a8000-7feb263a7000 ---p 00007000 08:11 1988856                    /tmp/jogamp_0000/file_cache/jln4465359893696398147/jln4274900219490205528/libnativewindow_x11.so
7feb263a7000-7feb263a8000 rw-p 00006000 08:11 1988856                    /tmp/jogamp_0000/file_cache/jln4465359893696398147/jln4274900219490205528/libnativewindow_x11.so
7feb263a8000-7feb263ad000 r-xp 00000000 08:11 1316626                    /usr/lib/x86_64-linux-gnu/libXxf86vm.so.1.0.0
7feb263ad000-7feb265ac000 ---p 00005000 08:11 1316626                    /usr/lib/x86_64-linux-gnu/libXxf86vm.so.1.0.0
7feb265ac000-7feb265ad000 r--p 00004000 08:11 1316626                    /usr/lib/x86_64-linux-gnu/libXxf86vm.so.1.0.0
7feb265ad000-7feb265ae000 rw-p 00005000 08:11 1316626                    /usr/lib/x86_64-linux-gnu/libXxf86vm.so.1.0.0
7feb265ae000-7feb265af000 rw-p 00000000 00:00 0 
7feb265af000-7feb265b0000 rw-s 00000000 00:04 1382406                    /drm mm object (deleted)
7feb265b0000-7feb265b8000 rw-s 00000000 00:04 1380287                    /drm mm object (deleted)
7feb265b8000-7feb265bf000 r--s 00000000 08:11 1329829                    /usr/lib/x86_64-linux-gnu/gconv/gconv-modules.cache
7feb265bf000-7feb265d2000 r--s 00344000 08:11 2238871                    /usr/lib/jvm/jdk1.8.0_31/jre/lib/resources.jar
7feb265d2000-7feb265d3000 rw-s 00000000 00:04 1380283                    /drm mm object (deleted)
7feb265d3000-7feb265db000 rw-s 00000000 00:04 1380277                    /drm mm object (deleted)
7feb265db000-7feb265dc000 rw-s 00000000 00:04 1380274                    /drm mm object (deleted)
7feb265dc000-7feb265e4000 rw-s 00000000 00:04 1381645                    /drm mm object (deleted)
7feb265e4000-7feb265e5000 rw-s 00000000 00:04 1380267                    /drm mm object (deleted)
7feb265e5000-7feb265ed000 rw-s 00000000 00:04 1378296                    /drm mm object (deleted)
7feb265ed000-7feb265f5000 rw-s 00000000 00:04 1380273                    /drm mm object (deleted)
7feb265f5000-7feb265fd000 rw-s 00000000 00:04 1378285                    /drm mm object (deleted)
7feb265fd000-7feb265ff000 r-xp 00000000 08:11 1988855                    /tmp/jogamp_0000/file_cache/jln4465359893696398147/jln4274900219490205528/libnativewindow_awt.so
7feb265ff000-7feb267fe000 ---p 00002000 08:11 1988855                    /tmp/jogamp_0000/file_cache/jln4465359893696398147/jln4274900219490205528/libnativewindow_awt.so
7feb267fe000-7feb267ff000 rw-p 00001000 08:11 1988855                    /tmp/jogamp_0000/file_cache/jln4465359893696398147/jln4274900219490205528/libnativewindow_awt.so
7feb267ff000-7feb26800000 r-xp 00000000 08:11 2240464                    /usr/lib/jvm/jdk1.8.0_31/jre/lib/amd64/libjawt.so
7feb26800000-7feb269ff000 ---p 00001000 08:11 2240464                    /usr/lib/jvm/jdk1.8.0_31/jre/lib/amd64/libjawt.so
7feb269ff000-7feb26a00000 rw-p 00000000 08:11 2240464                    /usr/lib/jvm/jdk1.8.0_31/jre/lib/amd64/libjawt.so
7feb26a00000-7feb26a02000 r-xp 00000000 08:11 1988852                    /tmp/jogamp_0000/file_cache/jln4465359893696398147/jln4274900219490205528/libgluegen-rt.so
7feb26a02000-7feb26c01000 ---p 00002000 08:11 1988852                    /tmp/jogamp_0000/file_cache/jln4465359893696398147/jln4274900219490205528/libgluegen-rt.so
7feb26c01000-7feb26c02000 rw-p 00001000 08:11 1988852                    /tmp/jogamp_0000/file_cache/jln4465359893696398147/jln4274900219490205528/libgluegen-rt.so
7feb26c02000-7feb26c05000 ---p 00000000 00:00 0 
7feb26c05000-7feb26d03000 rw-p 00000000 00:00 0                          [stack:18291]
7feb26d03000-7feb26d14000 r-xp 00000000 08:11 2240484                    /usr/lib/jvm/jdk1.8.0_31/jre/lib/amd64/libnio.so
7feb26d14000-7feb26f13000 ---p 00011000 08:11 2240484                    /usr/lib/jvm/jdk1.8.0_31/jre/lib/amd64/libnio.so
7feb26f13000-7feb26f14000 rw-p 00010000 08:11 2240484                    /usr/lib/jvm/jdk1.8.0_31/jre/lib/amd64/libnio.so
7feb26f14000-7feb27215000 rw-p 00000000 00:00 0 
7feb27215000-7feb2722b000 r-xp 00000000 08:11 2240476                    /usr/lib/jvm/jdk1.8.0_31/jre/lib/amd64/libnet.so
7feb2722b000-7feb2742b000 ---p 00016000 08:11 2240476                    /usr/lib/jvm/jdk1.8.0_31/jre/lib/amd64/libnet.so
7feb2742b000-7feb2742c000 rw-p 00016000 08:11 2240476                    /usr/lib/jvm/jdk1.8.0_31/jre/lib/amd64/libnet.so
7feb2742c000-7feb2742f000 ---p 00000000 00:00 0 
7feb2742f000-7feb27665000 rw-p 00000000 00:00 0 
7feb27665000-7feb27673000 r--s 000f3000 08:11 3961956                    /home/kof/processing-git/build/linux/work/lib/pde.jar
7feb27673000-7feb27687000 r--s 00141000 08:11 3961955                    /home/kof/processing-git/build/linux/work/lib/org.eclipse.osgi_3.8.1.v20120830-144521.jar
7feb27687000-7feb2769b000 r--s 00127000 08:11 3961953                    /home/kof/processing-git/build/linux/work/lib/jna.jar
7feb2769b000-7feb276d7000 r--s 00629000 08:11 3961905                    /home/kof/processing-git/build/linux/work/lib/com.ibm.icu_4.4.2.v20110823.jar
7feb276d7000-7feb276f5000 r--s 001bb000 08:11 3961903                    /home/kof/processing-git/build/linux/work/lib/ant.jar
7feb276f5000-7feb276f8000 ---p 00000000 00:00 0 
7feb276f8000-7feb277f6000 rw-p 00000000 00:00 0                          [stack:18278]
7feb277f6000-7feb277f9000 ---p 00000000 00:00 0 
7feb277f9000-7feb278f7000 rw-p 00000000 00:00 0                          [stack:18277]
7feb278f7000-7feb278fa000 ---p 00000000 00:00 0 
7feb278fa000-7feb279f8000 rw-p 00000000 00:00 0                          [stack:18276]
7feb279f8000-7feb279fb000 ---p 00000000 00:00 0 
7feb279fb000-7feb27cf9000 rw-p 00000000 00:00 0 
7feb27cf9000-7feb27cfc000 ---p 00000000 00:00 0 
7feb27cfc000-7feb27dfa000 rw-p 00000000 00:00 0 
7feb27dfa000-7feb27dff000 r-xp 00000000 08:11 1314833                    /usr/lib/x86_64-linux-gnu/libXfixes.so.3.1.0
7feb27dff000-7feb27ffe000 ---p 00005000 08:11 1314833                    /usr/lib/x86_64-linux-gnu/libXfixes.so.3.1.0
7feb27ffe000-7feb27fff000 r--p 00004000 08:11 1314833                    /usr/lib/x86_64-linux-gnu/libXfixes.so.3.1.0
7feb27fff000-7feb28000000 rw-p 00005000 08:11 1314833                    /usr/lib/x86_64-linux-gnu/libXfixes.so.3.1.0
7feb28000000-7feb28021000 rw-p 00000000 00:00 0 
7feb28021000-7feb2c000000 ---p 00000000 00:00 0 
7feb2c000000-7feb2c021000 rw-p 00000000 00:00 0 
7feb2c021000-7feb30000000 ---p 00000000 00:00 0 
7feb30000000-7feb304d1000 rw-p 00000000 00:00 0 
7feb304d1000-7feb34000000 ---p 00000000 00:00 0 
7feb34000000-7feb34021000 rw-p 00000000 00:00 0 
7feb34021000-7feb38000000 ---p 00000000 00:00 0 
7feb38000000-7feb38374000 rw-p 00000000 00:00 0 
7feb38374000-7feb3c000000 ---p 00000000 00:00 0 
7feb3c000000-7feb3d7a0000 rw-p 00000000 00:00 0 
7feb3d7a0000-7feb40000000 ---p 00000000 00:00 0 
7feb40000000-7feb40021000 rw-p 00000000 00:00 0 
7feb40021000-7feb44000000 ---p 00000000 00:00 0 
7feb44000000-7feb44021000 rw-p 00000000 00:00 0 
7feb44021000-7feb48000000 ---p 00000000 00:00 0 
7feb48000000-7feb48021000 rw-p 00000000 00:00 0 
7feb48021000-7feb4c000000 ---p 00000000 00:00 0 
7feb4c000000-7feb4c021000 rw-p 00000000 00:00 0 
7feb4c021000-7feb50000000 ---p 00000000 00:00 0 
7feb50000000-7feb50021000 rw-p 00000000 00:00 0 
7feb50021000-7feb54000000 ---p 00000000 00:00 0 
7feb54000000-7feb54021000 rw-p 00000000 00:00 0 
7feb54021000-7feb58000000 ---p 00000000 00:00 0 
7feb58000000-7feb58021000 rw-p 00000000 00:00 0 
7feb58021000-7feb5c000000 ---p 00000000 00:00 0 
7feb5c000000-7feb5c021000 rw-p 00000000 00:00 0 
7feb5c021000-7feb60000000 ---p 00000000 00:00 0 
7feb60000000-7feb60021000 rw-p 00000000 00:00 0 
7feb60021000-7feb64000000 ---p 00000000 00:00 0 
7feb64000000-7feb64021000 rw-p 00000000 00:00 0 
7feb64021000-7feb68000000 ---p 00000000 00:00 0 
7feb68000000-7feb68021000 rw-p 00000000 00:00 0 
7feb68021000-7feb6c000000 ---p 00000000 00:00 0 
7feb6c000000-7feb6c001000 rw-s 00000000 00:04 1380262                    /drm mm object (deleted)
7feb6c001000-7feb6c009000 rw-s 00000000 00:04 1380247                    /drm mm object (deleted)
7feb6c009000-7feb6c016000 r--s 000c6000 08:11 3961908                    /home/kof/processing-git/build/linux/work/lib/jdimodel.jar
7feb6c016000-7feb6c019000 ---p 00000000 00:00 0 
7feb6c019000-7feb6c117000 rw-p 00000000 00:00 0                          [stack:18273]
7feb6c117000-7feb6c121000 r-xp 00000000 08:11 1314983                    /usr/lib/x86_64-linux-gnu/libXcursor.so.1.0.2
7feb6c121000-7feb6c320000 ---p 0000a000 08:11 1314983                    /usr/lib/x86_64-linux-gnu/libXcursor.so.1.0.2
7feb6c320000-7feb6c321000 r--p 00009000 08:11 1314983                    /usr/lib/x86_64-linux-gnu/libXcursor.so.1.0.2
7feb6c321000-7feb6c322000 rw-p 0000a000 08:11 1314983                    /usr/lib/x86_64-linux-gnu/libXcursor.so.1.0.2
7feb6c322000-7feb6c325000 ---p 00000000 00:00 0 
7feb6c325000-7feb6c423000 rw-p 00000000 00:00 0                          [stack:18272]
7feb6c423000-7feb6c439000 r-xp 00000000 08:11 393871                     /lib/x86_64-linux-gnu/libgcc_s.so.1
7feb6c439000-7feb6c638000 ---p 00016000 08:11 393871                     /lib/x86_64-linux-gnu/libgcc_s.so.1
7feb6c638000-7feb6c639000 rw-p 00015000 08:11 393871                     /lib/x86_64-linux-gnu/libgcc_s.so.1
7feb6c639000-7feb6c69e000 r-xp 00000000 08:11 2240446                    /usr/lib/jvm/jdk1.8.0_31/jre/lib/amd64/libfontmanager.so
7feb6c69e000-7feb6c89d000 ---p 00065000 08:11 2240446                    /usr/lib/jvm/jdk1.8.0_31/jre/lib/amd64/libfontmanager.so
7feb6c89d000-7feb6c8a1000 rw-p 00064000 08:11 2240446                    /usr/lib/jvm/jdk1.8.0_31/jre/lib/amd64/libfontmanager.so
7feb6c8a1000-7feb6c8b2000 rw-p 00000000 00:00 0 
7feb6c8b2000-7feb6c8b7000 r-xp 00000000 08:11 1314306                    /usr/lib/x86_64-linux-gnu/libXdmcp.so.6.0.0
7feb6c8b7000-7feb6cab6000 ---p 00005000 08:11 1314306                    /usr/lib/x86_64-linux-gnu/libXdmcp.so.6.0.0
7feb6cab6000-7feb6cab7000 rw-p 00004000 08:11 1314306                    /usr/lib/x86_64-linux-gnu/libXdmcp.so.6.0.0
7feb6cab7000-7feb6caba000 r-xp 00000000 08:11 1318046                    /usr/lib/x86_64-linux-gnu/libXau.so.6.0.0
7feb6caba000-7feb6ccb9000 ---p 00003000 08:11 1318046                    /usr/lib/x86_64-linux-gnu/libXau.so.6.0.0
7feb6ccb9000-7feb6ccba000 r--p 00002000 08:11 1318046                    /usr/lib/x86_64-linux-gnu/libXau.so.6.0.0
7feb6ccba000-7feb6ccbb000 rw-p 00003000 08:11 1318046                    /usr/lib/x86_64-linux-gnu/libXau.so.6.0.0
7feb6ccbb000-7feb6ccdc000 r-xp 00000000 08:11 1313271                    /usr/lib/x86_64-linux-gnu/libxcb.so.1.1.0
7feb6ccdc000-7feb6cedb000 ---p 00021000 08:11 1313271                    /usr/lib/x86_64-linux-gnu/libxcb.so.1.1.0
7feb6cedb000-7feb6cedc000 r--p 00020000 08:11 1313271                    /usr/lib/x86_64-linux-gnu/libxcb.so.1.1.0
7feb6cedc000-7feb6cedd000 rw-p 00021000 08:11 1313271                    /usr/lib/x86_64-linux-gnu/libxcb.so.1.1.0
7feb6cedd000-7feb6ceec000 r-xp 00000000 08:11 1316875                    /usr/lib/x86_64-linux-gnu/libXi.so.6.1.0
7feb6ceec000-7feb6d0eb000 ---p 0000f000 08:11 1316875                    /usr/lib/x86_64-linux-gnu/libXi.so.6.1.0
7feb6d0eb000-7feb6d0ec000 r--p 0000e000 08:11 1316875                    /usr/lib/x86_64-linux-gnu/libXi.so.6.1.0
7feb6d0ec000-7feb6d0ed000 rw-p 0000f000 08:11 1316875                    /usr/lib/x86_64-linux-gnu/libXi.so.6.1.0
7feb6d0ed000-7feb6d0f2000 r-xp 00000000 08:11 1316638                    /usr/lib/x86_64-linux-gnu/libXtst.so.6.1.0
7feb6d0f2000-7feb6d2f1000 ---p 00005000 08:11 1316638                    /usr/lib/x86_64-linux-gnu/libXtst.so.6.1.0
7feb6d2f1000-7feb6d2f2000 r--p 00004000 08:11 1316638                    /usr/lib/x86_64-linux-gnu/libXtst.so.6.1.0
7feb6d2f2000-7feb6d2f3000 rw-p 00005000 08:11 1316638                    /usr/lib/x86_64-linux-gnu/libXtst.so.6.1.0
7feb6d2f3000-7feb6d2fc000 r-xp 00000000 08:11 1315494                    /usr/lib/x86_64-linux-gnu/libXrender.so.1.3.0
7feb6d2fc000-7feb6d4fb000 ---p 00009000 08:11 1315494                    /usr/lib/x86_64-linux-gnu/libXrender.so.1.3.0
7feb6d4fb000-7feb6d4fc000 r--p 00008000 08:11 1315494                    /usr/lib/x86_64-linux-gnu/libXrender.so.1.3.0
7feb6d4fc000-7feb6d4fd000 rw-p 00009000 08:11 1315494                    /usr/lib/x86_64-linux-gnu/libXrender.so.1.3.0
7feb6d4fd000-7feb6d639000 r-xp 00000000 08:11 1313346                    /usr/lib/x86_64-linux-gnu/libX11.so.6.3.0
7feb6d639000-7feb6d838000 ---p 0013c000 08:11 1313346                    /usr/lib/x86_64-linux-gnu/libX11.so.6.3.0
7feb6d838000-7feb6d83a000 r--p 0013b000 08:11 1313346                    /usr/lib/x86_64-linux-gnu/libX11.so.6.3.0
7feb6d83a000-7feb6d83f000 rw-p 0013d000 08:11 1313346                    /usr/lib/x86_64-linux-gnu/libX11.so.6.3.0
7feb6d83f000-7feb6d840000 rw-p 00000000 00:00 0 
7feb6d840000-7feb6d851000 r-xp 00000000 08:11 1314987                    /usr/lib/x86_64-linux-gnu/libXext.so.6.4.0
7feb6d851000-7feb6da50000 ---p 00011000 08:11 1314987                    /usr/lib/x86_64-linux-gnu/libXext.so.6.4.0
7feb6da50000-7feb6da51000 r--p 00010000 08:11 1314987                    /usr/lib/x86_64-linux-gnu/libXext.so.6.4.0
7feb6da51000-7feb6da52000 rw-p 00011000 08:11 1314987                    /usr/lib/x86_64-linux-gnu/libXext.so.6.4.0
7feb6da52000-7feb6da53000 rw-s 00000000 00:04 1378297                    /drm mm object (deleted)
7feb6da53000-7feb6da54000 rw-s 00000000 00:04 1378286                    /drm mm object (deleted)
7feb6da54000-7feb6da55000 rw-s 00000000 00:04 1378275                    /drm mm object (deleted)
7feb6da55000-7feb6da56000 rwxp 00000000 00:00 0 
7feb6da56000-7feb6da57000 rw-s 00000000 00:04 1380248                    /drm mm object (deleted)
7feb6da57000-7feb6da5b000 r--s 00094000 08:11 2238884                    /usr/lib/jvm/jdk1.8.0_31/jre/lib/jsse.jar
7feb6da5b000-7feb6da5e000 r--s 00041000 08:11 3961954                    /home/kof/processing-git/build/linux/work/lib/org-netbeans-swing-outline.jar
7feb6da5e000-7feb6da62000 r--s 0000e000 08:11 3961907                    /home/kof/processing-git/build/linux/work/lib/jdi.jar
7feb6da62000-7feb6da63000 r--p 00000000 00:00 0 
7feb6da63000-7feb6da68000 r--s 00068000 08:11 3961904                    /home/kof/processing-git/build/linux/work/lib/antlr.jar
7feb6da68000-7feb6da6a000 r--s 00002000 08:11 3961901                    /home/kof/processing-git/build/linux/work/lib/ant-launcher.jar
7feb6da6a000-7feb6da6b000 r--s 00002000 08:11 3962091                    /home/kof/processing-git/build/linux/work/modes/java/libraries/minim/library/tritonus_aos.jar
7feb6da6b000-7feb6da6e000 r--s 00017000 08:11 3962092                    /home/kof/processing-git/build/linux/work/modes/java/libraries/minim/library/tritonus_share.jar
7feb6da6e000-7feb6da71000 r--s 00016000 08:11 3962089                    /home/kof/processing-git/build/linux/work/modes/java/libraries/minim/library/minim.jar
7feb6da71000-7feb6da74000 r--s 00017000 08:11 3962087                    /home/kof/processing-git/build/linux/work/modes/java/libraries/minim/library/jl1.0.jar
7feb6da74000-7feb6da76000 r--s 0000a000 08:11 3962088                    /home/kof/processing-git/build/linux/work/modes/java/libraries/minim/library/jsminim.jar
7feb6da76000-7feb6da77000 r--s 00005000 08:11 3962090                    /home/kof/processing-git/build/linux/work/modes/java/libraries/minim/library/mp3spi1.9.4.jar
7feb6da77000-7feb6da78000 r--s 00023000 08:11 3961890                    /home/kof/processing-git/build/linux/work/core/library/jogl-all-natives-linux-armv6hf.jar
7feb6da78000-7feb6da9b000 r--s 002ec000 08:11 3961895                    /home/kof/processing-git/build/linux/work/core/library/jogl-all.jar
7feb6da9b000-7feb6da9c000 r--s 00001000 08:11 3961887                    /home/kof/processing-git/build/linux/work/core/library/gluegen-rt-natives-windows-i586.jar
7feb6da9c000-7feb6da9d000 r--s 0002d000 08:11 3961894                    /home/kof/processing-git/build/linux/work/core/library/jogl-all-natives-windows-i586.jar
7feb6da9d000-7feb6da9e000 r--s 0002d000 08:11 3961891                    /home/kof/processing-git/build/linux/work/core/library/jogl-all-natives-linux-i586.jar
7feb6da9e000-7feb6da9f000 r--s 00064000 08:11 3961892                    /home/kof/processing-git/build/linux/work/core/library/jogl-all-natives-macosx-universal.jar
7feb6da9f000-7feb6daa1000 r--s 00000000 08:11 3961884                    /home/kof/processing-git/build/linux/work/core/library/gluegen-rt-natives-linux-i586.jar
7feb6daa1000-7feb6daf5000 r-xp 00000000 08:11 2240494                    /usr/lib/jvm/jdk1.8.0_31/jre/lib/amd64/libawt_xawt.so
7feb6daf5000-7feb6dcf5000 ---p 00054000 08:11 2240494                    /usr/lib/jvm/jdk1.8.0_31/jre/lib/amd64/libawt_xawt.so
7feb6dcf5000-7feb6dcf9000 rw-p 00054000 08:11 2240494                    /usr/lib/jvm/jdk1.8.0_31/jre/lib/amd64/libawt_xawt.so
7feb6dcf9000-7feb6dcfa000 rw-p 00000000 00:00 0 
7feb6dcfa000-7feb6dd9c000 r-xp 00000000 08:11 2240462                    /usr/lib/jvm/jdk1.8.0_31/jre/lib/amd64/libawt.so
7feb6dd9c000-7feb6df9c000 ---p 000a2000 08:11 2240462                    /usr/lib/jvm/jdk1.8.0_31/jre/lib/amd64/libawt.so
7feb6df9c000-7feb6dfa8000 rw-p 000a2000 08:11 2240462                    /usr/lib/jvm/jdk1.8.0_31/jre/lib/amd64/libawt.so
7feb6dfa8000-7feb6dfcc000 rw-p 00000000 00:00 0 
7feb6dfcc000-7feb6dfcd000 ---p 00000000 00:00 0 
7feb6dfcd000-7feb6e0cd000 rw-p 00000000 00:00 0                          [stack:18271]
7feb6e0cd000-7feb6e0d0000 ---p 00000000 00:00 0 
7feb6e0d0000-7feb6e1ce000 rw-p 00000000 00:00 0                          [stack:18270]
7feb6e1ce000-7feb6e1d1000 ---p 00000000 00:00 0 
7feb6e1d1000-7feb6e2cf000 rw-p 00000000 00:00 0                          [stack:18269]
7feb6e2cf000-7feb6e2d2000 ---p 00000000 00:00 0 
7feb6e2d2000-7feb6e3d0000 rw-p 00000000 00:00 0                          [stack:18268]
7feb6e3d0000-7feb6e3d3000 ---p 00000000 00:00 0 
7feb6e3d3000-7feb6e4d1000 rw-p 00000000 00:00 0                          [stack:18267]
7feb6e4d1000-7feb6e4d4000 ---p 00000000 00:00 0 
7feb6e4d4000-7feb6e5d2000 rw-p 00000000 00:00 0                          [stack:18253]
7feb6e5d2000-7feb6e5d5000 ---p 00000000 00:00 0 
7feb6e5d5000-7feb6e6d3000 rw-p 00000000 00:00 0                          [stack:18250]
7feb6e6d3000-7feb6e6d6000 ---p 00000000 00:00 0 
7feb6e6d6000-7feb6e7d4000 rw-p 00000000 00:00 0                          [stack:18249]
7feb6e7d4000-7feb6e7d8000 r-xp 00000000 08:11 2240426                    /usr/lib/jvm/jdk1.8.0_31/jre/lib/amd64/libdt_socket.so
7feb6e7d8000-7feb6e9d7000 ---p 00004000 08:11 2240426                    /usr/lib/jvm/jdk1.8.0_31/jre/lib/amd64/libdt_socket.so
7feb6e9d7000-7feb6e9d8000 rw-p 00003000 08:11 2240426                    /usr/lib/jvm/jdk1.8.0_31/jre/lib/amd64/libdt_socket.so
7feb6e9d8000-7feb6e9db000 ---p 00000000 00:00 0 
7feb6e9db000-7feb6ead9000 rw-p 00000000 00:00 0                          [stack:18248]
7feb6ead9000-7feb6eadc000 ---p 00000000 00:00 0 
7feb6eadc000-7feb6ebda000 rw-p 00000000 00:00 0                          [stack:18247]
7feb6ebda000-7feb6ebdd000 ---p 00000000 00:00 0 
7feb6ebdd000-7feb6ecdb000 rw-p 00000000 00:00 0                          [stack:18246]
7feb6ecdb000-7feb6ecdc000 ---p 00000000 00:00 0 
7feb6ecdc000-7feb71000000 rw-p 00000000 00:00 0                          [stack:18245]
7feb71000000-7feb716b0000 rwxp 00000000 00:00 0 
7feb716b0000-7feb80000000 ---p 00000000 00:00 0 
7feb80000000-7feb8045b000 rw-p 00000000 00:00 0 
7feb8045b000-7feb84000000 ---p 00000000 00:00 0 
7feb84000000-7feb84001000 r--s 00001000 08:11 3961886                    /home/kof/processing-git/build/linux/work/core/library/gluegen-rt-natives-windows-amd64.jar
7feb84001000-7feb84003000 r--s 00034000 08:11 3961893                    /home/kof/processing-git/build/linux/work/core/library/jogl-all-natives-windows-amd64.jar
7feb84003000-7feb84009000 r--s 000b1000 08:11 3961880                    /home/kof/processing-git/build/linux/work/core/library/core.jar
7feb84009000-7feb8400b000 r--s 00000000 08:11 3961882                    /home/kof/processing-git/build/linux/work/core/library/gluegen-rt-natives-linux-amd64.jar
7feb8400b000-7feb84bbb000 rw-p 00000000 00:00 0 
7feb84bbb000-7feb84d91000 r--s 03cae000 08:11 2238858                    /usr/lib/jvm/jdk1.8.0_31/jre/lib/rt.jar
7feb84d91000-7feb857e9000 rw-p 00000000 00:00 0 
7feb857e9000-7feb857ea000 ---p 00000000 00:00 0 
7feb857ea000-7feb858ea000 rw-p 00000000 00:00 0                          [stack:18244]
7feb858ea000-7feb858eb000 ---p 00000000 00:00 0 
7feb858eb000-7feb859eb000 rw-p 00000000 00:00 0                          [stack:18243]
7feb859eb000-7feb859ec000 ---p 00000000 00:00 0 
7feb859ec000-7feb85aec000 rw-p 00000000 00:00 0                          [stack:18242]
7feb85aec000-7feb85aed000 ---p 00000000 00:00 0 
7feb85aed000-7feb85c02000 rw-p 00000000 00:00 0                          [stack:18241]
7feb85c02000-7feb85d2f000 ---p 00000000 00:00 0 
7feb85d2f000-7feb85d44000 rw-p 00000000 00:00 0 
7feb85d44000-7feb85e70000 ---p 00000000 00:00 0 
7feb85e70000-7feb85e98000 rw-p 00000000 00:00 0 
7feb85e98000-7feb85f11000 ---p 00000000 00:00 0 
7feb85f11000-7feb85f2d000 rw-p 00000000 00:00 0 
7feb85f2d000-7feb862d2000 ---p 00000000 00:00 0 
7feb862d2000-7feb862ec000 r-xp 00000000 08:11 2240468                    /usr/lib/jvm/jdk1.8.0_31/jre/lib/amd64/libzip.so
7feb862ec000-7feb864ec000 ---p 0001a000 08:11 2240468                    /usr/lib/jvm/jdk1.8.0_31/jre/lib/amd64/libzip.so
7feb864ec000-7feb864ed000 rw-p 0001a000 08:11 2240468                    /usr/lib/jvm/jdk1.8.0_31/jre/lib/amd64/libzip.so
7feb864ed000-7feb864f8000 r-xp 00000000 08:11 393930                     /lib/x86_64-linux-gnu/libnss_files-2.19.so
7feb864f8000-7feb866f7000 ---p 0000b000 08:11 393930                     /lib/x86_64-linux-gnu/libnss_files-2.19.so
7feb866f7000-7feb866f8000 r--p 0000a000 08:11 393930                     /lib/x86_64-linux-gnu/libnss_files-2.19.so
7feb866f8000-7feb866f9000 rw-p 0000b000 08:11 393930                     /lib/x86_64-linux-gnu/libnss_files-2.19.so
7feb866f9000-7feb86703000 r-xp 00000000 08:11 393934                     /lib/x86_64-linux-gnu/libnss_nis-2.19.so
7feb86703000-7feb86902000 ---p 0000a000 08:11 393934                     /lib/x86_64-linux-gnu/libnss_nis-2.19.so
7feb86902000-7feb86903000 r--p 00009000 08:11 393934                     /lib/x86_64-linux-gnu/libnss_nis-2.19.so
7feb86903000-7feb86904000 rw-p 0000a000 08:11 393934                     /lib/x86_64-linux-gnu/libnss_nis-2.19.so
7feb86904000-7feb86919000 r-xp 00000000 08:11 393924                     /lib/x86_64-linux-gnu/libnsl-2.19.so
7feb86919000-7feb86b18000 ---p 00015000 08:11 393924                     /lib/x86_64-linux-gnu/libnsl-2.19.so
7feb86b18000-7feb86b19000 r--p 00014000 08:11 393924                     /lib/x86_64-linux-gnu/libnsl-2.19.so
7feb86b19000-7feb86b1a000 rw-p 00015000 08:11 393924                     /lib/x86_64-linux-gnu/libnsl-2.19.so
7feb86b1a000-7feb86b1c000 rw-p 00000000 00:00 0 
7feb86b1c000-7feb86b23000 r-xp 00000000 08:11 393926                     /lib/x86_64-linux-gnu/libnss_compat-2.19.so
7feb86b23000-7feb86d22000 ---p 00007000 08:11 393926                     /lib/x86_64-linux-gnu/libnss_compat-2.19.so
7feb86d22000-7feb86d23000 r--p 00006000 08:11 393926                     /lib/x86_64-linux-gnu/libnss_compat-2.19.so
7feb86d23000-7feb86d24000 rw-p 00007000 08:11 393926                     /lib/x86_64-linux-gnu/libnss_compat-2.19.so
7feb86d24000-7feb8740f000 r--p 00000000 08:11 1220119                    /usr/lib/locale/locale-archive
7feb8740f000-7feb87411000 r-xp 00000000 08:11 2240428                    /usr/lib/jvm/jdk1.8.0_31/jre/lib/amd64/libnpt.so
7feb87411000-7feb87611000 ---p 00002000 08:11 2240428                    /usr/lib/jvm/jdk1.8.0_31/jre/lib/amd64/libnpt.so
7feb87611000-7feb87612000 rw-p 00002000 08:11 2240428                    /usr/lib/jvm/jdk1.8.0_31/jre/lib/amd64/libnpt.so
7feb87612000-7feb8764b000 r-xp 00000000 08:11 2240450                    /usr/lib/jvm/jdk1.8.0_31/jre/lib/amd64/libjdwp.so
7feb8764b000-7feb8784a000 ---p 00039000 08:11 2240450                    /usr/lib/jvm/jdk1.8.0_31/jre/lib/amd64/libjdwp.so
7feb8784a000-7feb8784c000 rw-p 00038000 08:11 2240450                    /usr/lib/jvm/jdk1.8.0_31/jre/lib/amd64/libjdwp.so
7feb8784c000-7feb87876000 r-xp 00000000 08:11 2240458                    /usr/lib/jvm/jdk1.8.0_31/jre/lib/amd64/libjava.so
7feb87876000-7feb87a76000 ---p 0002a000 08:11 2240458                    /usr/lib/jvm/jdk1.8.0_31/jre/lib/amd64/libjava.so
7feb87a76000-7feb87a78000 rw-p 0002a000 08:11 2240458                    /usr/lib/jvm/jdk1.8.0_31/jre/lib/amd64/libjava.so
7feb87a78000-7feb87a85000 r-xp 00000000 08:11 2240466                    /usr/lib/jvm/jdk1.8.0_31/jre/lib/amd64/libverify.so
7feb87a85000-7feb87c85000 ---p 0000d000 08:11 2240466                    /usr/lib/jvm/jdk1.8.0_31/jre/lib/amd64/libverify.so
7feb87c85000-7feb87c87000 rw-p 0000d000 08:11 2240466                    /usr/lib/jvm/jdk1.8.0_31/jre/lib/amd64/libverify.so
7feb87c87000-7feb87c8e000 r-xp 00000000 08:11 393943                     /lib/x86_64-linux-gnu/librt-2.19.so
7feb87c8e000-7feb87e8d000 ---p 00007000 08:11 393943                     /lib/x86_64-linux-gnu/librt-2.19.so
7feb87e8d000-7feb87e8e000 r--p 00006000 08:11 393943                     /lib/x86_64-linux-gnu/librt-2.19.so
7feb87e8e000-7feb87e8f000 rw-p 00007000 08:11 393943                     /lib/x86_64-linux-gnu/librt-2.19.so
7feb87e8f000-7feb87f8f000 r-xp 00000000 08:11 393920                     /lib/x86_64-linux-gnu/libm-2.19.so
7feb87f8f000-7feb8818e000 ---p 00100000 08:11 393920                     /lib/x86_64-linux-gnu/libm-2.19.so
7feb8818e000-7feb8818f000 r--p 000ff000 08:11 393920                     /lib/x86_64-linux-gnu/libm-2.19.so
7feb8818f000-7feb88190000 rw-p 00100000 08:11 393920                     /lib/x86_64-linux-gnu/libm-2.19.so
7feb88190000-7feb88dfe000 r-xp 00000000 08:11 2240518                    /usr/lib/jvm/jdk1.8.0_31/jre/lib/amd64/server/libjvm.so
7feb88dfe000-7feb88ffd000 ---p 00c6e000 08:11 2240518                    /usr/lib/jvm/jdk1.8.0_31/jre/lib/amd64/server/libjvm.so
7feb88ffd000-7feb890d3000 rw-p 00c6d000 08:11 2240518                    /usr/lib/jvm/jdk1.8.0_31/jre/lib/amd64/server/libjvm.so
7feb890d3000-7feb89116000 rw-p 00000000 00:00 0 
7feb89116000-7feb892b5000 r-xp 00000000 08:11 393896                     /lib/x86_64-linux-gnu/libc-2.19.so
7feb892b5000-7feb894b5000 ---p 0019f000 08:11 393896                     /lib/x86_64-linux-gnu/libc-2.19.so
7feb894b5000-7feb894b9000 r--p 0019f000 08:11 393896                     /lib/x86_64-linux-gnu/libc-2.19.so
7feb894b9000-7feb894bb000 rw-p 001a3000 08:11 393896                     /lib/x86_64-linux-gnu/libc-2.19.so
7feb894bb000-7feb894bf000 rw-p 00000000 00:00 0 
7feb894bf000-7feb894c2000 r-xp 00000000 08:11 393918                     /lib/x86_64-linux-gnu/libdl-2.19.so
7feb894c2000-7feb896c1000 ---p 00003000 08:11 393918                     /lib/x86_64-linux-gnu/libdl-2.19.so
7feb896c1000-7feb896c2000 r--p 00002000 08:11 393918                     /lib/x86_64-linux-gnu/libdl-2.19.so
7feb896c2000-7feb896c3000 rw-p 00003000 08:11 393918                     /lib/x86_64-linux-gnu/libdl-2.19.so
7feb896c3000-7feb896d8000 r-xp 00000000 08:11 2238630                    /usr/lib/jvm/jdk1.8.0_31/lib/amd64/jli/libjli.so
7feb896d8000-7feb898d7000 ---p 00015000 08:11 2238630                    /usr/lib/jvm/jdk1.8.0_31/lib/amd64/jli/libjli.so
7feb898d7000-7feb898d8000 rw-p 00014000 08:11 2238630                    /usr/lib/jvm/jdk1.8.0_31/lib/amd64/jli/libjli.so
7feb898d8000-7feb898f0000 r-xp 00000000 08:11 393668                     /lib/x86_64-linux-gnu/libpthread-2.19.so
7feb898f0000-7feb89aef000 ---p 00018000 08:11 393668                     /lib/x86_64-linux-gnu/libpthread-2.19.so
7feb89aef000-7feb89af0000 r--p 00017000 08:11 393668                     /lib/x86_64-linux-gnu/libpthread-2.19.so
7feb89af0000-7feb89af1000 rw-p 00018000 08:11 393668                     /lib/x86_64-linux-gnu/libpthread-2.19.so
7feb89af1000-7feb89af5000 rw-p 00000000 00:00 0 
7feb89af5000-7feb89b15000 r-xp 00000000 08:11 393845                     /lib/x86_64-linux-gnu/ld-2.19.so
7feb89b15000-7feb89bbf000 rw-p 00000000 00:00 0 
7feb89bbf000-7feb89bc2000 ---p 00000000 00:00 0 
7feb89bc2000-7feb89cc4000 rw-p 00000000 00:00 0                          [stack:18240]
7feb89cc4000-7feb89cc5000 r--s 00001000 08:11 3961885                    /home/kof/processing-git/build/linux/work/core/library/gluegen-rt-natives-macosx-universal.jar
7feb89cc5000-7feb89cc6000 r--s 00000000 08:11 3961883                    /home/kof/processing-git/build/linux/work/core/library/gluegen-rt-natives-linux-armv6hf.jar
7feb89cc6000-7feb89cc7000 r--s 0002f000 08:11 3961889                    /home/kof/processing-git/build/linux/work/core/library/jogl-all-natives-linux-amd64.jar
7feb89cc7000-7feb89ccd000 r--s 00041000 08:11 3961888                    /home/kof/processing-git/build/linux/work/core/library/gluegen-rt.jar
7feb89ccd000-7feb89d09000 rw-p 00000000 00:00 0 
7feb89d09000-7feb89d11000 rw-s 00000000 08:11 1988865                    /tmp/hsperfdata_kof/18238
7feb89d11000-7feb89d12000 rw-p 00000000 00:00 0 
7feb89d12000-7feb89d13000 r--p 00000000 00:00 0 
7feb89d13000-7feb89d15000 rw-p 00000000 00:00 0 
7feb89d15000-7feb89d16000 r--p 00020000 08:11 393845                     /lib/x86_64-linux-gnu/ld-2.19.so
7feb89d16000-7feb89d17000 rw-p 00021000 08:11 393845                     /lib/x86_64-linux-gnu/ld-2.19.so
7feb89d17000-7feb89d18000 rw-p 00000000 00:00 0 
7fff27c98000-7fff27cbb000 rw-p 00000000 00:00 0                          [stack]
7fff27cfb000-7fff27cfd000 r-xp 00000000 00:00 0                          [vdso]
7fff27cfd000-7fff27cff000 r--p 00000000 00:00 0                          [vvar]
ffffffffff600000-ffffffffff601000 r-xp 00000000 00:00 0                  [vsyscall]

VM Arguments:
jvm_args: -agentlib:jdwp=transport=dt_socket,address=8388,server=y,suspend=y -Djava.library.path=:/home/kof/processing-git/build/linux/work/modes/java/libraries/minim/library:/usr/java/packages/lib/amd64:/usr/lib64:/lib64:/lib:/usr/lib -ea 
java_command: processing.core.PApplet --display=0 freqMapIn --sketch-path=/archive/kof/sketchBook/2015/02-unor/freqMapIn
java_class_path (initial): /tmp/vim-processing/freqMapIn:/home/kof/processing-git/build/linux/work/core/library/gluegen-rt.jar:/home/kof/processing-git/build/linux/work/core/library/jogl-all-natives-linux-amd64.jar:/home/kof/processing-git/build/linux/work/core/library/gluegen-rt-natives-linux-armv6hf.jar:/home/kof/processing-git/build/linux/work/core/library/gluegen-rt-natives-linux-amd64.jar:/home/kof/processing-git/build/linux/work/core/library/gluegen-rt-natives-macosx-universal.jar:/home/kof/processing-git/build/linux/work/core/library/core.jar:/home/kof/processing-git/build/linux/work/core/library/jogl-all-natives-windows-amd64.jar:/home/kof/processing-git/build/linux/work/core/library/gluegen-rt-natives-windows-amd64.jar:/home/kof/processing-git/build/linux/work/core/library/gluegen-rt-natives-linux-i586.jar:/home/kof/processing-git/build/linux/work/core/library/jogl-all-natives-macosx-universal.jar:/home/kof/processing-git/build/linux/work/core/library/jogl-all-natives-linux-i586.jar:/home/kof/processing-git/build/linux/work/core/library/jogl-all-natives-windows-i586.jar:/home/kof/processing-git/build/linux/work/core/library/gluegen-rt-natives-windows-i586.jar:/home/kof/processing-git/build/linux/work/core/library/jogl-all.jar:/home/kof/processing-git/build/linux/work/core/library/jogl-all-natives-linux-armv6hf.jar:/home/kof/processing-git/build/linux/work/core/library/gluegen-rt.jar:/home/kof/processing-git/build/linux/work/core/library/jogl-all-natives-linux-amd64.jar:/home/kof/processing-git/build/linux/work/core/library/gluegen-rt-natives-linux-armv6hf.jar:/home/kof/processing-git/build/linux/work/core/library/gluegen-rt-natives-linux-amd64.jar:/home/kof/processing-git/build/linux/work/core/library/gluegen-rt-natives-macosx-universal.jar:/home/kof/processing-git/build/linux/work/core/library/core.jar:/home/kof/processing-git/build/linux/work/core/library/jogl-all-natives-windows-amd64.jar:/home/kof/processing-git/build/linux/work/core/library/gluegen-r
Launcher Type: SUN_STANDARD

Environment Variables:
CLASSPATH=/usr/lib/jvm/jdk1.8.0_31/jre/lib/rt.jar:/home/kof/processing-git/build/linux/work/lib/ant-launcher.jar:/home/kof/processing-git/build/linux/work/lib/ant.jar:/home/kof/processing-git/build/linux/work/lib/antlr.jar:/home/kof/processing-git/build/linux/work/lib/com.ibm.icu_4.4.2.v20110823.jar:/home/kof/processing-git/build/linux/work/lib/jdi.jar:/home/kof/processing-git/build/linux/work/lib/jdimodel.jar:/home/kof/processing-git/build/linux/work/lib/jna.jar:/home/kof/processing-git/build/linux/work/lib/org-netbeans-swing-outline.jar:/home/kof/processing-git/build/linux/work/lib/org.eclipse.osgi_3.8.1.v20120830-144521.jar:/home/kof/processing-git/build/linux/work/lib/pde.jar:/home/kof/processing-git/build/linux/work/core/library/core.jar:/home/kof/processing-git/build/linux/work/core/library/gluegen-rt-natives-linux-amd64.jar:/home/kof/processing-git/build/linux/work/core/library/gluegen-rt-natives-linux-armv6hf.jar:/home/kof/processing-git/build/linux/work/core/library/gluegen-rt-natives-linux-i586.jar:/home/kof/processing-git/build/linux/work/core/library/gluegen-rt-natives-macosx-universal.jar:/home/kof/processing-git/build/linux/work/core/library/gluegen-rt-natives-windows-amd64.jar:/home/kof/processing-git/build/linux/work/core/library/gluegen-rt-natives-windows-i586.jar:/home/kof/processing-git/build/linux/work/core/library/gluegen-rt.jar:/home/kof/processing-git/build/linux/work/core/library/jogl-all-natives-linux-amd64.jar:/home/kof/processing-git/build/linux/work/core/library/jogl-all-natives-linux-armv6hf.jar:/home/kof/processing-git/build/linux/work/core/library/jogl-all-natives-linux-i586.jar:/home/kof/processing-git/build/linux/work/core/library/jogl-all-natives-macosx-universal.jar:/home/kof/processing-git/build/linux/work/core/library/jogl-all-natives-windows-amd64.jar:/home/kof/processing-git/build/linux/work/core/library/jogl-all-natives-windows-i586.jar:/home/kof/processing-git/build/linux/work/core/library/jogl-all.jar
PATH=/usr/lib/jvm/jdk1.8.0_31/bin:/usr/bin:/bin:/usr/sbin/:/home/kof/bin:/usr/local/bin
SHELL=/usr/bin/zsh
DISPLAY=:0.0

Signal Handlers:
SIGSEGV: [libjvm.so+0xa7a650], sa_mask[0]=11111111011111111101111111111110, sa_flags=SA_RESTART|SA_SIGINFO
SIGBUS: [libjvm.so+0xa7a650], sa_mask[0]=11111111011111111101111111111110, sa_flags=SA_RESTART|SA_SIGINFO
SIGFPE: [libjvm.so+0x8e28f0], sa_mask[0]=11111111011111111101111111111110, sa_flags=SA_RESTART|SA_SIGINFO
SIGPIPE: [libjvm.so+0x8e28f0], sa_mask[0]=11111111011111111101111111111110, sa_flags=SA_RESTART|SA_SIGINFO
SIGXFSZ: [libjvm.so+0x8e28f0], sa_mask[0]=11111111011111111101111111111110, sa_flags=SA_RESTART|SA_SIGINFO
SIGILL: [libjvm.so+0x8e28f0], sa_mask[0]=11111111011111111101111111111110, sa_flags=SA_RESTART|SA_SIGINFO
SIGUSR1: SIG_DFL, sa_mask[0]=00000000000000000000000000000000, sa_flags=none
SIGUSR2: [libjvm.so+0x8e4120], sa_mask[0]=00100000000000000000000000000000, sa_flags=SA_RESTART|SA_SIGINFO
SIGHUP: [libjvm.so+0x8e54e0], sa_mask[0]=11111111011111111101111111111110, sa_flags=SA_RESTART|SA_SIGINFO
SIGINT: [libjvm.so+0x8e54e0], sa_mask[0]=11111111011111111101111111111110, sa_flags=SA_RESTART|SA_SIGINFO
SIGTERM: [libjvm.so+0x8e54e0], sa_mask[0]=11111111011111111101111111111110, sa_flags=SA_RESTART|SA_SIGINFO
SIGQUIT: [libjvm.so+0x8e54e0], sa_mask[0]=11111111011111111101111111111110, sa_flags=SA_RESTART|SA_SIGINFO


---------------  S Y S T E M  ---------------

OS:PRETTY_NAME="Debian GNU/Linux 8 (jessie)"
NAME="Debian GNU/Linux"
VERSION_ID="8"
VERSION="8 (jessie)"
ID=debian
HOME_URL="http://www.debian.org/"
SUPPORT_URL="http://www.debian.org/support/"
BUG_REPORT_URL="https://bugs.debian.org/"

uname:Linux 3.16.0-4-amd64 #1 SMP Debian 3.16.7-ckt2-1 (2014-12-08) x86_64
libc:glibc 2.19 NPTL 2.19 
rlimit: STACK 8192k, CORE 0k, NPROC 15332, NOFILE 65536, AS infinity
load average:1.12 0.89 0.76

/proc/meminfo:
MemTotal:        3944792 kB
MemFree:          231740 kB
MemAvailable:    2143220 kB
Buffers:          330608 kB
Cached:          1125852 kB
SwapCached:         4536 kB
Active:          1259304 kB
Inactive:        1126608 kB
Active(anon):     729372 kB
Inactive(anon):   593372 kB
Active(file):     529932 kB
Inactive(file):   533236 kB
Unevictable:       80384 kB
Mlocked:           84528 kB
SwapTotal:       3212284 kB
SwapFree:        3159820 kB
Dirty:                44 kB
Writeback:             0 kB
AnonPages:       1007360 kB
Mapped:           347020 kB
Shmem:            393276 kB
Slab:            1142628 kB
SReclaimable:    1101716 kB
SUnreclaim:        40912 kB
KernelStack:        9328 kB
PageTables:        33112 kB
NFS_Unstable:          0 kB
Bounce:                0 kB
WritebackTmp:          0 kB
CommitLimit:     5184680 kB
Committed_AS:    4097940 kB
VmallocTotal:   34359738367 kB
VmallocUsed:      389244 kB
VmallocChunk:   34359313996 kB
HardwareCorrupted:     0 kB
AnonHugePages:         0 kB
HugePages_Total:       0
HugePages_Free:        0
HugePages_Rsvd:        0
HugePages_Surp:        0
Hugepagesize:       2048 kB
DirectMap4k:      161408 kB
DirectMap2M:     3917824 kB


CPU:total 4 (2 cores per cpu, 2 threads per core) family 6 model 42 stepping 7, cmov, cx8, fxsr, mmx, sse, sse2, sse3, ssse3, sse4.1, sse4.2, popcnt, avx, aes, clmul, ht, tsc, tscinvbit

/proc/cpuinfo:
processor	: 0
vendor_id	: GenuineIntel
cpu family	: 6
model		: 42
model name	: Intel(R) Core(TM) i5-2520M CPU @ 2.50GHz
stepping	: 7
microcode	: 0x29
cpu MHz		: 3009.375
cache size	: 3072 KB
physical id	: 0
siblings	: 4
core id		: 0
cpu cores	: 2
apicid		: 0
initial apicid	: 0
fpu		: yes
fpu_exception	: yes
cpuid level	: 13
wp		: yes
flags		: fpu vme de pse tsc msr pae mce cx8 apic sep mtrr pge mca cmov pat pse36 clflush dts acpi mmx fxsr sse sse2 ss ht tm pbe syscall nx rdtscp lm constant_tsc arch_perfmon pebs bts nopl xtopology nonstop_tsc aperfmperf eagerfpu pni pclmulqdq dtes64 monitor ds_cpl vmx smx est tm2 ssse3 cx16 xtpr pdcm pcid sse4_1 sse4_2 x2apic popcnt tsc_deadline_timer aes xsave avx lahf_lm ida arat epb xsaveopt pln pts dtherm tpr_shadow vnmi flexpriority ept vpid
bogomips	: 4983.97
clflush size	: 64
cache_alignment	: 64
address sizes	: 36 bits physical, 48 bits virtual
power management:

processor	: 1
vendor_id	: GenuineIntel
cpu family	: 6
model		: 42
model name	: Intel(R) Core(TM) i5-2520M CPU @ 2.50GHz
stepping	: 7
microcode	: 0x29
cpu MHz		: 2997.851
cache size	: 3072 KB
physical id	: 0
siblings	: 4
core id		: 0
cpu cores	: 2
apicid		: 1
initial apicid	: 1
fpu		: yes
fpu_exception	: yes
cpuid level	: 13
wp		: yes
flags		: fpu vme de pse tsc msr pae mce cx8 apic sep mtrr pge mca cmov pat pse36 clflush dts acpi mmx fxsr sse sse2 ss ht tm pbe syscall nx rdtscp lm constant_tsc arch_perfmon pebs bts nopl xtopology nonstop_tsc aperfmperf eagerfpu pni pclmulqdq dtes64 monitor ds_cpl vmx smx est tm2 ssse3 cx16 xtpr pdcm pcid sse4_1 sse4_2 x2apic popcnt tsc_deadline_timer aes xsave avx lahf_lm ida arat epb xsaveopt pln pts dtherm tpr_shadow vnmi flexpriority ept vpid
bogomips	: 4983.97
clflush size	: 64
cache_alignment	: 64
address sizes	: 36 bits physical, 48 bits virtual
power management:

processor	: 2
vendor_id	: GenuineIntel
cpu family	: 6
model		: 42
model name	: Intel(R) Core(TM) i5-2520M CPU @ 2.50GHz
stepping	: 7
microcode	: 0x29
cpu MHz		: 2979.687
cache size	: 3072 KB
physical id	: 0
siblings	: 4
core id		: 1
cpu cores	: 2
apicid		: 2
initial apicid	: 2
fpu		: yes
fpu_exception	: yes
cpuid level	: 13
wp		: yes
flags		: fpu vme de pse tsc msr pae mce cx8 apic sep mtrr pge mca cmov pat pse36 clflush dts acpi mmx fxsr sse sse2 ss ht tm pbe syscall nx rdtscp lm constant_tsc arch_perfmon pebs bts nopl xtopology nonstop_tsc aperfmperf eagerfpu pni pclmulqdq dtes64 monitor ds_cpl vmx smx est tm2 ssse3 cx16 xtpr pdcm pcid sse4_1 sse4_2 x2apic popcnt tsc_deadline_timer aes xsave avx lahf_lm ida arat epb xsaveopt pln pts dtherm tpr_shadow vnmi flexpriority ept vpid
bogomips	: 4983.97
clflush size	: 64
cache_alignment	: 64
address sizes	: 36 bits physical, 48 bits virtual
power management:

processor	: 3
vendor_id	: GenuineIntel
cpu family	: 6
model		: 42
model name	: Intel(R) Core(TM) i5-2520M CPU @ 2.50GHz
stepping	: 7
microcode	: 0x29
cpu MHz		: 3008.300
cache size	: 3072 KB
physical id	: 0
siblings	: 4
core id		: 1
cpu cores	: 2
apicid		: 3
initial apicid	: 3
fpu		: yes
fpu_exception	: yes
cpuid level	: 13
wp		: yes
flags		: fpu vme de pse tsc msr pae mce cx8 apic sep mtrr pge mca cmov pat pse36 clflush dts acpi mmx fxsr sse sse2 ss ht tm pbe syscall nx rdtscp lm constant_tsc arch_perfmon pebs bts nopl xtopology nonstop_tsc aperfmperf eagerfpu pni pclmulqdq dtes64 monitor ds_cpl vmx smx est tm2 ssse3 cx16 xtpr pdcm pcid sse4_1 sse4_2 x2apic popcnt tsc_deadline_timer aes xsave avx lahf_lm ida arat epb xsaveopt pln pts dtherm tpr_shadow vnmi flexpriority ept vpid
bogomips	: 4983.97
clflush size	: 64
cache_alignment	: 64
address sizes	: 36 bits physical, 48 bits virtual
power management:



Memory: 4k page, physical 3944792k(231740k free), swap 3212284k(3159820k free)

vm_info: Java HotSpot(TM) 64-Bit Server VM (25.31-b07) for linux-amd64 JRE (1.8.0_31-b13), built on Dec 17 2014 20:40:15 by "java_re" with gcc 4.3.0 20080428 (Red Hat 4.3.0-8)

time: Wed Feb  4 13:54:31 2015
elapsed time: 81 seconds (0d 0h 1m 21s)

