#
# A fatal error has been detected by the Java Runtime Environment:
#
#  SIGSEGV (0xb) at pc=0x00007f1b437ac102, pid=17449, tid=139756637255424
#
# JRE version: Java(TM) SE Runtime Environment (8.0_31-b13) (build 1.8.0_31-b13)
# Java VM: Java HotSpot(TM) 64-Bit Server VM (25.31-b07 mixed mode linux-amd64 compressed oops)
# Problematic frame:
# C  [i965_dri.so+0x2fe102]
#
# Failed to write core dump. Core dumps have been disabled. To enable core dumping, try "ulimit -c unlimited" before starting Java again
#
# If you would like to submit a bug report, please visit:
#   http://bugreport.java.com/bugreport/crash.jsp
# The crash happened outside the Java Virtual Machine in native code.
# See problematic frame for where to report the bug.
#

---------------  T H R E A D  ---------------

Current thread (0x00007f1bc4361800):  JavaThread "AWT-EventQueue-0" [_thread_in_native, id=17488, stack(0x00007f1ba0a7f000,0x00007f1ba0b80000)]

siginfo: si_signo: 11 (SIGSEGV), si_code: 1 (SEGV_MAPERR), si_addr: 0x000000000000c540

Registers:
RAX=0x00007f1b437ac0f0, RBX=0x000000000000c000, RCX=0x0000000000000000, RDX=0x0000000000000001
RSP=0x00007f1ba0b7d440, RBP=0x0000000000000000, RSI=0x00007f1b5001ffc0, RDI=0x0000000100000000
R8 =0x0000000000000000, R9 =0x00007f1b4ef8ea20, R10=0x00007f1bb45cab98, R11=0x00007f1bc9deb460
R12=0x00007f1b546d30a0, R13=0x00007f1b546d3bf0, R14=0x00007f1b546e4960, R15=0x0000000000000000
RIP=0x00007f1b437ac102, EFLAGS=0x0000000000010206, CSGSFS=0x0000000000000033, ERR=0x0000000000000004
  TRAPNO=0x000000000000000e

Top of Stack: (sp=0x00007f1ba0b7d440)
0x00007f1ba0b7d440:   0000000000000000 00007f1b5001fee0
0x00007f1ba0b7d450:   0000000000000000 00007f1b546d30a0
0x00007f1ba0b7d460:   00007f1b546d3bf0 00007f1b4ef8eac2
0x00007f1ba0b7d470:   00007f1ba0b7d4a0 00007f1b00000000
0x00007f1ba0b7d480:   0000000000000000 0000000000000000
0x00007f1ba0b7d490:   000000000440003e 00007f1b4ef5fbf1
0x00007f1ba0b7d4a0:   00007f1b5001fee0 c3a12e5442a5bc00
0x00007f1ba0b7d4b0:   000000000440003e 00007f1b4f3a6ca8
0x00007f1ba0b7d4c0:   00007f1ba0b7d530 0000000000000000
0x00007f1ba0b7d4d0:   00007f1b4f3a6ca8 00007f1ba0b7d600
0x00007f1ba0b7d4e0:   00007f1bc4361800 00007f1b4d697849
0x00007f1ba0b7d4f0:   0000000000000000 00007f1b4ef5fc20
0x00007f1ba0b7d500:   000000000440003e 00007f1b546d5020
0x00007f1ba0b7d510:   00007f1ba0b7d5c8 00007f1bc43619e8
0x00007f1ba0b7d520:   00000000ecaea278 00007f1b4ef5fc20
0x00007f1ba0b7d530:   00007f1ba0b7d5b8 00007f1bb45cabc4
0x00007f1ba0b7d540:   00007f1b43cc9630 0000000000000000
0x00007f1ba0b7d550:   00007f1b43cc8e30 0000000000000000
0x00007f1ba0b7d560:   00007f1ba0b7d578 00007f1ba0b7d5c8
0x00007f1ba0b7d570:   00007f1bc4361800 00007f1ba0b7d578
0x00007f1ba0b7d580:   0000000000000000 00007f1ba0b7d600
0x00007f1ba0b7d590:   00007f1b4f3a84f0 0000000000000000
0x00007f1ba0b7d5a0:   00007f1b4f3a6ca8 0000000000000000
0x00007f1ba0b7d5b0:   00007f1ba0b7d5d8 00007f1ba0b7d648
0x00007f1ba0b7d5c0:   00007f1bb45b5a0d 00000000ecf86598
0x00007f1ba0b7d5d0:   00007f1bb45c1518 00007f1b4ef5fc20
0x00007f1ba0b7d5e0:   00000000ed04b1e8 000000000440003e
0x00007f1ba0b7d5f0:   00007f1ba0b7d5f0 00007f1b546d5020
0x00007f1ba0b7d600:   00000000ecf868c8 00007f1ba0b7d608
0x00007f1ba0b7d610:   00007f1b4f3a6bf9 00007f1ba0b7d680
0x00007f1ba0b7d620:   00007f1b4f3a84f0 0000000000000000
0x00007f1ba0b7d630:   00007f1b4f3a6c08 00007f1ba0b7d5d8 

Instructions: (pc=0x00007f1b437ac102)
0x00007f1b437ac0e2:   41 5c c3 66 66 2e 0f 1f 84 00 00 00 00 00 41 55
0x00007f1b437ac0f2:   41 54 55 53 48 83 ec 08 48 8b 1f 48 85 db 74 41
0x00007f1b437ac102:   f6 83 40 05 00 00 01 89 cd 41 89 d5 49 89 f4 75
0x00007f1b437ac112:   75 41 83 e5 01 75 5f 83 e5 fd 74 32 48 8d 35 9b 

Register to memory mapping:

RAX=0x00007f1b437ac0f0: <offset 0x2fe0f0> in /usr/lib/x86_64-linux-gnu/dri/i965_dri.so at 0x00007f1b434ae000
RBX=0x000000000000c000 is an unknown value
RCX=0x0000000000000000 is an unknown value
RDX=0x0000000000000001 is an unknown value
RSP=0x00007f1ba0b7d440 is pointing into the stack for thread: 0x00007f1bc4361800
RBP=0x0000000000000000 is an unknown value
RSI=0x00007f1b5001ffc0 is an unknown value
RDI=0x0000000100000000 is pointing into metadata
R8 =0x0000000000000000 is an unknown value
R9 =0x00007f1b4ef8ea20: <offset 0x4ba20> in /usr/lib/x86_64-linux-gnu/libGL.so.1 at 0x00007f1b4ef43000
R10=0x00007f1bb45cab98 is at code_begin+1528 in an Interpreter codelet
method entry point (kind = native)  [0x00007f1bb45ca5a0, 0x00007f1bb45cb4e0]  3904 bytes
R11=0x00007f1bc9deb460: <offset 0x97e460> in /usr/lib/jvm/jdk1.8.0_31/jre/lib/amd64/server/libjvm.so at 0x00007f1bc946d000
R12=0x00007f1b546d30a0 is an unknown value
R13=0x00007f1b546d3bf0 is an unknown value
R14=0x00007f1b546e4960 is an unknown value
R15=0x0000000000000000 is an unknown value


Stack: [0x00007f1ba0a7f000,0x00007f1ba0b80000],  sp=0x00007f1ba0b7d440,  free space=1017k
Native frames: (J=compiled Java code, j=interpreted, Vv=VM code, C=native code)
C  [i965_dri.so+0x2fe102]

Java frames: (J=compiled Java code, j=interpreted, Vv=VM code)
j  jogamp.opengl.x11.glx.GLX.dispatch_glXSwapBuffers0(JJJ)V+0
j  jogamp.opengl.x11.glx.GLX.glXSwapBuffers(JJ)V+41
j  jogamp.opengl.x11.glx.X11GLXDrawable.swapBuffersImpl(Z)V+17
j  jogamp.opengl.GLDrawableImpl.swapBuffers()V+67
j  javax.media.opengl.awt.GLCanvas$12.run()V+45
j  java.awt.event.InvocationEvent.dispatch()V+11
j  java.awt.EventQueue.dispatchEventImpl(Ljava/awt/AWTEvent;Ljava/lang/Object;)V+21
j  java.awt.EventQueue.access$500(Ljava/awt/EventQueue;Ljava/awt/AWTEvent;Ljava/lang/Object;)V+3
j  java.awt.EventQueue$3.run()Ljava/lang/Void;+32
j  java.awt.EventQueue$3.run()Ljava/lang/Object;+1
v  ~StubRoutines::call_stub
j  java.security.AccessController.doPrivileged(Ljava/security/PrivilegedAction;Ljava/security/AccessControlContext;)Ljava/lang/Object;+0
j  java.security.ProtectionDomain$1.doIntersectionPrivilege(Ljava/security/PrivilegedAction;Ljava/security/AccessControlContext;Ljava/security/AccessControlContext;)Ljava/lang/Object;+28
j  java.awt.EventQueue.dispatchEvent(Ljava/awt/AWTEvent;)V+46
j  java.awt.EventDispatchThread.pumpOneEventForFilters(I)V+245
j  java.awt.EventDispatchThread.pumpEventsForFilter(ILjava/awt/Conditional;Ljava/awt/EventFilter;)V+35
j  java.awt.EventDispatchThread.pumpEventsForHierarchy(ILjava/awt/Conditional;Ljava/awt/Component;)V+11
j  java.awt.EventDispatchThread.pumpEvents(ILjava/awt/Conditional;)V+4
j  java.awt.EventDispatchThread.pumpEvents(Ljava/awt/Conditional;)V+3
j  java.awt.EventDispatchThread.run()V+9
v  ~StubRoutines::call_stub

---------------  P R O C E S S  ---------------

Java Threads: ( => current thread )
  0x00007f1b51558000 JavaThread "Thread-4" [_thread_blocked, id=17521, stack(0x00007f1b40ef5000,0x00007f1b40ff6000)]
  0x00007f1b5153c800 JavaThread "Java Sound Event Dispatcher" daemon [_thread_blocked, id=17515, stack(0x00007f1b4c048000,0x00007f1b4c149000)]
  0x00007f1b54285800 JavaThread "Animation Thread-SharedResourceRunner" daemon [_thread_blocked, id=17498, stack(0x00007f1ba00f6000,0x00007f1ba01f7000)]
  0x00007f1b5420a000 JavaThread "process reaper" daemon [_thread_blocked, id=17493, stack(0x00007f1ba070f000,0x00007f1ba0748000)]
  0x00007f1bc400f000 JavaThread "DestroyJavaVM" [_thread_blocked, id=17451, stack(0x00007f1bcae9c000,0x00007f1bcaf9d000)]
  0x00007f1bc436f800 JavaThread "Animation Thread" [_thread_blocked, id=17489, stack(0x00007f1ba097e000,0x00007f1ba0a7f000)]
=>0x00007f1bc4361800 JavaThread "AWT-EventQueue-0" [_thread_in_native, id=17488, stack(0x00007f1ba0a7f000,0x00007f1ba0b80000)]
  0x00007f1bc435f800 JavaThread "AWT-Shutdown" [_thread_blocked, id=17487, stack(0x00007f1ba0b80000,0x00007f1ba0c81000)]
  0x00007f1bc4311800 JavaThread "AWT-XAWT" daemon [_thread_blocked, id=17484, stack(0x00007f1ba1083000,0x00007f1ba1184000)]
  0x00007f1bc42e5800 JavaThread "Java2D Disposer" daemon [_thread_blocked, id=17483, stack(0x00007f1ba1595000,0x00007f1ba1696000)]
  0x00007f1bc40d6000 JavaThread "Service Thread" daemon [_thread_blocked, id=17477, stack(0x00007f1ba32f1000,0x00007f1ba33f2000)]
  0x00007f1bc40c9000 JavaThread "C1 CompilerThread2" daemon [_thread_blocked, id=17476, stack(0x00007f1ba33f2000,0x00007f1ba34f3000)]
  0x00007f1bc40c7000 JavaThread "C2 CompilerThread1" daemon [_thread_blocked, id=17475, stack(0x00007f1ba34f3000,0x00007f1ba35f4000)]
  0x00007f1bc40c4000 JavaThread "C2 CompilerThread0" daemon [_thread_blocked, id=17474, stack(0x00007f1ba35f4000,0x00007f1ba36f5000)]
  0x00007f1b8c001000 JavaThread "JDWP Command Reader" daemon [_thread_in_native, id=17464, stack(0x00007f1ba36f5000,0x00007f1ba37f6000)]
  0x00007f1bc40c2000 JavaThread "JDWP Event Helper Thread" daemon [_thread_blocked, id=17461, stack(0x00007f1ba37f6000,0x00007f1ba38f7000)]
  0x00007f1bc40be800 JavaThread "JDWP Transport Listener: dt_socket" daemon [_thread_blocked, id=17460, stack(0x00007f1ba38f7000,0x00007f1ba39f8000)]
  0x00007f1bc40ae000 JavaThread "Signal Dispatcher" daemon [_thread_blocked, id=17459, stack(0x00007f1ba3bfc000,0x00007f1ba3cfd000)]
  0x00007f1bc4081800 JavaThread "Finalizer" daemon [_thread_blocked, id=17458, stack(0x00007f1ba3cfd000,0x00007f1ba3dfe000)]
  0x00007f1bc407f800 JavaThread "Reference Handler" daemon [_thread_blocked, id=17457, stack(0x00007f1ba3dfe000,0x00007f1ba3eff000)]

Other Threads:
  0x00007f1bc407a800 VMThread [stack: 0x00007f1ba3eff000,0x00007f1ba4000000] [id=17456]
  0x00007f1bc40d9000 WatcherThread [stack: 0x00007f1ba31f0000,0x00007f1ba32f1000] [id=17478]

VM state:not at safepoint (normal execution)

VM Mutex/Monitor currently owned by a thread: None

Heap:
 PSYoungGen      total 18432K, used 14896K [0x00000000ebf00000, 0x00000000ee300000, 0x0000000100000000)
  eden space 15872K, 77% used [0x00000000ebf00000,0x00000000ecb0f9a0,0x00000000ece80000)
  from space 2560K, 99% used [0x00000000ece80000,0x00000000ed0fc890,0x00000000ed100000)
  to   space 2560K, 0% used [0x00000000ee080000,0x00000000ee080000,0x00000000ee300000)
 ParOldGen       total 42496K, used 17381K [0x00000000c3c00000, 0x00000000c6580000, 0x00000000ebf00000)
  object space 42496K, 40% used [0x00000000c3c00000,0x00000000c4cf9498,0x00000000c6580000)
 Metaspace       used 17975K, capacity 18193K, committed 18432K, reserved 1067008K
  class space    used 1710K, capacity 1789K, committed 1792K, reserved 1048576K

Card table byte_map: [0x00007f1bb400b000,0x00007f1bb41ee000] byte_map_base: 0x00007f1bb39ed000

Marking Bits: (ParMarkBitMap*) 0x00007f1bca3c82a0
 Begin Bits: [0x00007f1bb1ca5000, 0x00007f1bb2bb5000)
 End Bits:   [0x00007f1bb2bb5000, 0x00007f1bb3ac5000)

Polling page: 0x00007f1bcafef000

CodeCache: size=245760Kb used=5091Kb max_used=5102Kb free=240668Kb
 bounds [0x00007f1bb45ae000, 0x00007f1bb4aae000, 0x00007f1bc35ae000]
 total_blobs=2288 nmethods=1347 adapters=864
 compilation: enabled

Compilation events (10 events):
Event: 8.766 Thread 0x00007f1bc40c9000 nmethod 1343 0x00007f1bb4aa7190 code [0x00007f1bb4aa73a0, 0x00007f1bb4aa8098]
Event: 8.766 Thread 0x00007f1bc40c9000 1345       1       sun.awt.X11.XToolkit::getDisplay (4 bytes)
Event: 8.766 Thread 0x00007f1bc40c9000 nmethod 1345 0x00007f1bb4aa8590 code [0x00007f1bb4aa86e0, 0x00007f1bb4aa87f0]
Event: 8.768 Thread 0x00007f1bc40c7000 nmethod 1344 0x00007f1bb4aab6d0 code [0x00007f1bb4aab860, 0x00007f1bb4aabaf8]
Event: 8.800 Thread 0x00007f1bc40c4000 1346       4       processing.opengl.PJOGL::bufferData (16 bytes)
Event: 8.804 Thread 0x00007f1bc40c7000 1347       4       java.nio.DirectFloatBufferU::put (154 bytes)
Event: 8.807 Thread 0x00007f1bc40c4000 nmethod 1346 0x00007f1bb4aa9690 code [0x00007f1bb4aa9840, 0x00007f1bb4aa9c68]
Event: 8.809 Thread 0x00007f1bc40c7000 nmethod 1347 0x00007f1bb4aa8fd0 code [0x00007f1bb4aa9140, 0x00007f1bb4aa9448]
Event: 8.828 Thread 0x00007f1bc40c9000 1348       3       com.jogamp.nativewindow.awt.JAWTWindow::getSurfaceHandle (5 bytes)
Event: 8.828 Thread 0x00007f1bc40c9000 nmethod 1348 0x00007f1bb4aa8c90 code [0x00007f1bb4aa8de0, 0x00007f1bb4aa8f30]

GC Heap History (6 events):
Event: 0.994 GC heap before
{Heap before GC invocations=1 (full 0):
 PSYoungGen      total 18432K, used 15872K [0x00000000ebf00000, 0x00000000ed380000, 0x0000000100000000)
  eden space 15872K, 100% used [0x00000000ebf00000,0x00000000ece80000,0x00000000ece80000)
  from space 2560K, 0% used [0x00000000ed100000,0x00000000ed100000,0x00000000ed380000)
  to   space 2560K, 0% used [0x00000000ece80000,0x00000000ece80000,0x00000000ed100000)
 ParOldGen       total 42496K, used 0K [0x00000000c3c00000, 0x00000000c6580000, 0x00000000ebf00000)
  object space 42496K, 0% used [0x00000000c3c00000,0x00000000c3c00000,0x00000000c6580000)
 Metaspace       used 12689K, capacity 12876K, committed 12928K, reserved 1060864K
  class space    used 1350K, capacity 1408K, committed 1408K, reserved 1048576K
Event: 0.999 GC heap after
Heap after GC invocations=1 (full 0):
 PSYoungGen      total 18432K, used 2548K [0x00000000ebf00000, 0x00000000ed380000, 0x0000000100000000)
  eden space 15872K, 0% used [0x00000000ebf00000,0x00000000ebf00000,0x00000000ece80000)
  from space 2560K, 99% used [0x00000000ece80000,0x00000000ed0fd290,0x00000000ed100000)
  to   space 2560K, 0% used [0x00000000ed100000,0x00000000ed100000,0x00000000ed380000)
 ParOldGen       total 42496K, used 1438K [0x00000000c3c00000, 0x00000000c6580000, 0x00000000ebf00000)
  object space 42496K, 3% used [0x00000000c3c00000,0x00000000c3d67970,0x00000000c6580000)
 Metaspace       used 12689K, capacity 12876K, committed 12928K, reserved 1060864K
  class space    used 1350K, capacity 1408K, committed 1408K, reserved 1048576K
}
Event: 1.593 GC heap before
{Heap before GC invocations=2 (full 0):
 PSYoungGen      total 18432K, used 17632K [0x00000000ebf00000, 0x00000000ed380000, 0x0000000100000000)
  eden space 15872K, 95% used [0x00000000ebf00000,0x00000000ecdbafb0,0x00000000ece80000)
  from space 2560K, 99% used [0x00000000ece80000,0x00000000ed0fd290,0x00000000ed100000)
  to   space 2560K, 0% used [0x00000000ed100000,0x00000000ed100000,0x00000000ed380000)
 ParOldGen       total 42496K, used 1438K [0x00000000c3c00000, 0x00000000c6580000, 0x00000000ebf00000)
  object space 42496K, 3% used [0x00000000c3c00000,0x00000000c3d67970,0x00000000c6580000)
 Metaspace       used 17389K, capacity 17529K, committed 17664K, reserved 1064960K
  class space    used 1683K, capacity 1721K, committed 1792K, reserved 1048576K
Event: 1.600 GC heap after
Heap after GC invocations=2 (full 0):
 PSYoungGen      total 18432K, used 2546K [0x00000000ebf00000, 0x00000000ed380000, 0x0000000100000000)
  eden space 15872K, 0% used [0x00000000ebf00000,0x00000000ebf00000,0x00000000ece80000)
  from space 2560K, 99% used [0x00000000ed100000,0x00000000ed37c860,0x00000000ed380000)
  to   space 2560K, 0% used [0x00000000ece80000,0x00000000ece80000,0x00000000ed100000)
 ParOldGen       total 42496K, used 4912K [0x00000000c3c00000, 0x00000000c6580000, 0x00000000ebf00000)
  object space 42496K, 11% used [0x00000000c3c00000,0x00000000c40cc120,0x00000000c6580000)
 Metaspace       used 17389K, capacity 17529K, committed 17664K, reserved 1064960K
  class space    used 1683K, capacity 1721K, committed 1792K, reserved 1048576K
}
Event: 1.799 GC heap before
{Heap before GC invocations=3 (full 0):
 PSYoungGen      total 18432K, used 18418K [0x00000000ebf00000, 0x00000000ed380000, 0x0000000100000000)
  eden space 15872K, 100% used [0x00000000ebf00000,0x00000000ece80000,0x00000000ece80000)
  from space 2560K, 99% used [0x00000000ed100000,0x00000000ed37c860,0x00000000ed380000)
  to   space 2560K, 0% used [0x00000000ece80000,0x00000000ece80000,0x00000000ed100000)
 ParOldGen       total 42496K, used 4912K [0x00000000c3c00000, 0x00000000c6580000, 0x00000000ebf00000)
  object space 42496K, 11% used [0x00000000c3c00000,0x00000000c40cc120,0x00000000c6580000)
 Metaspace       used 17478K, capacity 17625K, committed 17920K, reserved 1064960K
  class space    used 1685K, capacity 1753K, committed 1792K, reserved 1048576K
Event: 1.810 GC heap after
Heap after GC invocations=3 (full 0):
 PSYoungGen      total 18432K, used 2546K [0x00000000ebf00000, 0x00000000ee300000, 0x0000000100000000)
  eden space 15872K, 0% used [0x00000000ebf00000,0x00000000ebf00000,0x00000000ece80000)
  from space 2560K, 99% used [0x00000000ece80000,0x00000000ed0fc890,0x00000000ed100000)
  to   space 2560K, 0% used [0x00000000ee080000,0x00000000ee080000,0x00000000ee300000)
 ParOldGen       total 42496K, used 17381K [0x00000000c3c00000, 0x00000000c6580000, 0x00000000ebf00000)
  object space 42496K, 40% used [0x00000000c3c00000,0x00000000c4cf9498,0x00000000c6580000)
 Metaspace       used 17478K, capacity 17625K, committed 17920K, reserved 1064960K
  class space    used 1685K, capacity 1753K, committed 1792K, reserved 1048576K
}

Deoptimization events (10 events):
Event: 1.504 Thread 0x00007f1bc4361800 Uncommon trap: reason=unreached action=reinterpret pc=0x00007f1bb48ee9c8 method=com.jogamp.common.util.IntIntHashMap.get(I)I @ 19
Event: 1.532 Thread 0x00007f1bc4361800 Uncommon trap: reason=unreached action=reinterpret pc=0x00007f1bb48c1b6c method=java.lang.reflect.AccessibleObject.setAccessible0(Ljava/lang/reflect/AccessibleObject;Z)V @ 4
Event: 1.702 Thread 0x00007f1bc4361800 Uncommon trap: reason=class_check action=maybe_recompile pc=0x00007f1bb48fafa0 method=com.jogamp.common.nio.Buffers.isDirect(Ljava/lang/Object;)Z @ 13
Event: 1.702 Thread 0x00007f1bc4361800 Uncommon trap: reason=class_check action=maybe_recompile pc=0x00007f1bb48fb1e4 method=com.jogamp.common.nio.Buffers.getDirectBufferByteOffset(Ljava/lang/Object;)I @ 7
Event: 1.702 Thread 0x00007f1bc4361800 Uncommon trap: reason=class_check action=maybe_recompile pc=0x00007f1bb48fafa0 method=com.jogamp.common.nio.Buffers.isDirect(Ljava/lang/Object;)Z @ 13
Event: 1.702 Thread 0x00007f1bc4361800 Uncommon trap: reason=class_check action=maybe_recompile pc=0x00007f1bb48fb1e4 method=com.jogamp.common.nio.Buffers.getDirectBufferByteOffset(Ljava/lang/Object;)I @ 7
Event: 1.703 Thread 0x00007f1bc4361800 Uncommon trap: reason=class_check action=maybe_recompile pc=0x00007f1bb48fafa0 method=com.jogamp.common.nio.Buffers.isDirect(Ljava/lang/Object;)Z @ 13
Event: 1.703 Thread 0x00007f1bc4361800 Uncommon trap: reason=class_check action=maybe_recompile pc=0x00007f1bb48fb1e4 method=com.jogamp.common.nio.Buffers.getDirectBufferByteOffset(Ljava/lang/Object;)I @ 7
Event: 1.719 Thread 0x00007f1bc4361800 Uncommon trap: reason=class_check action=maybe_recompile pc=0x00007f1bb48fafa0 method=com.jogamp.common.nio.Buffers.isDirect(Ljava/lang/Object;)Z @ 13
Event: 1.719 Thread 0x00007f1bc4361800 Uncommon trap: reason=class_check action=maybe_recompile pc=0x00007f1bb48fb1e4 method=com.jogamp.common.nio.Buffers.getDirectBufferByteOffset(Ljava/lang/Object;)I @ 7

Internal exceptions (10 events):
Event: 1.717 Thread 0x00007f1bc436f800 Exception <a 'java/security/PrivilegedActionException'> (0x00000000ec415118) thrown at [/HUDSON/workspace/8-2-build-linux-amd64/jdk8u31/2394/hotspot/src/share/vm/prims/jvm.cpp, line 1312]
Event: 1.718 Thread 0x00007f1bc4361800 Exception <a 'java/lang/reflect/InvocationTargetException'> (0x00000000ec3e6128) thrown at [/HUDSON/workspace/8-2-build-linux-amd64/jdk8u31/2394/hotspot/src/share/vm/runtime/reflection.cpp, line 1080]
Event: 1.781 Thread 0x00007f1bc4361800 Exception <a 'java/security/PrivilegedActionException'> (0x00000000eca62be0) thrown at [/HUDSON/workspace/8-2-build-linux-amd64/jdk8u31/2394/hotspot/src/share/vm/prims/jvm.cpp, line 1312]
Event: 1.932 Thread 0x00007f1bc4361800 Exception <a 'java/lang/reflect/InvocationTargetException'> (0x00000000ebf7d328) thrown at [/HUDSON/workspace/8-2-build-linux-amd64/jdk8u31/2394/hotspot/src/share/vm/runtime/reflection.cpp, line 1080]
Event: 1.933 Thread 0x00007f1bc4361800 Exception <a 'java/lang/reflect/InvocationTargetException'> (0x00000000ebf7d738) thrown at [/HUDSON/workspace/8-2-build-linux-amd64/jdk8u31/2394/hotspot/src/share/vm/runtime/reflection.cpp, line 1080]
Event: 2.027 Thread 0x00007f1bc4361800 Exception <a 'java/lang/reflect/InvocationTargetException'> (0x00000000ebf8a958) thrown at [/HUDSON/workspace/8-2-build-linux-amd64/jdk8u31/2394/hotspot/src/share/vm/runtime/reflection.cpp, line 1080]
Event: 2.028 Thread 0x00007f1bc4361800 Exception <a 'java/lang/reflect/InvocationTargetException'> (0x00000000ebf8ae70) thrown at [/HUDSON/workspace/8-2-build-linux-amd64/jdk8u31/2394/hotspot/src/share/vm/runtime/reflection.cpp, line 1080]
Event: 2.100 Thread 0x00007f1bc4361800 Exception <a 'java/lang/reflect/InvocationTargetException'> (0x00000000ebf979d8) thrown at [/HUDSON/workspace/8-2-build-linux-amd64/jdk8u31/2394/hotspot/src/share/vm/runtime/reflection.cpp, line 1080]
Event: 2.100 Thread 0x00007f1bc4361800 Exception <a 'java/lang/reflect/InvocationTargetException'> (0x00000000ebf97de8) thrown at [/HUDSON/workspace/8-2-build-linux-amd64/jdk8u31/2394/hotspot/src/share/vm/runtime/reflection.cpp, line 1080]
Event: 2.185 Thread 0x00007f1bc4361800 Exception <a 'java/lang/reflect/InvocationTargetException'> (0x00000000ec035c28) thrown at [/HUDSON/workspace/8-2-build-linux-amd64/jdk8u31/2394/hotspot/src/share/vm/runtime/reflection.cpp, line 1080]

Events (10 events):
Event: 8.765 Thread 0x00007f1bc4361800 DEOPT PACKING pc=0x00007f1bb4a3f8f4 sp=0x00007f1ba0b7d1c0
Event: 8.765 Thread 0x00007f1bc4361800 DEOPT UNPACKING pc=0x00007f1bb45f5373 sp=0x00007f1ba0b7cf88 mode 1
Event: 8.829 Thread 0x00007f1bc4361800 DEOPT PACKING pc=0x00007f1bb4a3fee4 sp=0x00007f1ba0b7d1c0
Event: 8.829 Thread 0x00007f1bc4361800 DEOPT UNPACKING pc=0x00007f1bb45f5373 sp=0x00007f1ba0b7cf08 mode 1
Event: 8.829 Thread 0x00007f1bc4361800 DEOPT PACKING pc=0x00007f1bb4a3f8f4 sp=0x00007f1ba0b7d210
Event: 8.829 Thread 0x00007f1bc4361800 DEOPT UNPACKING pc=0x00007f1bb45f5373 sp=0x00007f1ba0b7cfd8 mode 1
Event: 8.829 Thread 0x00007f1bc4361800 DEOPT PACKING pc=0x00007f1bb4a3fee4 sp=0x00007f1ba0b7d350
Event: 8.829 Thread 0x00007f1bc4361800 DEOPT UNPACKING pc=0x00007f1bb45f5373 sp=0x00007f1ba0b7d098 mode 1
Event: 8.829 Thread 0x00007f1bc4361800 DEOPT PACKING pc=0x00007f1bb4a3f8f4 sp=0x00007f1ba0b7d3a0
Event: 8.829 Thread 0x00007f1bc4361800 DEOPT UNPACKING pc=0x00007f1bb45f5373 sp=0x00007f1ba0b7d168 mode 1


Dynamic libraries:
00400000-00401000 r-xp 00000000 08:11 2229123                            /usr/lib/jvm/jdk1.8.0_31/bin/java
00600000-00601000 rw-p 00000000 08:11 2229123                            /usr/lib/jvm/jdk1.8.0_31/bin/java
025dd000-025fe000 rw-p 00000000 00:00 0                                  [heap]
c3c00000-c6580000 rw-p 00000000 00:00 0 
c6580000-ebf00000 ---p 00000000 00:00 0 
ebf00000-ee300000 rw-p 00000000 00:00 0 
ee300000-100000000 ---p 00000000 00:00 0 
100000000-1001c0000 rw-p 00000000 00:00 0 
1001c0000-140000000 ---p 00000000 00:00 0 
7f1b1c000000-7f1b1c021000 rw-p 00000000 00:00 0 
7f1b1c021000-7f1b20000000 ---p 00000000 00:00 0 
7f1b23ffe000-7f1b27fff000 rw-s 00000000 00:11 1378705                    /dev/shm/pulse-shm-4276738411
7f1b27fff000-7f1b2c000000 r--s 00000000 00:11 22180                      /dev/shm/pulse-shm-3810095572
7f1b2c000000-7f1b2c021000 rw-p 00000000 00:00 0 
7f1b2c021000-7f1b30000000 ---p 00000000 00:00 0 
7f1b30000000-7f1b30021000 rw-p 00000000 00:00 0 
7f1b30021000-7f1b34000000 ---p 00000000 00:00 0 
7f1b34000000-7f1b34021000 rw-p 00000000 00:00 0 
7f1b34021000-7f1b38000000 ---p 00000000 00:00 0 
7f1b38db2000-7f1b38df2000 rw-p 00000000 00:00 0 
7f1b38df2000-7f1b38fb2000 ---p 00000000 00:00 0 
7f1b38fb2000-7f1b38fb3000 ---p 00000000 00:00 0 
7f1b38fb3000-7f1b397b3000 rw-p 00000000 00:00 0                          [stack:17520]
7f1b397b3000-7f1b397b4000 ---p 00000000 00:00 0 
7f1b397b4000-7f1b39fb4000 rw-p 00000000 00:00 0                          [stack:17516]
7f1b39fb4000-7f1b3dfb5000 rw-s 00000000 00:11 1376832                    /dev/shm/pulse-shm-2096736999
7f1b3dfb5000-7f1b3dfbb000 r-xp 00000000 08:11 1317035                    /usr/lib/x86_64-linux-gnu/alsa-lib/libasound_module_pcm_pulse.so
7f1b3dfbb000-7f1b3e1ba000 ---p 00006000 08:11 1317035                    /usr/lib/x86_64-linux-gnu/alsa-lib/libasound_module_pcm_pulse.so
7f1b3e1ba000-7f1b3e1bb000 r--p 00005000 08:11 1317035                    /usr/lib/x86_64-linux-gnu/alsa-lib/libasound_module_pcm_pulse.so
7f1b3e1bb000-7f1b3e1bc000 rw-p 00006000 08:11 1317035                    /usr/lib/x86_64-linux-gnu/alsa-lib/libasound_module_pcm_pulse.so
7f1b3e1bc000-7f1b3e1f0000 r-xp 00000000 08:11 1246961                    /usr/local/cpffmpeg/lib/libvorbis.so.0.4.7
7f1b3e1f0000-7f1b3e3f0000 ---p 00034000 08:11 1246961                    /usr/local/cpffmpeg/lib/libvorbis.so.0.4.7
7f1b3e3f0000-7f1b3e3f1000 rw-p 00034000 08:11 1246961                    /usr/local/cpffmpeg/lib/libvorbis.so.0.4.7
7f1b3e3f1000-7f1b3e3f7000 r-xp 00000000 08:11 1246864                    /usr/local/cpffmpeg/lib/libogg.so.0.8.1
7f1b3e3f7000-7f1b3e5f6000 ---p 00006000 08:11 1246864                    /usr/local/cpffmpeg/lib/libogg.so.0.8.1
7f1b3e5f6000-7f1b3e5f7000 rw-p 00005000 08:11 1246864                    /usr/local/cpffmpeg/lib/libogg.so.0.8.1
7f1b3e5f7000-7f1b3e608000 r-xp 00000000 08:11 393690                     /lib/x86_64-linux-gnu/libgpg-error.so.0.13.0
7f1b3e608000-7f1b3e807000 ---p 00011000 08:11 393690                     /lib/x86_64-linux-gnu/libgpg-error.so.0.13.0
7f1b3e807000-7f1b3e808000 r--p 00010000 08:11 393690                     /lib/x86_64-linux-gnu/libgpg-error.so.0.13.0
7f1b3e808000-7f1b3e809000 rw-p 00011000 08:11 393690                     /lib/x86_64-linux-gnu/libgpg-error.so.0.13.0
7f1b3e809000-7f1b3e898000 r-xp 00000000 08:11 1246969                    /usr/local/cpffmpeg/lib/libvorbisenc.so.2.0.10
7f1b3e898000-7f1b3ea97000 ---p 0008f000 08:11 1246969                    /usr/local/cpffmpeg/lib/libvorbisenc.so.2.0.10
7f1b3ea97000-7f1b3eab3000 rw-p 0008e000 08:11 1246969                    /usr/local/cpffmpeg/lib/libvorbisenc.so.2.0.10
7f1b3eab3000-7f1b3eb06000 r-xp 00000000 08:11 1247702                    /usr/local/cpffmpeg/lib/libFLAC.so.8.3.0
7f1b3eb06000-7f1b3ed06000 ---p 00053000 08:11 1247702                    /usr/local/cpffmpeg/lib/libFLAC.so.8.3.0
7f1b3ed06000-7f1b3ed07000 rw-p 00053000 08:11 1247702                    /usr/local/cpffmpeg/lib/libFLAC.so.8.3.0
7f1b3ed07000-7f1b3ed1b000 r-xp 00000000 08:11 393941                     /lib/x86_64-linux-gnu/libresolv-2.19.so
7f1b3ed1b000-7f1b3ef1a000 ---p 00014000 08:11 393941                     /lib/x86_64-linux-gnu/libresolv-2.19.so
7f1b3ef1a000-7f1b3ef1b000 r--p 00013000 08:11 393941                     /lib/x86_64-linux-gnu/libresolv-2.19.so
7f1b3ef1b000-7f1b3ef1c000 rw-p 00014000 08:11 393941                     /lib/x86_64-linux-gnu/libresolv-2.19.so
7f1b3ef1c000-7f1b3ef1e000 rw-p 00000000 00:00 0 
7f1b3ef1e000-7f1b3eff5000 r-xp 00000000 08:11 393710                     /lib/x86_64-linux-gnu/libgcrypt.so.20.0.2
7f1b3eff5000-7f1b3f1f5000 ---p 000d7000 08:11 393710                     /lib/x86_64-linux-gnu/libgcrypt.so.20.0.2
7f1b3f1f5000-7f1b3f1f6000 r--p 000d7000 08:11 393710                     /lib/x86_64-linux-gnu/libgcrypt.so.20.0.2
7f1b3f1f6000-7f1b3f1ff000 rw-p 000d8000 08:11 393710                     /lib/x86_64-linux-gnu/libgcrypt.so.20.0.2
7f1b3f1ff000-7f1b3f221000 r-xp 00000000 08:11 393692                     /lib/x86_64-linux-gnu/liblzma.so.5.0.0
7f1b3f221000-7f1b3f420000 ---p 00022000 08:11 393692                     /lib/x86_64-linux-gnu/liblzma.so.5.0.0
7f1b3f420000-7f1b3f421000 r--p 00021000 08:11 393692                     /lib/x86_64-linux-gnu/liblzma.so.5.0.0
7f1b3f421000-7f1b3f422000 rw-p 00022000 08:11 393692                     /lib/x86_64-linux-gnu/liblzma.so.5.0.0
7f1b3f422000-7f1b3f426000 r-xp 00000000 08:11 393657                     /lib/x86_64-linux-gnu/libuuid.so.1.3.0
7f1b3f426000-7f1b3f625000 ---p 00004000 08:11 393657                     /lib/x86_64-linux-gnu/libuuid.so.1.3.0
7f1b3f625000-7f1b3f626000 r--p 00003000 08:11 393657                     /lib/x86_64-linux-gnu/libuuid.so.1.3.0
7f1b3f626000-7f1b3f627000 rw-p 00004000 08:11 393657                     /lib/x86_64-linux-gnu/libuuid.so.1.3.0
7f1b3f627000-7f1b3f62b000 r-xp 00000000 08:11 393736                     /lib/x86_64-linux-gnu/libattr.so.1.1.0
7f1b3f62b000-7f1b3f82a000 ---p 00004000 08:11 393736                     /lib/x86_64-linux-gnu/libattr.so.1.1.0
7f1b3f82a000-7f1b3f82b000 r--p 00003000 08:11 393736                     /lib/x86_64-linux-gnu/libattr.so.1.1.0
7f1b3f82b000-7f1b3f82c000 rw-p 00004000 08:11 393736                     /lib/x86_64-linux-gnu/libattr.so.1.1.0
7f1b3f82c000-7f1b3f831000 r-xp 00000000 08:11 1315196                    /usr/lib/x86_64-linux-gnu/libasyncns.so.0.3.1
7f1b3f831000-7f1b3fa30000 ---p 00005000 08:11 1315196                    /usr/lib/x86_64-linux-gnu/libasyncns.so.0.3.1
7f1b3fa30000-7f1b3fa31000 r--p 00004000 08:11 1315196                    /usr/lib/x86_64-linux-gnu/libasyncns.so.0.3.1
7f1b3fa31000-7f1b3fa32000 rw-p 00005000 08:11 1315196                    /usr/lib/x86_64-linux-gnu/libasyncns.so.0.3.1
7f1b3fa32000-7f1b3fa94000 r-xp 00000000 08:11 1315698                    /usr/lib/x86_64-linux-gnu/libsndfile.so.1.0.25
7f1b3fa94000-7f1b3fc94000 ---p 00062000 08:11 1315698                    /usr/lib/x86_64-linux-gnu/libsndfile.so.1.0.25
7f1b3fc94000-7f1b3fc96000 r--p 00062000 08:11 1315698                    /usr/lib/x86_64-linux-gnu/libsndfile.so.1.0.25
7f1b3fc96000-7f1b3fc97000 rw-p 00064000 08:11 1315698                    /usr/lib/x86_64-linux-gnu/libsndfile.so.1.0.25
7f1b3fc97000-7f1b3fc9b000 rw-p 00000000 00:00 0 
7f1b3fc9b000-7f1b3fca4000 r-xp 00000000 08:11 394193                     /lib/x86_64-linux-gnu/libwrap.so.0.7.6
7f1b3fca4000-7f1b3fea3000 ---p 00009000 08:11 394193                     /lib/x86_64-linux-gnu/libwrap.so.0.7.6
7f1b3fea3000-7f1b3fea4000 r--p 00008000 08:11 394193                     /lib/x86_64-linux-gnu/libwrap.so.0.7.6
7f1b3fea4000-7f1b3fea5000 rw-p 00009000 08:11 394193                     /lib/x86_64-linux-gnu/libwrap.so.0.7.6
7f1b3fea5000-7f1b3fea6000 rw-p 00000000 00:00 0 
7f1b3fea6000-7f1b3fec7000 r-xp 00000000 08:11 393722                     /lib/x86_64-linux-gnu/libsystemd.so.0.3.1
7f1b3fec7000-7f1b400c7000 ---p 00021000 08:11 393722                     /lib/x86_64-linux-gnu/libsystemd.so.0.3.1
7f1b400c7000-7f1b400c8000 r--p 00021000 08:11 393722                     /lib/x86_64-linux-gnu/libsystemd.so.0.3.1
7f1b400c8000-7f1b400c9000 rw-p 00022000 08:11 393722                     /lib/x86_64-linux-gnu/libsystemd.so.0.3.1
7f1b400c9000-7f1b400d0000 r-xp 00000000 08:11 1313147                    /usr/lib/x86_64-linux-gnu/libSM.so.6.0.1
7f1b400d0000-7f1b402cf000 ---p 00007000 08:11 1313147                    /usr/lib/x86_64-linux-gnu/libSM.so.6.0.1
7f1b402cf000-7f1b402d0000 r--p 00006000 08:11 1313147                    /usr/lib/x86_64-linux-gnu/libSM.so.6.0.1
7f1b402d0000-7f1b402d1000 rw-p 00007000 08:11 1313147                    /usr/lib/x86_64-linux-gnu/libSM.so.6.0.1
7f1b402d1000-7f1b402d5000 r-xp 00000000 08:11 393218                     /lib/x86_64-linux-gnu/libcap.so.2.24
7f1b402d5000-7f1b404d4000 ---p 00004000 08:11 393218                     /lib/x86_64-linux-gnu/libcap.so.2.24
7f1b404d4000-7f1b404d5000 r--p 00003000 08:11 393218                     /lib/x86_64-linux-gnu/libcap.so.2.24
7f1b404d5000-7f1b404d6000 rw-p 00004000 08:11 393218                     /lib/x86_64-linux-gnu/libcap.so.2.24
7f1b404d6000-7f1b4051d000 r-xp 00000000 08:11 393809                     /lib/x86_64-linux-gnu/libdbus-1.so.3.8.10
7f1b4051d000-7f1b4071c000 ---p 00047000 08:11 393809                     /lib/x86_64-linux-gnu/libdbus-1.so.3.8.10
7f1b4071c000-7f1b4071d000 r--p 00046000 08:11 393809                     /lib/x86_64-linux-gnu/libdbus-1.so.3.8.10
7f1b4071d000-7f1b4071e000 rw-p 00047000 08:11 393809                     /lib/x86_64-linux-gnu/libdbus-1.so.3.8.10
7f1b4071e000-7f1b40795000 r-xp 00000000 08:11 1315203                    /usr/lib/x86_64-linux-gnu/pulseaudio/libpulsecommon-5.0.so
7f1b40795000-7f1b40995000 ---p 00077000 08:11 1315203                    /usr/lib/x86_64-linux-gnu/pulseaudio/libpulsecommon-5.0.so
7f1b40995000-7f1b40996000 r--p 00077000 08:11 1315203                    /usr/lib/x86_64-linux-gnu/pulseaudio/libpulsecommon-5.0.so
7f1b40996000-7f1b40998000 rw-p 00078000 08:11 1315203                    /usr/lib/x86_64-linux-gnu/pulseaudio/libpulsecommon-5.0.so
7f1b40998000-7f1b409a2000 r-xp 00000000 08:11 394170                     /lib/x86_64-linux-gnu/libjson-c.so.2.0.0
7f1b409a2000-7f1b40ba1000 ---p 0000a000 08:11 394170                     /lib/x86_64-linux-gnu/libjson-c.so.2.0.0
7f1b40ba1000-7f1b40ba2000 r--p 00009000 08:11 394170                     /lib/x86_64-linux-gnu/libjson-c.so.2.0.0
7f1b40ba2000-7f1b40ba3000 rw-p 0000a000 08:11 394170                     /lib/x86_64-linux-gnu/libjson-c.so.2.0.0
7f1b40ba3000-7f1b40bf1000 r-xp 00000000 08:11 1314084                    /usr/lib/x86_64-linux-gnu/libpulse.so.0.17.3
7f1b40bf1000-7f1b40df1000 ---p 0004e000 08:11 1314084                    /usr/lib/x86_64-linux-gnu/libpulse.so.0.17.3
7f1b40df1000-7f1b40df3000 r--p 0004e000 08:11 1314084                    /usr/lib/x86_64-linux-gnu/libpulse.so.0.17.3
7f1b40df3000-7f1b40df4000 rw-p 00050000 08:11 1314084                    /usr/lib/x86_64-linux-gnu/libpulse.so.0.17.3
7f1b40ef5000-7f1b40ef8000 ---p 00000000 00:00 0 
7f1b40ef8000-7f1b40ff6000 rw-p 00000000 00:00 0                          [stack:17521]
7f1b40ff6000-7f1b410e6000 r-xp 00000000 08:11 1313856                    /usr/lib/x86_64-linux-gnu/libasound.so.2.0.0
7f1b410e6000-7f1b412e5000 ---p 000f0000 08:11 1313856                    /usr/lib/x86_64-linux-gnu/libasound.so.2.0.0
7f1b412e5000-7f1b412ec000 r--p 000ef000 08:11 1313856                    /usr/lib/x86_64-linux-gnu/libasound.so.2.0.0
7f1b412ec000-7f1b412ee000 rw-p 000f6000 08:11 1313856                    /usr/lib/x86_64-linux-gnu/libasound.so.2.0.0
7f1b412ee000-7f1b412fd000 r-xp 00000000 08:11 2240448                    /usr/lib/jvm/jdk1.8.0_31/jre/lib/amd64/libjsoundalsa.so
7f1b412fd000-7f1b414fc000 ---p 0000f000 08:11 2240448                    /usr/lib/jvm/jdk1.8.0_31/jre/lib/amd64/libjsoundalsa.so
7f1b414fc000-7f1b414fd000 rw-p 0000e000 08:11 2240448                    /usr/lib/jvm/jdk1.8.0_31/jre/lib/amd64/libjsoundalsa.so
7f1b414fd000-7f1b414fe000 r-xp 00000000 08:11 2240452                    /usr/lib/jvm/jdk1.8.0_31/jre/lib/amd64/libjsound.so
7f1b414fe000-7f1b416fd000 ---p 00001000 08:11 2240452                    /usr/lib/jvm/jdk1.8.0_31/jre/lib/amd64/libjsound.so
7f1b416fd000-7f1b416fe000 rw-p 00000000 08:11 2240452                    /usr/lib/jvm/jdk1.8.0_31/jre/lib/amd64/libjsound.so
7f1b416fe000-7f1b41bfe000 rw-s 00000000 00:04 1376767                    /drm mm object (deleted)
7f1b41bfe000-7f1b420fe000 rw-s 00000000 00:04 1376766                    /drm mm object (deleted)
7f1b420fe000-7f1b4210c000 r-xp 00000000 08:11 393942                     /lib/x86_64-linux-gnu/libudev.so.1.5.0
7f1b4210c000-7f1b4230b000 ---p 0000e000 08:11 393942                     /lib/x86_64-linux-gnu/libudev.so.1.5.0
7f1b4230b000-7f1b4230c000 r--p 0000d000 08:11 393942                     /lib/x86_64-linux-gnu/libudev.so.1.5.0
7f1b4230c000-7f1b4230d000 rw-p 0000e000 08:11 393942                     /lib/x86_64-linux-gnu/libudev.so.1.5.0
7f1b4230d000-7f1b4230f000 r-xp 00000000 08:11 1316635                    /usr/lib/x86_64-linux-gnu/libXinerama.so.1.0.0
7f1b4230f000-7f1b4250e000 ---p 00002000 08:11 1316635                    /usr/lib/x86_64-linux-gnu/libXinerama.so.1.0.0
7f1b4250e000-7f1b4250f000 r--p 00001000 08:11 1316635                    /usr/lib/x86_64-linux-gnu/libXinerama.so.1.0.0
7f1b4250f000-7f1b42510000 rw-p 00002000 08:11 1316635                    /usr/lib/x86_64-linux-gnu/libXinerama.so.1.0.0
7f1b42510000-7f1b42547000 r-xp 00000000 08:11 1316797                    /usr/lib/x86_64-linux-gnu/libtxc_dxtn_s2tc.so.0.0.0
7f1b42547000-7f1b42746000 ---p 00037000 08:11 1316797                    /usr/lib/x86_64-linux-gnu/libtxc_dxtn_s2tc.so.0.0.0
7f1b42746000-7f1b42747000 r--p 00036000 08:11 1316797                    /usr/lib/x86_64-linux-gnu/libtxc_dxtn_s2tc.so.0.0.0
7f1b42747000-7f1b42748000 rw-p 00037000 08:11 1316797                    /usr/lib/x86_64-linux-gnu/libtxc_dxtn_s2tc.so.0.0.0
7f1b42748000-7f1b42762000 r-xp 00000000 08:11 393684                     /lib/x86_64-linux-gnu/libz.so.1.2.8
7f1b42762000-7f1b42961000 ---p 0001a000 08:11 393684                     /lib/x86_64-linux-gnu/libz.so.1.2.8
7f1b42961000-7f1b42962000 r--p 00019000 08:11 393684                     /lib/x86_64-linux-gnu/libz.so.1.2.8
7f1b42962000-7f1b42963000 rw-p 0001a000 08:11 393684                     /lib/x86_64-linux-gnu/libz.so.1.2.8
7f1b42963000-7f1b4296b000 r-xp 00000000 08:11 1312442                    /usr/lib/x86_64-linux-gnu/libpciaccess.so.0.11.1
7f1b4296b000-7f1b42b6b000 ---p 00008000 08:11 1312442                    /usr/lib/x86_64-linux-gnu/libpciaccess.so.0.11.1
7f1b42b6b000-7f1b42b6c000 r--p 00008000 08:11 1312442                    /usr/lib/x86_64-linux-gnu/libpciaccess.so.0.11.1
7f1b42b6c000-7f1b42b6d000 rw-p 00009000 08:11 1312442                    /usr/lib/x86_64-linux-gnu/libpciaccess.so.0.11.1
7f1b42b6d000-7f1b42c59000 r-xp 00000000 08:11 1313581                    /usr/lib/x86_64-linux-gnu/libstdc++.so.6.0.20
7f1b42c59000-7f1b42e59000 ---p 000ec000 08:11 1313581                    /usr/lib/x86_64-linux-gnu/libstdc++.so.6.0.20
7f1b42e59000-7f1b42e61000 r--p 000ec000 08:11 1313581                    /usr/lib/x86_64-linux-gnu/libstdc++.so.6.0.20
7f1b42e61000-7f1b42e63000 rw-p 000f4000 08:11 1313581                    /usr/lib/x86_64-linux-gnu/libstdc++.so.6.0.20
7f1b42e63000-7f1b42e78000 rw-p 00000000 00:00 0 
7f1b42e78000-7f1b42e84000 r-xp 00000000 08:11 1317459                    /usr/lib/x86_64-linux-gnu/libdrm_radeon.so.1.0.1
7f1b42e84000-7f1b43083000 ---p 0000c000 08:11 1317459                    /usr/lib/x86_64-linux-gnu/libdrm_radeon.so.1.0.1
7f1b43083000-7f1b43084000 r--p 0000b000 08:11 1317459                    /usr/lib/x86_64-linux-gnu/libdrm_radeon.so.1.0.1
7f1b43084000-7f1b43085000 rw-p 0000c000 08:11 1317459                    /usr/lib/x86_64-linux-gnu/libdrm_radeon.so.1.0.1
7f1b43085000-7f1b4308b000 r-xp 00000000 08:11 1317705                    /usr/lib/x86_64-linux-gnu/libdrm_nouveau.so.2.0.0
7f1b4308b000-7f1b4328a000 ---p 00006000 08:11 1317705                    /usr/lib/x86_64-linux-gnu/libdrm_nouveau.so.2.0.0
7f1b4328a000-7f1b4328b000 r--p 00005000 08:11 1317705                    /usr/lib/x86_64-linux-gnu/libdrm_nouveau.so.2.0.0
7f1b4328b000-7f1b4328c000 rw-p 00006000 08:11 1317705                    /usr/lib/x86_64-linux-gnu/libdrm_nouveau.so.2.0.0
7f1b4328c000-7f1b432ad000 r-xp 00000000 08:11 1312658                    /usr/lib/x86_64-linux-gnu/libdrm_intel.so.1.0.0
7f1b432ad000-7f1b434ac000 ---p 00021000 08:11 1312658                    /usr/lib/x86_64-linux-gnu/libdrm_intel.so.1.0.0
7f1b434ac000-7f1b434ad000 r--p 00020000 08:11 1312658                    /usr/lib/x86_64-linux-gnu/libdrm_intel.so.1.0.0
7f1b434ad000-7f1b434ae000 rw-p 00021000 08:11 1312658                    /usr/lib/x86_64-linux-gnu/libdrm_intel.so.1.0.0
7f1b434ae000-7f1b439cc000 r-xp 00000000 08:11 1312473                    /usr/lib/x86_64-linux-gnu/dri/i965_dri.so
7f1b439cc000-7f1b43bcc000 ---p 0051e000 08:11 1312473                    /usr/lib/x86_64-linux-gnu/dri/i965_dri.so
7f1b43bcc000-7f1b43be8000 r--p 0051e000 08:11 1312473                    /usr/lib/x86_64-linux-gnu/dri/i965_dri.so
7f1b43be8000-7f1b43bee000 rw-p 0053a000 08:11 1312473                    /usr/lib/x86_64-linux-gnu/dri/i965_dri.so
7f1b43bee000-7f1b43df9000 rw-p 00000000 00:00 0 
7f1b43df9000-7f1b43dff000 r-xp 00000000 08:11 1180552                    /usr/lib/mesa-diverted/x86_64-linux-gnu/libGLESv2.so.2.0.0
7f1b43dff000-7f1b43ffe000 ---p 00006000 08:11 1180552                    /usr/lib/mesa-diverted/x86_64-linux-gnu/libGLESv2.so.2.0.0
7f1b43ffe000-7f1b43fff000 r--p 00005000 08:11 1180552                    /usr/lib/mesa-diverted/x86_64-linux-gnu/libGLESv2.so.2.0.0
7f1b43fff000-7f1b44000000 rw-p 00006000 08:11 1180552                    /usr/lib/mesa-diverted/x86_64-linux-gnu/libGLESv2.so.2.0.0
7f1b44000000-7f1b467e5000 rw-p 00000000 00:00 0 
7f1b467e5000-7f1b48000000 ---p 00000000 00:00 0 
7f1b48000000-7f1b48021000 rw-p 00000000 00:00 0 
7f1b48021000-7f1b4c000000 ---p 00000000 00:00 0 
7f1b4c048000-7f1b4c04b000 ---p 00000000 00:00 0 
7f1b4c04b000-7f1b4c149000 rw-p 00000000 00:00 0                          [stack:17515]
7f1b4c149000-7f1b4c18e000 r-xp 00000000 08:11 1988854                    /tmp/jogamp_0000/file_cache/jln923769599396498009/jln2590740745001057040/libjogl_mobile.so
7f1b4c18e000-7f1b4c38e000 ---p 00045000 08:11 1988854                    /tmp/jogamp_0000/file_cache/jln923769599396498009/jln2590740745001057040/libjogl_mobile.so
7f1b4c38e000-7f1b4c38f000 rw-p 00045000 08:11 1988854                    /tmp/jogamp_0000/file_cache/jln923769599396498009/jln2590740745001057040/libjogl_mobile.so
7f1b4c38f000-7f1b4c396000 r-xp 00000000 08:11 1311207                    /usr/lib/x86_64-linux-gnu/libffi.so.6.0.2
7f1b4c396000-7f1b4c595000 ---p 00007000 08:11 1311207                    /usr/lib/x86_64-linux-gnu/libffi.so.6.0.2
7f1b4c595000-7f1b4c596000 r--p 00006000 08:11 1311207                    /usr/lib/x86_64-linux-gnu/libffi.so.6.0.2
7f1b4c596000-7f1b4c597000 rw-p 00007000 08:11 1311207                    /usr/lib/x86_64-linux-gnu/libffi.so.6.0.2
7f1b4c597000-7f1b4c5a4000 r-xp 00000000 08:11 1314293                    /usr/lib/x86_64-linux-gnu/libgbm.so.1.0.0
7f1b4c5a4000-7f1b4c7a3000 ---p 0000d000 08:11 1314293                    /usr/lib/x86_64-linux-gnu/libgbm.so.1.0.0
7f1b4c7a3000-7f1b4c7a4000 r--p 0000c000 08:11 1314293                    /usr/lib/x86_64-linux-gnu/libgbm.so.1.0.0
7f1b4c7a4000-7f1b4c7a5000 rw-p 0000d000 08:11 1314293                    /usr/lib/x86_64-linux-gnu/libgbm.so.1.0.0
7f1b4c7a5000-7f1b4c7b4000 r-xp 00000000 08:11 1314915                    /usr/lib/x86_64-linux-gnu/libwayland-server.so.0.1.0
7f1b4c7b4000-7f1b4c9b4000 ---p 0000f000 08:11 1314915                    /usr/lib/x86_64-linux-gnu/libwayland-server.so.0.1.0
7f1b4c9b4000-7f1b4c9b6000 r--p 0000f000 08:11 1314915                    /usr/lib/x86_64-linux-gnu/libwayland-server.so.0.1.0
7f1b4c9b6000-7f1b4c9b7000 rw-p 00011000 08:11 1314915                    /usr/lib/x86_64-linux-gnu/libwayland-server.so.0.1.0
7f1b4c9b7000-7f1b4c9c3000 r-xp 00000000 08:11 1316306                    /usr/lib/x86_64-linux-gnu/libwayland-client.so.0.3.0
7f1b4c9c3000-7f1b4cbc2000 ---p 0000c000 08:11 1316306                    /usr/lib/x86_64-linux-gnu/libwayland-client.so.0.3.0
7f1b4cbc2000-7f1b4cbc5000 r--p 0000b000 08:11 1316306                    /usr/lib/x86_64-linux-gnu/libwayland-client.so.0.3.0
7f1b4cbc5000-7f1b4cbc6000 rw-p 0000e000 08:11 1316306                    /usr/lib/x86_64-linux-gnu/libwayland-client.so.0.3.0
7f1b4cbc6000-7f1b4cbc9000 r-xp 00000000 08:11 1312486                    /usr/lib/x86_64-linux-gnu/libxcb-shape.so.0.0.0
7f1b4cbc9000-7f1b4cdc8000 ---p 00003000 08:11 1312486                    /usr/lib/x86_64-linux-gnu/libxcb-shape.so.0.0.0
7f1b4cdc8000-7f1b4cdc9000 r--p 00002000 08:11 1312486                    /usr/lib/x86_64-linux-gnu/libxcb-shape.so.0.0.0
7f1b4cdc9000-7f1b4cdca000 rw-p 00003000 08:11 1312486                    /usr/lib/x86_64-linux-gnu/libxcb-shape.so.0.0.0
7f1b4cdca000-7f1b4cdd3000 r-xp 00000000 08:11 1320235                    /usr/lib/x86_64-linux-gnu/libxcb-render.so.0.0.0
7f1b4cdd3000-7f1b4cfd2000 ---p 00009000 08:11 1320235                    /usr/lib/x86_64-linux-gnu/libxcb-render.so.0.0.0
7f1b4cfd2000-7f1b4cfd3000 r--p 00008000 08:11 1320235                    /usr/lib/x86_64-linux-gnu/libxcb-render.so.0.0.0
7f1b4cfd3000-7f1b4cfd4000 rw-p 00009000 08:11 1320235                    /usr/lib/x86_64-linux-gnu/libxcb-render.so.0.0.0
7f1b4cfd4000-7f1b4cfda000 r-xp 00000000 08:11 1313209                    /usr/lib/x86_64-linux-gnu/libxcb-xfixes.so.0.0.0
7f1b4cfda000-7f1b4d1da000 ---p 00006000 08:11 1313209                    /usr/lib/x86_64-linux-gnu/libxcb-xfixes.so.0.0.0
7f1b4d1da000-7f1b4d1db000 r--p 00006000 08:11 1313209                    /usr/lib/x86_64-linux-gnu/libxcb-xfixes.so.0.0.0
7f1b4d1db000-7f1b4d1dc000 rw-p 00007000 08:11 1313209                    /usr/lib/x86_64-linux-gnu/libxcb-xfixes.so.0.0.0
7f1b4d1dc000-7f1b4d204000 r-xp 00000000 08:11 1179661                    /usr/lib/mesa-diverted/x86_64-linux-gnu/libEGL.so.1.0.0
7f1b4d204000-7f1b4d403000 ---p 00028000 08:11 1179661                    /usr/lib/mesa-diverted/x86_64-linux-gnu/libEGL.so.1.0.0
7f1b4d403000-7f1b4d404000 r--p 00027000 08:11 1179661                    /usr/lib/mesa-diverted/x86_64-linux-gnu/libEGL.so.1.0.0
7f1b4d404000-7f1b4d405000 rw-p 00028000 08:11 1179661                    /usr/lib/mesa-diverted/x86_64-linux-gnu/libEGL.so.1.0.0
7f1b4d405000-7f1b4d406000 rw-p 00000000 00:00 0 
7f1b4d406000-7f1b4d40a000 r-xp 00000000 08:11 1184816                    /usr/lib/mesa-diverted/x86_64-linux-gnu/libGLESv1_CM.so.1.1.0
7f1b4d40a000-7f1b4d609000 ---p 00004000 08:11 1184816                    /usr/lib/mesa-diverted/x86_64-linux-gnu/libGLESv1_CM.so.1.1.0
7f1b4d609000-7f1b4d60a000 r--p 00003000 08:11 1184816                    /usr/lib/mesa-diverted/x86_64-linux-gnu/libGLESv1_CM.so.1.1.0
7f1b4d60a000-7f1b4d60b000 rw-p 00004000 08:11 1184816                    /usr/lib/mesa-diverted/x86_64-linux-gnu/libGLESv1_CM.so.1.1.0
7f1b4d60b000-7f1b4d6b0000 r-xp 00000000 08:11 1988853                    /tmp/jogamp_0000/file_cache/jln923769599396498009/jln2590740745001057040/libjogl_desktop.so
7f1b4d6b0000-7f1b4d8b0000 ---p 000a5000 08:11 1988853                    /tmp/jogamp_0000/file_cache/jln923769599396498009/jln2590740745001057040/libjogl_desktop.so
7f1b4d8b0000-7f1b4d8b1000 rw-p 000a5000 08:11 1988853                    /tmp/jogamp_0000/file_cache/jln923769599396498009/jln2590740745001057040/libjogl_desktop.so
7f1b4d8b1000-7f1b4d8bd000 r-xp 00000000 08:11 1317768                    /usr/lib/x86_64-linux-gnu/libdrm.so.2.4.0
7f1b4d8bd000-7f1b4dabc000 ---p 0000c000 08:11 1317768                    /usr/lib/x86_64-linux-gnu/libdrm.so.2.4.0
7f1b4dabc000-7f1b4dabd000 r--p 0000b000 08:11 1317768                    /usr/lib/x86_64-linux-gnu/libdrm.so.2.4.0
7f1b4dabd000-7f1b4dabe000 rw-p 0000c000 08:11 1317768                    /usr/lib/x86_64-linux-gnu/libdrm.so.2.4.0
7f1b4dabe000-7f1b4dabf000 r-xp 00000000 08:11 1316882                    /usr/lib/x86_64-linux-gnu/libxshmfence.so.1.0.0
7f1b4dabf000-7f1b4dcbe000 ---p 00001000 08:11 1316882                    /usr/lib/x86_64-linux-gnu/libxshmfence.so.1.0.0
7f1b4dcbe000-7f1b4dcbf000 r--p 00000000 08:11 1316882                    /usr/lib/x86_64-linux-gnu/libxshmfence.so.1.0.0
7f1b4dcbf000-7f1b4dcc0000 rw-p 00001000 08:11 1316882                    /usr/lib/x86_64-linux-gnu/libxshmfence.so.1.0.0
7f1b4dcc0000-7f1b4dcc5000 r-xp 00000000 08:11 1315759                    /usr/lib/x86_64-linux-gnu/libxcb-sync.so.1.0.0
7f1b4dcc5000-7f1b4dec5000 ---p 00005000 08:11 1315759                    /usr/lib/x86_64-linux-gnu/libxcb-sync.so.1.0.0
7f1b4dec5000-7f1b4dec6000 r--p 00005000 08:11 1315759                    /usr/lib/x86_64-linux-gnu/libxcb-sync.so.1.0.0
7f1b4dec6000-7f1b4dec7000 rw-p 00006000 08:11 1315759                    /usr/lib/x86_64-linux-gnu/libxcb-sync.so.1.0.0
7f1b4dec7000-7f1b4dec9000 r-xp 00000000 08:11 1317437                    /usr/lib/x86_64-linux-gnu/libxcb-present.so.0.0.0
7f1b4dec9000-7f1b4e0c8000 ---p 00002000 08:11 1317437                    /usr/lib/x86_64-linux-gnu/libxcb-present.so.0.0.0
7f1b4e0c8000-7f1b4e0c9000 r--p 00001000 08:11 1317437                    /usr/lib/x86_64-linux-gnu/libxcb-present.so.0.0.0
7f1b4e0c9000-7f1b4e0ca000 rw-p 00002000 08:11 1317437                    /usr/lib/x86_64-linux-gnu/libxcb-present.so.0.0.0
7f1b4e0ca000-7f1b4e0cc000 r-xp 00000000 08:11 1313718                    /usr/lib/x86_64-linux-gnu/libxcb-dri3.so.0.0.0
7f1b4e0cc000-7f1b4e2cb000 ---p 00002000 08:11 1313718                    /usr/lib/x86_64-linux-gnu/libxcb-dri3.so.0.0.0
7f1b4e2cb000-7f1b4e2cc000 r--p 00001000 08:11 1313718                    /usr/lib/x86_64-linux-gnu/libxcb-dri3.so.0.0.0
7f1b4e2cc000-7f1b4e2cd000 rw-p 00002000 08:11 1313718                    /usr/lib/x86_64-linux-gnu/libxcb-dri3.so.0.0.0
7f1b4e2cd000-7f1b4e2d1000 r-xp 00000000 08:11 1312874                    /usr/lib/x86_64-linux-gnu/libxcb-dri2.so.0.0.0
7f1b4e2d1000-7f1b4e4d0000 ---p 00004000 08:11 1312874                    /usr/lib/x86_64-linux-gnu/libxcb-dri2.so.0.0.0
7f1b4e4d0000-7f1b4e4d1000 r--p 00003000 08:11 1312874                    /usr/lib/x86_64-linux-gnu/libxcb-dri2.so.0.0.0
7f1b4e4d1000-7f1b4e4d2000 rw-p 00004000 08:11 1312874                    /usr/lib/x86_64-linux-gnu/libxcb-dri2.so.0.0.0
7f1b4e4d2000-7f1b4e4e9000 r-xp 00000000 08:11 1314543                    /usr/lib/x86_64-linux-gnu/libxcb-glx.so.0.0.0
7f1b4e4e9000-7f1b4e6e8000 ---p 00017000 08:11 1314543                    /usr/lib/x86_64-linux-gnu/libxcb-glx.so.0.0.0
7f1b4e6e8000-7f1b4e6ea000 r--p 00016000 08:11 1314543                    /usr/lib/x86_64-linux-gnu/libxcb-glx.so.0.0.0
7f1b4e6ea000-7f1b4e6eb000 rw-p 00018000 08:11 1314543                    /usr/lib/x86_64-linux-gnu/libxcb-glx.so.0.0.0
7f1b4e6eb000-7f1b4e6ec000 r-xp 00000000 08:11 1318061                    /usr/lib/x86_64-linux-gnu/libX11-xcb.so.1.0.0
7f1b4e6ec000-7f1b4e8eb000 ---p 00001000 08:11 1318061                    /usr/lib/x86_64-linux-gnu/libX11-xcb.so.1.0.0
7f1b4e8eb000-7f1b4e8ec000 r--p 00000000 08:11 1318061                    /usr/lib/x86_64-linux-gnu/libX11-xcb.so.1.0.0
7f1b4e8ec000-7f1b4e8ed000 rw-p 00001000 08:11 1318061                    /usr/lib/x86_64-linux-gnu/libX11-xcb.so.1.0.0
7f1b4e8ed000-7f1b4e8ef000 r-xp 00000000 08:11 1316876                    /usr/lib/x86_64-linux-gnu/libXdamage.so.1.1.0
7f1b4e8ef000-7f1b4eaee000 ---p 00002000 08:11 1316876                    /usr/lib/x86_64-linux-gnu/libXdamage.so.1.1.0
7f1b4eaee000-7f1b4eaef000 r--p 00001000 08:11 1316876                    /usr/lib/x86_64-linux-gnu/libXdamage.so.1.1.0
7f1b4eaef000-7f1b4eaf0000 rw-p 00002000 08:11 1316876                    /usr/lib/x86_64-linux-gnu/libXdamage.so.1.1.0
7f1b4eaf0000-7f1b4eb15000 r-xp 00000000 08:11 1311159                    /usr/lib/x86_64-linux-gnu/libglapi.so.0.0.0
7f1b4eb15000-7f1b4ed15000 ---p 00025000 08:11 1311159                    /usr/lib/x86_64-linux-gnu/libglapi.so.0.0.0
7f1b4ed15000-7f1b4ed18000 r--p 00025000 08:11 1311159                    /usr/lib/x86_64-linux-gnu/libglapi.so.0.0.0
7f1b4ed18000-7f1b4ed19000 rw-p 00028000 08:11 1311159                    /usr/lib/x86_64-linux-gnu/libglapi.so.0.0.0
7f1b4ed19000-7f1b4ed1a000 rw-p 00000000 00:00 0 
7f1b4ed1a000-7f1b4ed40000 r-xp 00000000 08:11 393642                     /lib/x86_64-linux-gnu/libexpat.so.1.6.0
7f1b4ed40000-7f1b4ef3f000 ---p 00026000 08:11 393642                     /lib/x86_64-linux-gnu/libexpat.so.1.6.0
7f1b4ef3f000-7f1b4ef42000 r--p 00025000 08:11 393642                     /lib/x86_64-linux-gnu/libexpat.so.1.6.0
7f1b4ef42000-7f1b4ef43000 rw-p 00028000 08:11 393642                     /lib/x86_64-linux-gnu/libexpat.so.1.6.0
7f1b4ef43000-7f1b4efd9000 r-xp 00000000 08:11 1179742                    /usr/lib/mesa-diverted/x86_64-linux-gnu/libGL.so.1.2.0
7f1b4efd9000-7f1b4f1d8000 ---p 00096000 08:11 1179742                    /usr/lib/mesa-diverted/x86_64-linux-gnu/libGL.so.1.2.0
7f1b4f1d8000-7f1b4f1db000 r--p 00095000 08:11 1179742                    /usr/lib/mesa-diverted/x86_64-linux-gnu/libGL.so.1.2.0
7f1b4f1db000-7f1b4f1dc000 rw-p 00098000 08:11 1179742                    /usr/lib/mesa-diverted/x86_64-linux-gnu/libGL.so.1.2.0
7f1b4f1dc000-7f1b4f3dd000 rw-p 00000000 00:00 0 
7f1b4f3dd000-7f1b4f3e4000 r-xp 00000000 08:11 1988856                    /tmp/jogamp_0000/file_cache/jln923769599396498009/jln2590740745001057040/libnativewindow_x11.so
7f1b4f3e4000-7f1b4f5e3000 ---p 00007000 08:11 1988856                    /tmp/jogamp_0000/file_cache/jln923769599396498009/jln2590740745001057040/libnativewindow_x11.so
7f1b4f5e3000-7f1b4f5e4000 rw-p 00006000 08:11 1988856                    /tmp/jogamp_0000/file_cache/jln923769599396498009/jln2590740745001057040/libnativewindow_x11.so
7f1b4f5e4000-7f1b4f5e9000 r-xp 00000000 08:11 1316626                    /usr/lib/x86_64-linux-gnu/libXxf86vm.so.1.0.0
7f1b4f5e9000-7f1b4f7e8000 ---p 00005000 08:11 1316626                    /usr/lib/x86_64-linux-gnu/libXxf86vm.so.1.0.0
7f1b4f7e8000-7f1b4f7e9000 r--p 00004000 08:11 1316626                    /usr/lib/x86_64-linux-gnu/libXxf86vm.so.1.0.0
7f1b4f7e9000-7f1b4f7ea000 rw-p 00005000 08:11 1316626                    /usr/lib/x86_64-linux-gnu/libXxf86vm.so.1.0.0
7f1b4f7ea000-7f1b4f7ec000 r-xp 00000000 08:11 1988855                    /tmp/jogamp_0000/file_cache/jln923769599396498009/jln2590740745001057040/libnativewindow_awt.so
7f1b4f7ec000-7f1b4f9eb000 ---p 00002000 08:11 1988855                    /tmp/jogamp_0000/file_cache/jln923769599396498009/jln2590740745001057040/libnativewindow_awt.so
7f1b4f9eb000-7f1b4f9ec000 rw-p 00001000 08:11 1988855                    /tmp/jogamp_0000/file_cache/jln923769599396498009/jln2590740745001057040/libnativewindow_awt.so
7f1b4f9ec000-7f1b4f9ed000 r-xp 00000000 08:11 2240464                    /usr/lib/jvm/jdk1.8.0_31/jre/lib/amd64/libjawt.so
7f1b4f9ed000-7f1b4fbec000 ---p 00001000 08:11 2240464                    /usr/lib/jvm/jdk1.8.0_31/jre/lib/amd64/libjawt.so
7f1b4fbec000-7f1b4fbed000 rw-p 00000000 08:11 2240464                    /usr/lib/jvm/jdk1.8.0_31/jre/lib/amd64/libjawt.so
7f1b4fbed000-7f1b4fbef000 r-xp 00000000 08:11 1988852                    /tmp/jogamp_0000/file_cache/jln923769599396498009/jln2590740745001057040/libgluegen-rt.so
7f1b4fbef000-7f1b4fdee000 ---p 00002000 08:11 1988852                    /tmp/jogamp_0000/file_cache/jln923769599396498009/jln2590740745001057040/libgluegen-rt.so
7f1b4fdee000-7f1b4fdef000 rw-p 00001000 08:11 1988852                    /tmp/jogamp_0000/file_cache/jln923769599396498009/jln2590740745001057040/libgluegen-rt.so
7f1b4fdef000-7f1b4fe00000 r-xp 00000000 08:11 2240484                    /usr/lib/jvm/jdk1.8.0_31/jre/lib/amd64/libnio.so
7f1b4fe00000-7f1b4ffff000 ---p 00011000 08:11 2240484                    /usr/lib/jvm/jdk1.8.0_31/jre/lib/amd64/libnio.so
7f1b4ffff000-7f1b50000000 rw-p 00010000 08:11 2240484                    /usr/lib/jvm/jdk1.8.0_31/jre/lib/amd64/libnio.so
7f1b50000000-7f1b52746000 rw-p 00000000 00:00 0 
7f1b52746000-7f1b54000000 ---p 00000000 00:00 0 
7f1b54000000-7f1b54a19000 rw-p 00000000 00:00 0 
7f1b54a19000-7f1b58000000 ---p 00000000 00:00 0 
7f1b58000000-7f1b58021000 rw-p 00000000 00:00 0 
7f1b58021000-7f1b5c000000 ---p 00000000 00:00 0 
7f1b5c000000-7f1b5c021000 rw-p 00000000 00:00 0 
7f1b5c021000-7f1b60000000 ---p 00000000 00:00 0 
7f1b60000000-7f1b60024000 rw-p 00000000 00:00 0 
7f1b60024000-7f1b64000000 ---p 00000000 00:00 0 
7f1b64000000-7f1b64040000 rw-p 00000000 00:00 0 
7f1b64040000-7f1b68000000 ---p 00000000 00:00 0 
7f1b68000000-7f1b68021000 rw-p 00000000 00:00 0 
7f1b68021000-7f1b6c000000 ---p 00000000 00:00 0 
7f1b6c000000-7f1b6c021000 rw-p 00000000 00:00 0 
7f1b6c021000-7f1b70000000 ---p 00000000 00:00 0 
7f1b70000000-7f1b702d4000 rw-p 00000000 00:00 0 
7f1b702d4000-7f1b74000000 ---p 00000000 00:00 0 
7f1b74000000-7f1b74021000 rw-p 00000000 00:00 0 
7f1b74021000-7f1b78000000 ---p 00000000 00:00 0 
7f1b78000000-7f1b782cd000 rw-p 00000000 00:00 0 
7f1b782cd000-7f1b7c000000 ---p 00000000 00:00 0 
7f1b7c000000-7f1b7c179000 rw-p 00000000 00:00 0 
7f1b7c179000-7f1b80000000 ---p 00000000 00:00 0 
7f1b80000000-7f1b80021000 rw-p 00000000 00:00 0 
7f1b80021000-7f1b84000000 ---p 00000000 00:00 0 
7f1b84000000-7f1b84021000 rw-p 00000000 00:00 0 
7f1b84021000-7f1b88000000 ---p 00000000 00:00 0 
7f1b88000000-7f1b88021000 rw-p 00000000 00:00 0 
7f1b88021000-7f1b8c000000 ---p 00000000 00:00 0 
7f1b8c000000-7f1b8c021000 rw-p 00000000 00:00 0 
7f1b8c021000-7f1b90000000 ---p 00000000 00:00 0 
7f1b90000000-7f1b90021000 rw-p 00000000 00:00 0 
7f1b90021000-7f1b94000000 ---p 00000000 00:00 0 
7f1b94000000-7f1b94021000 rw-p 00000000 00:00 0 
7f1b94021000-7f1b98000000 ---p 00000000 00:00 0 
7f1b98000000-7f1b98021000 rw-p 00000000 00:00 0 
7f1b98021000-7f1b9c000000 ---p 00000000 00:00 0 
7f1b9c000000-7f1b9c021000 rw-p 00000000 00:00 0 
7f1b9c021000-7f1ba0000000 ---p 00000000 00:00 0 
7f1ba0047000-7f1ba005e000 r-xp 00000000 08:11 1432196                    /usr/local/lib/libICE.so.6.3.0
7f1ba005e000-7f1ba0060000 rw-p 00016000 08:11 1432196                    /usr/local/lib/libICE.so.6.3.0
7f1ba0060000-7f1ba0063000 rw-p 00000000 00:00 0 
7f1ba0099000-7f1ba009a000 rw-p 00000000 00:00 0 
7f1ba009a000-7f1ba009b000 rw-s 00000000 00:04 1376774                    /drm mm object (deleted)
7f1ba009b000-7f1ba00a3000 rw-s 00000000 00:04 1378709                    /drm mm object (deleted)
7f1ba00a3000-7f1ba00ab000 rw-s 00000000 00:04 1378708                    /drm mm object (deleted)
7f1ba00ab000-7f1ba00b2000 r--s 00000000 08:11 1329829                    /usr/lib/x86_64-linux-gnu/gconv/gconv-modules.cache
7f1ba00b2000-7f1ba00c5000 r--s 00344000 08:11 2238871                    /usr/lib/jvm/jdk1.8.0_31/jre/lib/resources.jar
7f1ba00c5000-7f1ba00c6000 rw-s 00000000 00:04 1376765                    /drm mm object (deleted)
7f1ba00c6000-7f1ba00ce000 rw-s 00000000 00:04 1376760                    /drm mm object (deleted)
7f1ba00ce000-7f1ba00d6000 rw-s 00000000 00:04 1378679                    /drm mm object (deleted)
7f1ba00d6000-7f1ba00de000 rw-s 00000000 00:04 1379418                    /drm mm object (deleted)
7f1ba00de000-7f1ba00e6000 rw-s 00000000 00:04 1376756                    /drm mm object (deleted)
7f1ba00e6000-7f1ba00ee000 rw-s 00000000 00:04 1379401                    /drm mm object (deleted)
7f1ba00ee000-7f1ba00f6000 rw-s 00000000 00:04 1376746                    /drm mm object (deleted)
7f1ba00f6000-7f1ba00f9000 ---p 00000000 00:00 0 
7f1ba00f9000-7f1ba04f8000 rw-p 00000000 00:00 0                          [stack:17498]
7f1ba04f8000-7f1ba050e000 r-xp 00000000 08:11 2240476                    /usr/lib/jvm/jdk1.8.0_31/jre/lib/amd64/libnet.so
7f1ba050e000-7f1ba070e000 ---p 00016000 08:11 2240476                    /usr/lib/jvm/jdk1.8.0_31/jre/lib/amd64/libnet.so
7f1ba070e000-7f1ba070f000 rw-p 00016000 08:11 2240476                    /usr/lib/jvm/jdk1.8.0_31/jre/lib/amd64/libnet.so
7f1ba070f000-7f1ba0712000 ---p 00000000 00:00 0 
7f1ba0712000-7f1ba0948000 rw-p 00000000 00:00 0                          [stack:17493]
7f1ba0948000-7f1ba0956000 r--s 000f3000 08:11 3961956                    /home/kof/processing-git/build/linux/work/lib/pde.jar
7f1ba0956000-7f1ba096a000 r--s 00141000 08:11 3961955                    /home/kof/processing-git/build/linux/work/lib/org.eclipse.osgi_3.8.1.v20120830-144521.jar
7f1ba096a000-7f1ba097e000 r--s 00127000 08:11 3961953                    /home/kof/processing-git/build/linux/work/lib/jna.jar
7f1ba097e000-7f1ba0981000 ---p 00000000 00:00 0 
7f1ba0981000-7f1ba0a7f000 rw-p 00000000 00:00 0                          [stack:17489]
7f1ba0a7f000-7f1ba0a82000 ---p 00000000 00:00 0 
7f1ba0a82000-7f1ba0b80000 rw-p 00000000 00:00 0                          [stack:17488]
7f1ba0b80000-7f1ba0b83000 ---p 00000000 00:00 0 
7f1ba0b83000-7f1ba0c81000 rw-p 00000000 00:00 0                          [stack:17487]
7f1ba0c81000-7f1ba0c84000 ---p 00000000 00:00 0 
7f1ba0c84000-7f1ba0f82000 rw-p 00000000 00:00 0 
7f1ba0f82000-7f1ba0f85000 ---p 00000000 00:00 0 
7f1ba0f85000-7f1ba1083000 rw-p 00000000 00:00 0 
7f1ba1083000-7f1ba1086000 ---p 00000000 00:00 0 
7f1ba1086000-7f1ba1184000 rw-p 00000000 00:00 0                          [stack:17484]
7f1ba1184000-7f1ba1189000 r-xp 00000000 08:11 1314833                    /usr/lib/x86_64-linux-gnu/libXfixes.so.3.1.0
7f1ba1189000-7f1ba1388000 ---p 00005000 08:11 1314833                    /usr/lib/x86_64-linux-gnu/libXfixes.so.3.1.0
7f1ba1388000-7f1ba1389000 r--p 00004000 08:11 1314833                    /usr/lib/x86_64-linux-gnu/libXfixes.so.3.1.0
7f1ba1389000-7f1ba138a000 rw-p 00005000 08:11 1314833                    /usr/lib/x86_64-linux-gnu/libXfixes.so.3.1.0
7f1ba138a000-7f1ba1394000 r-xp 00000000 08:11 1314983                    /usr/lib/x86_64-linux-gnu/libXcursor.so.1.0.2
7f1ba1394000-7f1ba1593000 ---p 0000a000 08:11 1314983                    /usr/lib/x86_64-linux-gnu/libXcursor.so.1.0.2
7f1ba1593000-7f1ba1594000 r--p 00009000 08:11 1314983                    /usr/lib/x86_64-linux-gnu/libXcursor.so.1.0.2
7f1ba1594000-7f1ba1595000 rw-p 0000a000 08:11 1314983                    /usr/lib/x86_64-linux-gnu/libXcursor.so.1.0.2
7f1ba1595000-7f1ba1598000 ---p 00000000 00:00 0 
7f1ba1598000-7f1ba1696000 rw-p 00000000 00:00 0                          [stack:17483]
7f1ba1696000-7f1ba16ac000 r-xp 00000000 08:11 393871                     /lib/x86_64-linux-gnu/libgcc_s.so.1
7f1ba16ac000-7f1ba18ab000 ---p 00016000 08:11 393871                     /lib/x86_64-linux-gnu/libgcc_s.so.1
7f1ba18ab000-7f1ba18ac000 rw-p 00015000 08:11 393871                     /lib/x86_64-linux-gnu/libgcc_s.so.1
7f1ba18ac000-7f1ba1911000 r-xp 00000000 08:11 2240446                    /usr/lib/jvm/jdk1.8.0_31/jre/lib/amd64/libfontmanager.so
7f1ba1911000-7f1ba1b10000 ---p 00065000 08:11 2240446                    /usr/lib/jvm/jdk1.8.0_31/jre/lib/amd64/libfontmanager.so
7f1ba1b10000-7f1ba1b14000 rw-p 00064000 08:11 2240446                    /usr/lib/jvm/jdk1.8.0_31/jre/lib/amd64/libfontmanager.so
7f1ba1b14000-7f1ba1b25000 rw-p 00000000 00:00 0 
7f1ba1b25000-7f1ba1b2a000 r-xp 00000000 08:11 1314306                    /usr/lib/x86_64-linux-gnu/libXdmcp.so.6.0.0
7f1ba1b2a000-7f1ba1d29000 ---p 00005000 08:11 1314306                    /usr/lib/x86_64-linux-gnu/libXdmcp.so.6.0.0
7f1ba1d29000-7f1ba1d2a000 rw-p 00004000 08:11 1314306                    /usr/lib/x86_64-linux-gnu/libXdmcp.so.6.0.0
7f1ba1d2a000-7f1ba1d2d000 r-xp 00000000 08:11 1318046                    /usr/lib/x86_64-linux-gnu/libXau.so.6.0.0
7f1ba1d2d000-7f1ba1f2c000 ---p 00003000 08:11 1318046                    /usr/lib/x86_64-linux-gnu/libXau.so.6.0.0
7f1ba1f2c000-7f1ba1f2d000 r--p 00002000 08:11 1318046                    /usr/lib/x86_64-linux-gnu/libXau.so.6.0.0
7f1ba1f2d000-7f1ba1f2e000 rw-p 00003000 08:11 1318046                    /usr/lib/x86_64-linux-gnu/libXau.so.6.0.0
7f1ba1f2e000-7f1ba1f4f000 r-xp 00000000 08:11 1313271                    /usr/lib/x86_64-linux-gnu/libxcb.so.1.1.0
7f1ba1f4f000-7f1ba214e000 ---p 00021000 08:11 1313271                    /usr/lib/x86_64-linux-gnu/libxcb.so.1.1.0
7f1ba214e000-7f1ba214f000 r--p 00020000 08:11 1313271                    /usr/lib/x86_64-linux-gnu/libxcb.so.1.1.0
7f1ba214f000-7f1ba2150000 rw-p 00021000 08:11 1313271                    /usr/lib/x86_64-linux-gnu/libxcb.so.1.1.0
7f1ba2150000-7f1ba215f000 r-xp 00000000 08:11 1316875                    /usr/lib/x86_64-linux-gnu/libXi.so.6.1.0
7f1ba215f000-7f1ba235e000 ---p 0000f000 08:11 1316875                    /usr/lib/x86_64-linux-gnu/libXi.so.6.1.0
7f1ba235e000-7f1ba235f000 r--p 0000e000 08:11 1316875                    /usr/lib/x86_64-linux-gnu/libXi.so.6.1.0
7f1ba235f000-7f1ba2360000 rw-p 0000f000 08:11 1316875                    /usr/lib/x86_64-linux-gnu/libXi.so.6.1.0
7f1ba2360000-7f1ba2365000 r-xp 00000000 08:11 1316638                    /usr/lib/x86_64-linux-gnu/libXtst.so.6.1.0
7f1ba2365000-7f1ba2564000 ---p 00005000 08:11 1316638                    /usr/lib/x86_64-linux-gnu/libXtst.so.6.1.0
7f1ba2564000-7f1ba2565000 r--p 00004000 08:11 1316638                    /usr/lib/x86_64-linux-gnu/libXtst.so.6.1.0
7f1ba2565000-7f1ba2566000 rw-p 00005000 08:11 1316638                    /usr/lib/x86_64-linux-gnu/libXtst.so.6.1.0
7f1ba2566000-7f1ba256f000 r-xp 00000000 08:11 1315494                    /usr/lib/x86_64-linux-gnu/libXrender.so.1.3.0
7f1ba256f000-7f1ba276e000 ---p 00009000 08:11 1315494                    /usr/lib/x86_64-linux-gnu/libXrender.so.1.3.0
7f1ba276e000-7f1ba276f000 r--p 00008000 08:11 1315494                    /usr/lib/x86_64-linux-gnu/libXrender.so.1.3.0
7f1ba276f000-7f1ba2770000 rw-p 00009000 08:11 1315494                    /usr/lib/x86_64-linux-gnu/libXrender.so.1.3.0
7f1ba2770000-7f1ba28ac000 r-xp 00000000 08:11 1313346                    /usr/lib/x86_64-linux-gnu/libX11.so.6.3.0
7f1ba28ac000-7f1ba2aab000 ---p 0013c000 08:11 1313346                    /usr/lib/x86_64-linux-gnu/libX11.so.6.3.0
7f1ba2aab000-7f1ba2aad000 r--p 0013b000 08:11 1313346                    /usr/lib/x86_64-linux-gnu/libX11.so.6.3.0
7f1ba2aad000-7f1ba2ab2000 rw-p 0013d000 08:11 1313346                    /usr/lib/x86_64-linux-gnu/libX11.so.6.3.0
7f1ba2ab2000-7f1ba2ab3000 rw-p 00000000 00:00 0 
7f1ba2ab3000-7f1ba2ac4000 r-xp 00000000 08:11 1314987                    /usr/lib/x86_64-linux-gnu/libXext.so.6.4.0
7f1ba2ac4000-7f1ba2cc3000 ---p 00011000 08:11 1314987                    /usr/lib/x86_64-linux-gnu/libXext.so.6.4.0
7f1ba2cc3000-7f1ba2cc4000 r--p 00010000 08:11 1314987                    /usr/lib/x86_64-linux-gnu/libXext.so.6.4.0
7f1ba2cc4000-7f1ba2cc5000 rw-p 00011000 08:11 1314987                    /usr/lib/x86_64-linux-gnu/libXext.so.6.4.0
7f1ba2cc5000-7f1ba2d19000 r-xp 00000000 08:11 2240494                    /usr/lib/jvm/jdk1.8.0_31/jre/lib/amd64/libawt_xawt.so
7f1ba2d19000-7f1ba2f19000 ---p 00054000 08:11 2240494                    /usr/lib/jvm/jdk1.8.0_31/jre/lib/amd64/libawt_xawt.so
7f1ba2f19000-7f1ba2f1d000 rw-p 00054000 08:11 2240494                    /usr/lib/jvm/jdk1.8.0_31/jre/lib/amd64/libawt_xawt.so
7f1ba2f1d000-7f1ba2f1e000 rw-p 00000000 00:00 0 
7f1ba2f1e000-7f1ba2fc0000 r-xp 00000000 08:11 2240462                    /usr/lib/jvm/jdk1.8.0_31/jre/lib/amd64/libawt.so
7f1ba2fc0000-7f1ba31c0000 ---p 000a2000 08:11 2240462                    /usr/lib/jvm/jdk1.8.0_31/jre/lib/amd64/libawt.so
7f1ba31c0000-7f1ba31cc000 rw-p 000a2000 08:11 2240462                    /usr/lib/jvm/jdk1.8.0_31/jre/lib/amd64/libawt.so
7f1ba31cc000-7f1ba31f0000 rw-p 00000000 00:00 0 
7f1ba31f0000-7f1ba31f1000 ---p 00000000 00:00 0 
7f1ba31f1000-7f1ba32f1000 rw-p 00000000 00:00 0                          [stack:17478]
7f1ba32f1000-7f1ba32f4000 ---p 00000000 00:00 0 
7f1ba32f4000-7f1ba33f2000 rw-p 00000000 00:00 0                          [stack:17477]
7f1ba33f2000-7f1ba33f5000 ---p 00000000 00:00 0 
7f1ba33f5000-7f1ba34f3000 rw-p 00000000 00:00 0                          [stack:17476]
7f1ba34f3000-7f1ba34f6000 ---p 00000000 00:00 0 
7f1ba34f6000-7f1ba35f4000 rw-p 00000000 00:00 0                          [stack:17475]
7f1ba35f4000-7f1ba35f7000 ---p 00000000 00:00 0 
7f1ba35f7000-7f1ba36f5000 rw-p 00000000 00:00 0                          [stack:17474]
7f1ba36f5000-7f1ba36f8000 ---p 00000000 00:00 0 
7f1ba36f8000-7f1ba37f6000 rw-p 00000000 00:00 0                          [stack:17464]
7f1ba37f6000-7f1ba37f9000 ---p 00000000 00:00 0 
7f1ba37f9000-7f1ba38f7000 rw-p 00000000 00:00 0                          [stack:17461]
7f1ba38f7000-7f1ba38fa000 ---p 00000000 00:00 0 
7f1ba38fa000-7f1ba39f8000 rw-p 00000000 00:00 0                          [stack:17460]
7f1ba39f8000-7f1ba39fc000 r-xp 00000000 08:11 2240426                    /usr/lib/jvm/jdk1.8.0_31/jre/lib/amd64/libdt_socket.so
7f1ba39fc000-7f1ba3bfb000 ---p 00004000 08:11 2240426                    /usr/lib/jvm/jdk1.8.0_31/jre/lib/amd64/libdt_socket.so
7f1ba3bfb000-7f1ba3bfc000 rw-p 00003000 08:11 2240426                    /usr/lib/jvm/jdk1.8.0_31/jre/lib/amd64/libdt_socket.so
7f1ba3bfc000-7f1ba3bff000 ---p 00000000 00:00 0 
7f1ba3bff000-7f1ba3cfd000 rw-p 00000000 00:00 0                          [stack:17459]
7f1ba3cfd000-7f1ba3d00000 ---p 00000000 00:00 0 
7f1ba3d00000-7f1ba3dfe000 rw-p 00000000 00:00 0                          [stack:17458]
7f1ba3dfe000-7f1ba3e01000 ---p 00000000 00:00 0 
7f1ba3e01000-7f1ba3eff000 rw-p 00000000 00:00 0                          [stack:17457]
7f1ba3eff000-7f1ba3f00000 ---p 00000000 00:00 0 
7f1ba3f00000-7f1ba4000000 rw-p 00000000 00:00 0                          [stack:17456]
7f1ba4000000-7f1ba4021000 rw-p 00000000 00:00 0 
7f1ba4021000-7f1ba8000000 ---p 00000000 00:00 0 
7f1ba8000000-7f1ba8021000 rw-p 00000000 00:00 0 
7f1ba8021000-7f1bac000000 ---p 00000000 00:00 0 
7f1bac000000-7f1bac021000 rw-p 00000000 00:00 0 
7f1bac021000-7f1bb0000000 ---p 00000000 00:00 0 
7f1bb0000000-7f1bb0001000 rw-s 00000000 00:04 1376757                    /drm mm object (deleted)
7f1bb0001000-7f1bb0002000 rw-s 00000000 00:04 1378672                    /drm mm object (deleted)
7f1bb0002000-7f1bb0003000 rw-s 00000000 00:04 1378667                    /drm mm object (deleted)
7f1bb0003000-7f1bb0004000 rw-s 00000000 00:04 1379419                    /drm mm object (deleted)
7f1bb0004000-7f1bb0005000 rw-s 00000000 00:04 1379402                    /drm mm object (deleted)
7f1bb0005000-7f1bb0006000 rw-s 00000000 00:04 1378652                    /drm mm object (deleted)
7f1bb0006000-7f1bb0007000 rwxp 00000000 00:00 0 
7f1bb0007000-7f1bb0008000 r--p 00000000 00:00 0 
7f1bb0008000-7f1bb000c000 r--s 00094000 08:11 2238884                    /usr/lib/jvm/jdk1.8.0_31/jre/lib/jsse.jar
7f1bb000c000-7f1bb000d000 rw-s 00000000 00:04 1376747                    /drm mm object (deleted)
7f1bb000d000-7f1bb0010000 r--s 00041000 08:11 3961954                    /home/kof/processing-git/build/linux/work/lib/org-netbeans-swing-outline.jar
7f1bb0010000-7f1bb001d000 r--s 000c6000 08:11 3961908                    /home/kof/processing-git/build/linux/work/lib/jdimodel.jar
7f1bb001d000-7f1bb0021000 r--s 0000e000 08:11 3961907                    /home/kof/processing-git/build/linux/work/lib/jdi.jar
7f1bb0021000-7f1bb005d000 r--s 00629000 08:11 3961905                    /home/kof/processing-git/build/linux/work/lib/com.ibm.icu_4.4.2.v20110823.jar
7f1bb005d000-7f1bb0062000 r--s 00068000 08:11 3961904                    /home/kof/processing-git/build/linux/work/lib/antlr.jar
7f1bb0062000-7f1bb0080000 r--s 001bb000 08:11 3961903                    /home/kof/processing-git/build/linux/work/lib/ant.jar
7f1bb0080000-7f1bb0082000 r--s 00002000 08:11 3961901                    /home/kof/processing-git/build/linux/work/lib/ant-launcher.jar
7f1bb0082000-7f1bb0083000 r--s 00002000 08:11 3962091                    /home/kof/processing-git/build/linux/work/modes/java/libraries/minim/library/tritonus_aos.jar
7f1bb0083000-7f1bb0086000 r--s 00017000 08:11 3962092                    /home/kof/processing-git/build/linux/work/modes/java/libraries/minim/library/tritonus_share.jar
7f1bb0086000-7f1bb0089000 r--s 00016000 08:11 3962089                    /home/kof/processing-git/build/linux/work/modes/java/libraries/minim/library/minim.jar
7f1bb0089000-7f1bb008c000 r--s 00017000 08:11 3962087                    /home/kof/processing-git/build/linux/work/modes/java/libraries/minim/library/jl1.0.jar
7f1bb008c000-7f1bb008e000 r--s 0000a000 08:11 3962088                    /home/kof/processing-git/build/linux/work/modes/java/libraries/minim/library/jsminim.jar
7f1bb008e000-7f1bb008f000 r--s 00005000 08:11 3962090                    /home/kof/processing-git/build/linux/work/modes/java/libraries/minim/library/mp3spi1.9.4.jar
7f1bb008f000-7f1bb0090000 r--s 00023000 08:11 3961890                    /home/kof/processing-git/build/linux/work/core/library/jogl-all-natives-linux-armv6hf.jar
7f1bb0090000-7f1bb00b3000 r--s 002ec000 08:11 3961895                    /home/kof/processing-git/build/linux/work/core/library/jogl-all.jar
7f1bb00b3000-7f1bb00b4000 r--s 00001000 08:11 3961887                    /home/kof/processing-git/build/linux/work/core/library/gluegen-rt-natives-windows-i586.jar
7f1bb00b4000-7f1bb00b5000 r--s 0002d000 08:11 3961894                    /home/kof/processing-git/build/linux/work/core/library/jogl-all-natives-windows-i586.jar
7f1bb00b5000-7f1bb00b6000 r--s 0002d000 08:11 3961891                    /home/kof/processing-git/build/linux/work/core/library/jogl-all-natives-linux-i586.jar
7f1bb00b6000-7f1bb00b7000 r--s 00064000 08:11 3961892                    /home/kof/processing-git/build/linux/work/core/library/jogl-all-natives-macosx-universal.jar
7f1bb00b7000-7f1bb00b9000 r--s 00000000 08:11 3961884                    /home/kof/processing-git/build/linux/work/core/library/gluegen-rt-natives-linux-i586.jar
7f1bb00b9000-7f1bb00bb000 r--s 00034000 08:11 3961893                    /home/kof/processing-git/build/linux/work/core/library/jogl-all-natives-windows-amd64.jar
7f1bb00bb000-7f1bb00c1000 r--s 000b1000 08:11 3961880                    /home/kof/processing-git/build/linux/work/core/library/core.jar
7f1bb00c1000-7f1bb00c3000 r--s 00000000 08:11 3961882                    /home/kof/processing-git/build/linux/work/core/library/gluegen-rt-natives-linux-amd64.jar
7f1bb00c3000-7f1bb1077000 rw-p 00000000 00:00 0 
7f1bb1077000-7f1bb124d000 r--s 03cae000 08:11 2238858                    /usr/lib/jvm/jdk1.8.0_31/jre/lib/rt.jar
7f1bb124d000-7f1bb3ac5000 rw-p 00000000 00:00 0 
7f1bb3ac5000-7f1bb3ac6000 ---p 00000000 00:00 0 
7f1bb3ac6000-7f1bb3bc6000 rw-p 00000000 00:00 0                          [stack:17455]
7f1bb3bc6000-7f1bb3bc7000 ---p 00000000 00:00 0 
7f1bb3bc7000-7f1bb3cc7000 rw-p 00000000 00:00 0                          [stack:17454]
7f1bb3cc7000-7f1bb3cc8000 ---p 00000000 00:00 0 
7f1bb3cc8000-7f1bb3dc8000 rw-p 00000000 00:00 0                          [stack:17453]
7f1bb3dc8000-7f1bb3dc9000 ---p 00000000 00:00 0 
7f1bb3dc9000-7f1bb3ede000 rw-p 00000000 00:00 0                          [stack:17452]
7f1bb3ede000-7f1bb400b000 ---p 00000000 00:00 0 
7f1bb400b000-7f1bb4020000 rw-p 00000000 00:00 0 
7f1bb4020000-7f1bb414c000 ---p 00000000 00:00 0 
7f1bb414c000-7f1bb415f000 rw-p 00000000 00:00 0 
7f1bb415f000-7f1bb41ed000 ---p 00000000 00:00 0 
7f1bb41ed000-7f1bb4202000 rw-p 00000000 00:00 0 
7f1bb4202000-7f1bb45ae000 ---p 00000000 00:00 0 
7f1bb45ae000-7f1bb4aae000 rwxp 00000000 00:00 0 
7f1bb4aae000-7f1bc35ae000 ---p 00000000 00:00 0 
7f1bc35ae000-7f1bc35c8000 r-xp 00000000 08:11 2240468                    /usr/lib/jvm/jdk1.8.0_31/jre/lib/amd64/libzip.so
7f1bc35c8000-7f1bc37c8000 ---p 0001a000 08:11 2240468                    /usr/lib/jvm/jdk1.8.0_31/jre/lib/amd64/libzip.so
7f1bc37c8000-7f1bc37c9000 rw-p 0001a000 08:11 2240468                    /usr/lib/jvm/jdk1.8.0_31/jre/lib/amd64/libzip.so
7f1bc37c9000-7f1bc37d4000 r-xp 00000000 08:11 393930                     /lib/x86_64-linux-gnu/libnss_files-2.19.so
7f1bc37d4000-7f1bc39d3000 ---p 0000b000 08:11 393930                     /lib/x86_64-linux-gnu/libnss_files-2.19.so
7f1bc39d3000-7f1bc39d4000 r--p 0000a000 08:11 393930                     /lib/x86_64-linux-gnu/libnss_files-2.19.so
7f1bc39d4000-7f1bc39d5000 rw-p 0000b000 08:11 393930                     /lib/x86_64-linux-gnu/libnss_files-2.19.so
7f1bc39d5000-7f1bc39df000 r-xp 00000000 08:11 393934                     /lib/x86_64-linux-gnu/libnss_nis-2.19.so
7f1bc39df000-7f1bc3bde000 ---p 0000a000 08:11 393934                     /lib/x86_64-linux-gnu/libnss_nis-2.19.so
7f1bc3bde000-7f1bc3bdf000 r--p 00009000 08:11 393934                     /lib/x86_64-linux-gnu/libnss_nis-2.19.so
7f1bc3bdf000-7f1bc3be0000 rw-p 0000a000 08:11 393934                     /lib/x86_64-linux-gnu/libnss_nis-2.19.so
7f1bc3be0000-7f1bc3bf5000 r-xp 00000000 08:11 393924                     /lib/x86_64-linux-gnu/libnsl-2.19.so
7f1bc3bf5000-7f1bc3df4000 ---p 00015000 08:11 393924                     /lib/x86_64-linux-gnu/libnsl-2.19.so
7f1bc3df4000-7f1bc3df5000 r--p 00014000 08:11 393924                     /lib/x86_64-linux-gnu/libnsl-2.19.so
7f1bc3df5000-7f1bc3df6000 rw-p 00015000 08:11 393924                     /lib/x86_64-linux-gnu/libnsl-2.19.so
7f1bc3df6000-7f1bc3df8000 rw-p 00000000 00:00 0 
7f1bc3df8000-7f1bc3dff000 r-xp 00000000 08:11 393926                     /lib/x86_64-linux-gnu/libnss_compat-2.19.so
7f1bc3dff000-7f1bc3ffe000 ---p 00007000 08:11 393926                     /lib/x86_64-linux-gnu/libnss_compat-2.19.so
7f1bc3ffe000-7f1bc3fff000 r--p 00006000 08:11 393926                     /lib/x86_64-linux-gnu/libnss_compat-2.19.so
7f1bc3fff000-7f1bc4000000 rw-p 00007000 08:11 393926                     /lib/x86_64-linux-gnu/libnss_compat-2.19.so
7f1bc4000000-7f1bc444b000 rw-p 00000000 00:00 0 
7f1bc444b000-7f1bc8000000 ---p 00000000 00:00 0 
7f1bc8000000-7f1bc8001000 r--s 00001000 08:11 3961886                    /home/kof/processing-git/build/linux/work/core/library/gluegen-rt-natives-windows-amd64.jar
7f1bc8001000-7f1bc86ec000 r--p 00000000 08:11 1220119                    /usr/lib/locale/locale-archive
7f1bc86ec000-7f1bc86ee000 r-xp 00000000 08:11 2240428                    /usr/lib/jvm/jdk1.8.0_31/jre/lib/amd64/libnpt.so
7f1bc86ee000-7f1bc88ee000 ---p 00002000 08:11 2240428                    /usr/lib/jvm/jdk1.8.0_31/jre/lib/amd64/libnpt.so
7f1bc88ee000-7f1bc88ef000 rw-p 00002000 08:11 2240428                    /usr/lib/jvm/jdk1.8.0_31/jre/lib/amd64/libnpt.so
7f1bc88ef000-7f1bc8928000 r-xp 00000000 08:11 2240450                    /usr/lib/jvm/jdk1.8.0_31/jre/lib/amd64/libjdwp.so
7f1bc8928000-7f1bc8b27000 ---p 00039000 08:11 2240450                    /usr/lib/jvm/jdk1.8.0_31/jre/lib/amd64/libjdwp.so
7f1bc8b27000-7f1bc8b29000 rw-p 00038000 08:11 2240450                    /usr/lib/jvm/jdk1.8.0_31/jre/lib/amd64/libjdwp.so
7f1bc8b29000-7f1bc8b53000 r-xp 00000000 08:11 2240458                    /usr/lib/jvm/jdk1.8.0_31/jre/lib/amd64/libjava.so
7f1bc8b53000-7f1bc8d53000 ---p 0002a000 08:11 2240458                    /usr/lib/jvm/jdk1.8.0_31/jre/lib/amd64/libjava.so
7f1bc8d53000-7f1bc8d55000 rw-p 0002a000 08:11 2240458                    /usr/lib/jvm/jdk1.8.0_31/jre/lib/amd64/libjava.so
7f1bc8d55000-7f1bc8d62000 r-xp 00000000 08:11 2240466                    /usr/lib/jvm/jdk1.8.0_31/jre/lib/amd64/libverify.so
7f1bc8d62000-7f1bc8f62000 ---p 0000d000 08:11 2240466                    /usr/lib/jvm/jdk1.8.0_31/jre/lib/amd64/libverify.so
7f1bc8f62000-7f1bc8f64000 rw-p 0000d000 08:11 2240466                    /usr/lib/jvm/jdk1.8.0_31/jre/lib/amd64/libverify.so
7f1bc8f64000-7f1bc8f6b000 r-xp 00000000 08:11 393943                     /lib/x86_64-linux-gnu/librt-2.19.so
7f1bc8f6b000-7f1bc916a000 ---p 00007000 08:11 393943                     /lib/x86_64-linux-gnu/librt-2.19.so
7f1bc916a000-7f1bc916b000 r--p 00006000 08:11 393943                     /lib/x86_64-linux-gnu/librt-2.19.so
7f1bc916b000-7f1bc916c000 rw-p 00007000 08:11 393943                     /lib/x86_64-linux-gnu/librt-2.19.so
7f1bc916c000-7f1bc926c000 r-xp 00000000 08:11 393920                     /lib/x86_64-linux-gnu/libm-2.19.so
7f1bc926c000-7f1bc946b000 ---p 00100000 08:11 393920                     /lib/x86_64-linux-gnu/libm-2.19.so
7f1bc946b000-7f1bc946c000 r--p 000ff000 08:11 393920                     /lib/x86_64-linux-gnu/libm-2.19.so
7f1bc946c000-7f1bc946d000 rw-p 00100000 08:11 393920                     /lib/x86_64-linux-gnu/libm-2.19.so
7f1bc946d000-7f1bca0db000 r-xp 00000000 08:11 2240518                    /usr/lib/jvm/jdk1.8.0_31/jre/lib/amd64/server/libjvm.so
7f1bca0db000-7f1bca2da000 ---p 00c6e000 08:11 2240518                    /usr/lib/jvm/jdk1.8.0_31/jre/lib/amd64/server/libjvm.so
7f1bca2da000-7f1bca3b0000 rw-p 00c6d000 08:11 2240518                    /usr/lib/jvm/jdk1.8.0_31/jre/lib/amd64/server/libjvm.so
7f1bca3b0000-7f1bca3f3000 rw-p 00000000 00:00 0 
7f1bca3f3000-7f1bca592000 r-xp 00000000 08:11 393896                     /lib/x86_64-linux-gnu/libc-2.19.so
7f1bca592000-7f1bca792000 ---p 0019f000 08:11 393896                     /lib/x86_64-linux-gnu/libc-2.19.so
7f1bca792000-7f1bca796000 r--p 0019f000 08:11 393896                     /lib/x86_64-linux-gnu/libc-2.19.so
7f1bca796000-7f1bca798000 rw-p 001a3000 08:11 393896                     /lib/x86_64-linux-gnu/libc-2.19.so
7f1bca798000-7f1bca79c000 rw-p 00000000 00:00 0 
7f1bca79c000-7f1bca79f000 r-xp 00000000 08:11 393918                     /lib/x86_64-linux-gnu/libdl-2.19.so
7f1bca79f000-7f1bca99e000 ---p 00003000 08:11 393918                     /lib/x86_64-linux-gnu/libdl-2.19.so
7f1bca99e000-7f1bca99f000 r--p 00002000 08:11 393918                     /lib/x86_64-linux-gnu/libdl-2.19.so
7f1bca99f000-7f1bca9a0000 rw-p 00003000 08:11 393918                     /lib/x86_64-linux-gnu/libdl-2.19.so
7f1bca9a0000-7f1bca9b5000 r-xp 00000000 08:11 2238630                    /usr/lib/jvm/jdk1.8.0_31/lib/amd64/jli/libjli.so
7f1bca9b5000-7f1bcabb4000 ---p 00015000 08:11 2238630                    /usr/lib/jvm/jdk1.8.0_31/lib/amd64/jli/libjli.so
7f1bcabb4000-7f1bcabb5000 rw-p 00014000 08:11 2238630                    /usr/lib/jvm/jdk1.8.0_31/lib/amd64/jli/libjli.so
7f1bcabb5000-7f1bcabcd000 r-xp 00000000 08:11 393668                     /lib/x86_64-linux-gnu/libpthread-2.19.so
7f1bcabcd000-7f1bcadcc000 ---p 00018000 08:11 393668                     /lib/x86_64-linux-gnu/libpthread-2.19.so
7f1bcadcc000-7f1bcadcd000 r--p 00017000 08:11 393668                     /lib/x86_64-linux-gnu/libpthread-2.19.so
7f1bcadcd000-7f1bcadce000 rw-p 00018000 08:11 393668                     /lib/x86_64-linux-gnu/libpthread-2.19.so
7f1bcadce000-7f1bcadd2000 rw-p 00000000 00:00 0 
7f1bcadd2000-7f1bcadf2000 r-xp 00000000 08:11 393845                     /lib/x86_64-linux-gnu/ld-2.19.so
7f1bcadf2000-7f1bcae9c000 rw-p 00000000 00:00 0 
7f1bcae9c000-7f1bcae9f000 ---p 00000000 00:00 0 
7f1bcae9f000-7f1bcafa1000 rw-p 00000000 00:00 0                          [stack:17451]
7f1bcafa1000-7f1bcafa2000 r--s 00001000 08:11 3961885                    /home/kof/processing-git/build/linux/work/core/library/gluegen-rt-natives-macosx-universal.jar
7f1bcafa2000-7f1bcafa3000 r--s 00000000 08:11 3961883                    /home/kof/processing-git/build/linux/work/core/library/gluegen-rt-natives-linux-armv6hf.jar
7f1bcafa3000-7f1bcafa4000 r--s 0002f000 08:11 3961889                    /home/kof/processing-git/build/linux/work/core/library/jogl-all-natives-linux-amd64.jar
7f1bcafa4000-7f1bcafaa000 r--s 00041000 08:11 3961888                    /home/kof/processing-git/build/linux/work/core/library/gluegen-rt.jar
7f1bcafaa000-7f1bcafe6000 rw-p 00000000 00:00 0 
7f1bcafe6000-7f1bcafee000 rw-s 00000000 08:11 2001553                    /tmp/hsperfdata_kof/17449
7f1bcafee000-7f1bcafef000 rw-p 00000000 00:00 0 
7f1bcafef000-7f1bcaff0000 r--p 00000000 00:00 0 
7f1bcaff0000-7f1bcaff2000 rw-p 00000000 00:00 0 
7f1bcaff2000-7f1bcaff3000 r--p 00020000 08:11 393845                     /lib/x86_64-linux-gnu/ld-2.19.so
7f1bcaff3000-7f1bcaff4000 rw-p 00021000 08:11 393845                     /lib/x86_64-linux-gnu/ld-2.19.so
7f1bcaff4000-7f1bcaff5000 rw-p 00000000 00:00 0 
7fffc93ab000-7fffc93ce000 rw-p 00000000 00:00 0                          [stack]
7fffc93fc000-7fffc93fe000 r-xp 00000000 00:00 0                          [vdso]
7fffc93fe000-7fffc9400000 r--p 00000000 00:00 0                          [vvar]
ffffffffff600000-ffffffffff601000 r-xp 00000000 00:00 0                  [vsyscall]

VM Arguments:
jvm_args: -agentlib:jdwp=transport=dt_socket,address=8125,server=y,suspend=y -Djava.library.path=:/home/kof/processing-git/build/linux/work/modes/java/libraries/minim/library:/usr/java/packages/lib/amd64:/usr/lib64:/lib64:/lib:/usr/lib -ea 
java_command: processing.core.PApplet --display=0 freqMapIn --sketch-path=/archive/kof/sketchBook/2015/02-unor/freqMapIn
java_class_path (initial): /tmp/vim-processing/freqMapIn:/home/kof/processing-git/build/linux/work/core/library/gluegen-rt.jar:/home/kof/processing-git/build/linux/work/core/library/jogl-all-natives-linux-amd64.jar:/home/kof/processing-git/build/linux/work/core/library/gluegen-rt-natives-linux-armv6hf.jar:/home/kof/processing-git/build/linux/work/core/library/gluegen-rt-natives-linux-amd64.jar:/home/kof/processing-git/build/linux/work/core/library/gluegen-rt-natives-macosx-universal.jar:/home/kof/processing-git/build/linux/work/core/library/core.jar:/home/kof/processing-git/build/linux/work/core/library/jogl-all-natives-windows-amd64.jar:/home/kof/processing-git/build/linux/work/core/library/gluegen-rt-natives-windows-amd64.jar:/home/kof/processing-git/build/linux/work/core/library/gluegen-rt-natives-linux-i586.jar:/home/kof/processing-git/build/linux/work/core/library/jogl-all-natives-macosx-universal.jar:/home/kof/processing-git/build/linux/work/core/library/jogl-all-natives-linux-i586.jar:/home/kof/processing-git/build/linux/work/core/library/jogl-all-natives-windows-i586.jar:/home/kof/processing-git/build/linux/work/core/library/gluegen-rt-natives-windows-i586.jar:/home/kof/processing-git/build/linux/work/core/library/jogl-all.jar:/home/kof/processing-git/build/linux/work/core/library/jogl-all-natives-linux-armv6hf.jar:/home/kof/processing-git/build/linux/work/core/library/gluegen-rt.jar:/home/kof/processing-git/build/linux/work/core/library/jogl-all-natives-linux-amd64.jar:/home/kof/processing-git/build/linux/work/core/library/gluegen-rt-natives-linux-armv6hf.jar:/home/kof/processing-git/build/linux/work/core/library/gluegen-rt-natives-linux-amd64.jar:/home/kof/processing-git/build/linux/work/core/library/gluegen-rt-natives-macosx-universal.jar:/home/kof/processing-git/build/linux/work/core/library/core.jar:/home/kof/processing-git/build/linux/work/core/library/jogl-all-natives-windows-amd64.jar:/home/kof/processing-git/build/linux/work/core/library/gluegen-r
Launcher Type: SUN_STANDARD

Environment Variables:
CLASSPATH=/usr/lib/jvm/jdk1.8.0_31/jre/lib/rt.jar:/home/kof/processing-git/build/linux/work/lib/ant-launcher.jar:/home/kof/processing-git/build/linux/work/lib/ant.jar:/home/kof/processing-git/build/linux/work/lib/antlr.jar:/home/kof/processing-git/build/linux/work/lib/com.ibm.icu_4.4.2.v20110823.jar:/home/kof/processing-git/build/linux/work/lib/jdi.jar:/home/kof/processing-git/build/linux/work/lib/jdimodel.jar:/home/kof/processing-git/build/linux/work/lib/jna.jar:/home/kof/processing-git/build/linux/work/lib/org-netbeans-swing-outline.jar:/home/kof/processing-git/build/linux/work/lib/org.eclipse.osgi_3.8.1.v20120830-144521.jar:/home/kof/processing-git/build/linux/work/lib/pde.jar:/home/kof/processing-git/build/linux/work/core/library/core.jar:/home/kof/processing-git/build/linux/work/core/library/gluegen-rt-natives-linux-amd64.jar:/home/kof/processing-git/build/linux/work/core/library/gluegen-rt-natives-linux-armv6hf.jar:/home/kof/processing-git/build/linux/work/core/library/gluegen-rt-natives-linux-i586.jar:/home/kof/processing-git/build/linux/work/core/library/gluegen-rt-natives-macosx-universal.jar:/home/kof/processing-git/build/linux/work/core/library/gluegen-rt-natives-windows-amd64.jar:/home/kof/processing-git/build/linux/work/core/library/gluegen-rt-natives-windows-i586.jar:/home/kof/processing-git/build/linux/work/core/library/gluegen-rt.jar:/home/kof/processing-git/build/linux/work/core/library/jogl-all-natives-linux-amd64.jar:/home/kof/processing-git/build/linux/work/core/library/jogl-all-natives-linux-armv6hf.jar:/home/kof/processing-git/build/linux/work/core/library/jogl-all-natives-linux-i586.jar:/home/kof/processing-git/build/linux/work/core/library/jogl-all-natives-macosx-universal.jar:/home/kof/processing-git/build/linux/work/core/library/jogl-all-natives-windows-amd64.jar:/home/kof/processing-git/build/linux/work/core/library/jogl-all-natives-windows-i586.jar:/home/kof/processing-git/build/linux/work/core/library/jogl-all.jar
PATH=/usr/lib/jvm/jdk1.8.0_31/bin:/usr/bin:/bin:/usr/sbin/:/home/kof/bin:/usr/local/bin
SHELL=/usr/bin/zsh
DISPLAY=:0.0

Signal Handlers:
SIGSEGV: [libjvm.so+0xa7a650], sa_mask[0]=11111111011111111101111111111110, sa_flags=SA_RESTART|SA_SIGINFO
SIGBUS: [libjvm.so+0xa7a650], sa_mask[0]=11111111011111111101111111111110, sa_flags=SA_RESTART|SA_SIGINFO
SIGFPE: [libjvm.so+0x8e28f0], sa_mask[0]=11111111011111111101111111111110, sa_flags=SA_RESTART|SA_SIGINFO
SIGPIPE: [libjvm.so+0x8e28f0], sa_mask[0]=11111111011111111101111111111110, sa_flags=SA_RESTART|SA_SIGINFO
SIGXFSZ: [libjvm.so+0x8e28f0], sa_mask[0]=11111111011111111101111111111110, sa_flags=SA_RESTART|SA_SIGINFO
SIGILL: [libjvm.so+0x8e28f0], sa_mask[0]=11111111011111111101111111111110, sa_flags=SA_RESTART|SA_SIGINFO
SIGUSR1: SIG_DFL, sa_mask[0]=00000000000000000000000000000000, sa_flags=none
SIGUSR2: [libjvm.so+0x8e4120], sa_mask[0]=00100000000000000000000000000000, sa_flags=SA_RESTART|SA_SIGINFO
SIGHUP: [libjvm.so+0x8e54e0], sa_mask[0]=11111111011111111101111111111110, sa_flags=SA_RESTART|SA_SIGINFO
SIGINT: [libjvm.so+0x8e54e0], sa_mask[0]=11111111011111111101111111111110, sa_flags=SA_RESTART|SA_SIGINFO
SIGTERM: [libjvm.so+0x8e54e0], sa_mask[0]=11111111011111111101111111111110, sa_flags=SA_RESTART|SA_SIGINFO
SIGQUIT: [libjvm.so+0x8e54e0], sa_mask[0]=11111111011111111101111111111110, sa_flags=SA_RESTART|SA_SIGINFO


---------------  S Y S T E M  ---------------

OS:PRETTY_NAME="Debian GNU/Linux 8 (jessie)"
NAME="Debian GNU/Linux"
VERSION_ID="8"
VERSION="8 (jessie)"
ID=debian
HOME_URL="http://www.debian.org/"
SUPPORT_URL="http://www.debian.org/support/"
BUG_REPORT_URL="https://bugs.debian.org/"

uname:Linux 3.16.0-4-amd64 #1 SMP Debian 3.16.7-ckt2-1 (2014-12-08) x86_64
libc:glibc 2.19 NPTL 2.19 
rlimit: STACK 8192k, CORE 0k, NPROC 15332, NOFILE 65536, AS infinity
load average:0.88 0.72 0.70

/proc/meminfo:
MemTotal:        3944792 kB
MemFree:          325628 kB
MemAvailable:    2223232 kB
Buffers:          330104 kB
Cached:          1070852 kB
SwapCached:         4432 kB
Active:          1218276 kB
Inactive:        1074384 kB
Active(anon):     691560 kB
Inactive(anon):   551704 kB
Active(file):     526716 kB
Inactive(file):   522680 kB
Unevictable:       80384 kB
Mlocked:           84528 kB
SwapTotal:       3212284 kB
SwapFree:        3159808 kB
Dirty:              1408 kB
Writeback:             0 kB
AnonPages:        969744 kB
Mapped:           342696 kB
Shmem:            351560 kB
Slab:            1142268 kB
SReclaimable:    1101612 kB
SUnreclaim:        40656 kB
KernelStack:        9360 kB
PageTables:        32964 kB
NFS_Unstable:          0 kB
Bounce:                0 kB
WritebackTmp:          0 kB
CommitLimit:     5184680 kB
Committed_AS:    4018272 kB
VmallocTotal:   34359738367 kB
VmallocUsed:      389244 kB
VmallocChunk:   34359313996 kB
HardwareCorrupted:     0 kB
AnonHugePages:         0 kB
HugePages_Total:       0
HugePages_Free:        0
HugePages_Rsvd:        0
HugePages_Surp:        0
Hugepagesize:       2048 kB
DirectMap4k:      161408 kB
DirectMap2M:     3917824 kB


CPU:total 4 (2 cores per cpu, 2 threads per core) family 6 model 42 stepping 7, cmov, cx8, fxsr, mmx, sse, sse2, sse3, ssse3, sse4.1, sse4.2, popcnt, avx, aes, clmul, ht, tsc, tscinvbit

/proc/cpuinfo:
processor	: 0
vendor_id	: GenuineIntel
cpu family	: 6
model		: 42
model name	: Intel(R) Core(TM) i5-2520M CPU @ 2.50GHz
stepping	: 7
microcode	: 0x29
cpu MHz		: 3101.171
cache size	: 3072 KB
physical id	: 0
siblings	: 4
core id		: 0
cpu cores	: 2
apicid		: 0
initial apicid	: 0
fpu		: yes
fpu_exception	: yes
cpuid level	: 13
wp		: yes
flags		: fpu vme de pse tsc msr pae mce cx8 apic sep mtrr pge mca cmov pat pse36 clflush dts acpi mmx fxsr sse sse2 ss ht tm pbe syscall nx rdtscp lm constant_tsc arch_perfmon pebs bts nopl xtopology nonstop_tsc aperfmperf eagerfpu pni pclmulqdq dtes64 monitor ds_cpl vmx smx est tm2 ssse3 cx16 xtpr pdcm pcid sse4_1 sse4_2 x2apic popcnt tsc_deadline_timer aes xsave avx lahf_lm ida arat epb xsaveopt pln pts dtherm tpr_shadow vnmi flexpriority ept vpid
bogomips	: 4983.97
clflush size	: 64
cache_alignment	: 64
address sizes	: 36 bits physical, 48 bits virtual
power management:

processor	: 1
vendor_id	: GenuineIntel
cpu family	: 6
model		: 42
model name	: Intel(R) Core(TM) i5-2520M CPU @ 2.50GHz
stepping	: 7
microcode	: 0x29
cpu MHz		: 3016.992
cache size	: 3072 KB
physical id	: 0
siblings	: 4
core id		: 0
cpu cores	: 2
apicid		: 1
initial apicid	: 1
fpu		: yes
fpu_exception	: yes
cpuid level	: 13
wp		: yes
flags		: fpu vme de pse tsc msr pae mce cx8 apic sep mtrr pge mca cmov pat pse36 clflush dts acpi mmx fxsr sse sse2 ss ht tm pbe syscall nx rdtscp lm constant_tsc arch_perfmon pebs bts nopl xtopology nonstop_tsc aperfmperf eagerfpu pni pclmulqdq dtes64 monitor ds_cpl vmx smx est tm2 ssse3 cx16 xtpr pdcm pcid sse4_1 sse4_2 x2apic popcnt tsc_deadline_timer aes xsave avx lahf_lm ida arat epb xsaveopt pln pts dtherm tpr_shadow vnmi flexpriority ept vpid
bogomips	: 4983.97
clflush size	: 64
cache_alignment	: 64
address sizes	: 36 bits physical, 48 bits virtual
power management:

processor	: 2
vendor_id	: GenuineIntel
cpu family	: 6
model		: 42
model name	: Intel(R) Core(TM) i5-2520M CPU @ 2.50GHz
stepping	: 7
microcode	: 0x29
cpu MHz		: 3000.000
cache size	: 3072 KB
physical id	: 0
siblings	: 4
core id		: 1
cpu cores	: 2
apicid		: 2
initial apicid	: 2
fpu		: yes
fpu_exception	: yes
cpuid level	: 13
wp		: yes
flags		: fpu vme de pse tsc msr pae mce cx8 apic sep mtrr pge mca cmov pat pse36 clflush dts acpi mmx fxsr sse sse2 ss ht tm pbe syscall nx rdtscp lm constant_tsc arch_perfmon pebs bts nopl xtopology nonstop_tsc aperfmperf eagerfpu pni pclmulqdq dtes64 monitor ds_cpl vmx smx est tm2 ssse3 cx16 xtpr pdcm pcid sse4_1 sse4_2 x2apic popcnt tsc_deadline_timer aes xsave avx lahf_lm ida arat epb xsaveopt pln pts dtherm tpr_shadow vnmi flexpriority ept vpid
bogomips	: 4983.97
clflush size	: 64
cache_alignment	: 64
address sizes	: 36 bits physical, 48 bits virtual
power management:

processor	: 3
vendor_id	: GenuineIntel
cpu family	: 6
model		: 42
model name	: Intel(R) Core(TM) i5-2520M CPU @ 2.50GHz
stepping	: 7
microcode	: 0x29
cpu MHz		: 3009.179
cache size	: 3072 KB
physical id	: 0
siblings	: 4
core id		: 1
cpu cores	: 2
apicid		: 3
initial apicid	: 3
fpu		: yes
fpu_exception	: yes
cpuid level	: 13
wp		: yes
flags		: fpu vme de pse tsc msr pae mce cx8 apic sep mtrr pge mca cmov pat pse36 clflush dts acpi mmx fxsr sse sse2 ss ht tm pbe syscall nx rdtscp lm constant_tsc arch_perfmon pebs bts nopl xtopology nonstop_tsc aperfmperf eagerfpu pni pclmulqdq dtes64 monitor ds_cpl vmx smx est tm2 ssse3 cx16 xtpr pdcm pcid sse4_1 sse4_2 x2apic popcnt tsc_deadline_timer aes xsave avx lahf_lm ida arat epb xsaveopt pln pts dtherm tpr_shadow vnmi flexpriority ept vpid
bogomips	: 4983.97
clflush size	: 64
cache_alignment	: 64
address sizes	: 36 bits physical, 48 bits virtual
power management:



Memory: 4k page, physical 3944792k(325628k free), swap 3212284k(3159808k free)

vm_info: Java HotSpot(TM) 64-Bit Server VM (25.31-b07) for linux-amd64 JRE (1.8.0_31-b13), built on Dec 17 2014 20:40:15 by "java_re" with gcc 4.3.0 20080428 (Red Hat 4.3.0-8)

time: Wed Feb  4 13:52:15 2015
elapsed time: 8 seconds (0d 0h 0m 8s)

