#
# A fatal error has been detected by the Java Runtime Environment:
#
#  SIGSEGV (0xb) at pc=0x00007fab7c718102, pid=17891, tid=140376133601024
#
# JRE version: Java(TM) SE Runtime Environment (8.0_31-b13) (build 1.8.0_31-b13)
# Java VM: Java HotSpot(TM) 64-Bit Server VM (25.31-b07 mixed mode linux-amd64 compressed oops)
# Problematic frame:
# C  [i965_dri.so+0x2fe102]
#
# Failed to write core dump. Core dumps have been disabled. To enable core dumping, try "ulimit -c unlimited" before starting Java again
#
# If you would like to submit a bug report, please visit:
#   http://bugreport.java.com/bugreport/crash.jsp
# The crash happened outside the Java Virtual Machine in native code.
# See problematic frame for where to report the bug.
#

---------------  T H R E A D  ---------------

Current thread (0x00007fabf8359800):  JavaThread "AWT-EventQueue-0" [_thread_in_native, id=17930, stack(0x00007fabdd840000,0x00007fabdd941000)]

siginfo: si_signo: 11 (SIGSEGV), si_code: 1 (SEGV_MAPERR), si_addr: 0x000000000000c540

Registers:
RAX=0x00007fab7c7180f0, RBX=0x000000000000c000, RCX=0x0000000000000000, RDX=0x0000000000000001
RSP=0x00007fabdd93e330, RBP=0x0000000000000000, RSI=0x00007fab8c01f770, RDI=0x0000000100000000
R8 =0x0000000000000000, R9 =0x00007fab7fdb1a20, R10=0x00007fabe901cb98, R11=0x00007fabfeb88460
R12=0x00007fab806c82e0, R13=0x00007fab806c4b20, R14=0x00007fab806d5d10, R15=0x0000000000000000
RIP=0x00007fab7c718102, EFLAGS=0x0000000000010206, CSGSFS=0x0000000000000033, ERR=0x0000000000000004
  TRAPNO=0x000000000000000e

Top of Stack: (sp=0x00007fabdd93e330)
0x00007fabdd93e330:   0000000000000000 00007fab8c01f690
0x00007fabdd93e340:   0000000000000000 00007fab806c82e0
0x00007fabdd93e350:   00007fab806c4b20 00007fab7fdb1ac2
0x00007fabdd93e360:   00007fabdd93e390 00007fab00000000
0x00007fabdd93e370:   0000000000000000 0000000000000000
0x00007fabdd93e380:   000000000440003e 00007fab7fd82bf1
0x00007fabdd93e390:   00007fab8c01f690 288963c7f2170600
0x00007fabdd93e3a0:   000000000440003e 00007fabdc1f0ca8
0x00007fabdd93e3b0:   00007fabdd93e420 0000000000000000
0x00007fabdd93e3c0:   00007fabdc1f0ca8 00007fabdd93e4e8
0x00007fabdd93e3d0:   00007fabf8359800 00007fab7e4ba849
0x00007fabdd93e3e0:   00007fabdd93e3f8 00007fab7fd82c20
0x00007fabdd93e3f0:   000000000440003e 00007fab806c59c0
0x00007fabdd93e400:   00007fabdd93e4b0 00007fabf83599e8
0x00007fabdd93e410:   00007fab7cc250f4 00007fab7fd82c20
0x00007fabdd93e420:   00007fabdd93e4a0 00007fabe901cbc4
0x00007fabdd93e430:   00007fab7cbe4f68 0000000000000000
0x00007fabdd93e440:   00007fabdd93e470 00007fabdd93e610
0x00007fabdd93e450:   00007fabe9523e9c 0000000000000000
0x00007fabdd93e460:   00007fabdd93e460 0000000000000000
0x00007fabdd93e470:   00007fabdd93e4e8 00007fabdc1f24f0
0x00007fabdd93e480:   0000000000000000 00007fabdc1f0ca8
0x00007fabdd93e490:   0000000000000000 00007fabdd93e4c0
0x00007fabdd93e4a0:   00007fabdd93e530 00007fabe9007a0d
0x00007fabdd93e4b0:   00000000ee190120 00007fabe9013518
0x00007fabdd93e4c0:   00007fab7fd82c20 00000000ee0f2bf0
0x00007fabdd93e4d0:   000000000440003e 0000000000000000
0x00007fabdd93e4e0:   00007fab806c59c0 00000000ee190450
0x00007fabdd93e4f0:   00007fabdd93e4f0 00007fabdc1f0bf9
0x00007fabdd93e500:   00007fabdd93e568 00007fabdc1f24f0
0x00007fabdd93e510:   0000000000000000 00007fabdc1f0c08
0x00007fabdd93e520:   00007fabdd93e4c0 00007fabdd93e550 

Instructions: (pc=0x00007fab7c718102)
0x00007fab7c7180e2:   41 5c c3 66 66 2e 0f 1f 84 00 00 00 00 00 41 55
0x00007fab7c7180f2:   41 54 55 53 48 83 ec 08 48 8b 1f 48 85 db 74 41
0x00007fab7c718102:   f6 83 40 05 00 00 01 89 cd 41 89 d5 49 89 f4 75
0x00007fab7c718112:   75 41 83 e5 01 75 5f 83 e5 fd 74 32 48 8d 35 9b 

Register to memory mapping:

RAX=0x00007fab7c7180f0: <offset 0x2fe0f0> in /usr/lib/x86_64-linux-gnu/dri/i965_dri.so at 0x00007fab7c41a000
RBX=0x000000000000c000 is an unknown value
RCX=0x0000000000000000 is an unknown value
RDX=0x0000000000000001 is an unknown value
RSP=0x00007fabdd93e330 is pointing into the stack for thread: 0x00007fabf8359800
RBP=0x0000000000000000 is an unknown value
RSI=0x00007fab8c01f770 is an unknown value
RDI=0x0000000100000000 is pointing into metadata
R8 =0x0000000000000000 is an unknown value
R9 =0x00007fab7fdb1a20: <offset 0x4ba20> in /usr/lib/x86_64-linux-gnu/libGL.so.1 at 0x00007fab7fd66000
R10=0x00007fabe901cb98 is at code_begin+1528 in an Interpreter codelet
method entry point (kind = native)  [0x00007fabe901c5a0, 0x00007fabe901d4e0]  3904 bytes
R11=0x00007fabfeb88460: <offset 0x97e460> in /usr/lib/jvm/jdk1.8.0_31/jre/lib/amd64/server/libjvm.so at 0x00007fabfe20a000
R12=0x00007fab806c82e0 is an unknown value
R13=0x00007fab806c4b20 is an unknown value
R14=0x00007fab806d5d10 is an unknown value
R15=0x0000000000000000 is an unknown value


Stack: [0x00007fabdd840000,0x00007fabdd941000],  sp=0x00007fabdd93e330,  free space=1016k
Native frames: (J=compiled Java code, j=interpreted, Vv=VM code, C=native code)
C  [i965_dri.so+0x2fe102]

Java frames: (J=compiled Java code, j=interpreted, Vv=VM code)
j  jogamp.opengl.x11.glx.GLX.dispatch_glXSwapBuffers0(JJJ)V+0
j  jogamp.opengl.x11.glx.GLX.glXSwapBuffers(JJ)V+41
j  jogamp.opengl.x11.glx.X11GLXDrawable.swapBuffersImpl(Z)V+17
j  jogamp.opengl.GLDrawableImpl.swapBuffers()V+67
j  javax.media.opengl.awt.GLCanvas$12.run()V+45
J 1545 C1 java.awt.event.InvocationEvent.dispatch()V (69 bytes) @ 0x00007fabe958036c [0x00007fabe9580220+0x14c]
j  java.awt.EventQueue.dispatchEventImpl(Ljava/awt/AWTEvent;Ljava/lang/Object;)V+21
J 1606 C1 java.awt.EventQueue$3.run()Ljava/lang/Void; (60 bytes) @ 0x00007fabe95d4554 [0x00007fabe95d4340+0x214]
J 1605 C1 java.awt.EventQueue$3.run()Ljava/lang/Object; (5 bytes) @ 0x00007fabe95d3fd4 [0x00007fabe95d3f40+0x94]
v  ~StubRoutines::call_stub
J 1344  java.security.AccessController.doPrivileged(Ljava/security/PrivilegedAction;Ljava/security/AccessControlContext;)Ljava/lang/Object; (0 bytes) @ 0x00007fabe94fbce3 [0x00007fabe94fbc80+0x63]
J 1608 C1 java.awt.EventQueue.dispatchEvent(Ljava/awt/AWTEvent;)V (80 bytes) @ 0x00007fabe95d588c [0x00007fabe95d4fe0+0x8ac]
J 1478 C1 java.awt.EventDispatchThread.pumpOneEventForFilters(I)V (295 bytes) @ 0x00007fabe9555c5c [0x00007fabe9554060+0x1bfc]
j  java.awt.EventDispatchThread.pumpEventsForFilter(ILjava/awt/Conditional;Ljava/awt/EventFilter;)V+35
j  java.awt.EventDispatchThread.pumpEventsForHierarchy(ILjava/awt/Conditional;Ljava/awt/Component;)V+11
j  java.awt.EventDispatchThread.pumpEvents(ILjava/awt/Conditional;)V+4
j  java.awt.EventDispatchThread.pumpEvents(Ljava/awt/Conditional;)V+3
j  java.awt.EventDispatchThread.run()V+9
v  ~StubRoutines::call_stub

---------------  P R O C E S S  ---------------

Java Threads: ( => current thread )
  0x00007fab8d556000 JavaThread "Thread-4" [_thread_blocked, id=17963, stack(0x00007fab75a69000,0x00007fab75b6a000)]
  0x00007fab8d53a800 JavaThread "Java Sound Event Dispatcher" daemon [_thread_blocked, id=17957, stack(0x00007fab7c0f7000,0x00007fab7c1f8000)]
  0x00007fab8028a000 JavaThread "Animation Thread-SharedResourceRunner" daemon [_thread_blocked, id=17944, stack(0x00007fabdcc88000,0x00007fabdcd89000)]
  0x00007fab80195000 JavaThread "process reaper" daemon [_thread_blocked, id=17935, stack(0x00007fabdd4b2000,0x00007fabdd4eb000)]
  0x00007fabf800f000 JavaThread "DestroyJavaVM" [_thread_blocked, id=17893, stack(0x00007fabffc39000,0x00007fabffd3a000)]
  0x00007fabf8369800 JavaThread "Animation Thread" [_thread_blocked, id=17931, stack(0x00007fabdd73f000,0x00007fabdd840000)]
=>0x00007fabf8359800 JavaThread "AWT-EventQueue-0" [_thread_in_native, id=17930, stack(0x00007fabdd840000,0x00007fabdd941000)]
  0x00007fabf8357800 JavaThread "AWT-Shutdown" [_thread_blocked, id=17929, stack(0x00007fabdd941000,0x00007fabdda42000)]
  0x00007fabf8309800 JavaThread "AWT-XAWT" daemon [_thread_in_native, id=17926, stack(0x00007fabdde44000,0x00007fabddf45000)]
  0x00007fabf82dd800 JavaThread "Java2D Disposer" daemon [_thread_blocked, id=17925, stack(0x00007fabde356000,0x00007fabde457000)]
  0x00007fabf80de000 JavaThread "Service Thread" daemon [_thread_blocked, id=17923, stack(0x00007fabe414c000,0x00007fabe424d000)]
  0x00007fabf80c9000 JavaThread "C1 CompilerThread2" daemon [_thread_blocked, id=17922, stack(0x00007fabe424d000,0x00007fabe434e000)]
  0x00007fabf80c7000 JavaThread "C2 CompilerThread1" daemon [_thread_blocked, id=17921, stack(0x00007fabe434e000,0x00007fabe444f000)]
  0x00007fabf80c4000 JavaThread "C2 CompilerThread0" daemon [_thread_blocked, id=17920, stack(0x00007fabe444f000,0x00007fabe4550000)]
  0x00007fabb8001000 JavaThread "JDWP Command Reader" daemon [_thread_in_native, id=17906, stack(0x00007fabe4550000,0x00007fabe4651000)]
  0x00007fabf80c2000 JavaThread "JDWP Event Helper Thread" daemon [_thread_blocked, id=17903, stack(0x00007fabe4651000,0x00007fabe4752000)]
  0x00007fabf80be800 JavaThread "JDWP Transport Listener: dt_socket" daemon [_thread_blocked, id=17902, stack(0x00007fabe4752000,0x00007fabe4853000)]
  0x00007fabf80ae000 JavaThread "Signal Dispatcher" daemon [_thread_blocked, id=17901, stack(0x00007fabe4a57000,0x00007fabe4b58000)]
  0x00007fabf8081800 JavaThread "Finalizer" daemon [_thread_blocked, id=17900, stack(0x00007fabe4b58000,0x00007fabe4c59000)]
  0x00007fabf807f800 JavaThread "Reference Handler" daemon [_thread_blocked, id=17899, stack(0x00007fabe4c59000,0x00007fabe4d5a000)]

Other Threads:
  0x00007fabf807a800 VMThread [stack: 0x00007fabe4d5a000,0x00007fabe4e5b000] [id=17898]
  0x00007fabf80e1000 WatcherThread [stack: 0x00007fabe404b000,0x00007fabe414c000] [id=17924]

VM state:not at safepoint (normal execution)

VM Mutex/Monitor currently owned by a thread: None

Heap:
 PSYoungGen      total 34304K, used 22227K [0x00000000ebf00000, 0x00000000ee300000, 0x0000000100000000)
  eden space 31744K, 62% used [0x00000000ebf00000,0x00000000ed23c468,0x00000000ede00000)
  from space 2560K, 98% used [0x00000000ee080000,0x00000000ee2f8870,0x00000000ee300000)
  to   space 2560K, 0% used [0x00000000ede00000,0x00000000ede00000,0x00000000ee080000)
 ParOldGen       total 42496K, used 19271K [0x00000000c3c00000, 0x00000000c6580000, 0x00000000ebf00000)
  object space 42496K, 45% used [0x00000000c3c00000,0x00000000c4ed1de0,0x00000000c6580000)
 Metaspace       used 18218K, capacity 18381K, committed 18432K, reserved 1067008K
  class space    used 1716K, capacity 1789K, committed 1792K, reserved 1048576K

Card table byte_map: [0x00007fabfc169000,0x00007fabfc34c000] byte_map_base: 0x00007fabfbb4b000

Marking Bits: (ParMarkBitMap*) 0x00007fabff1652a0
 Begin Bits: [0x00007fabe6a1c000, 0x00007fabe792c000)
 End Bits:   [0x00007fabe792c000, 0x00007fabe883c000)

Polling page: 0x00007fabffd8c000

CodeCache: size=245760Kb used=5970Kb max_used=5974Kb free=239790Kb
 bounds [0x00007fabe9000000, 0x00007fabe95e0000, 0x00007fabf8000000]
 total_blobs=2553 nmethods=1612 adapters=864
 compilation: enabled

Compilation events (10 events):
Event: 22.117 Thread 0x00007fabf80c9000 1609       3       java.lang.StringBuilder::<init> (18 bytes)
Event: 22.118 Thread 0x00007fabf80c9000 nmethod 1609 0x00007fabe95d6a50 code [0x00007fabe95d6be0, 0x00007fabe95d70a8]
Event: 22.190 Thread 0x00007fabf80c4000 1611       4       java.util.concurrent.locks.ReentrantLock::unlock (10 bytes)
Event: 22.195 Thread 0x00007fabf80c9000 1610       3       sun.awt.X11.Native::getByte (8 bytes)
Event: 22.195 Thread 0x00007fabf80c9000 nmethod 1610 0x00007fabe95d72d0 code [0x00007fabe95d7440, 0x00007fabe95d7590]
Event: 22.197 Thread 0x00007fabf80c4000 nmethod 1611 0x00007fabe95da450 code [0x00007fabe95da5a0, 0x00007fabe95da7a8]
Event: 22.258 Thread 0x00007fabf80c9000 1612       1       java.awt.event.InputEvent::isConsumed (5 bytes)
Event: 22.258 Thread 0x00007fabf80c9000 nmethod 1612 0x00007fabe95da190 code [0x00007fabe95da2e0, 0x00007fabe95da3f0]
Event: 22.258 Thread 0x00007fabf80c9000 1613   !   3       java.awt.EventQueue::getNextEvent (84 bytes)
Event: 22.260 Thread 0x00007fabf80c9000 nmethod 1613 0x00007fabe95d89d0 code [0x00007fabe95d8c40, 0x00007fabe95d9a48]

GC Heap History (8 events):
Event: 1.072 GC heap before
{Heap before GC invocations=1 (full 0):
 PSYoungGen      total 18432K, used 15872K [0x00000000ebf00000, 0x00000000ed380000, 0x0000000100000000)
  eden space 15872K, 100% used [0x00000000ebf00000,0x00000000ece80000,0x00000000ece80000)
  from space 2560K, 0% used [0x00000000ed100000,0x00000000ed100000,0x00000000ed380000)
  to   space 2560K, 0% used [0x00000000ece80000,0x00000000ece80000,0x00000000ed100000)
 ParOldGen       total 42496K, used 0K [0x00000000c3c00000, 0x00000000c6580000, 0x00000000ebf00000)
  object space 42496K, 0% used [0x00000000c3c00000,0x00000000c3c00000,0x00000000c6580000)
 Metaspace       used 12682K, capacity 12872K, committed 12928K, reserved 1060864K
  class space    used 1357K, capacity 1408K, committed 1408K, reserved 1048576K
Event: 1.078 GC heap after
Heap after GC invocations=1 (full 0):
 PSYoungGen      total 18432K, used 2548K [0x00000000ebf00000, 0x00000000ed380000, 0x0000000100000000)
  eden space 15872K, 0% used [0x00000000ebf00000,0x00000000ebf00000,0x00000000ece80000)
  from space 2560K, 99% used [0x00000000ece80000,0x00000000ed0fd290,0x00000000ed100000)
  to   space 2560K, 0% used [0x00000000ed100000,0x00000000ed100000,0x00000000ed380000)
 ParOldGen       total 42496K, used 1425K [0x00000000c3c00000, 0x00000000c6580000, 0x00000000ebf00000)
  object space 42496K, 3% used [0x00000000c3c00000,0x00000000c3d64668,0x00000000c6580000)
 Metaspace       used 12682K, capacity 12872K, committed 12928K, reserved 1060864K
  class space    used 1357K, capacity 1408K, committed 1408K, reserved 1048576K
}
Event: 1.673 GC heap before
{Heap before GC invocations=2 (full 0):
 PSYoungGen      total 18432K, used 17893K [0x00000000ebf00000, 0x00000000ed380000, 0x0000000100000000)
  eden space 15872K, 96% used [0x00000000ebf00000,0x00000000ecdfc1e8,0x00000000ece80000)
  from space 2560K, 99% used [0x00000000ece80000,0x00000000ed0fd290,0x00000000ed100000)
  to   space 2560K, 0% used [0x00000000ed100000,0x00000000ed100000,0x00000000ed380000)
 ParOldGen       total 42496K, used 1425K [0x00000000c3c00000, 0x00000000c6580000, 0x00000000ebf00000)
  object space 42496K, 3% used [0x00000000c3c00000,0x00000000c3d64668,0x00000000c6580000)
 Metaspace       used 17390K, capacity 17525K, committed 17664K, reserved 1064960K
  class space    used 1685K, capacity 1721K, committed 1792K, reserved 1048576K
Event: 1.680 GC heap after
Heap after GC invocations=2 (full 0):
 PSYoungGen      total 18432K, used 2546K [0x00000000ebf00000, 0x00000000ed380000, 0x0000000100000000)
  eden space 15872K, 0% used [0x00000000ebf00000,0x00000000ebf00000,0x00000000ece80000)
  from space 2560K, 99% used [0x00000000ed100000,0x00000000ed37c880,0x00000000ed380000)
  to   space 2560K, 0% used [0x00000000ece80000,0x00000000ece80000,0x00000000ed100000)
 ParOldGen       total 42496K, used 4871K [0x00000000c3c00000, 0x00000000c6580000, 0x00000000ebf00000)
  object space 42496K, 11% used [0x00000000c3c00000,0x00000000c40c1d60,0x00000000c6580000)
 Metaspace       used 17390K, capacity 17525K, committed 17664K, reserved 1064960K
  class space    used 1685K, capacity 1721K, committed 1792K, reserved 1048576K
}
Event: 1.884 GC heap before
{Heap before GC invocations=3 (full 0):
 PSYoungGen      total 18432K, used 18201K [0x00000000ebf00000, 0x00000000ed380000, 0x0000000100000000)
  eden space 15872K, 98% used [0x00000000ebf00000,0x00000000ece49f68,0x00000000ece80000)
  from space 2560K, 99% used [0x00000000ed100000,0x00000000ed37c880,0x00000000ed380000)
  to   space 2560K, 0% used [0x00000000ece80000,0x00000000ece80000,0x00000000ed100000)
 ParOldGen       total 42496K, used 4871K [0x00000000c3c00000, 0x00000000c6580000, 0x00000000ebf00000)
  object space 42496K, 11% used [0x00000000c3c00000,0x00000000c40c1d60,0x00000000c6580000)
 Metaspace       used 17441K, capacity 17621K, committed 17920K, reserved 1064960K
  class space    used 1686K, capacity 1753K, committed 1792K, reserved 1048576K
Event: 1.894 GC heap after
Heap after GC invocations=3 (full 0):
 PSYoungGen      total 18432K, used 2530K [0x00000000ebf00000, 0x00000000ee300000, 0x0000000100000000)
  eden space 15872K, 0% used [0x00000000ebf00000,0x00000000ebf00000,0x00000000ece80000)
  from space 2560K, 98% used [0x00000000ece80000,0x00000000ed0f8890,0x00000000ed100000)
  to   space 2560K, 0% used [0x00000000ee080000,0x00000000ee080000,0x00000000ee300000)
 ParOldGen       total 42496K, used 18097K [0x00000000c3c00000, 0x00000000c6580000, 0x00000000ebf00000)
  object space 42496K, 42% used [0x00000000c3c00000,0x00000000c4dac5c0,0x00000000c6580000)
 Metaspace       used 17441K, capacity 17621K, committed 17920K, reserved 1064960K
  class space    used 1686K, capacity 1753K, committed 1792K, reserved 1048576K
}
Event: 10.335 GC heap before
{Heap before GC invocations=4 (full 0):
 PSYoungGen      total 18432K, used 18402K [0x00000000ebf00000, 0x00000000ee300000, 0x0000000100000000)
  eden space 15872K, 100% used [0x00000000ebf00000,0x00000000ece80000,0x00000000ece80000)
  from space 2560K, 98% used [0x00000000ece80000,0x00000000ed0f8890,0x00000000ed100000)
  to   space 2560K, 0% used [0x00000000ee080000,0x00000000ee080000,0x00000000ee300000)
 ParOldGen       total 42496K, used 18097K [0x00000000c3c00000, 0x00000000c6580000, 0x00000000ebf00000)
  object space 42496K, 42% used [0x00000000c3c00000,0x00000000c4dac5c0,0x00000000c6580000)
 Metaspace       used 17969K, capacity 18125K, committed 18176K, reserved 1064960K
  class space    used 1715K, capacity 1789K, committed 1792K, reserved 1048576K
Event: 10.340 GC heap after
Heap after GC invocations=4 (full 0):
 PSYoungGen      total 34304K, used 2530K [0x00000000ebf00000, 0x00000000ee300000, 0x0000000100000000)
  eden space 31744K, 0% used [0x00000000ebf00000,0x00000000ebf00000,0x00000000ede00000)
  from space 2560K, 98% used [0x00000000ee080000,0x00000000ee2f8870,0x00000000ee300000)
  to   space 2560K, 0% used [0x00000000ede00000,0x00000000ede00000,0x00000000ee080000)
 ParOldGen       total 42496K, used 19271K [0x00000000c3c00000, 0x00000000c6580000, 0x00000000ebf00000)
  object space 42496K, 45% used [0x00000000c3c00000,0x00000000c4ed1de0,0x00000000c6580000)
 Metaspace       used 17969K, capacity 18125K, committed 18176K, reserved 1064960K
  class space    used 1715K, capacity 1789K, committed 1792K, reserved 1048576K
}

Deoptimization events (4 events):
Event: 1.550 Thread 0x00007fabf8359800 Uncommon trap: reason=unreached action=reinterpret pc=0x00007fabe932a7ac method=com.jogamp.common.nio.Buffers.isDirect(Ljava/lang/Object;)Z @ 1
Event: 1.550 Thread 0x00007fabf8359800 Uncommon trap: reason=unreached action=reinterpret pc=0x00007fabe9353d70 method=com.jogamp.common.nio.Buffers.getDirectBufferByteOffset(Ljava/lang/Object;)I @ 1
Event: 1.594 Thread 0x00007fabf8359800 Uncommon trap: reason=unreached action=reinterpret pc=0x00007fabe934bd48 method=com.jogamp.common.util.IntIntHashMap.get(I)I @ 19
Event: 1.619 Thread 0x00007fabf8359800 Uncommon trap: reason=unreached action=reinterpret pc=0x00007fabe9313eec method=java.lang.reflect.AccessibleObject.setAccessible0(Ljava/lang/reflect/AccessibleObject;Z)V @ 4

Internal exceptions (10 events):
Event: 1.827 Thread 0x00007fabf8369800 Exception <a 'java/security/PrivilegedActionException'> (0x00000000ec4b54b8) thrown at [/HUDSON/workspace/8-2-build-linux-amd64/jdk8u31/2394/hotspot/src/share/vm/prims/jvm.cpp, line 1312]
Event: 1.828 Thread 0x00007fabf8359800 Exception <a 'java/lang/reflect/InvocationTargetException'> (0x00000000ec48a440) thrown at [/HUDSON/workspace/8-2-build-linux-amd64/jdk8u31/2394/hotspot/src/share/vm/runtime/reflection.cpp, line 1080]
Event: 1.897 Thread 0x00007fabf8359800 Exception <a 'java/security/PrivilegedActionException'> (0x00000000ec000868) thrown at [/HUDSON/workspace/8-2-build-linux-amd64/jdk8u31/2394/hotspot/src/share/vm/prims/jvm.cpp, line 1312]
Event: 2.034 Thread 0x00007fabf8359800 Exception <a 'java/lang/reflect/InvocationTargetException'> (0x00000000ec0f7f68) thrown at [/HUDSON/workspace/8-2-build-linux-amd64/jdk8u31/2394/hotspot/src/share/vm/runtime/reflection.cpp, line 1080]
Event: 2.036 Thread 0x00007fabf8359800 Exception <a 'java/lang/reflect/InvocationTargetException'> (0x00000000ec0f8378) thrown at [/HUDSON/workspace/8-2-build-linux-amd64/jdk8u31/2394/hotspot/src/share/vm/runtime/reflection.cpp, line 1080]
Event: 2.132 Thread 0x00007fabf8359800 Exception <a 'java/lang/reflect/InvocationTargetException'> (0x00000000ec105578) thrown at [/HUDSON/workspace/8-2-build-linux-amd64/jdk8u31/2394/hotspot/src/share/vm/runtime/reflection.cpp, line 1080]
Event: 2.132 Thread 0x00007fabf8359800 Exception <a 'java/lang/reflect/InvocationTargetException'> (0x00000000ec105988) thrown at [/HUDSON/workspace/8-2-build-linux-amd64/jdk8u31/2394/hotspot/src/share/vm/runtime/reflection.cpp, line 1080]
Event: 2.209 Thread 0x00007fabf8359800 Exception <a 'java/lang/reflect/InvocationTargetException'> (0x00000000ec16d888) thrown at [/HUDSON/workspace/8-2-build-linux-amd64/jdk8u31/2394/hotspot/src/share/vm/runtime/reflection.cpp, line 1080]
Event: 2.209 Thread 0x00007fabf8359800 Exception <a 'java/lang/reflect/InvocationTargetException'> (0x00000000ec16dc98) thrown at [/HUDSON/workspace/8-2-build-linux-amd64/jdk8u31/2394/hotspot/src/share/vm/runtime/reflection.cpp, line 1080]
Event: 2.300 Thread 0x00007fabf8359800 Exception <a 'java/lang/reflect/InvocationTargetException'> (0x00000000ec17e0c0) thrown at [/HUDSON/workspace/8-2-build-linux-amd64/jdk8u31/2394/hotspot/src/share/vm/runtime/reflection.cpp, line 1080]

Events (10 events):
Event: 22.323 Thread 0x00007fabf8359800 DEOPT PACKING pc=0x00007fabe9550869 sp=0x00007fabdd93e140
Event: 22.323 Thread 0x00007fabf8359800 DEOPT UNPACKING pc=0x00007fabe9047373 sp=0x00007fabdd93de88 mode 1
Event: 22.323 Thread 0x00007fabf8359800 DEOPT PACKING pc=0x00007fabe9528904 sp=0x00007fabdd93e1d0
Event: 22.323 Thread 0x00007fabf8359800 DEOPT UNPACKING pc=0x00007fabe9047373 sp=0x00007fabdd93df68 mode 1
Event: 22.323 Thread 0x00007fabf8359800 DEOPT PACKING pc=0x00007fabe9497da4 sp=0x00007fabdd93e280
Event: 22.323 Thread 0x00007fabf8359800 DEOPT UNPACKING pc=0x00007fabe9047373 sp=0x00007fabdd93dfc8 mode 1
Event: 22.323 Thread 0x00007fabf8359800 DEOPT PACKING pc=0x00007fabe94977b4 sp=0x00007fabdd93e2d0
Event: 22.323 Thread 0x00007fabf8359800 DEOPT UNPACKING pc=0x00007fabe9047373 sp=0x00007fabdd93e080 mode 1
Event: 22.323 Thread 0x00007fabf8359800 DEOPT PACKING pc=0x00007fabe9578314 sp=0x00007fabdd93e390
Event: 22.323 Thread 0x00007fabf8359800 DEOPT UNPACKING pc=0x00007fabe9047373 sp=0x00007fabdd93e0d8 mode 1


Dynamic libraries:
00400000-00401000 r-xp 00000000 08:11 2229123                            /usr/lib/jvm/jdk1.8.0_31/bin/java
00600000-00601000 rw-p 00000000 08:11 2229123                            /usr/lib/jvm/jdk1.8.0_31/bin/java
02207000-02228000 rw-p 00000000 00:00 0                                  [heap]
c3c00000-c6580000 rw-p 00000000 00:00 0 
c6580000-ebf00000 ---p 00000000 00:00 0 
ebf00000-ee300000 rw-p 00000000 00:00 0 
ee300000-100000000 ---p 00000000 00:00 0 
100000000-1001c0000 rw-p 00000000 00:00 0 
1001c0000-140000000 ---p 00000000 00:00 0 
7fab50000000-7fab5027e000 rw-p 00000000 00:00 0 
7fab5027e000-7fab54000000 ---p 00000000 00:00 0 
7fab57ffe000-7fab5bfff000 rw-s 00000000 00:11 1377922                    /dev/shm/pulse-shm-4266261774
7fab5bfff000-7fab60000000 r--s 00000000 00:11 22180                      /dev/shm/pulse-shm-3810095572
7fab60000000-7fab60021000 rw-p 00000000 00:00 0 
7fab60021000-7fab64000000 ---p 00000000 00:00 0 
7fab64000000-7fab64021000 rw-p 00000000 00:00 0 
7fab64021000-7fab68000000 ---p 00000000 00:00 0 
7fab68000000-7fab68021000 rw-p 00000000 00:00 0 
7fab68021000-7fab6c000000 ---p 00000000 00:00 0 
7fab6d926000-7fab6d966000 rw-p 00000000 00:00 0 
7fab6d966000-7fab6db26000 ---p 00000000 00:00 0 
7fab6db26000-7fab6db27000 ---p 00000000 00:00 0 
7fab6db27000-7fab6e327000 rw-p 00000000 00:00 0                          [stack:17962]
7fab6e327000-7fab6e328000 ---p 00000000 00:00 0 
7fab6e328000-7fab6eb28000 rw-p 00000000 00:00 0                          [stack:17958]
7fab6eb28000-7fab72b29000 rw-s 00000000 00:11 1377902                    /dev/shm/pulse-shm-1513843436
7fab72b29000-7fab72b2f000 r-xp 00000000 08:11 1317035                    /usr/lib/x86_64-linux-gnu/alsa-lib/libasound_module_pcm_pulse.so
7fab72b2f000-7fab72d2e000 ---p 00006000 08:11 1317035                    /usr/lib/x86_64-linux-gnu/alsa-lib/libasound_module_pcm_pulse.so
7fab72d2e000-7fab72d2f000 r--p 00005000 08:11 1317035                    /usr/lib/x86_64-linux-gnu/alsa-lib/libasound_module_pcm_pulse.so
7fab72d2f000-7fab72d30000 rw-p 00006000 08:11 1317035                    /usr/lib/x86_64-linux-gnu/alsa-lib/libasound_module_pcm_pulse.so
7fab72d30000-7fab72d64000 r-xp 00000000 08:11 1246961                    /usr/local/cpffmpeg/lib/libvorbis.so.0.4.7
7fab72d64000-7fab72f64000 ---p 00034000 08:11 1246961                    /usr/local/cpffmpeg/lib/libvorbis.so.0.4.7
7fab72f64000-7fab72f65000 rw-p 00034000 08:11 1246961                    /usr/local/cpffmpeg/lib/libvorbis.so.0.4.7
7fab72f65000-7fab72f6b000 r-xp 00000000 08:11 1246864                    /usr/local/cpffmpeg/lib/libogg.so.0.8.1
7fab72f6b000-7fab7316a000 ---p 00006000 08:11 1246864                    /usr/local/cpffmpeg/lib/libogg.so.0.8.1
7fab7316a000-7fab7316b000 rw-p 00005000 08:11 1246864                    /usr/local/cpffmpeg/lib/libogg.so.0.8.1
7fab7316b000-7fab7317c000 r-xp 00000000 08:11 393690                     /lib/x86_64-linux-gnu/libgpg-error.so.0.13.0
7fab7317c000-7fab7337b000 ---p 00011000 08:11 393690                     /lib/x86_64-linux-gnu/libgpg-error.so.0.13.0
7fab7337b000-7fab7337c000 r--p 00010000 08:11 393690                     /lib/x86_64-linux-gnu/libgpg-error.so.0.13.0
7fab7337c000-7fab7337d000 rw-p 00011000 08:11 393690                     /lib/x86_64-linux-gnu/libgpg-error.so.0.13.0
7fab7337d000-7fab7340c000 r-xp 00000000 08:11 1246969                    /usr/local/cpffmpeg/lib/libvorbisenc.so.2.0.10
7fab7340c000-7fab7360b000 ---p 0008f000 08:11 1246969                    /usr/local/cpffmpeg/lib/libvorbisenc.so.2.0.10
7fab7360b000-7fab73627000 rw-p 0008e000 08:11 1246969                    /usr/local/cpffmpeg/lib/libvorbisenc.so.2.0.10
7fab73627000-7fab7367a000 r-xp 00000000 08:11 1247702                    /usr/local/cpffmpeg/lib/libFLAC.so.8.3.0
7fab7367a000-7fab7387a000 ---p 00053000 08:11 1247702                    /usr/local/cpffmpeg/lib/libFLAC.so.8.3.0
7fab7387a000-7fab7387b000 rw-p 00053000 08:11 1247702                    /usr/local/cpffmpeg/lib/libFLAC.so.8.3.0
7fab7387b000-7fab7388f000 r-xp 00000000 08:11 393941                     /lib/x86_64-linux-gnu/libresolv-2.19.so
7fab7388f000-7fab73a8e000 ---p 00014000 08:11 393941                     /lib/x86_64-linux-gnu/libresolv-2.19.so
7fab73a8e000-7fab73a8f000 r--p 00013000 08:11 393941                     /lib/x86_64-linux-gnu/libresolv-2.19.so
7fab73a8f000-7fab73a90000 rw-p 00014000 08:11 393941                     /lib/x86_64-linux-gnu/libresolv-2.19.so
7fab73a90000-7fab73a92000 rw-p 00000000 00:00 0 
7fab73a92000-7fab73b69000 r-xp 00000000 08:11 393710                     /lib/x86_64-linux-gnu/libgcrypt.so.20.0.2
7fab73b69000-7fab73d69000 ---p 000d7000 08:11 393710                     /lib/x86_64-linux-gnu/libgcrypt.so.20.0.2
7fab73d69000-7fab73d6a000 r--p 000d7000 08:11 393710                     /lib/x86_64-linux-gnu/libgcrypt.so.20.0.2
7fab73d6a000-7fab73d73000 rw-p 000d8000 08:11 393710                     /lib/x86_64-linux-gnu/libgcrypt.so.20.0.2
7fab73d73000-7fab73d95000 r-xp 00000000 08:11 393692                     /lib/x86_64-linux-gnu/liblzma.so.5.0.0
7fab73d95000-7fab73f94000 ---p 00022000 08:11 393692                     /lib/x86_64-linux-gnu/liblzma.so.5.0.0
7fab73f94000-7fab73f95000 r--p 00021000 08:11 393692                     /lib/x86_64-linux-gnu/liblzma.so.5.0.0
7fab73f95000-7fab73f96000 rw-p 00022000 08:11 393692                     /lib/x86_64-linux-gnu/liblzma.so.5.0.0
7fab73f96000-7fab73f9a000 r-xp 00000000 08:11 393657                     /lib/x86_64-linux-gnu/libuuid.so.1.3.0
7fab73f9a000-7fab74199000 ---p 00004000 08:11 393657                     /lib/x86_64-linux-gnu/libuuid.so.1.3.0
7fab74199000-7fab7419a000 r--p 00003000 08:11 393657                     /lib/x86_64-linux-gnu/libuuid.so.1.3.0
7fab7419a000-7fab7419b000 rw-p 00004000 08:11 393657                     /lib/x86_64-linux-gnu/libuuid.so.1.3.0
7fab7419b000-7fab7419f000 r-xp 00000000 08:11 393736                     /lib/x86_64-linux-gnu/libattr.so.1.1.0
7fab7419f000-7fab7439e000 ---p 00004000 08:11 393736                     /lib/x86_64-linux-gnu/libattr.so.1.1.0
7fab7439e000-7fab7439f000 r--p 00003000 08:11 393736                     /lib/x86_64-linux-gnu/libattr.so.1.1.0
7fab7439f000-7fab743a0000 rw-p 00004000 08:11 393736                     /lib/x86_64-linux-gnu/libattr.so.1.1.0
7fab743a0000-7fab743a5000 r-xp 00000000 08:11 1315196                    /usr/lib/x86_64-linux-gnu/libasyncns.so.0.3.1
7fab743a5000-7fab745a4000 ---p 00005000 08:11 1315196                    /usr/lib/x86_64-linux-gnu/libasyncns.so.0.3.1
7fab745a4000-7fab745a5000 r--p 00004000 08:11 1315196                    /usr/lib/x86_64-linux-gnu/libasyncns.so.0.3.1
7fab745a5000-7fab745a6000 rw-p 00005000 08:11 1315196                    /usr/lib/x86_64-linux-gnu/libasyncns.so.0.3.1
7fab745a6000-7fab74608000 r-xp 00000000 08:11 1315698                    /usr/lib/x86_64-linux-gnu/libsndfile.so.1.0.25
7fab74608000-7fab74808000 ---p 00062000 08:11 1315698                    /usr/lib/x86_64-linux-gnu/libsndfile.so.1.0.25
7fab74808000-7fab7480a000 r--p 00062000 08:11 1315698                    /usr/lib/x86_64-linux-gnu/libsndfile.so.1.0.25
7fab7480a000-7fab7480b000 rw-p 00064000 08:11 1315698                    /usr/lib/x86_64-linux-gnu/libsndfile.so.1.0.25
7fab7480b000-7fab7480f000 rw-p 00000000 00:00 0 
7fab7480f000-7fab74818000 r-xp 00000000 08:11 394193                     /lib/x86_64-linux-gnu/libwrap.so.0.7.6
7fab74818000-7fab74a17000 ---p 00009000 08:11 394193                     /lib/x86_64-linux-gnu/libwrap.so.0.7.6
7fab74a17000-7fab74a18000 r--p 00008000 08:11 394193                     /lib/x86_64-linux-gnu/libwrap.so.0.7.6
7fab74a18000-7fab74a19000 rw-p 00009000 08:11 394193                     /lib/x86_64-linux-gnu/libwrap.so.0.7.6
7fab74a19000-7fab74a1a000 rw-p 00000000 00:00 0 
7fab74a1a000-7fab74a3b000 r-xp 00000000 08:11 393722                     /lib/x86_64-linux-gnu/libsystemd.so.0.3.1
7fab74a3b000-7fab74c3b000 ---p 00021000 08:11 393722                     /lib/x86_64-linux-gnu/libsystemd.so.0.3.1
7fab74c3b000-7fab74c3c000 r--p 00021000 08:11 393722                     /lib/x86_64-linux-gnu/libsystemd.so.0.3.1
7fab74c3c000-7fab74c3d000 rw-p 00022000 08:11 393722                     /lib/x86_64-linux-gnu/libsystemd.so.0.3.1
7fab74c3d000-7fab74c44000 r-xp 00000000 08:11 1313147                    /usr/lib/x86_64-linux-gnu/libSM.so.6.0.1
7fab74c44000-7fab74e43000 ---p 00007000 08:11 1313147                    /usr/lib/x86_64-linux-gnu/libSM.so.6.0.1
7fab74e43000-7fab74e44000 r--p 00006000 08:11 1313147                    /usr/lib/x86_64-linux-gnu/libSM.so.6.0.1
7fab74e44000-7fab74e45000 rw-p 00007000 08:11 1313147                    /usr/lib/x86_64-linux-gnu/libSM.so.6.0.1
7fab74e45000-7fab74e49000 r-xp 00000000 08:11 393218                     /lib/x86_64-linux-gnu/libcap.so.2.24
7fab74e49000-7fab75048000 ---p 00004000 08:11 393218                     /lib/x86_64-linux-gnu/libcap.so.2.24
7fab75048000-7fab75049000 r--p 00003000 08:11 393218                     /lib/x86_64-linux-gnu/libcap.so.2.24
7fab75049000-7fab7504a000 rw-p 00004000 08:11 393218                     /lib/x86_64-linux-gnu/libcap.so.2.24
7fab7504a000-7fab75091000 r-xp 00000000 08:11 393809                     /lib/x86_64-linux-gnu/libdbus-1.so.3.8.10
7fab75091000-7fab75290000 ---p 00047000 08:11 393809                     /lib/x86_64-linux-gnu/libdbus-1.so.3.8.10
7fab75290000-7fab75291000 r--p 00046000 08:11 393809                     /lib/x86_64-linux-gnu/libdbus-1.so.3.8.10
7fab75291000-7fab75292000 rw-p 00047000 08:11 393809                     /lib/x86_64-linux-gnu/libdbus-1.so.3.8.10
7fab75292000-7fab75309000 r-xp 00000000 08:11 1315203                    /usr/lib/x86_64-linux-gnu/pulseaudio/libpulsecommon-5.0.so
7fab75309000-7fab75509000 ---p 00077000 08:11 1315203                    /usr/lib/x86_64-linux-gnu/pulseaudio/libpulsecommon-5.0.so
7fab75509000-7fab7550a000 r--p 00077000 08:11 1315203                    /usr/lib/x86_64-linux-gnu/pulseaudio/libpulsecommon-5.0.so
7fab7550a000-7fab7550c000 rw-p 00078000 08:11 1315203                    /usr/lib/x86_64-linux-gnu/pulseaudio/libpulsecommon-5.0.so
7fab7550c000-7fab75516000 r-xp 00000000 08:11 394170                     /lib/x86_64-linux-gnu/libjson-c.so.2.0.0
7fab75516000-7fab75715000 ---p 0000a000 08:11 394170                     /lib/x86_64-linux-gnu/libjson-c.so.2.0.0
7fab75715000-7fab75716000 r--p 00009000 08:11 394170                     /lib/x86_64-linux-gnu/libjson-c.so.2.0.0
7fab75716000-7fab75717000 rw-p 0000a000 08:11 394170                     /lib/x86_64-linux-gnu/libjson-c.so.2.0.0
7fab75717000-7fab75765000 r-xp 00000000 08:11 1314084                    /usr/lib/x86_64-linux-gnu/libpulse.so.0.17.3
7fab75765000-7fab75965000 ---p 0004e000 08:11 1314084                    /usr/lib/x86_64-linux-gnu/libpulse.so.0.17.3
7fab75965000-7fab75967000 r--p 0004e000 08:11 1314084                    /usr/lib/x86_64-linux-gnu/libpulse.so.0.17.3
7fab75967000-7fab75968000 rw-p 00050000 08:11 1314084                    /usr/lib/x86_64-linux-gnu/libpulse.so.0.17.3
7fab75a69000-7fab75a6c000 ---p 00000000 00:00 0 
7fab75a6c000-7fab75b6a000 rw-p 00000000 00:00 0                          [stack:17963]
7fab75b6a000-7fab75c5a000 r-xp 00000000 08:11 1313856                    /usr/lib/x86_64-linux-gnu/libasound.so.2.0.0
7fab75c5a000-7fab75e59000 ---p 000f0000 08:11 1313856                    /usr/lib/x86_64-linux-gnu/libasound.so.2.0.0
7fab75e59000-7fab75e60000 r--p 000ef000 08:11 1313856                    /usr/lib/x86_64-linux-gnu/libasound.so.2.0.0
7fab75e60000-7fab75e62000 rw-p 000f6000 08:11 1313856                    /usr/lib/x86_64-linux-gnu/libasound.so.2.0.0
7fab75e62000-7fab75e71000 r-xp 00000000 08:11 2240448                    /usr/lib/jvm/jdk1.8.0_31/jre/lib/amd64/libjsoundalsa.so
7fab75e71000-7fab76070000 ---p 0000f000 08:11 2240448                    /usr/lib/jvm/jdk1.8.0_31/jre/lib/amd64/libjsoundalsa.so
7fab76070000-7fab76071000 rw-p 0000e000 08:11 2240448                    /usr/lib/jvm/jdk1.8.0_31/jre/lib/amd64/libjsoundalsa.so
7fab76071000-7fab76072000 r-xp 00000000 08:11 2240452                    /usr/lib/jvm/jdk1.8.0_31/jre/lib/amd64/libjsound.so
7fab76072000-7fab76271000 ---p 00001000 08:11 2240452                    /usr/lib/jvm/jdk1.8.0_31/jre/lib/amd64/libjsound.so
7fab76271000-7fab76272000 rw-p 00000000 08:11 2240452                    /usr/lib/jvm/jdk1.8.0_31/jre/lib/amd64/libjsound.so
7fab76272000-7fab76872000 rw-s 00000000 00:04 1379852                    /drm mm object (deleted)
7fab76872000-7fab76e72000 rw-s 00000000 00:04 1379851                    /drm mm object (deleted)
7fab76e72000-7fab76e80000 r-xp 00000000 08:11 393942                     /lib/x86_64-linux-gnu/libudev.so.1.5.0
7fab76e80000-7fab7707f000 ---p 0000e000 08:11 393942                     /lib/x86_64-linux-gnu/libudev.so.1.5.0
7fab7707f000-7fab77080000 r--p 0000d000 08:11 393942                     /lib/x86_64-linux-gnu/libudev.so.1.5.0
7fab77080000-7fab77081000 rw-p 0000e000 08:11 393942                     /lib/x86_64-linux-gnu/libudev.so.1.5.0
7fab77081000-7fab77083000 r-xp 00000000 08:11 1316635                    /usr/lib/x86_64-linux-gnu/libXinerama.so.1.0.0
7fab77083000-7fab77282000 ---p 00002000 08:11 1316635                    /usr/lib/x86_64-linux-gnu/libXinerama.so.1.0.0
7fab77282000-7fab77283000 r--p 00001000 08:11 1316635                    /usr/lib/x86_64-linux-gnu/libXinerama.so.1.0.0
7fab77283000-7fab77284000 rw-p 00002000 08:11 1316635                    /usr/lib/x86_64-linux-gnu/libXinerama.so.1.0.0
7fab77284000-7fab772bb000 r-xp 00000000 08:11 1316797                    /usr/lib/x86_64-linux-gnu/libtxc_dxtn_s2tc.so.0.0.0
7fab772bb000-7fab774ba000 ---p 00037000 08:11 1316797                    /usr/lib/x86_64-linux-gnu/libtxc_dxtn_s2tc.so.0.0.0
7fab774ba000-7fab774bb000 r--p 00036000 08:11 1316797                    /usr/lib/x86_64-linux-gnu/libtxc_dxtn_s2tc.so.0.0.0
7fab774bb000-7fab774bc000 rw-p 00037000 08:11 1316797                    /usr/lib/x86_64-linux-gnu/libtxc_dxtn_s2tc.so.0.0.0
7fab774bc000-7fab774d6000 r-xp 00000000 08:11 393684                     /lib/x86_64-linux-gnu/libz.so.1.2.8
7fab774d6000-7fab776d5000 ---p 0001a000 08:11 393684                     /lib/x86_64-linux-gnu/libz.so.1.2.8
7fab776d5000-7fab776d6000 r--p 00019000 08:11 393684                     /lib/x86_64-linux-gnu/libz.so.1.2.8
7fab776d6000-7fab776d7000 rw-p 0001a000 08:11 393684                     /lib/x86_64-linux-gnu/libz.so.1.2.8
7fab776d7000-7fab776df000 r-xp 00000000 08:11 1312442                    /usr/lib/x86_64-linux-gnu/libpciaccess.so.0.11.1
7fab776df000-7fab778df000 ---p 00008000 08:11 1312442                    /usr/lib/x86_64-linux-gnu/libpciaccess.so.0.11.1
7fab778df000-7fab778e0000 r--p 00008000 08:11 1312442                    /usr/lib/x86_64-linux-gnu/libpciaccess.so.0.11.1
7fab778e0000-7fab778e1000 rw-p 00009000 08:11 1312442                    /usr/lib/x86_64-linux-gnu/libpciaccess.so.0.11.1
7fab778e1000-7fab779cd000 r-xp 00000000 08:11 1313581                    /usr/lib/x86_64-linux-gnu/libstdc++.so.6.0.20
7fab779cd000-7fab77bcd000 ---p 000ec000 08:11 1313581                    /usr/lib/x86_64-linux-gnu/libstdc++.so.6.0.20
7fab77bcd000-7fab77bd5000 r--p 000ec000 08:11 1313581                    /usr/lib/x86_64-linux-gnu/libstdc++.so.6.0.20
7fab77bd5000-7fab77bd7000 rw-p 000f4000 08:11 1313581                    /usr/lib/x86_64-linux-gnu/libstdc++.so.6.0.20
7fab77bd7000-7fab77bec000 rw-p 00000000 00:00 0 
7fab77bec000-7fab77bf8000 r-xp 00000000 08:11 1317459                    /usr/lib/x86_64-linux-gnu/libdrm_radeon.so.1.0.1
7fab77bf8000-7fab77df7000 ---p 0000c000 08:11 1317459                    /usr/lib/x86_64-linux-gnu/libdrm_radeon.so.1.0.1
7fab77df7000-7fab77df8000 r--p 0000b000 08:11 1317459                    /usr/lib/x86_64-linux-gnu/libdrm_radeon.so.1.0.1
7fab77df8000-7fab77df9000 rw-p 0000c000 08:11 1317459                    /usr/lib/x86_64-linux-gnu/libdrm_radeon.so.1.0.1
7fab77df9000-7fab77dff000 r-xp 00000000 08:11 1317705                    /usr/lib/x86_64-linux-gnu/libdrm_nouveau.so.2.0.0
7fab77dff000-7fab77ffe000 ---p 00006000 08:11 1317705                    /usr/lib/x86_64-linux-gnu/libdrm_nouveau.so.2.0.0
7fab77ffe000-7fab77fff000 r--p 00005000 08:11 1317705                    /usr/lib/x86_64-linux-gnu/libdrm_nouveau.so.2.0.0
7fab77fff000-7fab78000000 rw-p 00006000 08:11 1317705                    /usr/lib/x86_64-linux-gnu/libdrm_nouveau.so.2.0.0
7fab78000000-7fab7a7e5000 rw-p 00000000 00:00 0 
7fab7a7e5000-7fab7c000000 ---p 00000000 00:00 0 
7fab7c0e7000-7fab7c0ef000 rw-s 00000000 00:04 1379289                    /drm mm object (deleted)
7fab7c0ef000-7fab7c0f7000 rw-s 00000000 00:04 1379288                    /drm mm object (deleted)
7fab7c0f7000-7fab7c0fa000 ---p 00000000 00:00 0 
7fab7c0fa000-7fab7c1f8000 rw-p 00000000 00:00 0                          [stack:17957]
7fab7c1f8000-7fab7c219000 r-xp 00000000 08:11 1312658                    /usr/lib/x86_64-linux-gnu/libdrm_intel.so.1.0.0
7fab7c219000-7fab7c418000 ---p 00021000 08:11 1312658                    /usr/lib/x86_64-linux-gnu/libdrm_intel.so.1.0.0
7fab7c418000-7fab7c419000 r--p 00020000 08:11 1312658                    /usr/lib/x86_64-linux-gnu/libdrm_intel.so.1.0.0
7fab7c419000-7fab7c41a000 rw-p 00021000 08:11 1312658                    /usr/lib/x86_64-linux-gnu/libdrm_intel.so.1.0.0
7fab7c41a000-7fab7c938000 r-xp 00000000 08:11 1312473                    /usr/lib/x86_64-linux-gnu/dri/i965_dri.so
7fab7c938000-7fab7cb38000 ---p 0051e000 08:11 1312473                    /usr/lib/x86_64-linux-gnu/dri/i965_dri.so
7fab7cb38000-7fab7cb54000 r--p 0051e000 08:11 1312473                    /usr/lib/x86_64-linux-gnu/dri/i965_dri.so
7fab7cb54000-7fab7cb5a000 rw-p 0053a000 08:11 1312473                    /usr/lib/x86_64-linux-gnu/dri/i965_dri.so
7fab7cb5a000-7fab7cd65000 rw-p 00000000 00:00 0 
7fab7cd65000-7fab7cd6b000 r-xp 00000000 08:11 1180552                    /usr/lib/mesa-diverted/x86_64-linux-gnu/libGLESv2.so.2.0.0
7fab7cd6b000-7fab7cf6a000 ---p 00006000 08:11 1180552                    /usr/lib/mesa-diverted/x86_64-linux-gnu/libGLESv2.so.2.0.0
7fab7cf6a000-7fab7cf6b000 r--p 00005000 08:11 1180552                    /usr/lib/mesa-diverted/x86_64-linux-gnu/libGLESv2.so.2.0.0
7fab7cf6b000-7fab7cf6c000 rw-p 00006000 08:11 1180552                    /usr/lib/mesa-diverted/x86_64-linux-gnu/libGLESv2.so.2.0.0
7fab7cf6c000-7fab7cfb1000 r-xp 00000000 08:11 1988854                    /tmp/jogamp_0000/file_cache/jln4352384420376726490/jln7506778870791540293/libjogl_mobile.so
7fab7cfb1000-7fab7d1b1000 ---p 00045000 08:11 1988854                    /tmp/jogamp_0000/file_cache/jln4352384420376726490/jln7506778870791540293/libjogl_mobile.so
7fab7d1b1000-7fab7d1b2000 rw-p 00045000 08:11 1988854                    /tmp/jogamp_0000/file_cache/jln4352384420376726490/jln7506778870791540293/libjogl_mobile.so
7fab7d1b2000-7fab7d1b9000 r-xp 00000000 08:11 1311207                    /usr/lib/x86_64-linux-gnu/libffi.so.6.0.2
7fab7d1b9000-7fab7d3b8000 ---p 00007000 08:11 1311207                    /usr/lib/x86_64-linux-gnu/libffi.so.6.0.2
7fab7d3b8000-7fab7d3b9000 r--p 00006000 08:11 1311207                    /usr/lib/x86_64-linux-gnu/libffi.so.6.0.2
7fab7d3b9000-7fab7d3ba000 rw-p 00007000 08:11 1311207                    /usr/lib/x86_64-linux-gnu/libffi.so.6.0.2
7fab7d3ba000-7fab7d3c7000 r-xp 00000000 08:11 1314293                    /usr/lib/x86_64-linux-gnu/libgbm.so.1.0.0
7fab7d3c7000-7fab7d5c6000 ---p 0000d000 08:11 1314293                    /usr/lib/x86_64-linux-gnu/libgbm.so.1.0.0
7fab7d5c6000-7fab7d5c7000 r--p 0000c000 08:11 1314293                    /usr/lib/x86_64-linux-gnu/libgbm.so.1.0.0
7fab7d5c7000-7fab7d5c8000 rw-p 0000d000 08:11 1314293                    /usr/lib/x86_64-linux-gnu/libgbm.so.1.0.0
7fab7d5c8000-7fab7d5d7000 r-xp 00000000 08:11 1314915                    /usr/lib/x86_64-linux-gnu/libwayland-server.so.0.1.0
7fab7d5d7000-7fab7d7d7000 ---p 0000f000 08:11 1314915                    /usr/lib/x86_64-linux-gnu/libwayland-server.so.0.1.0
7fab7d7d7000-7fab7d7d9000 r--p 0000f000 08:11 1314915                    /usr/lib/x86_64-linux-gnu/libwayland-server.so.0.1.0
7fab7d7d9000-7fab7d7da000 rw-p 00011000 08:11 1314915                    /usr/lib/x86_64-linux-gnu/libwayland-server.so.0.1.0
7fab7d7da000-7fab7d7e6000 r-xp 00000000 08:11 1316306                    /usr/lib/x86_64-linux-gnu/libwayland-client.so.0.3.0
7fab7d7e6000-7fab7d9e5000 ---p 0000c000 08:11 1316306                    /usr/lib/x86_64-linux-gnu/libwayland-client.so.0.3.0
7fab7d9e5000-7fab7d9e8000 r--p 0000b000 08:11 1316306                    /usr/lib/x86_64-linux-gnu/libwayland-client.so.0.3.0
7fab7d9e8000-7fab7d9e9000 rw-p 0000e000 08:11 1316306                    /usr/lib/x86_64-linux-gnu/libwayland-client.so.0.3.0
7fab7d9e9000-7fab7d9ec000 r-xp 00000000 08:11 1312486                    /usr/lib/x86_64-linux-gnu/libxcb-shape.so.0.0.0
7fab7d9ec000-7fab7dbeb000 ---p 00003000 08:11 1312486                    /usr/lib/x86_64-linux-gnu/libxcb-shape.so.0.0.0
7fab7dbeb000-7fab7dbec000 r--p 00002000 08:11 1312486                    /usr/lib/x86_64-linux-gnu/libxcb-shape.so.0.0.0
7fab7dbec000-7fab7dbed000 rw-p 00003000 08:11 1312486                    /usr/lib/x86_64-linux-gnu/libxcb-shape.so.0.0.0
7fab7dbed000-7fab7dbf6000 r-xp 00000000 08:11 1320235                    /usr/lib/x86_64-linux-gnu/libxcb-render.so.0.0.0
7fab7dbf6000-7fab7ddf5000 ---p 00009000 08:11 1320235                    /usr/lib/x86_64-linux-gnu/libxcb-render.so.0.0.0
7fab7ddf5000-7fab7ddf6000 r--p 00008000 08:11 1320235                    /usr/lib/x86_64-linux-gnu/libxcb-render.so.0.0.0
7fab7ddf6000-7fab7ddf7000 rw-p 00009000 08:11 1320235                    /usr/lib/x86_64-linux-gnu/libxcb-render.so.0.0.0
7fab7ddf7000-7fab7ddfd000 r-xp 00000000 08:11 1313209                    /usr/lib/x86_64-linux-gnu/libxcb-xfixes.so.0.0.0
7fab7ddfd000-7fab7dffd000 ---p 00006000 08:11 1313209                    /usr/lib/x86_64-linux-gnu/libxcb-xfixes.so.0.0.0
7fab7dffd000-7fab7dffe000 r--p 00006000 08:11 1313209                    /usr/lib/x86_64-linux-gnu/libxcb-xfixes.so.0.0.0
7fab7dffe000-7fab7dfff000 rw-p 00007000 08:11 1313209                    /usr/lib/x86_64-linux-gnu/libxcb-xfixes.so.0.0.0
7fab7dfff000-7fab7e027000 r-xp 00000000 08:11 1179661                    /usr/lib/mesa-diverted/x86_64-linux-gnu/libEGL.so.1.0.0
7fab7e027000-7fab7e226000 ---p 00028000 08:11 1179661                    /usr/lib/mesa-diverted/x86_64-linux-gnu/libEGL.so.1.0.0
7fab7e226000-7fab7e227000 r--p 00027000 08:11 1179661                    /usr/lib/mesa-diverted/x86_64-linux-gnu/libEGL.so.1.0.0
7fab7e227000-7fab7e228000 rw-p 00028000 08:11 1179661                    /usr/lib/mesa-diverted/x86_64-linux-gnu/libEGL.so.1.0.0
7fab7e228000-7fab7e229000 rw-p 00000000 00:00 0 
7fab7e229000-7fab7e22d000 r-xp 00000000 08:11 1184816                    /usr/lib/mesa-diverted/x86_64-linux-gnu/libGLESv1_CM.so.1.1.0
7fab7e22d000-7fab7e42c000 ---p 00004000 08:11 1184816                    /usr/lib/mesa-diverted/x86_64-linux-gnu/libGLESv1_CM.so.1.1.0
7fab7e42c000-7fab7e42d000 r--p 00003000 08:11 1184816                    /usr/lib/mesa-diverted/x86_64-linux-gnu/libGLESv1_CM.so.1.1.0
7fab7e42d000-7fab7e42e000 rw-p 00004000 08:11 1184816                    /usr/lib/mesa-diverted/x86_64-linux-gnu/libGLESv1_CM.so.1.1.0
7fab7e42e000-7fab7e4d3000 r-xp 00000000 08:11 1988853                    /tmp/jogamp_0000/file_cache/jln4352384420376726490/jln7506778870791540293/libjogl_desktop.so
7fab7e4d3000-7fab7e6d3000 ---p 000a5000 08:11 1988853                    /tmp/jogamp_0000/file_cache/jln4352384420376726490/jln7506778870791540293/libjogl_desktop.so
7fab7e6d3000-7fab7e6d4000 rw-p 000a5000 08:11 1988853                    /tmp/jogamp_0000/file_cache/jln4352384420376726490/jln7506778870791540293/libjogl_desktop.so
7fab7e6d4000-7fab7e6e0000 r-xp 00000000 08:11 1317768                    /usr/lib/x86_64-linux-gnu/libdrm.so.2.4.0
7fab7e6e0000-7fab7e8df000 ---p 0000c000 08:11 1317768                    /usr/lib/x86_64-linux-gnu/libdrm.so.2.4.0
7fab7e8df000-7fab7e8e0000 r--p 0000b000 08:11 1317768                    /usr/lib/x86_64-linux-gnu/libdrm.so.2.4.0
7fab7e8e0000-7fab7e8e1000 rw-p 0000c000 08:11 1317768                    /usr/lib/x86_64-linux-gnu/libdrm.so.2.4.0
7fab7e8e1000-7fab7e8e2000 r-xp 00000000 08:11 1316882                    /usr/lib/x86_64-linux-gnu/libxshmfence.so.1.0.0
7fab7e8e2000-7fab7eae1000 ---p 00001000 08:11 1316882                    /usr/lib/x86_64-linux-gnu/libxshmfence.so.1.0.0
7fab7eae1000-7fab7eae2000 r--p 00000000 08:11 1316882                    /usr/lib/x86_64-linux-gnu/libxshmfence.so.1.0.0
7fab7eae2000-7fab7eae3000 rw-p 00001000 08:11 1316882                    /usr/lib/x86_64-linux-gnu/libxshmfence.so.1.0.0
7fab7eae3000-7fab7eae8000 r-xp 00000000 08:11 1315759                    /usr/lib/x86_64-linux-gnu/libxcb-sync.so.1.0.0
7fab7eae8000-7fab7ece8000 ---p 00005000 08:11 1315759                    /usr/lib/x86_64-linux-gnu/libxcb-sync.so.1.0.0
7fab7ece8000-7fab7ece9000 r--p 00005000 08:11 1315759                    /usr/lib/x86_64-linux-gnu/libxcb-sync.so.1.0.0
7fab7ece9000-7fab7ecea000 rw-p 00006000 08:11 1315759                    /usr/lib/x86_64-linux-gnu/libxcb-sync.so.1.0.0
7fab7ecea000-7fab7ecec000 r-xp 00000000 08:11 1317437                    /usr/lib/x86_64-linux-gnu/libxcb-present.so.0.0.0
7fab7ecec000-7fab7eeeb000 ---p 00002000 08:11 1317437                    /usr/lib/x86_64-linux-gnu/libxcb-present.so.0.0.0
7fab7eeeb000-7fab7eeec000 r--p 00001000 08:11 1317437                    /usr/lib/x86_64-linux-gnu/libxcb-present.so.0.0.0
7fab7eeec000-7fab7eeed000 rw-p 00002000 08:11 1317437                    /usr/lib/x86_64-linux-gnu/libxcb-present.so.0.0.0
7fab7eeed000-7fab7eeef000 r-xp 00000000 08:11 1313718                    /usr/lib/x86_64-linux-gnu/libxcb-dri3.so.0.0.0
7fab7eeef000-7fab7f0ee000 ---p 00002000 08:11 1313718                    /usr/lib/x86_64-linux-gnu/libxcb-dri3.so.0.0.0
7fab7f0ee000-7fab7f0ef000 r--p 00001000 08:11 1313718                    /usr/lib/x86_64-linux-gnu/libxcb-dri3.so.0.0.0
7fab7f0ef000-7fab7f0f0000 rw-p 00002000 08:11 1313718                    /usr/lib/x86_64-linux-gnu/libxcb-dri3.so.0.0.0
7fab7f0f0000-7fab7f0f4000 r-xp 00000000 08:11 1312874                    /usr/lib/x86_64-linux-gnu/libxcb-dri2.so.0.0.0
7fab7f0f4000-7fab7f2f3000 ---p 00004000 08:11 1312874                    /usr/lib/x86_64-linux-gnu/libxcb-dri2.so.0.0.0
7fab7f2f3000-7fab7f2f4000 r--p 00003000 08:11 1312874                    /usr/lib/x86_64-linux-gnu/libxcb-dri2.so.0.0.0
7fab7f2f4000-7fab7f2f5000 rw-p 00004000 08:11 1312874                    /usr/lib/x86_64-linux-gnu/libxcb-dri2.so.0.0.0
7fab7f2f5000-7fab7f30c000 r-xp 00000000 08:11 1314543                    /usr/lib/x86_64-linux-gnu/libxcb-glx.so.0.0.0
7fab7f30c000-7fab7f50b000 ---p 00017000 08:11 1314543                    /usr/lib/x86_64-linux-gnu/libxcb-glx.so.0.0.0
7fab7f50b000-7fab7f50d000 r--p 00016000 08:11 1314543                    /usr/lib/x86_64-linux-gnu/libxcb-glx.so.0.0.0
7fab7f50d000-7fab7f50e000 rw-p 00018000 08:11 1314543                    /usr/lib/x86_64-linux-gnu/libxcb-glx.so.0.0.0
7fab7f50e000-7fab7f50f000 r-xp 00000000 08:11 1318061                    /usr/lib/x86_64-linux-gnu/libX11-xcb.so.1.0.0
7fab7f50f000-7fab7f70e000 ---p 00001000 08:11 1318061                    /usr/lib/x86_64-linux-gnu/libX11-xcb.so.1.0.0
7fab7f70e000-7fab7f70f000 r--p 00000000 08:11 1318061                    /usr/lib/x86_64-linux-gnu/libX11-xcb.so.1.0.0
7fab7f70f000-7fab7f710000 rw-p 00001000 08:11 1318061                    /usr/lib/x86_64-linux-gnu/libX11-xcb.so.1.0.0
7fab7f710000-7fab7f712000 r-xp 00000000 08:11 1316876                    /usr/lib/x86_64-linux-gnu/libXdamage.so.1.1.0
7fab7f712000-7fab7f911000 ---p 00002000 08:11 1316876                    /usr/lib/x86_64-linux-gnu/libXdamage.so.1.1.0
7fab7f911000-7fab7f912000 r--p 00001000 08:11 1316876                    /usr/lib/x86_64-linux-gnu/libXdamage.so.1.1.0
7fab7f912000-7fab7f913000 rw-p 00002000 08:11 1316876                    /usr/lib/x86_64-linux-gnu/libXdamage.so.1.1.0
7fab7f913000-7fab7f938000 r-xp 00000000 08:11 1311159                    /usr/lib/x86_64-linux-gnu/libglapi.so.0.0.0
7fab7f938000-7fab7fb38000 ---p 00025000 08:11 1311159                    /usr/lib/x86_64-linux-gnu/libglapi.so.0.0.0
7fab7fb38000-7fab7fb3b000 r--p 00025000 08:11 1311159                    /usr/lib/x86_64-linux-gnu/libglapi.so.0.0.0
7fab7fb3b000-7fab7fb3c000 rw-p 00028000 08:11 1311159                    /usr/lib/x86_64-linux-gnu/libglapi.so.0.0.0
7fab7fb3c000-7fab7fb3d000 rw-p 00000000 00:00 0 
7fab7fb3d000-7fab7fb63000 r-xp 00000000 08:11 393642                     /lib/x86_64-linux-gnu/libexpat.so.1.6.0
7fab7fb63000-7fab7fd62000 ---p 00026000 08:11 393642                     /lib/x86_64-linux-gnu/libexpat.so.1.6.0
7fab7fd62000-7fab7fd65000 r--p 00025000 08:11 393642                     /lib/x86_64-linux-gnu/libexpat.so.1.6.0
7fab7fd65000-7fab7fd66000 rw-p 00028000 08:11 393642                     /lib/x86_64-linux-gnu/libexpat.so.1.6.0
7fab7fd66000-7fab7fdfc000 r-xp 00000000 08:11 1179742                    /usr/lib/mesa-diverted/x86_64-linux-gnu/libGL.so.1.2.0
7fab7fdfc000-7fab7fffb000 ---p 00096000 08:11 1179742                    /usr/lib/mesa-diverted/x86_64-linux-gnu/libGL.so.1.2.0
7fab7fffb000-7fab7fffe000 r--p 00095000 08:11 1179742                    /usr/lib/mesa-diverted/x86_64-linux-gnu/libGL.so.1.2.0
7fab7fffe000-7fab7ffff000 rw-p 00098000 08:11 1179742                    /usr/lib/mesa-diverted/x86_64-linux-gnu/libGL.so.1.2.0
7fab7ffff000-7fab80000000 rw-p 00000000 00:00 0 
7fab80000000-7fab80a0b000 rw-p 00000000 00:00 0 
7fab80a0b000-7fab84000000 ---p 00000000 00:00 0 
7fab84000000-7fab84021000 rw-p 00000000 00:00 0 
7fab84021000-7fab88000000 ---p 00000000 00:00 0 
7fab88000000-7fab88021000 rw-p 00000000 00:00 0 
7fab88021000-7fab8c000000 ---p 00000000 00:00 0 
7fab8c000000-7fab8e779000 rw-p 00000000 00:00 0 
7fab8e779000-7fab90000000 ---p 00000000 00:00 0 
7fab90000000-7fab90036000 rw-p 00000000 00:00 0 
7fab90036000-7fab94000000 ---p 00000000 00:00 0 
7fab94000000-7fab94021000 rw-p 00000000 00:00 0 
7fab94021000-7fab98000000 ---p 00000000 00:00 0 
7fab98000000-7fab98021000 rw-p 00000000 00:00 0 
7fab98021000-7fab9c000000 ---p 00000000 00:00 0 
7fab9c000000-7fab9c028000 rw-p 00000000 00:00 0 
7fab9c028000-7faba0000000 ---p 00000000 00:00 0 
7faba0000000-7faba0021000 rw-p 00000000 00:00 0 
7faba0021000-7faba4000000 ---p 00000000 00:00 0 
7faba4000000-7faba4021000 rw-p 00000000 00:00 0 
7faba4021000-7faba8000000 ---p 00000000 00:00 0 
7faba8000000-7faba8236000 rw-p 00000000 00:00 0 
7faba8236000-7fabac000000 ---p 00000000 00:00 0 
7fabac000000-7fabac67a000 rw-p 00000000 00:00 0 
7fabac67a000-7fabb0000000 ---p 00000000 00:00 0 
7fabb0000000-7fabb0021000 rw-p 00000000 00:00 0 
7fabb0021000-7fabb4000000 ---p 00000000 00:00 0 
7fabb4000000-7fabb42bf000 rw-p 00000000 00:00 0 
7fabb42bf000-7fabb8000000 ---p 00000000 00:00 0 
7fabb8000000-7fabb8021000 rw-p 00000000 00:00 0 
7fabb8021000-7fabbc000000 ---p 00000000 00:00 0 
7fabbc000000-7fabbc021000 rw-p 00000000 00:00 0 
7fabbc021000-7fabc0000000 ---p 00000000 00:00 0 
7fabc0000000-7fabc0021000 rw-p 00000000 00:00 0 
7fabc0021000-7fabc4000000 ---p 00000000 00:00 0 
7fabc4000000-7fabc4021000 rw-p 00000000 00:00 0 
7fabc4021000-7fabc8000000 ---p 00000000 00:00 0 
7fabc8000000-7fabc8021000 rw-p 00000000 00:00 0 
7fabc8021000-7fabcc000000 ---p 00000000 00:00 0 
7fabcc000000-7fabcc021000 rw-p 00000000 00:00 0 
7fabcc021000-7fabd0000000 ---p 00000000 00:00 0 
7fabd0000000-7fabd0021000 rw-p 00000000 00:00 0 
7fabd0021000-7fabd4000000 ---p 00000000 00:00 0 
7fabd4000000-7fabd4021000 rw-p 00000000 00:00 0 
7fabd4021000-7fabd8000000 ---p 00000000 00:00 0 
7fabd8000000-7fabd8021000 rw-p 00000000 00:00 0 
7fabd8021000-7fabdc000000 ---p 00000000 00:00 0 
7fabdc004000-7fabdc00b000 r--s 00000000 08:11 1329829                    /usr/lib/x86_64-linux-gnu/gconv/gconv-modules.cache
7fabdc00b000-7fabdc022000 r-xp 00000000 08:11 1432196                    /usr/local/lib/libICE.so.6.3.0
7fabdc022000-7fabdc024000 rw-p 00016000 08:11 1432196                    /usr/local/lib/libICE.so.6.3.0
7fabdc024000-7fabdc227000 rw-p 00000000 00:00 0 
7fabdc227000-7fabdc22e000 r-xp 00000000 08:11 1988856                    /tmp/jogamp_0000/file_cache/jln4352384420376726490/jln7506778870791540293/libnativewindow_x11.so
7fabdc22e000-7fabdc42d000 ---p 00007000 08:11 1988856                    /tmp/jogamp_0000/file_cache/jln4352384420376726490/jln7506778870791540293/libnativewindow_x11.so
7fabdc42d000-7fabdc42e000 rw-p 00006000 08:11 1988856                    /tmp/jogamp_0000/file_cache/jln4352384420376726490/jln7506778870791540293/libnativewindow_x11.so
7fabdc42e000-7fabdc433000 r-xp 00000000 08:11 1316626                    /usr/lib/x86_64-linux-gnu/libXxf86vm.so.1.0.0
7fabdc433000-7fabdc632000 ---p 00005000 08:11 1316626                    /usr/lib/x86_64-linux-gnu/libXxf86vm.so.1.0.0
7fabdc632000-7fabdc633000 r--p 00004000 08:11 1316626                    /usr/lib/x86_64-linux-gnu/libXxf86vm.so.1.0.0
7fabdc633000-7fabdc634000 rw-p 00005000 08:11 1316626                    /usr/lib/x86_64-linux-gnu/libXxf86vm.so.1.0.0
7fabdc637000-7fabdc638000 rw-p 00000000 00:00 0 
7fabdc638000-7fabdc639000 rw-s 00000000 00:04 1379859                    /drm mm object (deleted)
7fabdc639000-7fabdc64c000 r--s 00344000 08:11 2238871                    /usr/lib/jvm/jdk1.8.0_31/jre/lib/resources.jar
7fabdc64c000-7fabdc64d000 rw-s 00000000 00:04 1379850                    /drm mm object (deleted)
7fabdc64d000-7fabdc655000 rw-s 00000000 00:04 1379844                    /drm mm object (deleted)
7fabdc655000-7fabdc656000 rw-s 00000000 00:04 1379841                    /drm mm object (deleted)
7fabdc656000-7fabdc65e000 rw-s 00000000 00:04 1379284                    /drm mm object (deleted)
7fabdc65e000-7fabdc65f000 rw-s 00000000 00:04 1379277                    /drm mm object (deleted)
7fabdc65f000-7fabdc660000 rw-s 00000000 00:04 1379272                    /drm mm object (deleted)
7fabdc660000-7fabdc661000 rw-s 00000000 00:04 1379266                    /drm mm object (deleted)
7fabdc661000-7fabdc669000 rw-s 00000000 00:04 1379265                    /drm mm object (deleted)
7fabdc669000-7fabdc671000 rw-s 00000000 00:04 1379840                    /drm mm object (deleted)
7fabdc671000-7fabdc672000 rw-s 00000000 00:04 1377883                    /drm mm object (deleted)
7fabdc672000-7fabdc67a000 rw-s 00000000 00:04 1377882                    /drm mm object (deleted)
7fabdc67a000-7fabdc67b000 rw-s 00000000 00:04 1379247                    /drm mm object (deleted)
7fabdc67b000-7fabdc683000 rw-s 00000000 00:04 1380412                    /drm mm object (deleted)
7fabdc683000-7fabdc685000 r-xp 00000000 08:11 1988855                    /tmp/jogamp_0000/file_cache/jln4352384420376726490/jln7506778870791540293/libnativewindow_awt.so
7fabdc685000-7fabdc884000 ---p 00002000 08:11 1988855                    /tmp/jogamp_0000/file_cache/jln4352384420376726490/jln7506778870791540293/libnativewindow_awt.so
7fabdc884000-7fabdc885000 rw-p 00001000 08:11 1988855                    /tmp/jogamp_0000/file_cache/jln4352384420376726490/jln7506778870791540293/libnativewindow_awt.so
7fabdc885000-7fabdc886000 r-xp 00000000 08:11 2240464                    /usr/lib/jvm/jdk1.8.0_31/jre/lib/amd64/libjawt.so
7fabdc886000-7fabdca85000 ---p 00001000 08:11 2240464                    /usr/lib/jvm/jdk1.8.0_31/jre/lib/amd64/libjawt.so
7fabdca85000-7fabdca86000 rw-p 00000000 08:11 2240464                    /usr/lib/jvm/jdk1.8.0_31/jre/lib/amd64/libjawt.so
7fabdca86000-7fabdca88000 r-xp 00000000 08:11 1988852                    /tmp/jogamp_0000/file_cache/jln4352384420376726490/jln7506778870791540293/libgluegen-rt.so
7fabdca88000-7fabdcc87000 ---p 00002000 08:11 1988852                    /tmp/jogamp_0000/file_cache/jln4352384420376726490/jln7506778870791540293/libgluegen-rt.so
7fabdcc87000-7fabdcc88000 rw-p 00001000 08:11 1988852                    /tmp/jogamp_0000/file_cache/jln4352384420376726490/jln7506778870791540293/libgluegen-rt.so
7fabdcc88000-7fabdcc8b000 ---p 00000000 00:00 0 
7fabdcc8b000-7fabdcd89000 rw-p 00000000 00:00 0                          [stack:17944]
7fabdcd89000-7fabdcd9a000 r-xp 00000000 08:11 2240484                    /usr/lib/jvm/jdk1.8.0_31/jre/lib/amd64/libnio.so
7fabdcd9a000-7fabdcf99000 ---p 00011000 08:11 2240484                    /usr/lib/jvm/jdk1.8.0_31/jre/lib/amd64/libnio.so
7fabdcf99000-7fabdcf9a000 rw-p 00010000 08:11 2240484                    /usr/lib/jvm/jdk1.8.0_31/jre/lib/amd64/libnio.so
7fabdcf9a000-7fabdd29b000 rw-p 00000000 00:00 0 
7fabdd29b000-7fabdd2b1000 r-xp 00000000 08:11 2240476                    /usr/lib/jvm/jdk1.8.0_31/jre/lib/amd64/libnet.so
7fabdd2b1000-7fabdd4b1000 ---p 00016000 08:11 2240476                    /usr/lib/jvm/jdk1.8.0_31/jre/lib/amd64/libnet.so
7fabdd4b1000-7fabdd4b2000 rw-p 00016000 08:11 2240476                    /usr/lib/jvm/jdk1.8.0_31/jre/lib/amd64/libnet.so
7fabdd4b2000-7fabdd4b5000 ---p 00000000 00:00 0 
7fabdd4b5000-7fabdd4eb000 rw-p 00000000 00:00 0                          [stack:17935]
7fabdd4eb000-7fabdd4ef000 r--s 00094000 08:11 2238884                    /usr/lib/jvm/jdk1.8.0_31/jre/lib/jsse.jar
7fabdd4ef000-7fabdd6ef000 rw-p 00000000 00:00 0 
7fabdd6ef000-7fabdd703000 r--s 00141000 08:11 3961955                    /home/kof/processing-git/build/linux/work/lib/org.eclipse.osgi_3.8.1.v20120830-144521.jar
7fabdd703000-7fabdd73f000 r--s 00629000 08:11 3961905                    /home/kof/processing-git/build/linux/work/lib/com.ibm.icu_4.4.2.v20110823.jar
7fabdd73f000-7fabdd742000 ---p 00000000 00:00 0 
7fabdd742000-7fabdd840000 rw-p 00000000 00:00 0                          [stack:17931]
7fabdd840000-7fabdd843000 ---p 00000000 00:00 0 
7fabdd843000-7fabdd941000 rw-p 00000000 00:00 0                          [stack:17930]
7fabdd941000-7fabdd944000 ---p 00000000 00:00 0 
7fabdd944000-7fabdda42000 rw-p 00000000 00:00 0                          [stack:17929]
7fabdda42000-7fabdda45000 ---p 00000000 00:00 0 
7fabdda45000-7fabddd43000 rw-p 00000000 00:00 0 
7fabddd43000-7fabddd46000 ---p 00000000 00:00 0 
7fabddd46000-7fabdde44000 rw-p 00000000 00:00 0 
7fabdde44000-7fabdde47000 ---p 00000000 00:00 0 
7fabdde47000-7fabddf45000 rw-p 00000000 00:00 0                          [stack:17926]
7fabddf45000-7fabddf4a000 r-xp 00000000 08:11 1314833                    /usr/lib/x86_64-linux-gnu/libXfixes.so.3.1.0
7fabddf4a000-7fabde149000 ---p 00005000 08:11 1314833                    /usr/lib/x86_64-linux-gnu/libXfixes.so.3.1.0
7fabde149000-7fabde14a000 r--p 00004000 08:11 1314833                    /usr/lib/x86_64-linux-gnu/libXfixes.so.3.1.0
7fabde14a000-7fabde14b000 rw-p 00005000 08:11 1314833                    /usr/lib/x86_64-linux-gnu/libXfixes.so.3.1.0
7fabde14b000-7fabde155000 r-xp 00000000 08:11 1314983                    /usr/lib/x86_64-linux-gnu/libXcursor.so.1.0.2
7fabde155000-7fabde354000 ---p 0000a000 08:11 1314983                    /usr/lib/x86_64-linux-gnu/libXcursor.so.1.0.2
7fabde354000-7fabde355000 r--p 00009000 08:11 1314983                    /usr/lib/x86_64-linux-gnu/libXcursor.so.1.0.2
7fabde355000-7fabde356000 rw-p 0000a000 08:11 1314983                    /usr/lib/x86_64-linux-gnu/libXcursor.so.1.0.2
7fabde356000-7fabde359000 ---p 00000000 00:00 0 
7fabde359000-7fabde457000 rw-p 00000000 00:00 0                          [stack:17925]
7fabde457000-7fabde46d000 r-xp 00000000 08:11 393871                     /lib/x86_64-linux-gnu/libgcc_s.so.1
7fabde46d000-7fabde66c000 ---p 00016000 08:11 393871                     /lib/x86_64-linux-gnu/libgcc_s.so.1
7fabde66c000-7fabde66d000 rw-p 00015000 08:11 393871                     /lib/x86_64-linux-gnu/libgcc_s.so.1
7fabde66d000-7fabde6d2000 r-xp 00000000 08:11 2240446                    /usr/lib/jvm/jdk1.8.0_31/jre/lib/amd64/libfontmanager.so
7fabde6d2000-7fabde8d1000 ---p 00065000 08:11 2240446                    /usr/lib/jvm/jdk1.8.0_31/jre/lib/amd64/libfontmanager.so
7fabde8d1000-7fabde8d5000 rw-p 00064000 08:11 2240446                    /usr/lib/jvm/jdk1.8.0_31/jre/lib/amd64/libfontmanager.so
7fabde8d5000-7fabde8e6000 rw-p 00000000 00:00 0 
7fabde8e6000-7fabde8eb000 r-xp 00000000 08:11 1314306                    /usr/lib/x86_64-linux-gnu/libXdmcp.so.6.0.0
7fabde8eb000-7fabdeaea000 ---p 00005000 08:11 1314306                    /usr/lib/x86_64-linux-gnu/libXdmcp.so.6.0.0
7fabdeaea000-7fabdeaeb000 rw-p 00004000 08:11 1314306                    /usr/lib/x86_64-linux-gnu/libXdmcp.so.6.0.0
7fabdeaeb000-7fabdeaee000 r-xp 00000000 08:11 1318046                    /usr/lib/x86_64-linux-gnu/libXau.so.6.0.0
7fabdeaee000-7fabdeced000 ---p 00003000 08:11 1318046                    /usr/lib/x86_64-linux-gnu/libXau.so.6.0.0
7fabdeced000-7fabdecee000 r--p 00002000 08:11 1318046                    /usr/lib/x86_64-linux-gnu/libXau.so.6.0.0
7fabdecee000-7fabdecef000 rw-p 00003000 08:11 1318046                    /usr/lib/x86_64-linux-gnu/libXau.so.6.0.0
7fabdecef000-7fabded10000 r-xp 00000000 08:11 1313271                    /usr/lib/x86_64-linux-gnu/libxcb.so.1.1.0
7fabded10000-7fabdef0f000 ---p 00021000 08:11 1313271                    /usr/lib/x86_64-linux-gnu/libxcb.so.1.1.0
7fabdef0f000-7fabdef10000 r--p 00020000 08:11 1313271                    /usr/lib/x86_64-linux-gnu/libxcb.so.1.1.0
7fabdef10000-7fabdef11000 rw-p 00021000 08:11 1313271                    /usr/lib/x86_64-linux-gnu/libxcb.so.1.1.0
7fabdef11000-7fabdef20000 r-xp 00000000 08:11 1316875                    /usr/lib/x86_64-linux-gnu/libXi.so.6.1.0
7fabdef20000-7fabdf11f000 ---p 0000f000 08:11 1316875                    /usr/lib/x86_64-linux-gnu/libXi.so.6.1.0
7fabdf11f000-7fabdf120000 r--p 0000e000 08:11 1316875                    /usr/lib/x86_64-linux-gnu/libXi.so.6.1.0
7fabdf120000-7fabdf121000 rw-p 0000f000 08:11 1316875                    /usr/lib/x86_64-linux-gnu/libXi.so.6.1.0
7fabdf121000-7fabdf126000 r-xp 00000000 08:11 1316638                    /usr/lib/x86_64-linux-gnu/libXtst.so.6.1.0
7fabdf126000-7fabdf325000 ---p 00005000 08:11 1316638                    /usr/lib/x86_64-linux-gnu/libXtst.so.6.1.0
7fabdf325000-7fabdf326000 r--p 00004000 08:11 1316638                    /usr/lib/x86_64-linux-gnu/libXtst.so.6.1.0
7fabdf326000-7fabdf327000 rw-p 00005000 08:11 1316638                    /usr/lib/x86_64-linux-gnu/libXtst.so.6.1.0
7fabdf327000-7fabdf330000 r-xp 00000000 08:11 1315494                    /usr/lib/x86_64-linux-gnu/libXrender.so.1.3.0
7fabdf330000-7fabdf52f000 ---p 00009000 08:11 1315494                    /usr/lib/x86_64-linux-gnu/libXrender.so.1.3.0
7fabdf52f000-7fabdf530000 r--p 00008000 08:11 1315494                    /usr/lib/x86_64-linux-gnu/libXrender.so.1.3.0
7fabdf530000-7fabdf531000 rw-p 00009000 08:11 1315494                    /usr/lib/x86_64-linux-gnu/libXrender.so.1.3.0
7fabdf531000-7fabdf66d000 r-xp 00000000 08:11 1313346                    /usr/lib/x86_64-linux-gnu/libX11.so.6.3.0
7fabdf66d000-7fabdf86c000 ---p 0013c000 08:11 1313346                    /usr/lib/x86_64-linux-gnu/libX11.so.6.3.0
7fabdf86c000-7fabdf86e000 r--p 0013b000 08:11 1313346                    /usr/lib/x86_64-linux-gnu/libX11.so.6.3.0
7fabdf86e000-7fabdf873000 rw-p 0013d000 08:11 1313346                    /usr/lib/x86_64-linux-gnu/libX11.so.6.3.0
7fabdf873000-7fabdf874000 rw-p 00000000 00:00 0 
7fabdf874000-7fabdf885000 r-xp 00000000 08:11 1314987                    /usr/lib/x86_64-linux-gnu/libXext.so.6.4.0
7fabdf885000-7fabdfa84000 ---p 00011000 08:11 1314987                    /usr/lib/x86_64-linux-gnu/libXext.so.6.4.0
7fabdfa84000-7fabdfa85000 r--p 00010000 08:11 1314987                    /usr/lib/x86_64-linux-gnu/libXext.so.6.4.0
7fabdfa85000-7fabdfa86000 rw-p 00011000 08:11 1314987                    /usr/lib/x86_64-linux-gnu/libXext.so.6.4.0
7fabdfa86000-7fabdfa87000 rwxp 00000000 00:00 0 
7fabdfa87000-7fabdfa88000 rw-s 00000000 00:04 1380413                    /drm mm object (deleted)
7fabdfa88000-7fabdfa96000 r--s 000f3000 08:11 3961956                    /home/kof/processing-git/build/linux/work/lib/pde.jar
7fabdfa96000-7fabdfaaa000 r--s 00127000 08:11 3961953                    /home/kof/processing-git/build/linux/work/lib/jna.jar
7fabdfaaa000-7fabdfab7000 r--s 000c6000 08:11 3961908                    /home/kof/processing-git/build/linux/work/lib/jdimodel.jar
7fabdfab7000-7fabdfad5000 r--s 001bb000 08:11 3961903                    /home/kof/processing-git/build/linux/work/lib/ant.jar
7fabdfad5000-7fabdfb29000 r-xp 00000000 08:11 2240494                    /usr/lib/jvm/jdk1.8.0_31/jre/lib/amd64/libawt_xawt.so
7fabdfb29000-7fabdfd29000 ---p 00054000 08:11 2240494                    /usr/lib/jvm/jdk1.8.0_31/jre/lib/amd64/libawt_xawt.so
7fabdfd29000-7fabdfd2d000 rw-p 00054000 08:11 2240494                    /usr/lib/jvm/jdk1.8.0_31/jre/lib/amd64/libawt_xawt.so
7fabdfd2d000-7fabdfd2e000 rw-p 00000000 00:00 0 
7fabdfd2e000-7fabdfdd0000 r-xp 00000000 08:11 2240462                    /usr/lib/jvm/jdk1.8.0_31/jre/lib/amd64/libawt.so
7fabdfdd0000-7fabdffd0000 ---p 000a2000 08:11 2240462                    /usr/lib/jvm/jdk1.8.0_31/jre/lib/amd64/libawt.so
7fabdffd0000-7fabdffdc000 rw-p 000a2000 08:11 2240462                    /usr/lib/jvm/jdk1.8.0_31/jre/lib/amd64/libawt.so
7fabdffdc000-7fabe0000000 rw-p 00000000 00:00 0 
7fabe0000000-7fabe0021000 rw-p 00000000 00:00 0 
7fabe0021000-7fabe4000000 ---p 00000000 00:00 0 
7fabe4000000-7fabe4003000 r--s 00041000 08:11 3961954                    /home/kof/processing-git/build/linux/work/lib/org-netbeans-swing-outline.jar
7fabe4003000-7fabe4007000 r--s 0000e000 08:11 3961907                    /home/kof/processing-git/build/linux/work/lib/jdi.jar
7fabe4007000-7fabe4008000 r--p 00000000 00:00 0 
7fabe4008000-7fabe400d000 r--s 00068000 08:11 3961904                    /home/kof/processing-git/build/linux/work/lib/antlr.jar
7fabe400d000-7fabe400f000 r--s 00002000 08:11 3961901                    /home/kof/processing-git/build/linux/work/lib/ant-launcher.jar
7fabe400f000-7fabe4010000 r--s 00002000 08:11 3962091                    /home/kof/processing-git/build/linux/work/modes/java/libraries/minim/library/tritonus_aos.jar
7fabe4010000-7fabe4013000 r--s 00017000 08:11 3962092                    /home/kof/processing-git/build/linux/work/modes/java/libraries/minim/library/tritonus_share.jar
7fabe4013000-7fabe4016000 r--s 00016000 08:11 3962089                    /home/kof/processing-git/build/linux/work/modes/java/libraries/minim/library/minim.jar
7fabe4016000-7fabe4019000 r--s 00017000 08:11 3962087                    /home/kof/processing-git/build/linux/work/modes/java/libraries/minim/library/jl1.0.jar
7fabe4019000-7fabe401b000 r--s 0000a000 08:11 3962088                    /home/kof/processing-git/build/linux/work/modes/java/libraries/minim/library/jsminim.jar
7fabe401b000-7fabe401c000 r--s 00005000 08:11 3962090                    /home/kof/processing-git/build/linux/work/modes/java/libraries/minim/library/mp3spi1.9.4.jar
7fabe401c000-7fabe401d000 r--s 00023000 08:11 3961890                    /home/kof/processing-git/build/linux/work/core/library/jogl-all-natives-linux-armv6hf.jar
7fabe401d000-7fabe4040000 r--s 002ec000 08:11 3961895                    /home/kof/processing-git/build/linux/work/core/library/jogl-all.jar
7fabe4040000-7fabe4041000 r--s 00001000 08:11 3961887                    /home/kof/processing-git/build/linux/work/core/library/gluegen-rt-natives-windows-i586.jar
7fabe4041000-7fabe4042000 r--s 0002d000 08:11 3961894                    /home/kof/processing-git/build/linux/work/core/library/jogl-all-natives-windows-i586.jar
7fabe4042000-7fabe4043000 r--s 0002d000 08:11 3961891                    /home/kof/processing-git/build/linux/work/core/library/jogl-all-natives-linux-i586.jar
7fabe4043000-7fabe4045000 r--s 00000000 08:11 3961884                    /home/kof/processing-git/build/linux/work/core/library/gluegen-rt-natives-linux-i586.jar
7fabe4045000-7fabe404b000 r--s 000b1000 08:11 3961880                    /home/kof/processing-git/build/linux/work/core/library/core.jar
7fabe404b000-7fabe404c000 ---p 00000000 00:00 0 
7fabe404c000-7fabe414c000 rw-p 00000000 00:00 0                          [stack:17924]
7fabe414c000-7fabe414f000 ---p 00000000 00:00 0 
7fabe414f000-7fabe424d000 rw-p 00000000 00:00 0                          [stack:17923]
7fabe424d000-7fabe4250000 ---p 00000000 00:00 0 
7fabe4250000-7fabe434e000 rw-p 00000000 00:00 0                          [stack:17922]
7fabe434e000-7fabe4351000 ---p 00000000 00:00 0 
7fabe4351000-7fabe444f000 rw-p 00000000 00:00 0                          [stack:17921]
7fabe444f000-7fabe4452000 ---p 00000000 00:00 0 
7fabe4452000-7fabe4550000 rw-p 00000000 00:00 0                          [stack:17920]
7fabe4550000-7fabe4553000 ---p 00000000 00:00 0 
7fabe4553000-7fabe4651000 rw-p 00000000 00:00 0                          [stack:17906]
7fabe4651000-7fabe4654000 ---p 00000000 00:00 0 
7fabe4654000-7fabe4752000 rw-p 00000000 00:00 0                          [stack:17903]
7fabe4752000-7fabe4755000 ---p 00000000 00:00 0 
7fabe4755000-7fabe4853000 rw-p 00000000 00:00 0                          [stack:17902]
7fabe4853000-7fabe4857000 r-xp 00000000 08:11 2240426                    /usr/lib/jvm/jdk1.8.0_31/jre/lib/amd64/libdt_socket.so
7fabe4857000-7fabe4a56000 ---p 00004000 08:11 2240426                    /usr/lib/jvm/jdk1.8.0_31/jre/lib/amd64/libdt_socket.so
7fabe4a56000-7fabe4a57000 rw-p 00003000 08:11 2240426                    /usr/lib/jvm/jdk1.8.0_31/jre/lib/amd64/libdt_socket.so
7fabe4a57000-7fabe4a5a000 ---p 00000000 00:00 0 
7fabe4a5a000-7fabe4b58000 rw-p 00000000 00:00 0                          [stack:17901]
7fabe4b58000-7fabe4b5b000 ---p 00000000 00:00 0 
7fabe4b5b000-7fabe4c59000 rw-p 00000000 00:00 0                          [stack:17900]
7fabe4c59000-7fabe4c5c000 ---p 00000000 00:00 0 
7fabe4c5c000-7fabe4d5a000 rw-p 00000000 00:00 0                          [stack:17899]
7fabe4d5a000-7fabe4d5b000 ---p 00000000 00:00 0 
7fabe4d5b000-7fabe5dee000 rw-p 00000000 00:00 0                          [stack:17898]
7fabe5dee000-7fabe5fc4000 r--s 03cae000 08:11 2238858                    /usr/lib/jvm/jdk1.8.0_31/jre/lib/rt.jar
7fabe5fc4000-7fabe883c000 rw-p 00000000 00:00 0 
7fabe883c000-7fabe883d000 ---p 00000000 00:00 0 
7fabe883d000-7fabe893d000 rw-p 00000000 00:00 0                          [stack:17897]
7fabe893d000-7fabe893e000 ---p 00000000 00:00 0 
7fabe893e000-7fabe8a3e000 rw-p 00000000 00:00 0                          [stack:17896]
7fabe8a3e000-7fabe8a3f000 ---p 00000000 00:00 0 
7fabe8a3f000-7fabe8b3f000 rw-p 00000000 00:00 0                          [stack:17895]
7fabe8b3f000-7fabe8b40000 ---p 00000000 00:00 0 
7fabe8b40000-7fabe8c58000 rw-p 00000000 00:00 0                          [stack:17894]
7fabe8c58000-7fabe9000000 ---p 00000000 00:00 0 
7fabe9000000-7fabe95e0000 rwxp 00000000 00:00 0 
7fabe95e0000-7fabf8000000 ---p 00000000 00:00 0 
7fabf8000000-7fabf8453000 rw-p 00000000 00:00 0 
7fabf8453000-7fabfc000000 ---p 00000000 00:00 0 
7fabfc000000-7fabfc001000 r--s 00064000 08:11 3961892                    /home/kof/processing-git/build/linux/work/core/library/jogl-all-natives-macosx-universal.jar
7fabfc001000-7fabfc002000 r--s 00001000 08:11 3961886                    /home/kof/processing-git/build/linux/work/core/library/gluegen-rt-natives-windows-amd64.jar
7fabfc002000-7fabfc004000 r--s 00034000 08:11 3961893                    /home/kof/processing-git/build/linux/work/core/library/jogl-all-natives-windows-amd64.jar
7fabfc004000-7fabfc006000 r--s 00000000 08:11 3961882                    /home/kof/processing-git/build/linux/work/core/library/gluegen-rt-natives-linux-amd64.jar
7fabfc006000-7fabfc03c000 rw-p 00000000 00:00 0 
7fabfc03c000-7fabfc169000 ---p 00000000 00:00 0 
7fabfc169000-7fabfc17e000 rw-p 00000000 00:00 0 
7fabfc17e000-7fabfc2aa000 ---p 00000000 00:00 0 
7fabfc2aa000-7fabfc2bd000 rw-p 00000000 00:00 0 
7fabfc2bd000-7fabfc34b000 ---p 00000000 00:00 0 
7fabfc34b000-7fabfc34c000 rw-p 00000000 00:00 0 
7fabfc34c000-7fabfc366000 r-xp 00000000 08:11 2240468                    /usr/lib/jvm/jdk1.8.0_31/jre/lib/amd64/libzip.so
7fabfc366000-7fabfc566000 ---p 0001a000 08:11 2240468                    /usr/lib/jvm/jdk1.8.0_31/jre/lib/amd64/libzip.so
7fabfc566000-7fabfc567000 rw-p 0001a000 08:11 2240468                    /usr/lib/jvm/jdk1.8.0_31/jre/lib/amd64/libzip.so
7fabfc567000-7fabfc572000 r-xp 00000000 08:11 393930                     /lib/x86_64-linux-gnu/libnss_files-2.19.so
7fabfc572000-7fabfc771000 ---p 0000b000 08:11 393930                     /lib/x86_64-linux-gnu/libnss_files-2.19.so
7fabfc771000-7fabfc772000 r--p 0000a000 08:11 393930                     /lib/x86_64-linux-gnu/libnss_files-2.19.so
7fabfc772000-7fabfc773000 rw-p 0000b000 08:11 393930                     /lib/x86_64-linux-gnu/libnss_files-2.19.so
7fabfc773000-7fabfc77d000 r-xp 00000000 08:11 393934                     /lib/x86_64-linux-gnu/libnss_nis-2.19.so
7fabfc77d000-7fabfc97c000 ---p 0000a000 08:11 393934                     /lib/x86_64-linux-gnu/libnss_nis-2.19.so
7fabfc97c000-7fabfc97d000 r--p 00009000 08:11 393934                     /lib/x86_64-linux-gnu/libnss_nis-2.19.so
7fabfc97d000-7fabfc97e000 rw-p 0000a000 08:11 393934                     /lib/x86_64-linux-gnu/libnss_nis-2.19.so
7fabfc97e000-7fabfc993000 r-xp 00000000 08:11 393924                     /lib/x86_64-linux-gnu/libnsl-2.19.so
7fabfc993000-7fabfcb92000 ---p 00015000 08:11 393924                     /lib/x86_64-linux-gnu/libnsl-2.19.so
7fabfcb92000-7fabfcb93000 r--p 00014000 08:11 393924                     /lib/x86_64-linux-gnu/libnsl-2.19.so
7fabfcb93000-7fabfcb94000 rw-p 00015000 08:11 393924                     /lib/x86_64-linux-gnu/libnsl-2.19.so
7fabfcb94000-7fabfcb96000 rw-p 00000000 00:00 0 
7fabfcb96000-7fabfcb9d000 r-xp 00000000 08:11 393926                     /lib/x86_64-linux-gnu/libnss_compat-2.19.so
7fabfcb9d000-7fabfcd9c000 ---p 00007000 08:11 393926                     /lib/x86_64-linux-gnu/libnss_compat-2.19.so
7fabfcd9c000-7fabfcd9d000 r--p 00006000 08:11 393926                     /lib/x86_64-linux-gnu/libnss_compat-2.19.so
7fabfcd9d000-7fabfcd9e000 rw-p 00007000 08:11 393926                     /lib/x86_64-linux-gnu/libnss_compat-2.19.so
7fabfcd9e000-7fabfd489000 r--p 00000000 08:11 1220119                    /usr/lib/locale/locale-archive
7fabfd489000-7fabfd48b000 r-xp 00000000 08:11 2240428                    /usr/lib/jvm/jdk1.8.0_31/jre/lib/amd64/libnpt.so
7fabfd48b000-7fabfd68b000 ---p 00002000 08:11 2240428                    /usr/lib/jvm/jdk1.8.0_31/jre/lib/amd64/libnpt.so
7fabfd68b000-7fabfd68c000 rw-p 00002000 08:11 2240428                    /usr/lib/jvm/jdk1.8.0_31/jre/lib/amd64/libnpt.so
7fabfd68c000-7fabfd6c5000 r-xp 00000000 08:11 2240450                    /usr/lib/jvm/jdk1.8.0_31/jre/lib/amd64/libjdwp.so
7fabfd6c5000-7fabfd8c4000 ---p 00039000 08:11 2240450                    /usr/lib/jvm/jdk1.8.0_31/jre/lib/amd64/libjdwp.so
7fabfd8c4000-7fabfd8c6000 rw-p 00038000 08:11 2240450                    /usr/lib/jvm/jdk1.8.0_31/jre/lib/amd64/libjdwp.so
7fabfd8c6000-7fabfd8f0000 r-xp 00000000 08:11 2240458                    /usr/lib/jvm/jdk1.8.0_31/jre/lib/amd64/libjava.so
7fabfd8f0000-7fabfdaf0000 ---p 0002a000 08:11 2240458                    /usr/lib/jvm/jdk1.8.0_31/jre/lib/amd64/libjava.so
7fabfdaf0000-7fabfdaf2000 rw-p 0002a000 08:11 2240458                    /usr/lib/jvm/jdk1.8.0_31/jre/lib/amd64/libjava.so
7fabfdaf2000-7fabfdaff000 r-xp 00000000 08:11 2240466                    /usr/lib/jvm/jdk1.8.0_31/jre/lib/amd64/libverify.so
7fabfdaff000-7fabfdcff000 ---p 0000d000 08:11 2240466                    /usr/lib/jvm/jdk1.8.0_31/jre/lib/amd64/libverify.so
7fabfdcff000-7fabfdd01000 rw-p 0000d000 08:11 2240466                    /usr/lib/jvm/jdk1.8.0_31/jre/lib/amd64/libverify.so
7fabfdd01000-7fabfdd08000 r-xp 00000000 08:11 393943                     /lib/x86_64-linux-gnu/librt-2.19.so
7fabfdd08000-7fabfdf07000 ---p 00007000 08:11 393943                     /lib/x86_64-linux-gnu/librt-2.19.so
7fabfdf07000-7fabfdf08000 r--p 00006000 08:11 393943                     /lib/x86_64-linux-gnu/librt-2.19.so
7fabfdf08000-7fabfdf09000 rw-p 00007000 08:11 393943                     /lib/x86_64-linux-gnu/librt-2.19.so
7fabfdf09000-7fabfe009000 r-xp 00000000 08:11 393920                     /lib/x86_64-linux-gnu/libm-2.19.so
7fabfe009000-7fabfe208000 ---p 00100000 08:11 393920                     /lib/x86_64-linux-gnu/libm-2.19.so
7fabfe208000-7fabfe209000 r--p 000ff000 08:11 393920                     /lib/x86_64-linux-gnu/libm-2.19.so
7fabfe209000-7fabfe20a000 rw-p 00100000 08:11 393920                     /lib/x86_64-linux-gnu/libm-2.19.so
7fabfe20a000-7fabfee78000 r-xp 00000000 08:11 2240518                    /usr/lib/jvm/jdk1.8.0_31/jre/lib/amd64/server/libjvm.so
7fabfee78000-7fabff077000 ---p 00c6e000 08:11 2240518                    /usr/lib/jvm/jdk1.8.0_31/jre/lib/amd64/server/libjvm.so
7fabff077000-7fabff14d000 rw-p 00c6d000 08:11 2240518                    /usr/lib/jvm/jdk1.8.0_31/jre/lib/amd64/server/libjvm.so
7fabff14d000-7fabff190000 rw-p 00000000 00:00 0 
7fabff190000-7fabff32f000 r-xp 00000000 08:11 393896                     /lib/x86_64-linux-gnu/libc-2.19.so
7fabff32f000-7fabff52f000 ---p 0019f000 08:11 393896                     /lib/x86_64-linux-gnu/libc-2.19.so
7fabff52f000-7fabff533000 r--p 0019f000 08:11 393896                     /lib/x86_64-linux-gnu/libc-2.19.so
7fabff533000-7fabff535000 rw-p 001a3000 08:11 393896                     /lib/x86_64-linux-gnu/libc-2.19.so
7fabff535000-7fabff539000 rw-p 00000000 00:00 0 
7fabff539000-7fabff53c000 r-xp 00000000 08:11 393918                     /lib/x86_64-linux-gnu/libdl-2.19.so
7fabff53c000-7fabff73b000 ---p 00003000 08:11 393918                     /lib/x86_64-linux-gnu/libdl-2.19.so
7fabff73b000-7fabff73c000 r--p 00002000 08:11 393918                     /lib/x86_64-linux-gnu/libdl-2.19.so
7fabff73c000-7fabff73d000 rw-p 00003000 08:11 393918                     /lib/x86_64-linux-gnu/libdl-2.19.so
7fabff73d000-7fabff752000 r-xp 00000000 08:11 2238630                    /usr/lib/jvm/jdk1.8.0_31/lib/amd64/jli/libjli.so
7fabff752000-7fabff951000 ---p 00015000 08:11 2238630                    /usr/lib/jvm/jdk1.8.0_31/lib/amd64/jli/libjli.so
7fabff951000-7fabff952000 rw-p 00014000 08:11 2238630                    /usr/lib/jvm/jdk1.8.0_31/lib/amd64/jli/libjli.so
7fabff952000-7fabff96a000 r-xp 00000000 08:11 393668                     /lib/x86_64-linux-gnu/libpthread-2.19.so
7fabff96a000-7fabffb69000 ---p 00018000 08:11 393668                     /lib/x86_64-linux-gnu/libpthread-2.19.so
7fabffb69000-7fabffb6a000 r--p 00017000 08:11 393668                     /lib/x86_64-linux-gnu/libpthread-2.19.so
7fabffb6a000-7fabffb6b000 rw-p 00018000 08:11 393668                     /lib/x86_64-linux-gnu/libpthread-2.19.so
7fabffb6b000-7fabffb6f000 rw-p 00000000 00:00 0 
7fabffb6f000-7fabffb8f000 r-xp 00000000 08:11 393845                     /lib/x86_64-linux-gnu/ld-2.19.so
7fabffb8f000-7fabffc39000 rw-p 00000000 00:00 0 
7fabffc39000-7fabffc3c000 ---p 00000000 00:00 0 
7fabffc3c000-7fabffd3e000 rw-p 00000000 00:00 0                          [stack:17893]
7fabffd3e000-7fabffd3f000 r--s 00001000 08:11 3961885                    /home/kof/processing-git/build/linux/work/core/library/gluegen-rt-natives-macosx-universal.jar
7fabffd3f000-7fabffd40000 r--s 00000000 08:11 3961883                    /home/kof/processing-git/build/linux/work/core/library/gluegen-rt-natives-linux-armv6hf.jar
7fabffd40000-7fabffd41000 r--s 0002f000 08:11 3961889                    /home/kof/processing-git/build/linux/work/core/library/jogl-all-natives-linux-amd64.jar
7fabffd41000-7fabffd47000 r--s 00041000 08:11 3961888                    /home/kof/processing-git/build/linux/work/core/library/gluegen-rt.jar
7fabffd47000-7fabffd83000 rw-p 00000000 00:00 0 
7fabffd83000-7fabffd8b000 rw-s 00000000 08:11 1988865                    /tmp/hsperfdata_kof/17891
7fabffd8b000-7fabffd8c000 rw-p 00000000 00:00 0 
7fabffd8c000-7fabffd8d000 r--p 00000000 00:00 0 
7fabffd8d000-7fabffd8f000 rw-p 00000000 00:00 0 
7fabffd8f000-7fabffd90000 r--p 00020000 08:11 393845                     /lib/x86_64-linux-gnu/ld-2.19.so
7fabffd90000-7fabffd91000 rw-p 00021000 08:11 393845                     /lib/x86_64-linux-gnu/ld-2.19.so
7fabffd91000-7fabffd92000 rw-p 00000000 00:00 0 
7fff44bef000-7fff44c12000 rw-p 00000000 00:00 0                          [stack]
7fff44dc6000-7fff44dc8000 r-xp 00000000 00:00 0                          [vdso]
7fff44dc8000-7fff44dca000 r--p 00000000 00:00 0                          [vvar]
ffffffffff600000-ffffffffff601000 r-xp 00000000 00:00 0                  [vsyscall]

VM Arguments:
jvm_args: -agentlib:jdwp=transport=dt_socket,address=8809,server=y,suspend=y -Djava.library.path=:/home/kof/processing-git/build/linux/work/modes/java/libraries/minim/library:/usr/java/packages/lib/amd64:/usr/lib64:/lib64:/lib:/usr/lib -ea 
java_command: processing.core.PApplet --display=0 freqMapIn --sketch-path=/archive/kof/sketchBook/2015/02-unor/freqMapIn
java_class_path (initial): /tmp/vim-processing/freqMapIn:/home/kof/processing-git/build/linux/work/core/library/gluegen-rt.jar:/home/kof/processing-git/build/linux/work/core/library/jogl-all-natives-linux-amd64.jar:/home/kof/processing-git/build/linux/work/core/library/gluegen-rt-natives-linux-armv6hf.jar:/home/kof/processing-git/build/linux/work/core/library/gluegen-rt-natives-linux-amd64.jar:/home/kof/processing-git/build/linux/work/core/library/gluegen-rt-natives-macosx-universal.jar:/home/kof/processing-git/build/linux/work/core/library/core.jar:/home/kof/processing-git/build/linux/work/core/library/jogl-all-natives-windows-amd64.jar:/home/kof/processing-git/build/linux/work/core/library/gluegen-rt-natives-windows-amd64.jar:/home/kof/processing-git/build/linux/work/core/library/gluegen-rt-natives-linux-i586.jar:/home/kof/processing-git/build/linux/work/core/library/jogl-all-natives-macosx-universal.jar:/home/kof/processing-git/build/linux/work/core/library/jogl-all-natives-linux-i586.jar:/home/kof/processing-git/build/linux/work/core/library/jogl-all-natives-windows-i586.jar:/home/kof/processing-git/build/linux/work/core/library/gluegen-rt-natives-windows-i586.jar:/home/kof/processing-git/build/linux/work/core/library/jogl-all.jar:/home/kof/processing-git/build/linux/work/core/library/jogl-all-natives-linux-armv6hf.jar:/home/kof/processing-git/build/linux/work/core/library/gluegen-rt.jar:/home/kof/processing-git/build/linux/work/core/library/jogl-all-natives-linux-amd64.jar:/home/kof/processing-git/build/linux/work/core/library/gluegen-rt-natives-linux-armv6hf.jar:/home/kof/processing-git/build/linux/work/core/library/gluegen-rt-natives-linux-amd64.jar:/home/kof/processing-git/build/linux/work/core/library/gluegen-rt-natives-macosx-universal.jar:/home/kof/processing-git/build/linux/work/core/library/core.jar:/home/kof/processing-git/build/linux/work/core/library/jogl-all-natives-windows-amd64.jar:/home/kof/processing-git/build/linux/work/core/library/gluegen-r
Launcher Type: SUN_STANDARD

Environment Variables:
CLASSPATH=/usr/lib/jvm/jdk1.8.0_31/jre/lib/rt.jar:/home/kof/processing-git/build/linux/work/lib/ant-launcher.jar:/home/kof/processing-git/build/linux/work/lib/ant.jar:/home/kof/processing-git/build/linux/work/lib/antlr.jar:/home/kof/processing-git/build/linux/work/lib/com.ibm.icu_4.4.2.v20110823.jar:/home/kof/processing-git/build/linux/work/lib/jdi.jar:/home/kof/processing-git/build/linux/work/lib/jdimodel.jar:/home/kof/processing-git/build/linux/work/lib/jna.jar:/home/kof/processing-git/build/linux/work/lib/org-netbeans-swing-outline.jar:/home/kof/processing-git/build/linux/work/lib/org.eclipse.osgi_3.8.1.v20120830-144521.jar:/home/kof/processing-git/build/linux/work/lib/pde.jar:/home/kof/processing-git/build/linux/work/core/library/core.jar:/home/kof/processing-git/build/linux/work/core/library/gluegen-rt-natives-linux-amd64.jar:/home/kof/processing-git/build/linux/work/core/library/gluegen-rt-natives-linux-armv6hf.jar:/home/kof/processing-git/build/linux/work/core/library/gluegen-rt-natives-linux-i586.jar:/home/kof/processing-git/build/linux/work/core/library/gluegen-rt-natives-macosx-universal.jar:/home/kof/processing-git/build/linux/work/core/library/gluegen-rt-natives-windows-amd64.jar:/home/kof/processing-git/build/linux/work/core/library/gluegen-rt-natives-windows-i586.jar:/home/kof/processing-git/build/linux/work/core/library/gluegen-rt.jar:/home/kof/processing-git/build/linux/work/core/library/jogl-all-natives-linux-amd64.jar:/home/kof/processing-git/build/linux/work/core/library/jogl-all-natives-linux-armv6hf.jar:/home/kof/processing-git/build/linux/work/core/library/jogl-all-natives-linux-i586.jar:/home/kof/processing-git/build/linux/work/core/library/jogl-all-natives-macosx-universal.jar:/home/kof/processing-git/build/linux/work/core/library/jogl-all-natives-windows-amd64.jar:/home/kof/processing-git/build/linux/work/core/library/jogl-all-natives-windows-i586.jar:/home/kof/processing-git/build/linux/work/core/library/jogl-all.jar
PATH=/usr/lib/jvm/jdk1.8.0_31/bin:/usr/bin:/bin:/usr/sbin/:/home/kof/bin:/usr/local/bin
SHELL=/usr/bin/zsh
DISPLAY=:0.0

Signal Handlers:
SIGSEGV: [libjvm.so+0xa7a650], sa_mask[0]=11111111011111111101111111111110, sa_flags=SA_RESTART|SA_SIGINFO
SIGBUS: [libjvm.so+0xa7a650], sa_mask[0]=11111111011111111101111111111110, sa_flags=SA_RESTART|SA_SIGINFO
SIGFPE: [libjvm.so+0x8e28f0], sa_mask[0]=11111111011111111101111111111110, sa_flags=SA_RESTART|SA_SIGINFO
SIGPIPE: [libjvm.so+0x8e28f0], sa_mask[0]=11111111011111111101111111111110, sa_flags=SA_RESTART|SA_SIGINFO
SIGXFSZ: [libjvm.so+0x8e28f0], sa_mask[0]=11111111011111111101111111111110, sa_flags=SA_RESTART|SA_SIGINFO
SIGILL: [libjvm.so+0x8e28f0], sa_mask[0]=11111111011111111101111111111110, sa_flags=SA_RESTART|SA_SIGINFO
SIGUSR1: SIG_DFL, sa_mask[0]=00000000000000000000000000000000, sa_flags=none
SIGUSR2: [libjvm.so+0x8e4120], sa_mask[0]=00100000000000000000000000000000, sa_flags=SA_RESTART|SA_SIGINFO
SIGHUP: [libjvm.so+0x8e54e0], sa_mask[0]=11111111011111111101111111111110, sa_flags=SA_RESTART|SA_SIGINFO
SIGINT: [libjvm.so+0x8e54e0], sa_mask[0]=11111111011111111101111111111110, sa_flags=SA_RESTART|SA_SIGINFO
SIGTERM: [libjvm.so+0x8e54e0], sa_mask[0]=11111111011111111101111111111110, sa_flags=SA_RESTART|SA_SIGINFO
SIGQUIT: [libjvm.so+0x8e54e0], sa_mask[0]=11111111011111111101111111111110, sa_flags=SA_RESTART|SA_SIGINFO


---------------  S Y S T E M  ---------------

OS:PRETTY_NAME="Debian GNU/Linux 8 (jessie)"
NAME="Debian GNU/Linux"
VERSION_ID="8"
VERSION="8 (jessie)"
ID=debian
HOME_URL="http://www.debian.org/"
SUPPORT_URL="http://www.debian.org/support/"
BUG_REPORT_URL="https://bugs.debian.org/"

uname:Linux 3.16.0-4-amd64 #1 SMP Debian 3.16.7-ckt2-1 (2014-12-08) x86_64
libc:glibc 2.19 NPTL 2.19 
rlimit: STACK 8192k, CORE 0k, NPROC 15332, NOFILE 65536, AS infinity
load average:0.85 0.75 0.70

/proc/meminfo:
MemTotal:        3944792 kB
MemFree:          253424 kB
MemAvailable:    2155292 kB
Buffers:          330332 kB
Cached:          1131772 kB
SwapCached:         4536 kB
Active:          1230336 kB
Inactive:        1133880 kB
Active(anon):     702000 kB
Inactive(anon):   608700 kB
Active(file):     528336 kB
Inactive(file):   525180 kB
Unevictable:       80384 kB
Mlocked:           84528 kB
SwapTotal:       3212284 kB
SwapFree:        3159820 kB
Dirty:              1360 kB
Writeback:             0 kB
AnonPages:        980160 kB
Mapped:           347068 kB
Shmem:            408368 kB
Slab:            1142368 kB
SReclaimable:    1101756 kB
SUnreclaim:        40612 kB
KernelStack:        9376 kB
PageTables:        33024 kB
NFS_Unstable:          0 kB
Bounce:                0 kB
WritebackTmp:          0 kB
CommitLimit:     5184680 kB
Committed_AS:    4074288 kB
VmallocTotal:   34359738367 kB
VmallocUsed:      389244 kB
VmallocChunk:   34359313996 kB
HardwareCorrupted:     0 kB
AnonHugePages:         0 kB
HugePages_Total:       0
HugePages_Free:        0
HugePages_Rsvd:        0
HugePages_Surp:        0
Hugepagesize:       2048 kB
DirectMap4k:      161408 kB
DirectMap2M:     3917824 kB


CPU:total 4 (2 cores per cpu, 2 threads per core) family 6 model 42 stepping 7, cmov, cx8, fxsr, mmx, sse, sse2, sse3, ssse3, sse4.1, sse4.2, popcnt, avx, aes, clmul, ht, tsc, tscinvbit

/proc/cpuinfo:
processor	: 0
vendor_id	: GenuineIntel
cpu family	: 6
model		: 42
model name	: Intel(R) Core(TM) i5-2520M CPU @ 2.50GHz
stepping	: 7
microcode	: 0x29
cpu MHz		: 3000.097
cache size	: 3072 KB
physical id	: 0
siblings	: 4
core id		: 0
cpu cores	: 2
apicid		: 0
initial apicid	: 0
fpu		: yes
fpu_exception	: yes
cpuid level	: 13
wp		: yes
flags		: fpu vme de pse tsc msr pae mce cx8 apic sep mtrr pge mca cmov pat pse36 clflush dts acpi mmx fxsr sse sse2 ss ht tm pbe syscall nx rdtscp lm constant_tsc arch_perfmon pebs bts nopl xtopology nonstop_tsc aperfmperf eagerfpu pni pclmulqdq dtes64 monitor ds_cpl vmx smx est tm2 ssse3 cx16 xtpr pdcm pcid sse4_1 sse4_2 x2apic popcnt tsc_deadline_timer aes xsave avx lahf_lm ida arat epb xsaveopt pln pts dtherm tpr_shadow vnmi flexpriority ept vpid
bogomips	: 4983.97
clflush size	: 64
cache_alignment	: 64
address sizes	: 36 bits physical, 48 bits virtual
power management:

processor	: 1
vendor_id	: GenuineIntel
cpu family	: 6
model		: 42
model name	: Intel(R) Core(TM) i5-2520M CPU @ 2.50GHz
stepping	: 7
microcode	: 0x29
cpu MHz		: 3015.820
cache size	: 3072 KB
physical id	: 0
siblings	: 4
core id		: 0
cpu cores	: 2
apicid		: 1
initial apicid	: 1
fpu		: yes
fpu_exception	: yes
cpuid level	: 13
wp		: yes
flags		: fpu vme de pse tsc msr pae mce cx8 apic sep mtrr pge mca cmov pat pse36 clflush dts acpi mmx fxsr sse sse2 ss ht tm pbe syscall nx rdtscp lm constant_tsc arch_perfmon pebs bts nopl xtopology nonstop_tsc aperfmperf eagerfpu pni pclmulqdq dtes64 monitor ds_cpl vmx smx est tm2 ssse3 cx16 xtpr pdcm pcid sse4_1 sse4_2 x2apic popcnt tsc_deadline_timer aes xsave avx lahf_lm ida arat epb xsaveopt pln pts dtherm tpr_shadow vnmi flexpriority ept vpid
bogomips	: 4983.97
clflush size	: 64
cache_alignment	: 64
address sizes	: 36 bits physical, 48 bits virtual
power management:

processor	: 2
vendor_id	: GenuineIntel
cpu family	: 6
model		: 42
model name	: Intel(R) Core(TM) i5-2520M CPU @ 2.50GHz
stepping	: 7
microcode	: 0x29
cpu MHz		: 3175.488
cache size	: 3072 KB
physical id	: 0
siblings	: 4
core id		: 1
cpu cores	: 2
apicid		: 2
initial apicid	: 2
fpu		: yes
fpu_exception	: yes
cpuid level	: 13
wp		: yes
flags		: fpu vme de pse tsc msr pae mce cx8 apic sep mtrr pge mca cmov pat pse36 clflush dts acpi mmx fxsr sse sse2 ss ht tm pbe syscall nx rdtscp lm constant_tsc arch_perfmon pebs bts nopl xtopology nonstop_tsc aperfmperf eagerfpu pni pclmulqdq dtes64 monitor ds_cpl vmx smx est tm2 ssse3 cx16 xtpr pdcm pcid sse4_1 sse4_2 x2apic popcnt tsc_deadline_timer aes xsave avx lahf_lm ida arat epb xsaveopt pln pts dtherm tpr_shadow vnmi flexpriority ept vpid
bogomips	: 4983.97
clflush size	: 64
cache_alignment	: 64
address sizes	: 36 bits physical, 48 bits virtual
power management:

processor	: 3
vendor_id	: GenuineIntel
cpu family	: 6
model		: 42
model name	: Intel(R) Core(TM) i5-2520M CPU @ 2.50GHz
stepping	: 7
microcode	: 0x29
cpu MHz		: 3105.957
cache size	: 3072 KB
physical id	: 0
siblings	: 4
core id		: 1
cpu cores	: 2
apicid		: 3
initial apicid	: 3
fpu		: yes
fpu_exception	: yes
cpuid level	: 13
wp		: yes
flags		: fpu vme de pse tsc msr pae mce cx8 apic sep mtrr pge mca cmov pat pse36 clflush dts acpi mmx fxsr sse sse2 ss ht tm pbe syscall nx rdtscp lm constant_tsc arch_perfmon pebs bts nopl xtopology nonstop_tsc aperfmperf eagerfpu pni pclmulqdq dtes64 monitor ds_cpl vmx smx est tm2 ssse3 cx16 xtpr pdcm pcid sse4_1 sse4_2 x2apic popcnt tsc_deadline_timer aes xsave avx lahf_lm ida arat epb xsaveopt pln pts dtherm tpr_shadow vnmi flexpriority ept vpid
bogomips	: 4983.97
clflush size	: 64
cache_alignment	: 64
address sizes	: 36 bits physical, 48 bits virtual
power management:



Memory: 4k page, physical 3944792k(253192k free), swap 3212284k(3159820k free)

vm_info: Java HotSpot(TM) 64-Bit Server VM (25.31-b07) for linux-amd64 JRE (1.8.0_31-b13), built on Dec 17 2014 20:40:15 by "java_re" with gcc 4.3.0 20080428 (Red Hat 4.3.0-8)

time: Wed Feb  4 13:53:00 2015
elapsed time: 22 seconds (0d 0h 0m 22s)

