#
# A fatal error has been detected by the Java Runtime Environment:
#
#  SIGSEGV (0xb) at pc=0x00007f58b39b3102, pid=23122, tid=140020375820032
#
# JRE version: Java(TM) SE Runtime Environment (8.0_31-b13) (build 1.8.0_31-b13)
# Java VM: Java HotSpot(TM) 64-Bit Server VM (25.31-b07 mixed mode linux-amd64 compressed oops)
# Problematic frame:
# C  [i965_dri.so+0x2fe102]
#
# Failed to write core dump. Core dumps have been disabled. To enable core dumping, try "ulimit -c unlimited" before starting Java again
#
# If you would like to submit a bug report, please visit:
#   http://bugreport.java.com/bugreport/crash.jsp
# The crash happened outside the Java Virtual Machine in native code.
# See problematic frame for where to report the bug.
#

---------------  T H R E A D  ---------------

Current thread (0x00007f5934381800):  JavaThread "AWT-EventQueue-0" [_thread_in_native, id=23166, stack(0x00007f5908b31000,0x00007f5908c32000)]

siginfo: si_signo: 11 (SIGSEGV), si_code: 1 (SEGV_MAPERR), si_addr: 0x000000000000c540

Registers:
RAX=0x00007f58b39b30f0, RBX=0x000000000000c000, RCX=0x0000000000000000, RDX=0x0000000000000001
RSP=0x00007f5908c2f2e0, RBP=0x0000000000000000, RSI=0x00007f58c8020100, RDI=0x0000000100000000
R8 =0x0000000000000000, R9 =0x00007f58bb09ea20, R10=0x00007f59245cab98, R11=0x00007f5939e67460
R12=0x00007f58bc6d2620, R13=0x00007f58bc6cfbd0, R14=0x00007f58bc6d27d0, R15=0x0000000000000000
RIP=0x00007f58b39b3102, EFLAGS=0x0000000000010206, CSGSFS=0x0000000000000033, ERR=0x0000000000000004
  TRAPNO=0x000000000000000e

Top of Stack: (sp=0x00007f5908c2f2e0)
0x00007f5908c2f2e0:   0000000000000000 00007f58c8020020
0x00007f5908c2f2f0:   0000000000000000 00007f58bc6d2620
0x00007f5908c2f300:   00007f58bc6cfbd0 00007f58bb09eac2
0x00007f5908c2f310:   00007f5908c2f340 00007f5800000000
0x00007f5908c2f320:   0000000000000000 0000000000000000
0x00007f5908c2f330:   000000000240003e 00007f58bb06fbf1
0x00007f5908c2f340:   00007f58c8020020 2382e35a3a688800
0x00007f5908c2f350:   000000000240003e 00007f58bb4b6ca8
0x00007f5908c2f360:   00007f5908c2f3d0 0000000000000000
0x00007f5908c2f370:   00007f58bb4b6ca8 00007f5908c2f4a0
0x00007f5908c2f380:   00007f5934381800 00007f58b97a7849
0x00007f5908c2f390:   0000000000000000 00007f58bb06fc20
0x00007f5908c2f3a0:   000000000240003e 00007f58bc6cd560
0x00007f5908c2f3b0:   00007f5908c2f468 00007f59343819e8
0x00007f5908c2f3c0:   00000000ecc15678 00007f58bb06fc20
0x00007f5908c2f3d0:   00007f5908c2f458 00007f59245cabc4
0x00007f5908c2f3e0:   00007f58b3ed0490 0000000000000000
0x00007f5908c2f3f0:   00007f58b3ecfc90 0000000000000000
0x00007f5908c2f400:   00007f5908c2f418 00007f5908c2f468
0x00007f5908c2f410:   00007f59245b5520 00007f5908c2f418
0x00007f5908c2f420:   0000000000000000 00007f5908c2f4a0
0x00007f5908c2f430:   00007f58bb4b84f0 0000000000000000
0x00007f5908c2f440:   00007f58bb4b6ca8 0000000000000000
0x00007f5908c2f450:   00007f5908c2f478 00007f5908c2f4e8
0x00007f5908c2f460:   00007f59245b5a0d 00000000ecfd6be8
0x00007f5908c2f470:   00007f59245c1518 00007f58bb06fc20
0x00007f5908c2f480:   000000000240003e 000000000240003e
0x00007f5908c2f490:   00007f5908c2f490 00007f58bc6cd560
0x00007f5908c2f4a0:   00000000ecfd6f18 00007f5908c2f4a8
0x00007f5908c2f4b0:   00007f58bb4b6bf9 00007f5908c2f520
0x00007f5908c2f4c0:   00007f58bb4b84f0 0000000000000000
0x00007f5908c2f4d0:   00007f58bb4b6c08 00007f5908c2f478 

Instructions: (pc=0x00007f58b39b3102)
0x00007f58b39b30e2:   41 5c c3 66 66 2e 0f 1f 84 00 00 00 00 00 41 55
0x00007f58b39b30f2:   41 54 55 53 48 83 ec 08 48 8b 1f 48 85 db 74 41
0x00007f58b39b3102:   f6 83 40 05 00 00 01 89 cd 41 89 d5 49 89 f4 75
0x00007f58b39b3112:   75 41 83 e5 01 75 5f 83 e5 fd 74 32 48 8d 35 9b 

Register to memory mapping:

RAX=0x00007f58b39b30f0: <offset 0x2fe0f0> in /usr/lib/x86_64-linux-gnu/dri/i965_dri.so at 0x00007f58b36b5000
RBX=0x000000000000c000 is an unknown value
RCX=0x0000000000000000 is an unknown value
RDX=0x0000000000000001 is an unknown value
RSP=0x00007f5908c2f2e0 is pointing into the stack for thread: 0x00007f5934381800
RBP=0x0000000000000000 is an unknown value
RSI=0x00007f58c8020100 is an unknown value
RDI=0x0000000100000000 is pointing into metadata
R8 =0x0000000000000000 is an unknown value
R9 =0x00007f58bb09ea20: <offset 0x4ba20> in /usr/lib/x86_64-linux-gnu/libGL.so.1 at 0x00007f58bb053000
R10=0x00007f59245cab98 is at code_begin+1528 in an Interpreter codelet
method entry point (kind = native)  [0x00007f59245ca5a0, 0x00007f59245cb4e0]  3904 bytes
R11=0x00007f5939e67460: <offset 0x97e460> in /usr/lib/jvm/jdk1.8.0_31/jre/lib/amd64/server/libjvm.so at 0x00007f59394e9000
R12=0x00007f58bc6d2620 is an unknown value
R13=0x00007f58bc6cfbd0 is an unknown value
R14=0x00007f58bc6d27d0 is an unknown value
R15=0x0000000000000000 is an unknown value


Stack: [0x00007f5908b31000,0x00007f5908c32000],  sp=0x00007f5908c2f2e0,  free space=1016k
Native frames: (J=compiled Java code, j=interpreted, Vv=VM code, C=native code)
C  [i965_dri.so+0x2fe102]

Java frames: (J=compiled Java code, j=interpreted, Vv=VM code)
j  jogamp.opengl.x11.glx.GLX.dispatch_glXSwapBuffers0(JJJ)V+0
j  jogamp.opengl.x11.glx.GLX.glXSwapBuffers(JJ)V+41
j  jogamp.opengl.x11.glx.X11GLXDrawable.swapBuffersImpl(Z)V+17
j  jogamp.opengl.GLDrawableImpl.swapBuffers()V+67
j  javax.media.opengl.awt.GLCanvas$12.run()V+45
j  java.awt.event.InvocationEvent.dispatch()V+11
j  java.awt.EventQueue.dispatchEventImpl(Ljava/awt/AWTEvent;Ljava/lang/Object;)V+21
j  java.awt.EventQueue.access$500(Ljava/awt/EventQueue;Ljava/awt/AWTEvent;Ljava/lang/Object;)V+3
j  java.awt.EventQueue$3.run()Ljava/lang/Void;+32
j  java.awt.EventQueue$3.run()Ljava/lang/Object;+1
v  ~StubRoutines::call_stub
J 1397  java.security.AccessController.doPrivileged(Ljava/security/PrivilegedAction;Ljava/security/AccessControlContext;)Ljava/lang/Object; (0 bytes) @ 0x00007f5924ab5223 [0x00007f5924ab51c0+0x63]
j  java.security.ProtectionDomain$1.doIntersectionPrivilege(Ljava/security/PrivilegedAction;Ljava/security/AccessControlContext;Ljava/security/AccessControlContext;)Ljava/lang/Object;+28
j  java.awt.EventQueue.dispatchEvent(Ljava/awt/AWTEvent;)V+46
j  java.awt.EventDispatchThread.pumpOneEventForFilters(I)V+245
j  java.awt.EventDispatchThread.pumpEventsForFilter(ILjava/awt/Conditional;Ljava/awt/EventFilter;)V+35
j  java.awt.EventDispatchThread.pumpEventsForHierarchy(ILjava/awt/Conditional;Ljava/awt/Component;)V+11
j  java.awt.EventDispatchThread.pumpEvents(ILjava/awt/Conditional;)V+4
j  java.awt.EventDispatchThread.pumpEvents(Ljava/awt/Conditional;)V+3
j  java.awt.EventDispatchThread.run()V+9
v  ~StubRoutines::call_stub

---------------  P R O C E S S  ---------------

Java Threads: ( => current thread )
  0x00007f58c9555000 JavaThread "Thread-4" [_thread_blocked, id=23199, stack(0x00007f58b0dfb000,0x00007f58b0efc000)]
  0x00007f58c9539800 JavaThread "Java Sound Event Dispatcher" daemon [_thread_blocked, id=23193, stack(0x00007f58b0efc000,0x00007f58b0ffd000)]
  0x00007f58bc288000 JavaThread "Animation Thread-SharedResourceRunner" daemon [_thread_blocked, id=23176, stack(0x00007f58bbeff000,0x00007f58bc000000)]
  0x00007f58bc20a000 JavaThread "process reaper" daemon [_thread_blocked, id=23171, stack(0x00007f5908792000,0x00007f59087cb000)]
  0x00007f593400f000 JavaThread "DestroyJavaVM" [_thread_blocked, id=23124, stack(0x00007f593af18000,0x00007f593b019000)]
  0x00007f5934391000 JavaThread "Animation Thread" [_thread_blocked, id=23167, stack(0x00007f5908a30000,0x00007f5908b31000)]
=>0x00007f5934381800 JavaThread "AWT-EventQueue-0" [_thread_in_native, id=23166, stack(0x00007f5908b31000,0x00007f5908c32000)]
  0x00007f593437f000 JavaThread "AWT-Shutdown" [_thread_blocked, id=23165, stack(0x00007f5908c32000,0x00007f5908d33000)]
  0x00007f5934331000 JavaThread "AWT-XAWT" daemon [_thread_blocked, id=23162, stack(0x00007f5909135000,0x00007f5909236000)]
  0x00007f5934305000 JavaThread "Java2D Disposer" daemon [_thread_blocked, id=23161, stack(0x00007f5909647000,0x00007f5909748000)]
  0x00007f59340ce000 JavaThread "Service Thread" daemon [_thread_blocked, id=23159, stack(0x00007f590b3f2000,0x00007f590b4f3000)]
  0x00007f59340c9000 JavaThread "C1 CompilerThread2" daemon [_thread_blocked, id=23157, stack(0x00007f590b4f3000,0x00007f590b5f4000)]
  0x00007f59340c7000 JavaThread "C2 CompilerThread1" daemon [_thread_blocked, id=23155, stack(0x00007f590b5f4000,0x00007f590b6f5000)]
  0x00007f59340c4000 JavaThread "C2 CompilerThread0" daemon [_thread_blocked, id=23154, stack(0x00007f590b6f5000,0x00007f590b7f6000)]
  0x00007f58f4001000 JavaThread "JDWP Command Reader" daemon [_thread_in_native, id=23137, stack(0x00007f590b7f6000,0x00007f590b8f7000)]
  0x00007f59340c2000 JavaThread "JDWP Event Helper Thread" daemon [_thread_blocked, id=23134, stack(0x00007f590b8f7000,0x00007f590b9f8000)]
  0x00007f59340be800 JavaThread "JDWP Transport Listener: dt_socket" daemon [_thread_blocked, id=23133, stack(0x00007f590b9f8000,0x00007f590baf9000)]
  0x00007f59340ae000 JavaThread "Signal Dispatcher" daemon [_thread_blocked, id=23132, stack(0x00007f590bcfd000,0x00007f590bdfe000)]
  0x00007f5934081800 JavaThread "Finalizer" daemon [_thread_blocked, id=23131, stack(0x00007f590bdfe000,0x00007f590beff000)]
  0x00007f593407f800 JavaThread "Reference Handler" daemon [_thread_blocked, id=23130, stack(0x00007f590beff000,0x00007f590c000000)]

Other Threads:
  0x00007f593407a800 VMThread [stack: 0x00007f5920038000,0x00007f5920139000] [id=23129]
  0x00007f59340d0800 WatcherThread [stack: 0x00007f590b2f1000,0x00007f590b3f2000] [id=23160]

VM state:not at safepoint (normal execution)

VM Mutex/Monitor currently owned by a thread: None

Heap:
 PSYoungGen      total 18432K, used 16316K [0x00000000ebf00000, 0x00000000ee300000, 0x0000000100000000)
  eden space 15872K, 86% used [0x00000000ebf00000,0x00000000ecc76970,0x00000000ece80000)
  from space 2560K, 98% used [0x00000000ece80000,0x00000000ed0f8870,0x00000000ed100000)
  to   space 2560K, 0% used [0x00000000ee080000,0x00000000ee080000,0x00000000ee300000)
 ParOldGen       total 42496K, used 18178K [0x00000000c3c00000, 0x00000000c6580000, 0x00000000ebf00000)
  object space 42496K, 42% used [0x00000000c3c00000,0x00000000c4dc0a28,0x00000000c6580000)
 Metaspace       used 17979K, capacity 18141K, committed 18176K, reserved 1064960K
  class space    used 1710K, capacity 1789K, committed 1792K, reserved 1048576K

Card table byte_map: [0x00007f592400b000,0x00007f59241ee000] byte_map_base: 0x00007f59239ed000

Marking Bits: (ParMarkBitMap*) 0x00007f593a4442a0
 Begin Bits: [0x00007f5921ca5000, 0x00007f5922bb5000)
 End Bits:   [0x00007f5922bb5000, 0x00007f5923ac5000)

Polling page: 0x00007f593b06b000

CodeCache: size=245760Kb used=5166Kb max_used=5166Kb free=240593Kb
 bounds [0x00007f59245ae000, 0x00007f5924abe000, 0x00007f59335ae000]
 total_blobs=2349 nmethods=1408 adapters=864
 compilation: enabled

Compilation events (10 events):
Event: 9.215 Thread 0x00007f59340c9000 nmethod 1402 0x00007f5924ab9910 code [0x00007f5924ab9a80, 0x00007f5924ab9c30]
Event: 9.215 Thread 0x00007f59340c9000 1403       3       java.lang.Character::valueOf (21 bytes)
Event: 9.215 Thread 0x00007f59340c9000 nmethod 1403 0x00007f5924ab9390 code [0x00007f5924ab9500, 0x00007f5924ab97b0]
Event: 9.216 Thread 0x00007f59340c9000 1404       3       sun.awt.X11.XKeysym$Keysym2JavaKeycode::<init> (15 bytes)
Event: 9.216 Thread 0x00007f59340c9000 nmethod 1404 0x00007f5924ab8fd0 code [0x00007f5924ab9140, 0x00007f5924ab92f0]
Event: 9.255 Thread 0x00007f59340c9000 1405   !   3       sun.awt.X11.XToolkit::getNextTaskTime (55 bytes)
Event: 9.257 Thread 0x00007f59340c9000 nmethod 1405 0x00007f5924abc250 code [0x00007f5924abc480, 0x00007f5924abd1f8]
Event: 9.258 Thread 0x00007f59340c9000 1407       3       java.awt.Component::getParent (5 bytes)
Event: 9.258 Thread 0x00007f59340c9000 nmethod 1407 0x00007f5924ab8850 code [0x00007f5924ab89c0, 0x00007f5924ab8bb0]
Event: 9.305 Thread 0x00007f59340c9000 1408       3       sun.awt.X11.Native::getByte (8 bytes)

GC Heap History (6 events):
Event: 1.084 GC heap before
{Heap before GC invocations=1 (full 0):
 PSYoungGen      total 18432K, used 15872K [0x00000000ebf00000, 0x00000000ed380000, 0x0000000100000000)
  eden space 15872K, 100% used [0x00000000ebf00000,0x00000000ece80000,0x00000000ece80000)
  from space 2560K, 0% used [0x00000000ed100000,0x00000000ed100000,0x00000000ed380000)
  to   space 2560K, 0% used [0x00000000ece80000,0x00000000ece80000,0x00000000ed100000)
 ParOldGen       total 42496K, used 0K [0x00000000c3c00000, 0x00000000c6580000, 0x00000000ebf00000)
  object space 42496K, 0% used [0x00000000c3c00000,0x00000000c3c00000,0x00000000c6580000)
 Metaspace       used 12691K, capacity 12824K, committed 12928K, reserved 1060864K
  class space    used 1354K, capacity 1408K, committed 1408K, reserved 1048576K
Event: 1.089 GC heap after
Heap after GC invocations=1 (full 0):
 PSYoungGen      total 18432K, used 2529K [0x00000000ebf00000, 0x00000000ed380000, 0x0000000100000000)
  eden space 15872K, 0% used [0x00000000ebf00000,0x00000000ebf00000,0x00000000ece80000)
  from space 2560K, 98% used [0x00000000ece80000,0x00000000ed0f86e0,0x00000000ed100000)
  to   space 2560K, 0% used [0x00000000ed100000,0x00000000ed100000,0x00000000ed380000)
 ParOldGen       total 42496K, used 1505K [0x00000000c3c00000, 0x00000000c6580000, 0x00000000ebf00000)
  object space 42496K, 3% used [0x00000000c3c00000,0x00000000c3d787e8,0x00000000c6580000)
 Metaspace       used 12691K, capacity 12824K, committed 12928K, reserved 1060864K
  class space    used 1354K, capacity 1408K, committed 1408K, reserved 1048576K
}
Event: 1.664 GC heap before
{Heap before GC invocations=2 (full 0):
 PSYoungGen      total 18432K, used 17721K [0x00000000ebf00000, 0x00000000ed380000, 0x0000000100000000)
  eden space 15872K, 95% used [0x00000000ebf00000,0x00000000ecdd5e50,0x00000000ece80000)
  from space 2560K, 98% used [0x00000000ece80000,0x00000000ed0f86e0,0x00000000ed100000)
  to   space 2560K, 0% used [0x00000000ed100000,0x00000000ed100000,0x00000000ed380000)
 ParOldGen       total 42496K, used 1505K [0x00000000c3c00000, 0x00000000c6580000, 0x00000000ebf00000)
  object space 42496K, 3% used [0x00000000c3c00000,0x00000000c3d787e8,0x00000000c6580000)
 Metaspace       used 17386K, capacity 17541K, committed 17664K, reserved 1064960K
  class space    used 1683K, capacity 1721K, committed 1792K, reserved 1048576K
Event: 1.671 GC heap after
Heap after GC invocations=2 (full 0):
 PSYoungGen      total 18432K, used 2530K [0x00000000ebf00000, 0x00000000ed380000, 0x0000000100000000)
  eden space 15872K, 0% used [0x00000000ebf00000,0x00000000ebf00000,0x00000000ece80000)
  from space 2560K, 98% used [0x00000000ed100000,0x00000000ed378870,0x00000000ed380000)
  to   space 2560K, 0% used [0x00000000ece80000,0x00000000ece80000,0x00000000ed100000)
 ParOldGen       total 42496K, used 4984K [0x00000000c3c00000, 0x00000000c6580000, 0x00000000ebf00000)
  object space 42496K, 11% used [0x00000000c3c00000,0x00000000c40de1c8,0x00000000c6580000)
 Metaspace       used 17386K, capacity 17541K, committed 17664K, reserved 1064960K
  class space    used 1683K, capacity 1721K, committed 1792K, reserved 1048576K
}
Event: 1.875 GC heap before
{Heap before GC invocations=3 (full 0):
 PSYoungGen      total 18432K, used 18146K [0x00000000ebf00000, 0x00000000ed380000, 0x0000000100000000)
  eden space 15872K, 98% used [0x00000000ebf00000,0x00000000ece40160,0x00000000ece80000)
  from space 2560K, 98% used [0x00000000ed100000,0x00000000ed378870,0x00000000ed380000)
  to   space 2560K, 0% used [0x00000000ece80000,0x00000000ece80000,0x00000000ed100000)
 ParOldGen       total 42496K, used 4984K [0x00000000c3c00000, 0x00000000c6580000, 0x00000000ebf00000)
  object space 42496K, 11% used [0x00000000c3c00000,0x00000000c40de1c8,0x00000000c6580000)
 Metaspace       used 17435K, capacity 17605K, committed 17920K, reserved 1064960K
  class space    used 1683K, capacity 1721K, committed 1792K, reserved 1048576K
Event: 1.886 GC heap after
Heap after GC invocations=3 (full 0):
 PSYoungGen      total 18432K, used 2530K [0x00000000ebf00000, 0x00000000ee300000, 0x0000000100000000)
  eden space 15872K, 0% used [0x00000000ebf00000,0x00000000ebf00000,0x00000000ece80000)
  from space 2560K, 98% used [0x00000000ece80000,0x00000000ed0f8870,0x00000000ed100000)
  to   space 2560K, 0% used [0x00000000ee080000,0x00000000ee080000,0x00000000ee300000)
 ParOldGen       total 42496K, used 18178K [0x00000000c3c00000, 0x00000000c6580000, 0x00000000ebf00000)
  object space 42496K, 42% used [0x00000000c3c00000,0x00000000c4dc0a28,0x00000000c6580000)
 Metaspace       used 17435K, capacity 17605K, committed 17920K, reserved 1064960K
  class space    used 1683K, capacity 1721K, committed 1792K, reserved 1048576K
}

Deoptimization events (7 events):
Event: 1.553 Thread 0x00007f5934381800 Uncommon trap: reason=unreached action=reinterpret pc=0x00007f59248f9b2c method=com.jogamp.common.nio.Buffers.isDirect(Ljava/lang/Object;)Z @ 1
Event: 1.593 Thread 0x00007f5934381800 Uncommon trap: reason=unreached action=reinterpret pc=0x00007f59248ebf88 method=com.jogamp.common.util.IntIntHashMap.get(I)I @ 19
Event: 1.611 Thread 0x00007f5934381800 Uncommon trap: reason=unreached action=reinterpret pc=0x00007f59248bca6c method=java.lang.reflect.AccessibleObject.setAccessible0(Ljava/lang/reflect/AccessibleObject;Z)V @ 4
Event: 1.789 Thread 0x00007f5934381800 Uncommon trap: reason=class_check action=maybe_recompile pc=0x00007f59248f9da4 method=com.jogamp.common.nio.Buffers.getDirectBufferByteOffset(Ljava/lang/Object;)I @ 7
Event: 1.789 Thread 0x00007f5934381800 Uncommon trap: reason=class_check action=maybe_recompile pc=0x00007f59248f9da4 method=com.jogamp.common.nio.Buffers.getDirectBufferByteOffset(Ljava/lang/Object;)I @ 7
Event: 1.790 Thread 0x00007f5934381800 Uncommon trap: reason=class_check action=maybe_recompile pc=0x00007f59248f9da4 method=com.jogamp.common.nio.Buffers.getDirectBufferByteOffset(Ljava/lang/Object;)I @ 7
Event: 1.821 Thread 0x00007f5934381800 Uncommon trap: reason=class_check action=maybe_recompile pc=0x00007f59248f9da4 method=com.jogamp.common.nio.Buffers.getDirectBufferByteOffset(Ljava/lang/Object;)I @ 7

Internal exceptions (10 events):
Event: 1.820 Thread 0x00007f5934381800 Exception <a 'java/lang/reflect/InvocationTargetException'> (0x00000000ec48a080) thrown at [/HUDSON/workspace/8-2-build-linux-amd64/jdk8u31/2394/hotspot/src/share/vm/runtime/reflection.cpp, line 1080]
Event: 1.821 Thread 0x00007f5934381800 Exception <a 'java/lang/reflect/InvocationTargetException'> (0x00000000ec48a760) thrown at [/HUDSON/workspace/8-2-build-linux-amd64/jdk8u31/2394/hotspot/src/share/vm/runtime/reflection.cpp, line 1080]
Event: 1.887 Thread 0x00007f5934381800 Exception <a 'java/security/PrivilegedActionException'> (0x00000000ec000868) thrown at [/HUDSON/workspace/8-2-build-linux-amd64/jdk8u31/2394/hotspot/src/share/vm/prims/jvm.cpp, line 1312]
Event: 1.987 Thread 0x00007f5934381800 Exception <a 'java/lang/reflect/InvocationTargetException'> (0x00000000ec0f1670) thrown at [/HUDSON/workspace/8-2-build-linux-amd64/jdk8u31/2394/hotspot/src/share/vm/runtime/reflection.cpp, line 1080]
Event: 1.989 Thread 0x00007f5934381800 Exception <a 'java/lang/reflect/InvocationTargetException'> (0x00000000ec0f1a80) thrown at [/HUDSON/workspace/8-2-build-linux-amd64/jdk8u31/2394/hotspot/src/share/vm/runtime/reflection.cpp, line 1080]
Event: 2.046 Thread 0x00007f5934381800 Exception <a 'java/lang/reflect/InvocationTargetException'> (0x00000000ec0f9418) thrown at [/HUDSON/workspace/8-2-build-linux-amd64/jdk8u31/2394/hotspot/src/share/vm/runtime/reflection.cpp, line 1080]
Event: 2.047 Thread 0x00007f5934381800 Exception <a 'java/lang/reflect/InvocationTargetException'> (0x00000000ec0f9828) thrown at [/HUDSON/workspace/8-2-build-linux-amd64/jdk8u31/2394/hotspot/src/share/vm/runtime/reflection.cpp, line 1080]
Event: 2.105 Thread 0x00007f5934381800 Exception <a 'java/lang/reflect/InvocationTargetException'> (0x00000000ec100a28) thrown at [/HUDSON/workspace/8-2-build-linux-amd64/jdk8u31/2394/hotspot/src/share/vm/runtime/reflection.cpp, line 1080]
Event: 2.106 Thread 0x00007f5934381800 Exception <a 'java/lang/reflect/InvocationTargetException'> (0x00000000ec100e38) thrown at [/HUDSON/workspace/8-2-build-linux-amd64/jdk8u31/2394/hotspot/src/share/vm/runtime/reflection.cpp, line 1080]
Event: 2.161 Thread 0x00007f5934381800 Exception <a 'java/lang/reflect/InvocationTargetException'> (0x00000000ec10b260) thrown at [/HUDSON/workspace/8-2-build-linux-amd64/jdk8u31/2394/hotspot/src/share/vm/runtime/reflection.cpp, line 1080]

Events (10 events):
Event: 9.305 Thread 0x00007f5934381800 DEOPT PACKING pc=0x00007f5924aa30a4 sp=0x00007f5908c2f1a0
Event: 9.305 Thread 0x00007f5934381800 DEOPT UNPACKING pc=0x00007f59245f5373 sp=0x00007f5908c2eef0 mode 1
Event: 9.305 Thread 0x00007f5934381800 DEOPT PACKING pc=0x00007f5924ab6d84 sp=0x00007f5908c2f170
Event: 9.306 Thread 0x00007f5934381800 DEOPT UNPACKING pc=0x00007f59245f5373 sp=0x00007f5908c2ef08 mode 1
Event: 9.306 Thread 0x00007f5934381800 DEOPT PACKING pc=0x00007f5924a280e4 sp=0x00007f5908c2f220
Event: 9.306 Thread 0x00007f5934381800 DEOPT UNPACKING pc=0x00007f59245f5373 sp=0x00007f5908c2ef68 mode 1
Event: 9.306 Thread 0x00007f5934381800 DEOPT PACKING pc=0x00007f5924a27af4 sp=0x00007f5908c2f270
Event: 9.306 Thread 0x00007f5934381800 DEOPT UNPACKING pc=0x00007f59245f5373 sp=0x00007f5908c2f020 mode 1
Event: 9.306 Thread 0x00007f5934381800 DEOPT PACKING pc=0x00007f5924aa30a4 sp=0x00007f5908c2f330
Event: 9.306 Thread 0x00007f5934381800 DEOPT UNPACKING pc=0x00007f59245f5373 sp=0x00007f5908c2f080 mode 1


Dynamic libraries:
00400000-00401000 r-xp 00000000 08:11 2229123                            /usr/lib/jvm/jdk1.8.0_31/bin/java
00600000-00601000 rw-p 00000000 08:11 2229123                            /usr/lib/jvm/jdk1.8.0_31/bin/java
023b4000-023d5000 rw-p 00000000 00:00 0                                  [heap]
c3c00000-c6580000 rw-p 00000000 00:00 0 
c6580000-ebf00000 ---p 00000000 00:00 0 
ebf00000-ee300000 rw-p 00000000 00:00 0 
ee300000-100000000 ---p 00000000 00:00 0 
100000000-1001c0000 rw-p 00000000 00:00 0 
1001c0000-140000000 ---p 00000000 00:00 0 
7f588c000000-7f588c021000 rw-p 00000000 00:00 0 
7f588c021000-7f5890000000 ---p 00000000 00:00 0 
7f5893ffe000-7f5897fff000 r--s 00000000 00:11 22180                      /dev/shm/pulse-shm-3810095572
7f5897fff000-7f589c000000 rw-s 00000000 00:11 1399930                    /dev/shm/pulse-shm-2925912016
7f589c000000-7f589c021000 rw-p 00000000 00:00 0 
7f589c021000-7f58a0000000 ---p 00000000 00:00 0 
7f58a0000000-7f58a0021000 rw-p 00000000 00:00 0 
7f58a0021000-7f58a4000000 ---p 00000000 00:00 0 
7f58a4000000-7f58a4021000 rw-p 00000000 00:00 0 
7f58a4021000-7f58a8000000 ---p 00000000 00:00 0 
7f58a8fb9000-7f58a8fba000 ---p 00000000 00:00 0 
7f58a8fba000-7f58a97ba000 rw-p 00000000 00:00 0                          [stack:23198]
7f58a97ba000-7f58a97bb000 ---p 00000000 00:00 0 
7f58a97bb000-7f58a9fbb000 rw-p 00000000 00:00 0                          [stack:23194]
7f58a9fbb000-7f58adfbc000 rw-s 00000000 00:11 1399910                    /dev/shm/pulse-shm-252725352
7f58adfbc000-7f58adfc2000 r-xp 00000000 08:11 1317035                    /usr/lib/x86_64-linux-gnu/alsa-lib/libasound_module_pcm_pulse.so
7f58adfc2000-7f58ae1c1000 ---p 00006000 08:11 1317035                    /usr/lib/x86_64-linux-gnu/alsa-lib/libasound_module_pcm_pulse.so
7f58ae1c1000-7f58ae1c2000 r--p 00005000 08:11 1317035                    /usr/lib/x86_64-linux-gnu/alsa-lib/libasound_module_pcm_pulse.so
7f58ae1c2000-7f58ae1c3000 rw-p 00006000 08:11 1317035                    /usr/lib/x86_64-linux-gnu/alsa-lib/libasound_module_pcm_pulse.so
7f58ae1c3000-7f58ae1f7000 r-xp 00000000 08:11 1246961                    /usr/local/cpffmpeg/lib/libvorbis.so.0.4.7
7f58ae1f7000-7f58ae3f7000 ---p 00034000 08:11 1246961                    /usr/local/cpffmpeg/lib/libvorbis.so.0.4.7
7f58ae3f7000-7f58ae3f8000 rw-p 00034000 08:11 1246961                    /usr/local/cpffmpeg/lib/libvorbis.so.0.4.7
7f58ae3f8000-7f58ae3fe000 r-xp 00000000 08:11 1246864                    /usr/local/cpffmpeg/lib/libogg.so.0.8.1
7f58ae3fe000-7f58ae5fd000 ---p 00006000 08:11 1246864                    /usr/local/cpffmpeg/lib/libogg.so.0.8.1
7f58ae5fd000-7f58ae5fe000 rw-p 00005000 08:11 1246864                    /usr/local/cpffmpeg/lib/libogg.so.0.8.1
7f58ae5fe000-7f58ae60f000 r-xp 00000000 08:11 393690                     /lib/x86_64-linux-gnu/libgpg-error.so.0.13.0
7f58ae60f000-7f58ae80e000 ---p 00011000 08:11 393690                     /lib/x86_64-linux-gnu/libgpg-error.so.0.13.0
7f58ae80e000-7f58ae80f000 r--p 00010000 08:11 393690                     /lib/x86_64-linux-gnu/libgpg-error.so.0.13.0
7f58ae80f000-7f58ae810000 rw-p 00011000 08:11 393690                     /lib/x86_64-linux-gnu/libgpg-error.so.0.13.0
7f58ae810000-7f58ae89f000 r-xp 00000000 08:11 1246969                    /usr/local/cpffmpeg/lib/libvorbisenc.so.2.0.10
7f58ae89f000-7f58aea9e000 ---p 0008f000 08:11 1246969                    /usr/local/cpffmpeg/lib/libvorbisenc.so.2.0.10
7f58aea9e000-7f58aeaba000 rw-p 0008e000 08:11 1246969                    /usr/local/cpffmpeg/lib/libvorbisenc.so.2.0.10
7f58aeaba000-7f58aeb0d000 r-xp 00000000 08:11 1247702                    /usr/local/cpffmpeg/lib/libFLAC.so.8.3.0
7f58aeb0d000-7f58aed0d000 ---p 00053000 08:11 1247702                    /usr/local/cpffmpeg/lib/libFLAC.so.8.3.0
7f58aed0d000-7f58aed0e000 rw-p 00053000 08:11 1247702                    /usr/local/cpffmpeg/lib/libFLAC.so.8.3.0
7f58aed0e000-7f58aed22000 r-xp 00000000 08:11 393941                     /lib/x86_64-linux-gnu/libresolv-2.19.so
7f58aed22000-7f58aef21000 ---p 00014000 08:11 393941                     /lib/x86_64-linux-gnu/libresolv-2.19.so
7f58aef21000-7f58aef22000 r--p 00013000 08:11 393941                     /lib/x86_64-linux-gnu/libresolv-2.19.so
7f58aef22000-7f58aef23000 rw-p 00014000 08:11 393941                     /lib/x86_64-linux-gnu/libresolv-2.19.so
7f58aef23000-7f58aef25000 rw-p 00000000 00:00 0 
7f58aef25000-7f58aeffc000 r-xp 00000000 08:11 393710                     /lib/x86_64-linux-gnu/libgcrypt.so.20.0.2
7f58aeffc000-7f58af1fc000 ---p 000d7000 08:11 393710                     /lib/x86_64-linux-gnu/libgcrypt.so.20.0.2
7f58af1fc000-7f58af1fd000 r--p 000d7000 08:11 393710                     /lib/x86_64-linux-gnu/libgcrypt.so.20.0.2
7f58af1fd000-7f58af206000 rw-p 000d8000 08:11 393710                     /lib/x86_64-linux-gnu/libgcrypt.so.20.0.2
7f58af206000-7f58af228000 r-xp 00000000 08:11 393692                     /lib/x86_64-linux-gnu/liblzma.so.5.0.0
7f58af228000-7f58af427000 ---p 00022000 08:11 393692                     /lib/x86_64-linux-gnu/liblzma.so.5.0.0
7f58af427000-7f58af428000 r--p 00021000 08:11 393692                     /lib/x86_64-linux-gnu/liblzma.so.5.0.0
7f58af428000-7f58af429000 rw-p 00022000 08:11 393692                     /lib/x86_64-linux-gnu/liblzma.so.5.0.0
7f58af429000-7f58af42d000 r-xp 00000000 08:11 393657                     /lib/x86_64-linux-gnu/libuuid.so.1.3.0
7f58af42d000-7f58af62c000 ---p 00004000 08:11 393657                     /lib/x86_64-linux-gnu/libuuid.so.1.3.0
7f58af62c000-7f58af62d000 r--p 00003000 08:11 393657                     /lib/x86_64-linux-gnu/libuuid.so.1.3.0
7f58af62d000-7f58af62e000 rw-p 00004000 08:11 393657                     /lib/x86_64-linux-gnu/libuuid.so.1.3.0
7f58af62e000-7f58af632000 r-xp 00000000 08:11 393736                     /lib/x86_64-linux-gnu/libattr.so.1.1.0
7f58af632000-7f58af831000 ---p 00004000 08:11 393736                     /lib/x86_64-linux-gnu/libattr.so.1.1.0
7f58af831000-7f58af832000 r--p 00003000 08:11 393736                     /lib/x86_64-linux-gnu/libattr.so.1.1.0
7f58af832000-7f58af833000 rw-p 00004000 08:11 393736                     /lib/x86_64-linux-gnu/libattr.so.1.1.0
7f58af833000-7f58af838000 r-xp 00000000 08:11 1315196                    /usr/lib/x86_64-linux-gnu/libasyncns.so.0.3.1
7f58af838000-7f58afa37000 ---p 00005000 08:11 1315196                    /usr/lib/x86_64-linux-gnu/libasyncns.so.0.3.1
7f58afa37000-7f58afa38000 r--p 00004000 08:11 1315196                    /usr/lib/x86_64-linux-gnu/libasyncns.so.0.3.1
7f58afa38000-7f58afa39000 rw-p 00005000 08:11 1315196                    /usr/lib/x86_64-linux-gnu/libasyncns.so.0.3.1
7f58afa39000-7f58afa9b000 r-xp 00000000 08:11 1315698                    /usr/lib/x86_64-linux-gnu/libsndfile.so.1.0.25
7f58afa9b000-7f58afc9b000 ---p 00062000 08:11 1315698                    /usr/lib/x86_64-linux-gnu/libsndfile.so.1.0.25
7f58afc9b000-7f58afc9d000 r--p 00062000 08:11 1315698                    /usr/lib/x86_64-linux-gnu/libsndfile.so.1.0.25
7f58afc9d000-7f58afc9e000 rw-p 00064000 08:11 1315698                    /usr/lib/x86_64-linux-gnu/libsndfile.so.1.0.25
7f58afc9e000-7f58afca2000 rw-p 00000000 00:00 0 
7f58afca2000-7f58afcab000 r-xp 00000000 08:11 394193                     /lib/x86_64-linux-gnu/libwrap.so.0.7.6
7f58afcab000-7f58afeaa000 ---p 00009000 08:11 394193                     /lib/x86_64-linux-gnu/libwrap.so.0.7.6
7f58afeaa000-7f58afeab000 r--p 00008000 08:11 394193                     /lib/x86_64-linux-gnu/libwrap.so.0.7.6
7f58afeab000-7f58afeac000 rw-p 00009000 08:11 394193                     /lib/x86_64-linux-gnu/libwrap.so.0.7.6
7f58afeac000-7f58afead000 rw-p 00000000 00:00 0 
7f58afead000-7f58afece000 r-xp 00000000 08:11 393722                     /lib/x86_64-linux-gnu/libsystemd.so.0.3.1
7f58afece000-7f58b00ce000 ---p 00021000 08:11 393722                     /lib/x86_64-linux-gnu/libsystemd.so.0.3.1
7f58b00ce000-7f58b00cf000 r--p 00021000 08:11 393722                     /lib/x86_64-linux-gnu/libsystemd.so.0.3.1
7f58b00cf000-7f58b00d0000 rw-p 00022000 08:11 393722                     /lib/x86_64-linux-gnu/libsystemd.so.0.3.1
7f58b00d0000-7f58b00d7000 r-xp 00000000 08:11 1313147                    /usr/lib/x86_64-linux-gnu/libSM.so.6.0.1
7f58b00d7000-7f58b02d6000 ---p 00007000 08:11 1313147                    /usr/lib/x86_64-linux-gnu/libSM.so.6.0.1
7f58b02d6000-7f58b02d7000 r--p 00006000 08:11 1313147                    /usr/lib/x86_64-linux-gnu/libSM.so.6.0.1
7f58b02d7000-7f58b02d8000 rw-p 00007000 08:11 1313147                    /usr/lib/x86_64-linux-gnu/libSM.so.6.0.1
7f58b02d8000-7f58b02dc000 r-xp 00000000 08:11 393218                     /lib/x86_64-linux-gnu/libcap.so.2.24
7f58b02dc000-7f58b04db000 ---p 00004000 08:11 393218                     /lib/x86_64-linux-gnu/libcap.so.2.24
7f58b04db000-7f58b04dc000 r--p 00003000 08:11 393218                     /lib/x86_64-linux-gnu/libcap.so.2.24
7f58b04dc000-7f58b04dd000 rw-p 00004000 08:11 393218                     /lib/x86_64-linux-gnu/libcap.so.2.24
7f58b04dd000-7f58b0524000 r-xp 00000000 08:11 393809                     /lib/x86_64-linux-gnu/libdbus-1.so.3.8.10
7f58b0524000-7f58b0723000 ---p 00047000 08:11 393809                     /lib/x86_64-linux-gnu/libdbus-1.so.3.8.10
7f58b0723000-7f58b0724000 r--p 00046000 08:11 393809                     /lib/x86_64-linux-gnu/libdbus-1.so.3.8.10
7f58b0724000-7f58b0725000 rw-p 00047000 08:11 393809                     /lib/x86_64-linux-gnu/libdbus-1.so.3.8.10
7f58b0725000-7f58b079c000 r-xp 00000000 08:11 1315203                    /usr/lib/x86_64-linux-gnu/pulseaudio/libpulsecommon-5.0.so
7f58b079c000-7f58b099c000 ---p 00077000 08:11 1315203                    /usr/lib/x86_64-linux-gnu/pulseaudio/libpulsecommon-5.0.so
7f58b099c000-7f58b099d000 r--p 00077000 08:11 1315203                    /usr/lib/x86_64-linux-gnu/pulseaudio/libpulsecommon-5.0.so
7f58b099d000-7f58b099f000 rw-p 00078000 08:11 1315203                    /usr/lib/x86_64-linux-gnu/pulseaudio/libpulsecommon-5.0.so
7f58b099f000-7f58b09a9000 r-xp 00000000 08:11 394170                     /lib/x86_64-linux-gnu/libjson-c.so.2.0.0
7f58b09a9000-7f58b0ba8000 ---p 0000a000 08:11 394170                     /lib/x86_64-linux-gnu/libjson-c.so.2.0.0
7f58b0ba8000-7f58b0ba9000 r--p 00009000 08:11 394170                     /lib/x86_64-linux-gnu/libjson-c.so.2.0.0
7f58b0ba9000-7f58b0baa000 rw-p 0000a000 08:11 394170                     /lib/x86_64-linux-gnu/libjson-c.so.2.0.0
7f58b0baa000-7f58b0bf8000 r-xp 00000000 08:11 1314084                    /usr/lib/x86_64-linux-gnu/libpulse.so.0.17.3
7f58b0bf8000-7f58b0df8000 ---p 0004e000 08:11 1314084                    /usr/lib/x86_64-linux-gnu/libpulse.so.0.17.3
7f58b0df8000-7f58b0dfa000 r--p 0004e000 08:11 1314084                    /usr/lib/x86_64-linux-gnu/libpulse.so.0.17.3
7f58b0dfa000-7f58b0dfb000 rw-p 00050000 08:11 1314084                    /usr/lib/x86_64-linux-gnu/libpulse.so.0.17.3
7f58b0dfb000-7f58b0dfe000 ---p 00000000 00:00 0 
7f58b0dfe000-7f58b0efc000 rw-p 00000000 00:00 0                          [stack:23199]
7f58b0efc000-7f58b0eff000 ---p 00000000 00:00 0 
7f58b0eff000-7f58b0ffd000 rw-p 00000000 00:00 0                          [stack:23193]
7f58b0ffd000-7f58b10ed000 r-xp 00000000 08:11 1313856                    /usr/lib/x86_64-linux-gnu/libasound.so.2.0.0
7f58b10ed000-7f58b12ec000 ---p 000f0000 08:11 1313856                    /usr/lib/x86_64-linux-gnu/libasound.so.2.0.0
7f58b12ec000-7f58b12f3000 r--p 000ef000 08:11 1313856                    /usr/lib/x86_64-linux-gnu/libasound.so.2.0.0
7f58b12f3000-7f58b12f5000 rw-p 000f6000 08:11 1313856                    /usr/lib/x86_64-linux-gnu/libasound.so.2.0.0
7f58b12f5000-7f58b1304000 r-xp 00000000 08:11 2240448                    /usr/lib/jvm/jdk1.8.0_31/jre/lib/amd64/libjsoundalsa.so
7f58b1304000-7f58b1503000 ---p 0000f000 08:11 2240448                    /usr/lib/jvm/jdk1.8.0_31/jre/lib/amd64/libjsoundalsa.so
7f58b1503000-7f58b1504000 rw-p 0000e000 08:11 2240448                    /usr/lib/jvm/jdk1.8.0_31/jre/lib/amd64/libjsoundalsa.so
7f58b1504000-7f58b1505000 r-xp 00000000 08:11 2240452                    /usr/lib/jvm/jdk1.8.0_31/jre/lib/amd64/libjsound.so
7f58b1505000-7f58b1704000 ---p 00001000 08:11 2240452                    /usr/lib/jvm/jdk1.8.0_31/jre/lib/amd64/libjsound.so
7f58b1704000-7f58b1705000 rw-p 00000000 08:11 2240452                    /usr/lib/jvm/jdk1.8.0_31/jre/lib/amd64/libjsound.so
7f58b1705000-7f58b1d05000 rw-s 00000000 00:04 1399895                    /drm mm object (deleted)
7f58b1d05000-7f58b2305000 rw-s 00000000 00:04 1399894                    /drm mm object (deleted)
7f58b2305000-7f58b2313000 r-xp 00000000 08:11 393942                     /lib/x86_64-linux-gnu/libudev.so.1.5.0
7f58b2313000-7f58b2512000 ---p 0000e000 08:11 393942                     /lib/x86_64-linux-gnu/libudev.so.1.5.0
7f58b2512000-7f58b2513000 r--p 0000d000 08:11 393942                     /lib/x86_64-linux-gnu/libudev.so.1.5.0
7f58b2513000-7f58b2514000 rw-p 0000e000 08:11 393942                     /lib/x86_64-linux-gnu/libudev.so.1.5.0
7f58b2514000-7f58b2516000 r-xp 00000000 08:11 1316635                    /usr/lib/x86_64-linux-gnu/libXinerama.so.1.0.0
7f58b2516000-7f58b2715000 ---p 00002000 08:11 1316635                    /usr/lib/x86_64-linux-gnu/libXinerama.so.1.0.0
7f58b2715000-7f58b2716000 r--p 00001000 08:11 1316635                    /usr/lib/x86_64-linux-gnu/libXinerama.so.1.0.0
7f58b2716000-7f58b2717000 rw-p 00002000 08:11 1316635                    /usr/lib/x86_64-linux-gnu/libXinerama.so.1.0.0
7f58b2717000-7f58b274e000 r-xp 00000000 08:11 1316797                    /usr/lib/x86_64-linux-gnu/libtxc_dxtn_s2tc.so.0.0.0
7f58b274e000-7f58b294d000 ---p 00037000 08:11 1316797                    /usr/lib/x86_64-linux-gnu/libtxc_dxtn_s2tc.so.0.0.0
7f58b294d000-7f58b294e000 r--p 00036000 08:11 1316797                    /usr/lib/x86_64-linux-gnu/libtxc_dxtn_s2tc.so.0.0.0
7f58b294e000-7f58b294f000 rw-p 00037000 08:11 1316797                    /usr/lib/x86_64-linux-gnu/libtxc_dxtn_s2tc.so.0.0.0
7f58b294f000-7f58b2969000 r-xp 00000000 08:11 393684                     /lib/x86_64-linux-gnu/libz.so.1.2.8
7f58b2969000-7f58b2b68000 ---p 0001a000 08:11 393684                     /lib/x86_64-linux-gnu/libz.so.1.2.8
7f58b2b68000-7f58b2b69000 r--p 00019000 08:11 393684                     /lib/x86_64-linux-gnu/libz.so.1.2.8
7f58b2b69000-7f58b2b6a000 rw-p 0001a000 08:11 393684                     /lib/x86_64-linux-gnu/libz.so.1.2.8
7f58b2b6a000-7f58b2b72000 r-xp 00000000 08:11 1312442                    /usr/lib/x86_64-linux-gnu/libpciaccess.so.0.11.1
7f58b2b72000-7f58b2d72000 ---p 00008000 08:11 1312442                    /usr/lib/x86_64-linux-gnu/libpciaccess.so.0.11.1
7f58b2d72000-7f58b2d73000 r--p 00008000 08:11 1312442                    /usr/lib/x86_64-linux-gnu/libpciaccess.so.0.11.1
7f58b2d73000-7f58b2d74000 rw-p 00009000 08:11 1312442                    /usr/lib/x86_64-linux-gnu/libpciaccess.so.0.11.1
7f58b2d74000-7f58b2e60000 r-xp 00000000 08:11 1313581                    /usr/lib/x86_64-linux-gnu/libstdc++.so.6.0.20
7f58b2e60000-7f58b3060000 ---p 000ec000 08:11 1313581                    /usr/lib/x86_64-linux-gnu/libstdc++.so.6.0.20
7f58b3060000-7f58b3068000 r--p 000ec000 08:11 1313581                    /usr/lib/x86_64-linux-gnu/libstdc++.so.6.0.20
7f58b3068000-7f58b306a000 rw-p 000f4000 08:11 1313581                    /usr/lib/x86_64-linux-gnu/libstdc++.so.6.0.20
7f58b306a000-7f58b307f000 rw-p 00000000 00:00 0 
7f58b307f000-7f58b308b000 r-xp 00000000 08:11 1317459                    /usr/lib/x86_64-linux-gnu/libdrm_radeon.so.1.0.1
7f58b308b000-7f58b328a000 ---p 0000c000 08:11 1317459                    /usr/lib/x86_64-linux-gnu/libdrm_radeon.so.1.0.1
7f58b328a000-7f58b328b000 r--p 0000b000 08:11 1317459                    /usr/lib/x86_64-linux-gnu/libdrm_radeon.so.1.0.1
7f58b328b000-7f58b328c000 rw-p 0000c000 08:11 1317459                    /usr/lib/x86_64-linux-gnu/libdrm_radeon.so.1.0.1
7f58b328c000-7f58b3292000 r-xp 00000000 08:11 1317705                    /usr/lib/x86_64-linux-gnu/libdrm_nouveau.so.2.0.0
7f58b3292000-7f58b3491000 ---p 00006000 08:11 1317705                    /usr/lib/x86_64-linux-gnu/libdrm_nouveau.so.2.0.0
7f58b3491000-7f58b3492000 r--p 00005000 08:11 1317705                    /usr/lib/x86_64-linux-gnu/libdrm_nouveau.so.2.0.0
7f58b3492000-7f58b3493000 rw-p 00006000 08:11 1317705                    /usr/lib/x86_64-linux-gnu/libdrm_nouveau.so.2.0.0
7f58b3493000-7f58b34b4000 r-xp 00000000 08:11 1312658                    /usr/lib/x86_64-linux-gnu/libdrm_intel.so.1.0.0
7f58b34b4000-7f58b36b3000 ---p 00021000 08:11 1312658                    /usr/lib/x86_64-linux-gnu/libdrm_intel.so.1.0.0
7f58b36b3000-7f58b36b4000 r--p 00020000 08:11 1312658                    /usr/lib/x86_64-linux-gnu/libdrm_intel.so.1.0.0
7f58b36b4000-7f58b36b5000 rw-p 00021000 08:11 1312658                    /usr/lib/x86_64-linux-gnu/libdrm_intel.so.1.0.0
7f58b36b5000-7f58b3bd3000 r-xp 00000000 08:11 1312473                    /usr/lib/x86_64-linux-gnu/dri/i965_dri.so
7f58b3bd3000-7f58b3dd3000 ---p 0051e000 08:11 1312473                    /usr/lib/x86_64-linux-gnu/dri/i965_dri.so
7f58b3dd3000-7f58b3def000 r--p 0051e000 08:11 1312473                    /usr/lib/x86_64-linux-gnu/dri/i965_dri.so
7f58b3def000-7f58b3df5000 rw-p 0053a000 08:11 1312473                    /usr/lib/x86_64-linux-gnu/dri/i965_dri.so
7f58b3df5000-7f58b4000000 rw-p 00000000 00:00 0 
7f58b4000000-7f58b67e5000 rw-p 00000000 00:00 0 
7f58b67e5000-7f58b8000000 ---p 00000000 00:00 0 
7f58b803b000-7f58b8043000 rw-s 00000000 00:04 1399139                    /drm mm object (deleted)
7f58b8043000-7f58b804b000 rw-s 00000000 00:04 1399138                    /drm mm object (deleted)
7f58b804b000-7f58b8052000 r--s 00000000 08:11 1329829                    /usr/lib/x86_64-linux-gnu/gconv/gconv-modules.cache
7f58b8052000-7f58b8058000 r-xp 00000000 08:11 1180552                    /usr/lib/mesa-diverted/x86_64-linux-gnu/libGLESv2.so.2.0.0
7f58b8058000-7f58b8257000 ---p 00006000 08:11 1180552                    /usr/lib/mesa-diverted/x86_64-linux-gnu/libGLESv2.so.2.0.0
7f58b8257000-7f58b8258000 r--p 00005000 08:11 1180552                    /usr/lib/mesa-diverted/x86_64-linux-gnu/libGLESv2.so.2.0.0
7f58b8258000-7f58b8259000 rw-p 00006000 08:11 1180552                    /usr/lib/mesa-diverted/x86_64-linux-gnu/libGLESv2.so.2.0.0
7f58b8259000-7f58b829e000 r-xp 00000000 08:11 1972897                    /tmp/jogamp_0000/file_cache/jln6794972851485775283/jln3374439258751526000/libjogl_mobile.so
7f58b829e000-7f58b849e000 ---p 00045000 08:11 1972897                    /tmp/jogamp_0000/file_cache/jln6794972851485775283/jln3374439258751526000/libjogl_mobile.so
7f58b849e000-7f58b849f000 rw-p 00045000 08:11 1972897                    /tmp/jogamp_0000/file_cache/jln6794972851485775283/jln3374439258751526000/libjogl_mobile.so
7f58b849f000-7f58b84a6000 r-xp 00000000 08:11 1311207                    /usr/lib/x86_64-linux-gnu/libffi.so.6.0.2
7f58b84a6000-7f58b86a5000 ---p 00007000 08:11 1311207                    /usr/lib/x86_64-linux-gnu/libffi.so.6.0.2
7f58b86a5000-7f58b86a6000 r--p 00006000 08:11 1311207                    /usr/lib/x86_64-linux-gnu/libffi.so.6.0.2
7f58b86a6000-7f58b86a7000 rw-p 00007000 08:11 1311207                    /usr/lib/x86_64-linux-gnu/libffi.so.6.0.2
7f58b86a7000-7f58b86b4000 r-xp 00000000 08:11 1314293                    /usr/lib/x86_64-linux-gnu/libgbm.so.1.0.0
7f58b86b4000-7f58b88b3000 ---p 0000d000 08:11 1314293                    /usr/lib/x86_64-linux-gnu/libgbm.so.1.0.0
7f58b88b3000-7f58b88b4000 r--p 0000c000 08:11 1314293                    /usr/lib/x86_64-linux-gnu/libgbm.so.1.0.0
7f58b88b4000-7f58b88b5000 rw-p 0000d000 08:11 1314293                    /usr/lib/x86_64-linux-gnu/libgbm.so.1.0.0
7f58b88b5000-7f58b88c4000 r-xp 00000000 08:11 1314915                    /usr/lib/x86_64-linux-gnu/libwayland-server.so.0.1.0
7f58b88c4000-7f58b8ac4000 ---p 0000f000 08:11 1314915                    /usr/lib/x86_64-linux-gnu/libwayland-server.so.0.1.0
7f58b8ac4000-7f58b8ac6000 r--p 0000f000 08:11 1314915                    /usr/lib/x86_64-linux-gnu/libwayland-server.so.0.1.0
7f58b8ac6000-7f58b8ac7000 rw-p 00011000 08:11 1314915                    /usr/lib/x86_64-linux-gnu/libwayland-server.so.0.1.0
7f58b8ac7000-7f58b8ad3000 r-xp 00000000 08:11 1316306                    /usr/lib/x86_64-linux-gnu/libwayland-client.so.0.3.0
7f58b8ad3000-7f58b8cd2000 ---p 0000c000 08:11 1316306                    /usr/lib/x86_64-linux-gnu/libwayland-client.so.0.3.0
7f58b8cd2000-7f58b8cd5000 r--p 0000b000 08:11 1316306                    /usr/lib/x86_64-linux-gnu/libwayland-client.so.0.3.0
7f58b8cd5000-7f58b8cd6000 rw-p 0000e000 08:11 1316306                    /usr/lib/x86_64-linux-gnu/libwayland-client.so.0.3.0
7f58b8cd6000-7f58b8cd9000 r-xp 00000000 08:11 1312486                    /usr/lib/x86_64-linux-gnu/libxcb-shape.so.0.0.0
7f58b8cd9000-7f58b8ed8000 ---p 00003000 08:11 1312486                    /usr/lib/x86_64-linux-gnu/libxcb-shape.so.0.0.0
7f58b8ed8000-7f58b8ed9000 r--p 00002000 08:11 1312486                    /usr/lib/x86_64-linux-gnu/libxcb-shape.so.0.0.0
7f58b8ed9000-7f58b8eda000 rw-p 00003000 08:11 1312486                    /usr/lib/x86_64-linux-gnu/libxcb-shape.so.0.0.0
7f58b8eda000-7f58b8ee3000 r-xp 00000000 08:11 1320235                    /usr/lib/x86_64-linux-gnu/libxcb-render.so.0.0.0
7f58b8ee3000-7f58b90e2000 ---p 00009000 08:11 1320235                    /usr/lib/x86_64-linux-gnu/libxcb-render.so.0.0.0
7f58b90e2000-7f58b90e3000 r--p 00008000 08:11 1320235                    /usr/lib/x86_64-linux-gnu/libxcb-render.so.0.0.0
7f58b90e3000-7f58b90e4000 rw-p 00009000 08:11 1320235                    /usr/lib/x86_64-linux-gnu/libxcb-render.so.0.0.0
7f58b90e4000-7f58b90ea000 r-xp 00000000 08:11 1313209                    /usr/lib/x86_64-linux-gnu/libxcb-xfixes.so.0.0.0
7f58b90ea000-7f58b92ea000 ---p 00006000 08:11 1313209                    /usr/lib/x86_64-linux-gnu/libxcb-xfixes.so.0.0.0
7f58b92ea000-7f58b92eb000 r--p 00006000 08:11 1313209                    /usr/lib/x86_64-linux-gnu/libxcb-xfixes.so.0.0.0
7f58b92eb000-7f58b92ec000 rw-p 00007000 08:11 1313209                    /usr/lib/x86_64-linux-gnu/libxcb-xfixes.so.0.0.0
7f58b92ec000-7f58b9314000 r-xp 00000000 08:11 1179661                    /usr/lib/mesa-diverted/x86_64-linux-gnu/libEGL.so.1.0.0
7f58b9314000-7f58b9513000 ---p 00028000 08:11 1179661                    /usr/lib/mesa-diverted/x86_64-linux-gnu/libEGL.so.1.0.0
7f58b9513000-7f58b9514000 r--p 00027000 08:11 1179661                    /usr/lib/mesa-diverted/x86_64-linux-gnu/libEGL.so.1.0.0
7f58b9514000-7f58b9515000 rw-p 00028000 08:11 1179661                    /usr/lib/mesa-diverted/x86_64-linux-gnu/libEGL.so.1.0.0
7f58b9515000-7f58b9516000 rw-p 00000000 00:00 0 
7f58b9516000-7f58b951a000 r-xp 00000000 08:11 1184816                    /usr/lib/mesa-diverted/x86_64-linux-gnu/libGLESv1_CM.so.1.1.0
7f58b951a000-7f58b9719000 ---p 00004000 08:11 1184816                    /usr/lib/mesa-diverted/x86_64-linux-gnu/libGLESv1_CM.so.1.1.0
7f58b9719000-7f58b971a000 r--p 00003000 08:11 1184816                    /usr/lib/mesa-diverted/x86_64-linux-gnu/libGLESv1_CM.so.1.1.0
7f58b971a000-7f58b971b000 rw-p 00004000 08:11 1184816                    /usr/lib/mesa-diverted/x86_64-linux-gnu/libGLESv1_CM.so.1.1.0
7f58b971b000-7f58b97c0000 r-xp 00000000 08:11 1972773                    /tmp/jogamp_0000/file_cache/jln6794972851485775283/jln3374439258751526000/libjogl_desktop.so
7f58b97c0000-7f58b99c0000 ---p 000a5000 08:11 1972773                    /tmp/jogamp_0000/file_cache/jln6794972851485775283/jln3374439258751526000/libjogl_desktop.so
7f58b99c0000-7f58b99c1000 rw-p 000a5000 08:11 1972773                    /tmp/jogamp_0000/file_cache/jln6794972851485775283/jln3374439258751526000/libjogl_desktop.so
7f58b99c1000-7f58b99cd000 r-xp 00000000 08:11 1317768                    /usr/lib/x86_64-linux-gnu/libdrm.so.2.4.0
7f58b99cd000-7f58b9bcc000 ---p 0000c000 08:11 1317768                    /usr/lib/x86_64-linux-gnu/libdrm.so.2.4.0
7f58b9bcc000-7f58b9bcd000 r--p 0000b000 08:11 1317768                    /usr/lib/x86_64-linux-gnu/libdrm.so.2.4.0
7f58b9bcd000-7f58b9bce000 rw-p 0000c000 08:11 1317768                    /usr/lib/x86_64-linux-gnu/libdrm.so.2.4.0
7f58b9bce000-7f58b9bcf000 r-xp 00000000 08:11 1316882                    /usr/lib/x86_64-linux-gnu/libxshmfence.so.1.0.0
7f58b9bcf000-7f58b9dce000 ---p 00001000 08:11 1316882                    /usr/lib/x86_64-linux-gnu/libxshmfence.so.1.0.0
7f58b9dce000-7f58b9dcf000 r--p 00000000 08:11 1316882                    /usr/lib/x86_64-linux-gnu/libxshmfence.so.1.0.0
7f58b9dcf000-7f58b9dd0000 rw-p 00001000 08:11 1316882                    /usr/lib/x86_64-linux-gnu/libxshmfence.so.1.0.0
7f58b9dd0000-7f58b9dd5000 r-xp 00000000 08:11 1315759                    /usr/lib/x86_64-linux-gnu/libxcb-sync.so.1.0.0
7f58b9dd5000-7f58b9fd5000 ---p 00005000 08:11 1315759                    /usr/lib/x86_64-linux-gnu/libxcb-sync.so.1.0.0
7f58b9fd5000-7f58b9fd6000 r--p 00005000 08:11 1315759                    /usr/lib/x86_64-linux-gnu/libxcb-sync.so.1.0.0
7f58b9fd6000-7f58b9fd7000 rw-p 00006000 08:11 1315759                    /usr/lib/x86_64-linux-gnu/libxcb-sync.so.1.0.0
7f58b9fd7000-7f58b9fd9000 r-xp 00000000 08:11 1317437                    /usr/lib/x86_64-linux-gnu/libxcb-present.so.0.0.0
7f58b9fd9000-7f58ba1d8000 ---p 00002000 08:11 1317437                    /usr/lib/x86_64-linux-gnu/libxcb-present.so.0.0.0
7f58ba1d8000-7f58ba1d9000 r--p 00001000 08:11 1317437                    /usr/lib/x86_64-linux-gnu/libxcb-present.so.0.0.0
7f58ba1d9000-7f58ba1da000 rw-p 00002000 08:11 1317437                    /usr/lib/x86_64-linux-gnu/libxcb-present.so.0.0.0
7f58ba1da000-7f58ba1dc000 r-xp 00000000 08:11 1313718                    /usr/lib/x86_64-linux-gnu/libxcb-dri3.so.0.0.0
7f58ba1dc000-7f58ba3db000 ---p 00002000 08:11 1313718                    /usr/lib/x86_64-linux-gnu/libxcb-dri3.so.0.0.0
7f58ba3db000-7f58ba3dc000 r--p 00001000 08:11 1313718                    /usr/lib/x86_64-linux-gnu/libxcb-dri3.so.0.0.0
7f58ba3dc000-7f58ba3dd000 rw-p 00002000 08:11 1313718                    /usr/lib/x86_64-linux-gnu/libxcb-dri3.so.0.0.0
7f58ba3dd000-7f58ba3e1000 r-xp 00000000 08:11 1312874                    /usr/lib/x86_64-linux-gnu/libxcb-dri2.so.0.0.0
7f58ba3e1000-7f58ba5e0000 ---p 00004000 08:11 1312874                    /usr/lib/x86_64-linux-gnu/libxcb-dri2.so.0.0.0
7f58ba5e0000-7f58ba5e1000 r--p 00003000 08:11 1312874                    /usr/lib/x86_64-linux-gnu/libxcb-dri2.so.0.0.0
7f58ba5e1000-7f58ba5e2000 rw-p 00004000 08:11 1312874                    /usr/lib/x86_64-linux-gnu/libxcb-dri2.so.0.0.0
7f58ba5e2000-7f58ba5f9000 r-xp 00000000 08:11 1314543                    /usr/lib/x86_64-linux-gnu/libxcb-glx.so.0.0.0
7f58ba5f9000-7f58ba7f8000 ---p 00017000 08:11 1314543                    /usr/lib/x86_64-linux-gnu/libxcb-glx.so.0.0.0
7f58ba7f8000-7f58ba7fa000 r--p 00016000 08:11 1314543                    /usr/lib/x86_64-linux-gnu/libxcb-glx.so.0.0.0
7f58ba7fa000-7f58ba7fb000 rw-p 00018000 08:11 1314543                    /usr/lib/x86_64-linux-gnu/libxcb-glx.so.0.0.0
7f58ba7fb000-7f58ba7fc000 r-xp 00000000 08:11 1318061                    /usr/lib/x86_64-linux-gnu/libX11-xcb.so.1.0.0
7f58ba7fc000-7f58ba9fb000 ---p 00001000 08:11 1318061                    /usr/lib/x86_64-linux-gnu/libX11-xcb.so.1.0.0
7f58ba9fb000-7f58ba9fc000 r--p 00000000 08:11 1318061                    /usr/lib/x86_64-linux-gnu/libX11-xcb.so.1.0.0
7f58ba9fc000-7f58ba9fd000 rw-p 00001000 08:11 1318061                    /usr/lib/x86_64-linux-gnu/libX11-xcb.so.1.0.0
7f58ba9fd000-7f58ba9ff000 r-xp 00000000 08:11 1316876                    /usr/lib/x86_64-linux-gnu/libXdamage.so.1.1.0
7f58ba9ff000-7f58babfe000 ---p 00002000 08:11 1316876                    /usr/lib/x86_64-linux-gnu/libXdamage.so.1.1.0
7f58babfe000-7f58babff000 r--p 00001000 08:11 1316876                    /usr/lib/x86_64-linux-gnu/libXdamage.so.1.1.0
7f58babff000-7f58bac00000 rw-p 00002000 08:11 1316876                    /usr/lib/x86_64-linux-gnu/libXdamage.so.1.1.0
7f58bac00000-7f58bac25000 r-xp 00000000 08:11 1311159                    /usr/lib/x86_64-linux-gnu/libglapi.so.0.0.0
7f58bac25000-7f58bae25000 ---p 00025000 08:11 1311159                    /usr/lib/x86_64-linux-gnu/libglapi.so.0.0.0
7f58bae25000-7f58bae28000 r--p 00025000 08:11 1311159                    /usr/lib/x86_64-linux-gnu/libglapi.so.0.0.0
7f58bae28000-7f58bae29000 rw-p 00028000 08:11 1311159                    /usr/lib/x86_64-linux-gnu/libglapi.so.0.0.0
7f58bae29000-7f58bae2a000 rw-p 00000000 00:00 0 
7f58bae2a000-7f58bae50000 r-xp 00000000 08:11 393642                     /lib/x86_64-linux-gnu/libexpat.so.1.6.0
7f58bae50000-7f58bb04f000 ---p 00026000 08:11 393642                     /lib/x86_64-linux-gnu/libexpat.so.1.6.0
7f58bb04f000-7f58bb052000 r--p 00025000 08:11 393642                     /lib/x86_64-linux-gnu/libexpat.so.1.6.0
7f58bb052000-7f58bb053000 rw-p 00028000 08:11 393642                     /lib/x86_64-linux-gnu/libexpat.so.1.6.0
7f58bb053000-7f58bb0e9000 r-xp 00000000 08:11 1179742                    /usr/lib/mesa-diverted/x86_64-linux-gnu/libGL.so.1.2.0
7f58bb0e9000-7f58bb2e8000 ---p 00096000 08:11 1179742                    /usr/lib/mesa-diverted/x86_64-linux-gnu/libGL.so.1.2.0
7f58bb2e8000-7f58bb2eb000 r--p 00095000 08:11 1179742                    /usr/lib/mesa-diverted/x86_64-linux-gnu/libGL.so.1.2.0
7f58bb2eb000-7f58bb2ec000 rw-p 00098000 08:11 1179742                    /usr/lib/mesa-diverted/x86_64-linux-gnu/libGL.so.1.2.0
7f58bb2ec000-7f58bb4ed000 rw-p 00000000 00:00 0 
7f58bb4ed000-7f58bb4f4000 r-xp 00000000 08:11 1973321                    /tmp/jogamp_0000/file_cache/jln6794972851485775283/jln3374439258751526000/libnativewindow_x11.so
7f58bb4f4000-7f58bb6f3000 ---p 00007000 08:11 1973321                    /tmp/jogamp_0000/file_cache/jln6794972851485775283/jln3374439258751526000/libnativewindow_x11.so
7f58bb6f3000-7f58bb6f4000 rw-p 00006000 08:11 1973321                    /tmp/jogamp_0000/file_cache/jln6794972851485775283/jln3374439258751526000/libnativewindow_x11.so
7f58bb6f4000-7f58bb6f9000 r-xp 00000000 08:11 1316626                    /usr/lib/x86_64-linux-gnu/libXxf86vm.so.1.0.0
7f58bb6f9000-7f58bb8f8000 ---p 00005000 08:11 1316626                    /usr/lib/x86_64-linux-gnu/libXxf86vm.so.1.0.0
7f58bb8f8000-7f58bb8f9000 r--p 00004000 08:11 1316626                    /usr/lib/x86_64-linux-gnu/libXxf86vm.so.1.0.0
7f58bb8f9000-7f58bb8fa000 rw-p 00005000 08:11 1316626                    /usr/lib/x86_64-linux-gnu/libXxf86vm.so.1.0.0
7f58bb8fa000-7f58bb8fc000 r-xp 00000000 08:11 1973320                    /tmp/jogamp_0000/file_cache/jln6794972851485775283/jln3374439258751526000/libnativewindow_awt.so
7f58bb8fc000-7f58bbafb000 ---p 00002000 08:11 1973320                    /tmp/jogamp_0000/file_cache/jln6794972851485775283/jln3374439258751526000/libnativewindow_awt.so
7f58bbafb000-7f58bbafc000 rw-p 00001000 08:11 1973320                    /tmp/jogamp_0000/file_cache/jln6794972851485775283/jln3374439258751526000/libnativewindow_awt.so
7f58bbafc000-7f58bbafd000 r-xp 00000000 08:11 2240464                    /usr/lib/jvm/jdk1.8.0_31/jre/lib/amd64/libjawt.so
7f58bbafd000-7f58bbcfc000 ---p 00001000 08:11 2240464                    /usr/lib/jvm/jdk1.8.0_31/jre/lib/amd64/libjawt.so
7f58bbcfc000-7f58bbcfd000 rw-p 00000000 08:11 2240464                    /usr/lib/jvm/jdk1.8.0_31/jre/lib/amd64/libjawt.so
7f58bbcfd000-7f58bbcff000 r-xp 00000000 08:11 1970821                    /tmp/jogamp_0000/file_cache/jln6794972851485775283/jln3374439258751526000/libgluegen-rt.so
7f58bbcff000-7f58bbefe000 ---p 00002000 08:11 1970821                    /tmp/jogamp_0000/file_cache/jln6794972851485775283/jln3374439258751526000/libgluegen-rt.so
7f58bbefe000-7f58bbeff000 rw-p 00001000 08:11 1970821                    /tmp/jogamp_0000/file_cache/jln6794972851485775283/jln3374439258751526000/libgluegen-rt.so
7f58bbeff000-7f58bbf02000 ---p 00000000 00:00 0 
7f58bbf02000-7f58bc000000 rw-p 00000000 00:00 0                          [stack:23176]
7f58bc000000-7f58bc88a000 rw-p 00000000 00:00 0 
7f58bc88a000-7f58c0000000 ---p 00000000 00:00 0 
7f58c0000000-7f58c0021000 rw-p 00000000 00:00 0 
7f58c0021000-7f58c4000000 ---p 00000000 00:00 0 
7f58c4000000-7f58c4021000 rw-p 00000000 00:00 0 
7f58c4021000-7f58c8000000 ---p 00000000 00:00 0 
7f58c8000000-7f58ca9f1000 rw-p 00000000 00:00 0 
7f58ca9f1000-7f58cc000000 ---p 00000000 00:00 0 
7f58cc000000-7f58cc040000 rw-p 00000000 00:00 0 
7f58cc040000-7f58d0000000 ---p 00000000 00:00 0 
7f58d0000000-7f58d0021000 rw-p 00000000 00:00 0 
7f58d0021000-7f58d4000000 ---p 00000000 00:00 0 
7f58d4000000-7f58d4021000 rw-p 00000000 00:00 0 
7f58d4021000-7f58d8000000 ---p 00000000 00:00 0 
7f58d8000000-7f58d8029000 rw-p 00000000 00:00 0 
7f58d8029000-7f58dc000000 ---p 00000000 00:00 0 
7f58dc000000-7f58dc021000 rw-p 00000000 00:00 0 
7f58dc021000-7f58e0000000 ---p 00000000 00:00 0 
7f58e0000000-7f58e0021000 rw-p 00000000 00:00 0 
7f58e0021000-7f58e4000000 ---p 00000000 00:00 0 
7f58e4000000-7f58e41a6000 rw-p 00000000 00:00 0 
7f58e41a6000-7f58e8000000 ---p 00000000 00:00 0 
7f58e8000000-7f58e82c7000 rw-p 00000000 00:00 0 
7f58e82c7000-7f58ec000000 ---p 00000000 00:00 0 
7f58ec000000-7f58ec021000 rw-p 00000000 00:00 0 
7f58ec021000-7f58f0000000 ---p 00000000 00:00 0 
7f58f0000000-7f58f0212000 rw-p 00000000 00:00 0 
7f58f0212000-7f58f4000000 ---p 00000000 00:00 0 
7f58f4000000-7f58f4021000 rw-p 00000000 00:00 0 
7f58f4021000-7f58f8000000 ---p 00000000 00:00 0 
7f58f8000000-7f58f8021000 rw-p 00000000 00:00 0 
7f58f8021000-7f58fc000000 ---p 00000000 00:00 0 
7f58fc000000-7f58fc021000 rw-p 00000000 00:00 0 
7f58fc021000-7f5900000000 ---p 00000000 00:00 0 
7f5900000000-7f5900021000 rw-p 00000000 00:00 0 
7f5900021000-7f5904000000 ---p 00000000 00:00 0 
7f5904000000-7f5904021000 rw-p 00000000 00:00 0 
7f5904021000-7f5908000000 ---p 00000000 00:00 0 
7f5908000000-7f5908001000 rw-p 00000000 00:00 0 
7f5908001000-7f5908018000 r-xp 00000000 08:11 1432196                    /usr/local/lib/libICE.so.6.3.0
7f5908018000-7f590801a000 rw-p 00016000 08:11 1432196                    /usr/local/lib/libICE.so.6.3.0
7f590801a000-7f590801d000 rw-p 00000000 00:00 0 
7f590801d000-7f5908030000 r--s 00344000 08:11 2238871                    /usr/lib/jvm/jdk1.8.0_31/jre/lib/resources.jar
7f5908030000-7f5908038000 rw-s 00000000 00:04 1399085                    /drm mm object (deleted)
7f5908038000-7f5908040000 rw-s 00000000 00:04 1399887                    /drm mm object (deleted)
7f5908040000-7f5908048000 rw-s 00000000 00:04 1399868                    /drm mm object (deleted)
7f5908048000-7f5908050000 rw-s 00000000 00:04 1399081                    /drm mm object (deleted)
7f5908050000-7f5908058000 rw-s 00000000 00:04 1397499                    /drm mm object (deleted)
7f5908058000-7f5908059000 rwxp 00000000 00:00 0 
7f5908059000-7f590805a000 rw-s 00000000 00:04 1399902                    /drm mm object (deleted)
7f590805a000-7f590805b000 rw-s 00000000 00:04 1399893                    /drm mm object (deleted)
7f590805b000-7f590805c000 rw-s 00000000 00:04 1399082                    /drm mm object (deleted)
7f590805c000-7f590805d000 rw-s 00000000 00:04 1399880                    /drm mm object (deleted)
7f590805d000-7f590805e000 rw-s 00000000 00:04 1399875                    /drm mm object (deleted)
7f590805e000-7f590805f000 rw-s 00000000 00:04 1399869                    /drm mm object (deleted)
7f590805f000-7f5908060000 rw-s 00000000 00:04 1397500                    /drm mm object (deleted)
7f5908060000-7f5908061000 rw-s 00000000 00:04 1398187                    /drm mm object (deleted)
7f5908061000-7f5908069000 rw-s 00000000 00:04 1398177                    /drm mm object (deleted)
7f5908069000-7f590807a000 r-xp 00000000 08:11 2240484                    /usr/lib/jvm/jdk1.8.0_31/jre/lib/amd64/libnio.so
7f590807a000-7f5908279000 ---p 00011000 08:11 2240484                    /usr/lib/jvm/jdk1.8.0_31/jre/lib/amd64/libnio.so
7f5908279000-7f590827a000 rw-p 00010000 08:11 2240484                    /usr/lib/jvm/jdk1.8.0_31/jre/lib/amd64/libnio.so
7f590827a000-7f590857b000 rw-p 00000000 00:00 0 
7f590857b000-7f5908591000 r-xp 00000000 08:11 2240476                    /usr/lib/jvm/jdk1.8.0_31/jre/lib/amd64/libnet.so
7f5908591000-7f5908791000 ---p 00016000 08:11 2240476                    /usr/lib/jvm/jdk1.8.0_31/jre/lib/amd64/libnet.so
7f5908791000-7f5908792000 rw-p 00016000 08:11 2240476                    /usr/lib/jvm/jdk1.8.0_31/jre/lib/amd64/libnet.so
7f5908792000-7f5908795000 ---p 00000000 00:00 0 
7f5908795000-7f59087cb000 rw-p 00000000 00:00 0                          [stack:23171]
7f59087cb000-7f59087cf000 r--s 00094000 08:11 2238884                    /usr/lib/jvm/jdk1.8.0_31/jre/lib/jsse.jar
7f59087cf000-7f59089cf000 rw-p 00000000 00:00 0 
7f59089cf000-7f59089dd000 r--s 000f3000 08:11 3961956                    /home/kof/processing-git/build/linux/work/lib/pde.jar
7f59089dd000-7f59089f1000 r--s 00141000 08:11 3961955                    /home/kof/processing-git/build/linux/work/lib/org.eclipse.osgi_3.8.1.v20120830-144521.jar
7f59089f1000-7f59089f4000 r--s 00041000 08:11 3961954                    /home/kof/processing-git/build/linux/work/lib/org-netbeans-swing-outline.jar
7f59089f4000-7f5908a30000 r--s 00629000 08:11 3961905                    /home/kof/processing-git/build/linux/work/lib/com.ibm.icu_4.4.2.v20110823.jar
7f5908a30000-7f5908a33000 ---p 00000000 00:00 0 
7f5908a33000-7f5908b31000 rw-p 00000000 00:00 0                          [stack:23167]
7f5908b31000-7f5908b34000 ---p 00000000 00:00 0 
7f5908b34000-7f5908c32000 rw-p 00000000 00:00 0                          [stack:23166]
7f5908c32000-7f5908c35000 ---p 00000000 00:00 0 
7f5908c35000-7f5908d33000 rw-p 00000000 00:00 0                          [stack:23165]
7f5908d33000-7f5908d36000 ---p 00000000 00:00 0 
7f5908d36000-7f5909034000 rw-p 00000000 00:00 0 
7f5909034000-7f5909037000 ---p 00000000 00:00 0 
7f5909037000-7f5909135000 rw-p 00000000 00:00 0 
7f5909135000-7f5909138000 ---p 00000000 00:00 0 
7f5909138000-7f5909236000 rw-p 00000000 00:00 0                          [stack:23162]
7f5909236000-7f590923b000 r-xp 00000000 08:11 1314833                    /usr/lib/x86_64-linux-gnu/libXfixes.so.3.1.0
7f590923b000-7f590943a000 ---p 00005000 08:11 1314833                    /usr/lib/x86_64-linux-gnu/libXfixes.so.3.1.0
7f590943a000-7f590943b000 r--p 00004000 08:11 1314833                    /usr/lib/x86_64-linux-gnu/libXfixes.so.3.1.0
7f590943b000-7f590943c000 rw-p 00005000 08:11 1314833                    /usr/lib/x86_64-linux-gnu/libXfixes.so.3.1.0
7f590943c000-7f5909446000 r-xp 00000000 08:11 1314983                    /usr/lib/x86_64-linux-gnu/libXcursor.so.1.0.2
7f5909446000-7f5909645000 ---p 0000a000 08:11 1314983                    /usr/lib/x86_64-linux-gnu/libXcursor.so.1.0.2
7f5909645000-7f5909646000 r--p 00009000 08:11 1314983                    /usr/lib/x86_64-linux-gnu/libXcursor.so.1.0.2
7f5909646000-7f5909647000 rw-p 0000a000 08:11 1314983                    /usr/lib/x86_64-linux-gnu/libXcursor.so.1.0.2
7f5909647000-7f590964a000 ---p 00000000 00:00 0 
7f590964a000-7f5909748000 rw-p 00000000 00:00 0                          [stack:23161]
7f5909748000-7f590975e000 r-xp 00000000 08:11 393871                     /lib/x86_64-linux-gnu/libgcc_s.so.1
7f590975e000-7f590995d000 ---p 00016000 08:11 393871                     /lib/x86_64-linux-gnu/libgcc_s.so.1
7f590995d000-7f590995e000 rw-p 00015000 08:11 393871                     /lib/x86_64-linux-gnu/libgcc_s.so.1
7f590995e000-7f59099c3000 r-xp 00000000 08:11 2240446                    /usr/lib/jvm/jdk1.8.0_31/jre/lib/amd64/libfontmanager.so
7f59099c3000-7f5909bc2000 ---p 00065000 08:11 2240446                    /usr/lib/jvm/jdk1.8.0_31/jre/lib/amd64/libfontmanager.so
7f5909bc2000-7f5909bc6000 rw-p 00064000 08:11 2240446                    /usr/lib/jvm/jdk1.8.0_31/jre/lib/amd64/libfontmanager.so
7f5909bc6000-7f5909bd7000 rw-p 00000000 00:00 0 
7f5909bd7000-7f5909bdc000 r-xp 00000000 08:11 1314306                    /usr/lib/x86_64-linux-gnu/libXdmcp.so.6.0.0
7f5909bdc000-7f5909ddb000 ---p 00005000 08:11 1314306                    /usr/lib/x86_64-linux-gnu/libXdmcp.so.6.0.0
7f5909ddb000-7f5909ddc000 rw-p 00004000 08:11 1314306                    /usr/lib/x86_64-linux-gnu/libXdmcp.so.6.0.0
7f5909ddc000-7f5909ddf000 r-xp 00000000 08:11 1318046                    /usr/lib/x86_64-linux-gnu/libXau.so.6.0.0
7f5909ddf000-7f5909fde000 ---p 00003000 08:11 1318046                    /usr/lib/x86_64-linux-gnu/libXau.so.6.0.0
7f5909fde000-7f5909fdf000 r--p 00002000 08:11 1318046                    /usr/lib/x86_64-linux-gnu/libXau.so.6.0.0
7f5909fdf000-7f5909fe0000 rw-p 00003000 08:11 1318046                    /usr/lib/x86_64-linux-gnu/libXau.so.6.0.0
7f5909fe0000-7f590a001000 r-xp 00000000 08:11 1313271                    /usr/lib/x86_64-linux-gnu/libxcb.so.1.1.0
7f590a001000-7f590a200000 ---p 00021000 08:11 1313271                    /usr/lib/x86_64-linux-gnu/libxcb.so.1.1.0
7f590a200000-7f590a201000 r--p 00020000 08:11 1313271                    /usr/lib/x86_64-linux-gnu/libxcb.so.1.1.0
7f590a201000-7f590a202000 rw-p 00021000 08:11 1313271                    /usr/lib/x86_64-linux-gnu/libxcb.so.1.1.0
7f590a202000-7f590a211000 r-xp 00000000 08:11 1316875                    /usr/lib/x86_64-linux-gnu/libXi.so.6.1.0
7f590a211000-7f590a410000 ---p 0000f000 08:11 1316875                    /usr/lib/x86_64-linux-gnu/libXi.so.6.1.0
7f590a410000-7f590a411000 r--p 0000e000 08:11 1316875                    /usr/lib/x86_64-linux-gnu/libXi.so.6.1.0
7f590a411000-7f590a412000 rw-p 0000f000 08:11 1316875                    /usr/lib/x86_64-linux-gnu/libXi.so.6.1.0
7f590a412000-7f590a417000 r-xp 00000000 08:11 1316638                    /usr/lib/x86_64-linux-gnu/libXtst.so.6.1.0
7f590a417000-7f590a616000 ---p 00005000 08:11 1316638                    /usr/lib/x86_64-linux-gnu/libXtst.so.6.1.0
7f590a616000-7f590a617000 r--p 00004000 08:11 1316638                    /usr/lib/x86_64-linux-gnu/libXtst.so.6.1.0
7f590a617000-7f590a618000 rw-p 00005000 08:11 1316638                    /usr/lib/x86_64-linux-gnu/libXtst.so.6.1.0
7f590a618000-7f590a621000 r-xp 00000000 08:11 1315494                    /usr/lib/x86_64-linux-gnu/libXrender.so.1.3.0
7f590a621000-7f590a820000 ---p 00009000 08:11 1315494                    /usr/lib/x86_64-linux-gnu/libXrender.so.1.3.0
7f590a820000-7f590a821000 r--p 00008000 08:11 1315494                    /usr/lib/x86_64-linux-gnu/libXrender.so.1.3.0
7f590a821000-7f590a822000 rw-p 00009000 08:11 1315494                    /usr/lib/x86_64-linux-gnu/libXrender.so.1.3.0
7f590a822000-7f590a95e000 r-xp 00000000 08:11 1313346                    /usr/lib/x86_64-linux-gnu/libX11.so.6.3.0
7f590a95e000-7f590ab5d000 ---p 0013c000 08:11 1313346                    /usr/lib/x86_64-linux-gnu/libX11.so.6.3.0
7f590ab5d000-7f590ab5f000 r--p 0013b000 08:11 1313346                    /usr/lib/x86_64-linux-gnu/libX11.so.6.3.0
7f590ab5f000-7f590ab64000 rw-p 0013d000 08:11 1313346                    /usr/lib/x86_64-linux-gnu/libX11.so.6.3.0
7f590ab64000-7f590ab65000 rw-p 00000000 00:00 0 
7f590ab65000-7f590ab76000 r-xp 00000000 08:11 1314987                    /usr/lib/x86_64-linux-gnu/libXext.so.6.4.0
7f590ab76000-7f590ad75000 ---p 00011000 08:11 1314987                    /usr/lib/x86_64-linux-gnu/libXext.so.6.4.0
7f590ad75000-7f590ad76000 r--p 00010000 08:11 1314987                    /usr/lib/x86_64-linux-gnu/libXext.so.6.4.0
7f590ad76000-7f590ad77000 rw-p 00011000 08:11 1314987                    /usr/lib/x86_64-linux-gnu/libXext.so.6.4.0
7f590ad77000-7f590ad78000 r--p 00000000 00:00 0 
7f590ad78000-7f590ad79000 rw-s 00000000 00:04 1398178                    /drm mm object (deleted)
7f590ad79000-7f590ad8d000 r--s 00127000 08:11 3961953                    /home/kof/processing-git/build/linux/work/lib/jna.jar
7f590ad8d000-7f590ad9a000 r--s 000c6000 08:11 3961908                    /home/kof/processing-git/build/linux/work/lib/jdimodel.jar
7f590ad9a000-7f590ad9e000 r--s 0000e000 08:11 3961907                    /home/kof/processing-git/build/linux/work/lib/jdi.jar
7f590ad9e000-7f590ada3000 r--s 00068000 08:11 3961904                    /home/kof/processing-git/build/linux/work/lib/antlr.jar
7f590ada3000-7f590adc1000 r--s 001bb000 08:11 3961903                    /home/kof/processing-git/build/linux/work/lib/ant.jar
7f590adc1000-7f590adc3000 r--s 00002000 08:11 3961901                    /home/kof/processing-git/build/linux/work/lib/ant-launcher.jar
7f590adc3000-7f590adc6000 r--s 00017000 08:11 3962092                    /home/kof/processing-git/build/linux/work/modes/java/libraries/minim/library/tritonus_share.jar
7f590adc6000-7f590ae1a000 r-xp 00000000 08:11 2240494                    /usr/lib/jvm/jdk1.8.0_31/jre/lib/amd64/libawt_xawt.so
7f590ae1a000-7f590b01a000 ---p 00054000 08:11 2240494                    /usr/lib/jvm/jdk1.8.0_31/jre/lib/amd64/libawt_xawt.so
7f590b01a000-7f590b01e000 rw-p 00054000 08:11 2240494                    /usr/lib/jvm/jdk1.8.0_31/jre/lib/amd64/libawt_xawt.so
7f590b01e000-7f590b01f000 rw-p 00000000 00:00 0 
7f590b01f000-7f590b0c1000 r-xp 00000000 08:11 2240462                    /usr/lib/jvm/jdk1.8.0_31/jre/lib/amd64/libawt.so
7f590b0c1000-7f590b2c1000 ---p 000a2000 08:11 2240462                    /usr/lib/jvm/jdk1.8.0_31/jre/lib/amd64/libawt.so
7f590b2c1000-7f590b2cd000 rw-p 000a2000 08:11 2240462                    /usr/lib/jvm/jdk1.8.0_31/jre/lib/amd64/libawt.so
7f590b2cd000-7f590b2f1000 rw-p 00000000 00:00 0 
7f590b2f1000-7f590b2f2000 ---p 00000000 00:00 0 
7f590b2f2000-7f590b3f2000 rw-p 00000000 00:00 0                          [stack:23160]
7f590b3f2000-7f590b3f5000 ---p 00000000 00:00 0 
7f590b3f5000-7f590b4f3000 rw-p 00000000 00:00 0                          [stack:23159]
7f590b4f3000-7f590b4f6000 ---p 00000000 00:00 0 
7f590b4f6000-7f590b5f4000 rw-p 00000000 00:00 0                          [stack:23157]
7f590b5f4000-7f590b5f7000 ---p 00000000 00:00 0 
7f590b5f7000-7f590b6f5000 rw-p 00000000 00:00 0                          [stack:23155]
7f590b6f5000-7f590b6f8000 ---p 00000000 00:00 0 
7f590b6f8000-7f590b7f6000 rw-p 00000000 00:00 0                          [stack:23154]
7f590b7f6000-7f590b7f9000 ---p 00000000 00:00 0 
7f590b7f9000-7f590b8f7000 rw-p 00000000 00:00 0                          [stack:23137]
7f590b8f7000-7f590b8fa000 ---p 00000000 00:00 0 
7f590b8fa000-7f590b9f8000 rw-p 00000000 00:00 0                          [stack:23134]
7f590b9f8000-7f590b9fb000 ---p 00000000 00:00 0 
7f590b9fb000-7f590baf9000 rw-p 00000000 00:00 0                          [stack:23133]
7f590baf9000-7f590bafd000 r-xp 00000000 08:11 2240426                    /usr/lib/jvm/jdk1.8.0_31/jre/lib/amd64/libdt_socket.so
7f590bafd000-7f590bcfc000 ---p 00004000 08:11 2240426                    /usr/lib/jvm/jdk1.8.0_31/jre/lib/amd64/libdt_socket.so
7f590bcfc000-7f590bcfd000 rw-p 00003000 08:11 2240426                    /usr/lib/jvm/jdk1.8.0_31/jre/lib/amd64/libdt_socket.so
7f590bcfd000-7f590bd00000 ---p 00000000 00:00 0 
7f590bd00000-7f590bdfe000 rw-p 00000000 00:00 0                          [stack:23132]
7f590bdfe000-7f590be01000 ---p 00000000 00:00 0 
7f590be01000-7f590beff000 rw-p 00000000 00:00 0                          [stack:23131]
7f590beff000-7f590bf02000 ---p 00000000 00:00 0 
7f590bf02000-7f590c000000 rw-p 00000000 00:00 0                          [stack:23130]
7f590c000000-7f590c021000 rw-p 00000000 00:00 0 
7f590c021000-7f5910000000 ---p 00000000 00:00 0 
7f5910000000-7f5910021000 rw-p 00000000 00:00 0 
7f5910021000-7f5914000000 ---p 00000000 00:00 0 
7f5914000000-7f5914021000 rw-p 00000000 00:00 0 
7f5914021000-7f5918000000 ---p 00000000 00:00 0 
7f5918000000-7f5918021000 rw-p 00000000 00:00 0 
7f5918021000-7f591c000000 ---p 00000000 00:00 0 
7f591c000000-7f591c021000 rw-p 00000000 00:00 0 
7f591c021000-7f5920000000 ---p 00000000 00:00 0 
7f5920000000-7f5920001000 r--s 00002000 08:11 3962091                    /home/kof/processing-git/build/linux/work/modes/java/libraries/minim/library/tritonus_aos.jar
7f5920001000-7f5920004000 r--s 00016000 08:11 3962089                    /home/kof/processing-git/build/linux/work/modes/java/libraries/minim/library/minim.jar
7f5920004000-7f5920007000 r--s 00017000 08:11 3962087                    /home/kof/processing-git/build/linux/work/modes/java/libraries/minim/library/jl1.0.jar
7f5920007000-7f5920009000 r--s 0000a000 08:11 3962088                    /home/kof/processing-git/build/linux/work/modes/java/libraries/minim/library/jsminim.jar
7f5920009000-7f592000a000 r--s 00005000 08:11 3962090                    /home/kof/processing-git/build/linux/work/modes/java/libraries/minim/library/mp3spi1.9.4.jar
7f592000a000-7f592000b000 r--s 00023000 08:11 3961890                    /home/kof/processing-git/build/linux/work/core/library/jogl-all-natives-linux-armv6hf.jar
7f592000b000-7f592002e000 r--s 002ec000 08:11 3961895                    /home/kof/processing-git/build/linux/work/core/library/jogl-all.jar
7f592002e000-7f592002f000 r--s 00001000 08:11 3961887                    /home/kof/processing-git/build/linux/work/core/library/gluegen-rt-natives-windows-i586.jar
7f592002f000-7f5920030000 r--s 0002d000 08:11 3961894                    /home/kof/processing-git/build/linux/work/core/library/jogl-all-natives-windows-i586.jar
7f5920030000-7f5920031000 r--s 0002d000 08:11 3961891                    /home/kof/processing-git/build/linux/work/core/library/jogl-all-natives-linux-i586.jar
7f5920031000-7f5920032000 r--s 00064000 08:11 3961892                    /home/kof/processing-git/build/linux/work/core/library/jogl-all-natives-macosx-universal.jar
7f5920032000-7f5920038000 r--s 000b1000 08:11 3961880                    /home/kof/processing-git/build/linux/work/core/library/core.jar
7f5920038000-7f5920039000 ---p 00000000 00:00 0 
7f5920039000-7f59210ed000 rw-p 00000000 00:00 0                          [stack:23129]
7f59210ed000-7f59212c3000 r--s 03cae000 08:11 2238858                    /usr/lib/jvm/jdk1.8.0_31/jre/lib/rt.jar
7f59212c3000-7f5923ac5000 rw-p 00000000 00:00 0 
7f5923ac5000-7f5923ac6000 ---p 00000000 00:00 0 
7f5923ac6000-7f5923bc6000 rw-p 00000000 00:00 0                          [stack:23128]
7f5923bc6000-7f5923bc7000 ---p 00000000 00:00 0 
7f5923bc7000-7f5923cc7000 rw-p 00000000 00:00 0                          [stack:23127]
7f5923cc7000-7f5923cc8000 ---p 00000000 00:00 0 
7f5923cc8000-7f5923dc8000 rw-p 00000000 00:00 0                          [stack:23126]
7f5923dc8000-7f5923dc9000 ---p 00000000 00:00 0 
7f5923dc9000-7f5923ede000 rw-p 00000000 00:00 0                          [stack:23125]
7f5923ede000-7f592400b000 ---p 00000000 00:00 0 
7f592400b000-7f5924020000 rw-p 00000000 00:00 0 
7f5924020000-7f592414c000 ---p 00000000 00:00 0 
7f592414c000-7f592415f000 rw-p 00000000 00:00 0 
7f592415f000-7f59241ed000 ---p 00000000 00:00 0 
7f59241ed000-7f5924203000 rw-p 00000000 00:00 0 
7f5924203000-7f59245ae000 ---p 00000000 00:00 0 
7f59245ae000-7f5924abe000 rwxp 00000000 00:00 0 
7f5924abe000-7f59335ae000 ---p 00000000 00:00 0 
7f59335ae000-7f59335c8000 r-xp 00000000 08:11 2240468                    /usr/lib/jvm/jdk1.8.0_31/jre/lib/amd64/libzip.so
7f59335c8000-7f59337c8000 ---p 0001a000 08:11 2240468                    /usr/lib/jvm/jdk1.8.0_31/jre/lib/amd64/libzip.so
7f59337c8000-7f59337c9000 rw-p 0001a000 08:11 2240468                    /usr/lib/jvm/jdk1.8.0_31/jre/lib/amd64/libzip.so
7f59337c9000-7f59337d4000 r-xp 00000000 08:11 393930                     /lib/x86_64-linux-gnu/libnss_files-2.19.so
7f59337d4000-7f59339d3000 ---p 0000b000 08:11 393930                     /lib/x86_64-linux-gnu/libnss_files-2.19.so
7f59339d3000-7f59339d4000 r--p 0000a000 08:11 393930                     /lib/x86_64-linux-gnu/libnss_files-2.19.so
7f59339d4000-7f59339d5000 rw-p 0000b000 08:11 393930                     /lib/x86_64-linux-gnu/libnss_files-2.19.so
7f59339d5000-7f59339df000 r-xp 00000000 08:11 393934                     /lib/x86_64-linux-gnu/libnss_nis-2.19.so
7f59339df000-7f5933bde000 ---p 0000a000 08:11 393934                     /lib/x86_64-linux-gnu/libnss_nis-2.19.so
7f5933bde000-7f5933bdf000 r--p 00009000 08:11 393934                     /lib/x86_64-linux-gnu/libnss_nis-2.19.so
7f5933bdf000-7f5933be0000 rw-p 0000a000 08:11 393934                     /lib/x86_64-linux-gnu/libnss_nis-2.19.so
7f5933be0000-7f5933bf5000 r-xp 00000000 08:11 393924                     /lib/x86_64-linux-gnu/libnsl-2.19.so
7f5933bf5000-7f5933df4000 ---p 00015000 08:11 393924                     /lib/x86_64-linux-gnu/libnsl-2.19.so
7f5933df4000-7f5933df5000 r--p 00014000 08:11 393924                     /lib/x86_64-linux-gnu/libnsl-2.19.so
7f5933df5000-7f5933df6000 rw-p 00015000 08:11 393924                     /lib/x86_64-linux-gnu/libnsl-2.19.so
7f5933df6000-7f5933df8000 rw-p 00000000 00:00 0 
7f5933df8000-7f5933dff000 r-xp 00000000 08:11 393926                     /lib/x86_64-linux-gnu/libnss_compat-2.19.so
7f5933dff000-7f5933ffe000 ---p 00007000 08:11 393926                     /lib/x86_64-linux-gnu/libnss_compat-2.19.so
7f5933ffe000-7f5933fff000 r--p 00006000 08:11 393926                     /lib/x86_64-linux-gnu/libnss_compat-2.19.so
7f5933fff000-7f5934000000 rw-p 00007000 08:11 393926                     /lib/x86_64-linux-gnu/libnss_compat-2.19.so
7f5934000000-7f5934443000 rw-p 00000000 00:00 0 
7f5934443000-7f5938000000 ---p 00000000 00:00 0 
7f5938000000-7f5938002000 r--s 00000000 08:11 3961884                    /home/kof/processing-git/build/linux/work/core/library/gluegen-rt-natives-linux-i586.jar
7f5938002000-7f5938003000 r--s 00001000 08:11 3961886                    /home/kof/processing-git/build/linux/work/core/library/gluegen-rt-natives-windows-amd64.jar
7f5938003000-7f5938005000 r--s 00034000 08:11 3961893                    /home/kof/processing-git/build/linux/work/core/library/jogl-all-natives-windows-amd64.jar
7f5938005000-7f5938007000 r--s 00000000 08:11 3961882                    /home/kof/processing-git/build/linux/work/core/library/gluegen-rt-natives-linux-amd64.jar
7f5938007000-7f593807d000 rw-p 00000000 00:00 0 
7f593807d000-7f5938768000 r--p 00000000 08:11 1220119                    /usr/lib/locale/locale-archive
7f5938768000-7f593876a000 r-xp 00000000 08:11 2240428                    /usr/lib/jvm/jdk1.8.0_31/jre/lib/amd64/libnpt.so
7f593876a000-7f593896a000 ---p 00002000 08:11 2240428                    /usr/lib/jvm/jdk1.8.0_31/jre/lib/amd64/libnpt.so
7f593896a000-7f593896b000 rw-p 00002000 08:11 2240428                    /usr/lib/jvm/jdk1.8.0_31/jre/lib/amd64/libnpt.so
7f593896b000-7f59389a4000 r-xp 00000000 08:11 2240450                    /usr/lib/jvm/jdk1.8.0_31/jre/lib/amd64/libjdwp.so
7f59389a4000-7f5938ba3000 ---p 00039000 08:11 2240450                    /usr/lib/jvm/jdk1.8.0_31/jre/lib/amd64/libjdwp.so
7f5938ba3000-7f5938ba5000 rw-p 00038000 08:11 2240450                    /usr/lib/jvm/jdk1.8.0_31/jre/lib/amd64/libjdwp.so
7f5938ba5000-7f5938bcf000 r-xp 00000000 08:11 2240458                    /usr/lib/jvm/jdk1.8.0_31/jre/lib/amd64/libjava.so
7f5938bcf000-7f5938dcf000 ---p 0002a000 08:11 2240458                    /usr/lib/jvm/jdk1.8.0_31/jre/lib/amd64/libjava.so
7f5938dcf000-7f5938dd1000 rw-p 0002a000 08:11 2240458                    /usr/lib/jvm/jdk1.8.0_31/jre/lib/amd64/libjava.so
7f5938dd1000-7f5938dde000 r-xp 00000000 08:11 2240466                    /usr/lib/jvm/jdk1.8.0_31/jre/lib/amd64/libverify.so
7f5938dde000-7f5938fde000 ---p 0000d000 08:11 2240466                    /usr/lib/jvm/jdk1.8.0_31/jre/lib/amd64/libverify.so
7f5938fde000-7f5938fe0000 rw-p 0000d000 08:11 2240466                    /usr/lib/jvm/jdk1.8.0_31/jre/lib/amd64/libverify.so
7f5938fe0000-7f5938fe7000 r-xp 00000000 08:11 393943                     /lib/x86_64-linux-gnu/librt-2.19.so
7f5938fe7000-7f59391e6000 ---p 00007000 08:11 393943                     /lib/x86_64-linux-gnu/librt-2.19.so
7f59391e6000-7f59391e7000 r--p 00006000 08:11 393943                     /lib/x86_64-linux-gnu/librt-2.19.so
7f59391e7000-7f59391e8000 rw-p 00007000 08:11 393943                     /lib/x86_64-linux-gnu/librt-2.19.so
7f59391e8000-7f59392e8000 r-xp 00000000 08:11 393920                     /lib/x86_64-linux-gnu/libm-2.19.so
7f59392e8000-7f59394e7000 ---p 00100000 08:11 393920                     /lib/x86_64-linux-gnu/libm-2.19.so
7f59394e7000-7f59394e8000 r--p 000ff000 08:11 393920                     /lib/x86_64-linux-gnu/libm-2.19.so
7f59394e8000-7f59394e9000 rw-p 00100000 08:11 393920                     /lib/x86_64-linux-gnu/libm-2.19.so
7f59394e9000-7f593a157000 r-xp 00000000 08:11 2240518                    /usr/lib/jvm/jdk1.8.0_31/jre/lib/amd64/server/libjvm.so
7f593a157000-7f593a356000 ---p 00c6e000 08:11 2240518                    /usr/lib/jvm/jdk1.8.0_31/jre/lib/amd64/server/libjvm.so
7f593a356000-7f593a42c000 rw-p 00c6d000 08:11 2240518                    /usr/lib/jvm/jdk1.8.0_31/jre/lib/amd64/server/libjvm.so
7f593a42c000-7f593a46f000 rw-p 00000000 00:00 0 
7f593a46f000-7f593a60e000 r-xp 00000000 08:11 393896                     /lib/x86_64-linux-gnu/libc-2.19.so
7f593a60e000-7f593a80e000 ---p 0019f000 08:11 393896                     /lib/x86_64-linux-gnu/libc-2.19.so
7f593a80e000-7f593a812000 r--p 0019f000 08:11 393896                     /lib/x86_64-linux-gnu/libc-2.19.so
7f593a812000-7f593a814000 rw-p 001a3000 08:11 393896                     /lib/x86_64-linux-gnu/libc-2.19.so
7f593a814000-7f593a818000 rw-p 00000000 00:00 0 
7f593a818000-7f593a81b000 r-xp 00000000 08:11 393918                     /lib/x86_64-linux-gnu/libdl-2.19.so
7f593a81b000-7f593aa1a000 ---p 00003000 08:11 393918                     /lib/x86_64-linux-gnu/libdl-2.19.so
7f593aa1a000-7f593aa1b000 r--p 00002000 08:11 393918                     /lib/x86_64-linux-gnu/libdl-2.19.so
7f593aa1b000-7f593aa1c000 rw-p 00003000 08:11 393918                     /lib/x86_64-linux-gnu/libdl-2.19.so
7f593aa1c000-7f593aa31000 r-xp 00000000 08:11 2238630                    /usr/lib/jvm/jdk1.8.0_31/lib/amd64/jli/libjli.so
7f593aa31000-7f593ac30000 ---p 00015000 08:11 2238630                    /usr/lib/jvm/jdk1.8.0_31/lib/amd64/jli/libjli.so
7f593ac30000-7f593ac31000 rw-p 00014000 08:11 2238630                    /usr/lib/jvm/jdk1.8.0_31/lib/amd64/jli/libjli.so
7f593ac31000-7f593ac49000 r-xp 00000000 08:11 393668                     /lib/x86_64-linux-gnu/libpthread-2.19.so
7f593ac49000-7f593ae48000 ---p 00018000 08:11 393668                     /lib/x86_64-linux-gnu/libpthread-2.19.so
7f593ae48000-7f593ae49000 r--p 00017000 08:11 393668                     /lib/x86_64-linux-gnu/libpthread-2.19.so
7f593ae49000-7f593ae4a000 rw-p 00018000 08:11 393668                     /lib/x86_64-linux-gnu/libpthread-2.19.so
7f593ae4a000-7f593ae4e000 rw-p 00000000 00:00 0 
7f593ae4e000-7f593ae6e000 r-xp 00000000 08:11 393845                     /lib/x86_64-linux-gnu/ld-2.19.so
7f593ae6e000-7f593af18000 rw-p 00000000 00:00 0 
7f593af18000-7f593af1b000 ---p 00000000 00:00 0 
7f593af1b000-7f593b01d000 rw-p 00000000 00:00 0                          [stack:23124]
7f593b01d000-7f593b01e000 r--s 00001000 08:11 3961885                    /home/kof/processing-git/build/linux/work/core/library/gluegen-rt-natives-macosx-universal.jar
7f593b01e000-7f593b01f000 r--s 00000000 08:11 3961883                    /home/kof/processing-git/build/linux/work/core/library/gluegen-rt-natives-linux-armv6hf.jar
7f593b01f000-7f593b020000 r--s 0002f000 08:11 3961889                    /home/kof/processing-git/build/linux/work/core/library/jogl-all-natives-linux-amd64.jar
7f593b020000-7f593b026000 r--s 00041000 08:11 3961888                    /home/kof/processing-git/build/linux/work/core/library/gluegen-rt.jar
7f593b026000-7f593b062000 rw-p 00000000 00:00 0 
7f593b062000-7f593b06a000 rw-s 00000000 08:11 1969670                    /tmp/hsperfdata_kof/23122
7f593b06a000-7f593b06b000 rw-p 00000000 00:00 0 
7f593b06b000-7f593b06c000 r--p 00000000 00:00 0 
7f593b06c000-7f593b06e000 rw-p 00000000 00:00 0 
7f593b06e000-7f593b06f000 r--p 00020000 08:11 393845                     /lib/x86_64-linux-gnu/ld-2.19.so
7f593b06f000-7f593b070000 rw-p 00021000 08:11 393845                     /lib/x86_64-linux-gnu/ld-2.19.so
7f593b070000-7f593b071000 rw-p 00000000 00:00 0 
7fff9f51e000-7fff9f541000 rw-p 00000000 00:00 0                          [stack]
7fff9f551000-7fff9f553000 r-xp 00000000 00:00 0                          [vdso]
7fff9f553000-7fff9f555000 r--p 00000000 00:00 0                          [vvar]
ffffffffff600000-ffffffffff601000 r-xp 00000000 00:00 0                  [vsyscall]

VM Arguments:
jvm_args: -agentlib:jdwp=transport=dt_socket,address=8877,server=y,suspend=y -Djava.library.path=:/home/kof/processing-git/build/linux/work/modes/java/libraries/minim/library:/usr/java/packages/lib/amd64:/usr/lib64:/lib64:/lib:/usr/lib -ea 
java_command: processing.core.PApplet --display=0 freqMapIn --sketch-path=/archive/kof/sketchBook/2015/02-unor/freqMapIn
java_class_path (initial): /tmp/vim-processing/freqMapIn:/home/kof/processing-git/build/linux/work/core/library/gluegen-rt.jar:/home/kof/processing-git/build/linux/work/core/library/jogl-all-natives-linux-amd64.jar:/home/kof/processing-git/build/linux/work/core/library/gluegen-rt-natives-linux-armv6hf.jar:/home/kof/processing-git/build/linux/work/core/library/gluegen-rt-natives-linux-amd64.jar:/home/kof/processing-git/build/linux/work/core/library/gluegen-rt-natives-macosx-universal.jar:/home/kof/processing-git/build/linux/work/core/library/core.jar:/home/kof/processing-git/build/linux/work/core/library/jogl-all-natives-windows-amd64.jar:/home/kof/processing-git/build/linux/work/core/library/gluegen-rt-natives-windows-amd64.jar:/home/kof/processing-git/build/linux/work/core/library/gluegen-rt-natives-linux-i586.jar:/home/kof/processing-git/build/linux/work/core/library/jogl-all-natives-macosx-universal.jar:/home/kof/processing-git/build/linux/work/core/library/jogl-all-natives-linux-i586.jar:/home/kof/processing-git/build/linux/work/core/library/jogl-all-natives-windows-i586.jar:/home/kof/processing-git/build/linux/work/core/library/gluegen-rt-natives-windows-i586.jar:/home/kof/processing-git/build/linux/work/core/library/jogl-all.jar:/home/kof/processing-git/build/linux/work/core/library/jogl-all-natives-linux-armv6hf.jar:/home/kof/processing-git/build/linux/work/core/library/gluegen-rt.jar:/home/kof/processing-git/build/linux/work/core/library/jogl-all-natives-linux-amd64.jar:/home/kof/processing-git/build/linux/work/core/library/gluegen-rt-natives-linux-armv6hf.jar:/home/kof/processing-git/build/linux/work/core/library/gluegen-rt-natives-linux-amd64.jar:/home/kof/processing-git/build/linux/work/core/library/gluegen-rt-natives-macosx-universal.jar:/home/kof/processing-git/build/linux/work/core/library/core.jar:/home/kof/processing-git/build/linux/work/core/library/jogl-all-natives-windows-amd64.jar:/home/kof/processing-git/build/linux/work/core/library/gluegen-r
Launcher Type: SUN_STANDARD

Environment Variables:
CLASSPATH=/usr/lib/jvm/jdk1.8.0_31/jre/lib/rt.jar:/home/kof/processing-git/build/linux/work/lib/ant-launcher.jar:/home/kof/processing-git/build/linux/work/lib/ant.jar:/home/kof/processing-git/build/linux/work/lib/antlr.jar:/home/kof/processing-git/build/linux/work/lib/com.ibm.icu_4.4.2.v20110823.jar:/home/kof/processing-git/build/linux/work/lib/jdi.jar:/home/kof/processing-git/build/linux/work/lib/jdimodel.jar:/home/kof/processing-git/build/linux/work/lib/jna.jar:/home/kof/processing-git/build/linux/work/lib/org-netbeans-swing-outline.jar:/home/kof/processing-git/build/linux/work/lib/org.eclipse.osgi_3.8.1.v20120830-144521.jar:/home/kof/processing-git/build/linux/work/lib/pde.jar:/home/kof/processing-git/build/linux/work/core/library/core.jar:/home/kof/processing-git/build/linux/work/core/library/gluegen-rt-natives-linux-amd64.jar:/home/kof/processing-git/build/linux/work/core/library/gluegen-rt-natives-linux-armv6hf.jar:/home/kof/processing-git/build/linux/work/core/library/gluegen-rt-natives-linux-i586.jar:/home/kof/processing-git/build/linux/work/core/library/gluegen-rt-natives-macosx-universal.jar:/home/kof/processing-git/build/linux/work/core/library/gluegen-rt-natives-windows-amd64.jar:/home/kof/processing-git/build/linux/work/core/library/gluegen-rt-natives-windows-i586.jar:/home/kof/processing-git/build/linux/work/core/library/gluegen-rt.jar:/home/kof/processing-git/build/linux/work/core/library/jogl-all-natives-linux-amd64.jar:/home/kof/processing-git/build/linux/work/core/library/jogl-all-natives-linux-armv6hf.jar:/home/kof/processing-git/build/linux/work/core/library/jogl-all-natives-linux-i586.jar:/home/kof/processing-git/build/linux/work/core/library/jogl-all-natives-macosx-universal.jar:/home/kof/processing-git/build/linux/work/core/library/jogl-all-natives-windows-amd64.jar:/home/kof/processing-git/build/linux/work/core/library/jogl-all-natives-windows-i586.jar:/home/kof/processing-git/build/linux/work/core/library/jogl-all.jar
PATH=/usr/lib/jvm/jdk1.8.0_31/bin:/usr/bin:/bin:/usr/sbin/:/home/kof/bin:/usr/local/bin
SHELL=/usr/bin/zsh
DISPLAY=:0.0

Signal Handlers:
SIGSEGV: [libjvm.so+0xa7a650], sa_mask[0]=11111111011111111101111111111110, sa_flags=SA_RESTART|SA_SIGINFO
SIGBUS: [libjvm.so+0xa7a650], sa_mask[0]=11111111011111111101111111111110, sa_flags=SA_RESTART|SA_SIGINFO
SIGFPE: [libjvm.so+0x8e28f0], sa_mask[0]=11111111011111111101111111111110, sa_flags=SA_RESTART|SA_SIGINFO
SIGPIPE: [libjvm.so+0x8e28f0], sa_mask[0]=11111111011111111101111111111110, sa_flags=SA_RESTART|SA_SIGINFO
SIGXFSZ: [libjvm.so+0x8e28f0], sa_mask[0]=11111111011111111101111111111110, sa_flags=SA_RESTART|SA_SIGINFO
SIGILL: [libjvm.so+0x8e28f0], sa_mask[0]=11111111011111111101111111111110, sa_flags=SA_RESTART|SA_SIGINFO
SIGUSR1: SIG_DFL, sa_mask[0]=00000000000000000000000000000000, sa_flags=none
SIGUSR2: [libjvm.so+0x8e4120], sa_mask[0]=00100000000000000000000000000000, sa_flags=SA_RESTART|SA_SIGINFO
SIGHUP: [libjvm.so+0x8e54e0], sa_mask[0]=11111111011111111101111111111110, sa_flags=SA_RESTART|SA_SIGINFO
SIGINT: [libjvm.so+0x8e54e0], sa_mask[0]=11111111011111111101111111111110, sa_flags=SA_RESTART|SA_SIGINFO
SIGTERM: [libjvm.so+0x8e54e0], sa_mask[0]=11111111011111111101111111111110, sa_flags=SA_RESTART|SA_SIGINFO
SIGQUIT: [libjvm.so+0x8e54e0], sa_mask[0]=11111111011111111101111111111110, sa_flags=SA_RESTART|SA_SIGINFO


---------------  S Y S T E M  ---------------

OS:PRETTY_NAME="Debian GNU/Linux 8 (jessie)"
NAME="Debian GNU/Linux"
VERSION_ID="8"
VERSION="8 (jessie)"
ID=debian
HOME_URL="http://www.debian.org/"
SUPPORT_URL="http://www.debian.org/support/"
BUG_REPORT_URL="https://bugs.debian.org/"

uname:Linux 3.16.0-4-amd64 #1 SMP Debian 3.16.7-ckt2-1 (2014-12-08) x86_64
libc:glibc 2.19 NPTL 2.19 
rlimit: STACK 8192k, CORE 0k, NPROC 15332, NOFILE 65536, AS infinity
load average:1.60 1.24 0.97

/proc/meminfo:
MemTotal:        3944792 kB
MemFree:          319568 kB
MemAvailable:    2107212 kB
Buffers:          278508 kB
Cached:          1119376 kB
SwapCached:        11736 kB
Active:          1285904 kB
Inactive:        1088348 kB
Active(anon):     774692 kB
Inactive(anon):   583704 kB
Active(file):     511212 kB
Inactive(file):   504644 kB
Unevictable:       80384 kB
Mlocked:           84528 kB
SwapTotal:       3212284 kB
SwapFree:        3150908 kB
Dirty:              1444 kB
Writeback:             0 kB
AnonPages:       1047352 kB
Mapped:           360476 kB
Shmem:            381808 kB
Slab:            1065520 kB
SReclaimable:    1025192 kB
SUnreclaim:        40328 kB
KernelStack:        9632 kB
PageTables:        33608 kB
NFS_Unstable:          0 kB
Bounce:                0 kB
WritebackTmp:          0 kB
CommitLimit:     5184680 kB
Committed_AS:    4445020 kB
VmallocTotal:   34359738367 kB
VmallocUsed:      389320 kB
VmallocChunk:   34359313996 kB
HardwareCorrupted:     0 kB
AnonHugePages:         0 kB
HugePages_Total:       0
HugePages_Free:        0
HugePages_Rsvd:        0
HugePages_Surp:        0
Hugepagesize:       2048 kB
DirectMap4k:      161408 kB
DirectMap2M:     3917824 kB


CPU:total 4 (2 cores per cpu, 2 threads per core) family 6 model 42 stepping 7, cmov, cx8, fxsr, mmx, sse, sse2, sse3, ssse3, sse4.1, sse4.2, popcnt, avx, aes, clmul, ht, tsc, tscinvbit

/proc/cpuinfo:
processor	: 0
vendor_id	: GenuineIntel
cpu family	: 6
model		: 42
model name	: Intel(R) Core(TM) i5-2520M CPU @ 2.50GHz
stepping	: 7
microcode	: 0x29
cpu MHz		: 3048.046
cache size	: 3072 KB
physical id	: 0
siblings	: 4
core id		: 0
cpu cores	: 2
apicid		: 0
initial apicid	: 0
fpu		: yes
fpu_exception	: yes
cpuid level	: 13
wp		: yes
flags		: fpu vme de pse tsc msr pae mce cx8 apic sep mtrr pge mca cmov pat pse36 clflush dts acpi mmx fxsr sse sse2 ss ht tm pbe syscall nx rdtscp lm constant_tsc arch_perfmon pebs bts nopl xtopology nonstop_tsc aperfmperf eagerfpu pni pclmulqdq dtes64 monitor ds_cpl vmx smx est tm2 ssse3 cx16 xtpr pdcm pcid sse4_1 sse4_2 x2apic popcnt tsc_deadline_timer aes xsave avx lahf_lm ida arat epb xsaveopt pln pts dtherm tpr_shadow vnmi flexpriority ept vpid
bogomips	: 4983.97
clflush size	: 64
cache_alignment	: 64
address sizes	: 36 bits physical, 48 bits virtual
power management:

processor	: 1
vendor_id	: GenuineIntel
cpu family	: 6
model		: 42
model name	: Intel(R) Core(TM) i5-2520M CPU @ 2.50GHz
stepping	: 7
microcode	: 0x29
cpu MHz		: 3049.121
cache size	: 3072 KB
physical id	: 0
siblings	: 4
core id		: 0
cpu cores	: 2
apicid		: 1
initial apicid	: 1
fpu		: yes
fpu_exception	: yes
cpuid level	: 13
wp		: yes
flags		: fpu vme de pse tsc msr pae mce cx8 apic sep mtrr pge mca cmov pat pse36 clflush dts acpi mmx fxsr sse sse2 ss ht tm pbe syscall nx rdtscp lm constant_tsc arch_perfmon pebs bts nopl xtopology nonstop_tsc aperfmperf eagerfpu pni pclmulqdq dtes64 monitor ds_cpl vmx smx est tm2 ssse3 cx16 xtpr pdcm pcid sse4_1 sse4_2 x2apic popcnt tsc_deadline_timer aes xsave avx lahf_lm ida arat epb xsaveopt pln pts dtherm tpr_shadow vnmi flexpriority ept vpid
bogomips	: 4983.97
clflush size	: 64
cache_alignment	: 64
address sizes	: 36 bits physical, 48 bits virtual
power management:

processor	: 2
vendor_id	: GenuineIntel
cpu family	: 6
model		: 42
model name	: Intel(R) Core(TM) i5-2520M CPU @ 2.50GHz
stepping	: 7
microcode	: 0x29
cpu MHz		: 3000.000
cache size	: 3072 KB
physical id	: 0
siblings	: 4
core id		: 1
cpu cores	: 2
apicid		: 2
initial apicid	: 2
fpu		: yes
fpu_exception	: yes
cpuid level	: 13
wp		: yes
flags		: fpu vme de pse tsc msr pae mce cx8 apic sep mtrr pge mca cmov pat pse36 clflush dts acpi mmx fxsr sse sse2 ss ht tm pbe syscall nx rdtscp lm constant_tsc arch_perfmon pebs bts nopl xtopology nonstop_tsc aperfmperf eagerfpu pni pclmulqdq dtes64 monitor ds_cpl vmx smx est tm2 ssse3 cx16 xtpr pdcm pcid sse4_1 sse4_2 x2apic popcnt tsc_deadline_timer aes xsave avx lahf_lm ida arat epb xsaveopt pln pts dtherm tpr_shadow vnmi flexpriority ept vpid
bogomips	: 4983.97
clflush size	: 64
cache_alignment	: 64
address sizes	: 36 bits physical, 48 bits virtual
power management:

processor	: 3
vendor_id	: GenuineIntel
cpu family	: 6
model		: 42
model name	: Intel(R) Core(TM) i5-2520M CPU @ 2.50GHz
stepping	: 7
microcode	: 0x29
cpu MHz		: 3000.000
cache size	: 3072 KB
physical id	: 0
siblings	: 4
core id		: 1
cpu cores	: 2
apicid		: 3
initial apicid	: 3
fpu		: yes
fpu_exception	: yes
cpuid level	: 13
wp		: yes
flags		: fpu vme de pse tsc msr pae mce cx8 apic sep mtrr pge mca cmov pat pse36 clflush dts acpi mmx fxsr sse sse2 ss ht tm pbe syscall nx rdtscp lm constant_tsc arch_perfmon pebs bts nopl xtopology nonstop_tsc aperfmperf eagerfpu pni pclmulqdq dtes64 monitor ds_cpl vmx smx est tm2 ssse3 cx16 xtpr pdcm pcid sse4_1 sse4_2 x2apic popcnt tsc_deadline_timer aes xsave avx lahf_lm ida arat epb xsaveopt pln pts dtherm tpr_shadow vnmi flexpriority ept vpid
bogomips	: 4983.97
clflush size	: 64
cache_alignment	: 64
address sizes	: 36 bits physical, 48 bits virtual
power management:



Memory: 4k page, physical 3944792k(319568k free), swap 3212284k(3150908k free)

vm_info: Java HotSpot(TM) 64-Bit Server VM (25.31-b07) for linux-amd64 JRE (1.8.0_31-b13), built on Dec 17 2014 20:40:15 by "java_re" with gcc 4.3.0 20080428 (Red Hat 4.3.0-8)

time: Wed Feb  4 14:01:54 2015
elapsed time: 9 seconds (0d 0h 0m 9s)

