#
# A fatal error has been detected by the Java Runtime Environment:
#
#  SIGSEGV (0xb) at pc=0x00007ff7ad628102, pid=19381, tid=140702499600128
#
# JRE version: Java(TM) SE Runtime Environment (8.0_31-b13) (build 1.8.0_31-b13)
# Java VM: Java HotSpot(TM) 64-Bit Server VM (25.31-b07 mixed mode linux-amd64 compressed oops)
# Problematic frame:
# C  [i965_dri.so+0x2fe102]
#
# Failed to write core dump. Core dumps have been disabled. To enable core dumping, try "ulimit -c unlimited" before starting Java again
#
# If you would like to submit a bug report, please visit:
#   http://bugreport.java.com/bugreport/crash.jsp
# The crash happened outside the Java Virtual Machine in native code.
# See problematic frame for where to report the bug.
#

---------------  T H R E A D  ---------------

Current thread (0x00007ff82c39a000):  JavaThread "AWT-EventQueue-0" [_thread_in_native, id=19420, stack(0x00007ff7da71f000,0x00007ff7da820000)]

siginfo: si_signo: 11 (SIGSEGV), si_code: 1 (SEGV_MAPERR), si_addr: 0x000000000000c540

Registers:
RAX=0x00007ff7ad6280f0, RBX=0x000000000000c000, RCX=0x0000000000000000, RDX=0x0000000000000001
RSP=0x00007ff7da81d580, RBP=0x0000000000000000, RSI=0x00007ff7b8041810, RDI=0x0000000100000000
R8 =0x0000000000000000, R9 =0x00007ff7d8ce9a20, R10=0x00007ff81d6146c7, R11=0x0000000000000030
R12=0x00007ff7bc6b7ae0, R13=0x00007ff7bc6b5260, R14=0x00007ff7bc6b8c30, R15=0x0000000000000000
RIP=0x00007ff7ad628102, EFLAGS=0x0000000000010206, CSGSFS=0x0000000000000033, ERR=0x0000000000000004
  TRAPNO=0x000000000000000e

Top of Stack: (sp=0x00007ff7da81d580)
0x00007ff7da81d580:   0000000000000000 00007ff7b8041730
0x00007ff7da81d590:   0000000000000000 00007ff7bc6b7ae0
0x00007ff7da81d5a0:   00007ff7bc6b5260 00007ff7d8ce9ac2
0x00007ff7da81d5b0:   00007ff7da81d5e0 00007ff700000000
0x00007ff7da81d5c0:   0000000000000000 0000000000000000
0x00007ff7da81d5d0:   000000000240003e 00007ff7d8cbabf1
0x00007ff7da81d5e0:   00007ff7b8041730 65a2de5da8126900
0x00007ff7da81d5f0:   000000000240003e 000000010018adc0
0x00007ff7da81d600:   00007ff7da81d670 0000000000000000
0x00007ff7da81d610:   0000000000000001 00007ff7da81d6b0
0x00007ff7da81d620:   00007ff82c39a000 00007ff7af3ca849
0x00007ff7da81d630:   00007ff7da4df0c5 00007ff7d8cbac20
0x00007ff7da81d640:   000000000240003e 00007ff7bc6a76c0
0x00007ff7da81d650:   00007ff7da81d6b0 00007ff82c39a1e8
0x00007ff7da81d660:   00000000ed600428 00007ff7d8cbac20
0x00007ff7da81d670:   00007ff7da81d6c0 00007ff81d61473d
0x00007ff7da81d680:   00000000ed600418 00000000ed600438
0x00007ff7da81d690:   00000000ed600438 00000000ed600488
0x00007ff7da81d6a0:   00000000ed600478 00000000ed600478
0x00007ff7da81d6b0:   00000000ee2d2a50 00000000ed6004e8
0x00007ff7da81d6c0:   00007ff7da81d958 00007ff81d615b64
0x00007ff7da81d6d0:   00000000ee139e98 00000000ed600478
0x00007ff7da81d6e0:   00000000ed600580 00007ff800000000
0x00007ff7da81d6f0:   00000000ed600570 00000000ee139e78
0x00007ff7da81d700:   00000000ee139c08 00007ff81d02dc23
0x00007ff7da81d710:   00007ff7da81d958 00007ff81d50dcdc
0x00007ff7da81d720:   00007ff7da81d958 00007ff7da81d910
0x00007ff7da81d730:   00007ff7da81d910 00007ff81d02dc23
0x00007ff7da81d740:   00007ff81d005310 0000000000000000
0x00007ff7da81d750:   00007ff7da81d958 00007ff7da81d910
0x00007ff7da81d760:   00007ff7da81d910 00007ff81d02dc23
0x00007ff7da81d770:   00007ff81d005310 00000000ee139a38 

Instructions: (pc=0x00007ff7ad628102)
0x00007ff7ad6280e2:   41 5c c3 66 66 2e 0f 1f 84 00 00 00 00 00 41 55
0x00007ff7ad6280f2:   41 54 55 53 48 83 ec 08 48 8b 1f 48 85 db 74 41
0x00007ff7ad628102:   f6 83 40 05 00 00 01 89 cd 41 89 d5 49 89 f4 75
0x00007ff7ad628112:   75 41 83 e5 01 75 5f 83 e5 fd 74 32 48 8d 35 9b 

Register to memory mapping:

RAX=0x00007ff7ad6280f0: <offset 0x2fe0f0> in /usr/lib/x86_64-linux-gnu/dri/i965_dri.so at 0x00007ff7ad32a000
RBX=0x000000000000c000 is an unknown value
RCX=0x0000000000000000 is an unknown value
RDX=0x0000000000000001 is an unknown value
RSP=0x00007ff7da81d580 is pointing into the stack for thread: 0x00007ff82c39a000
RBP=0x0000000000000000 is an unknown value
RSI=0x00007ff7b8041810 is an unknown value
RDI=0x0000000100000000 is pointing into metadata
R8 =0x0000000000000000 is an unknown value
R9 =0x00007ff7d8ce9a20: <offset 0x4ba20> in /usr/lib/x86_64-linux-gnu/libGL.so.1 at 0x00007ff7d8c9e000
R10=0x00007ff81d6146c7 is at entry_point+71 in (nmethod*)0x00007ff81d614510
R11=0x0000000000000030 is an unknown value
R12=0x00007ff7bc6b7ae0 is an unknown value
R13=0x00007ff7bc6b5260 is an unknown value
R14=0x00007ff7bc6b8c30 is an unknown value
R15=0x0000000000000000 is an unknown value


Stack: [0x00007ff7da71f000,0x00007ff7da820000],  sp=0x00007ff7da81d580,  free space=1017k
Native frames: (J=compiled Java code, j=interpreted, Vv=VM code, C=native code)
C  [i965_dri.so+0x2fe102]

Java frames: (J=compiled Java code, j=interpreted, Vv=VM code)
J 1661  jogamp.opengl.x11.glx.GLX.dispatch_glXSwapBuffers0(JJJ)V (0 bytes) @ 0x00007ff81d6146c7 [0x00007ff81d614680+0x47]
J 1660 C1 jogamp.opengl.x11.glx.GLX.glXSwapBuffers(JJ)V (45 bytes) @ 0x00007ff81d615b64 [0x00007ff81d615160+0xa04]
J 1659 C1 jogamp.opengl.x11.glx.X11GLXDrawable.swapBuffersImpl(Z)V (21 bytes) @ 0x00007ff81d614ccc [0x00007ff81d614a20+0x2ac]
J 1610 C1 jogamp.opengl.GLDrawableImpl.swapBuffers()V (138 bytes) @ 0x00007ff81d5de2a4 [0x00007ff81d5ddbe0+0x6c4]
j  javax.media.opengl.awt.GLCanvas$12.run()V+45
J 1572 C1 java.awt.event.InvocationEvent.dispatch()V (69 bytes) @ 0x00007ff81d5b80ac [0x00007ff81d5b7f60+0x14c]
J 1552 C1 java.awt.EventQueue.dispatchEventImpl(Ljava/awt/AWTEvent;Ljava/lang/Object;)V (149 bytes) @ 0x00007ff81d5a9964 [0x00007ff81d5a8040+0x1924]
J 1550 C1 java.awt.EventQueue$3.run()Ljava/lang/Void; (60 bytes) @ 0x00007ff81d5a6794 [0x00007ff81d5a6580+0x214]
J 1549 C1 java.awt.EventQueue$3.run()Ljava/lang/Object; (5 bytes) @ 0x00007ff81d5a18d4 [0x00007ff81d5a1840+0x94]
v  ~StubRoutines::call_stub
J 1379  java.security.AccessController.doPrivileged(Ljava/security/PrivilegedAction;Ljava/security/AccessControlContext;)Ljava/lang/Object; (0 bytes) @ 0x00007ff81d5150a3 [0x00007ff81d515040+0x63]
J 1446 C1 java.awt.EventQueue.dispatchEvent(Ljava/awt/AWTEvent;)V (80 bytes) @ 0x00007ff81d5466dc [0x00007ff81d545e20+0x8bc]
J 1451 C1 java.awt.EventDispatchThread.pumpOneEventForFilters(I)V (295 bytes) @ 0x00007ff81d54c75c [0x00007ff81d54ab60+0x1bfc]
j  java.awt.EventDispatchThread.pumpEventsForFilter(ILjava/awt/Conditional;Ljava/awt/EventFilter;)V+35
j  java.awt.EventDispatchThread.pumpEventsForHierarchy(ILjava/awt/Conditional;Ljava/awt/Component;)V+11
j  java.awt.EventDispatchThread.pumpEvents(ILjava/awt/Conditional;)V+4
j  java.awt.EventDispatchThread.pumpEvents(Ljava/awt/Conditional;)V+3
j  java.awt.EventDispatchThread.run()V+9
v  ~StubRoutines::call_stub

---------------  P R O C E S S  ---------------

Java Threads: ( => current thread )
  0x00007ff7b9554800 JavaThread "Thread-4" [_thread_blocked, id=19449, stack(0x00007ff7aaa21000,0x00007ff7aab22000)]
  0x00007ff7b953e000 JavaThread "Java Sound Event Dispatcher" daemon [_thread_blocked, id=19443, stack(0x00007ff7aab22000,0x00007ff7aac23000)]
  0x00007ff7bc293000 JavaThread "Animation Thread-SharedResourceRunner" daemon [_thread_blocked, id=19430, stack(0x00007ff7d9b99000,0x00007ff7d9c9a000)]
  0x00007ff7bc1e9800 JavaThread "process reaper" daemon [_thread_blocked, id=19425, stack(0x00007ff7da3c3000,0x00007ff7da3fc000)]
  0x00007ff82c00f000 JavaThread "DestroyJavaVM" [_thread_blocked, id=19383, stack(0x00007ff834b48000,0x00007ff834c49000)]
  0x00007ff82c3a9800 JavaThread "Animation Thread" [_thread_blocked, id=19421, stack(0x00007ff7da61e000,0x00007ff7da71f000)]
=>0x00007ff82c39a000 JavaThread "AWT-EventQueue-0" [_thread_in_native, id=19420, stack(0x00007ff7da71f000,0x00007ff7da820000)]
  0x00007ff82c398000 JavaThread "AWT-Shutdown" [_thread_blocked, id=19419, stack(0x00007ff7da820000,0x00007ff7da921000)]
  0x00007ff82c349800 JavaThread "AWT-XAWT" daemon [_thread_blocked, id=19412, stack(0x00007ff7dad23000,0x00007ff7dae24000)]
  0x00007ff82c31d800 JavaThread "Java2D Disposer" daemon [_thread_blocked, id=19411, stack(0x00007ff7db235000,0x00007ff7db336000)]
  0x00007ff82c0de000 JavaThread "Service Thread" daemon [_thread_blocked, id=19405, stack(0x00007ff819041000,0x00007ff819142000)]
  0x00007ff82c0c9000 JavaThread "C1 CompilerThread2" daemon [_thread_blocked, id=19404, stack(0x00007ff819142000,0x00007ff819243000)]
  0x00007ff82c0c7000 JavaThread "C2 CompilerThread1" daemon [_thread_blocked, id=19403, stack(0x00007ff819243000,0x00007ff819344000)]
  0x00007ff82c0c4000 JavaThread "C2 CompilerThread0" daemon [_thread_blocked, id=19402, stack(0x00007ff819344000,0x00007ff819445000)]
  0x00007ff7f8001000 JavaThread "JDWP Command Reader" daemon [_thread_in_native, id=19396, stack(0x00007ff819445000,0x00007ff819546000)]
  0x00007ff82c0c2000 JavaThread "JDWP Event Helper Thread" daemon [_thread_blocked, id=19393, stack(0x00007ff819546000,0x00007ff819647000)]
  0x00007ff82c0be800 JavaThread "JDWP Transport Listener: dt_socket" daemon [_thread_blocked, id=19392, stack(0x00007ff819647000,0x00007ff819748000)]
  0x00007ff82c0ae000 JavaThread "Signal Dispatcher" daemon [_thread_blocked, id=19391, stack(0x00007ff81994c000,0x00007ff819a4d000)]
  0x00007ff82c081800 JavaThread "Finalizer" daemon [_thread_blocked, id=19390, stack(0x00007ff819a4d000,0x00007ff819b4e000)]
  0x00007ff82c07f800 JavaThread "Reference Handler" daemon [_thread_blocked, id=19389, stack(0x00007ff819b4e000,0x00007ff819c4f000)]

Other Threads:
  0x00007ff82c07a800 VMThread [stack: 0x00007ff819c4f000,0x00007ff819d50000] [id=19388]
  0x00007ff82c0e1000 WatcherThread [stack: 0x00007ff818f40000,0x00007ff819041000] [id=19406]

VM state:not at safepoint (normal execution)

VM Mutex/Monitor currently owned by a thread: None

Heap:
 PSYoungGen      total 34304K, used 28363K [0x00000000ebf00000, 0x00000000ee300000, 0x0000000100000000)
  eden space 31744K, 81% used [0x00000000ebf00000,0x00000000ed83a718,0x00000000ede00000)
  from space 2560K, 98% used [0x00000000ee080000,0x00000000ee2f8880,0x00000000ee300000)
  to   space 2560K, 0% used [0x00000000ede00000,0x00000000ede00000,0x00000000ee080000)
 ParOldGen       total 42496K, used 21216K [0x00000000c3c00000, 0x00000000c6580000, 0x00000000ebf00000)
  object space 42496K, 49% used [0x00000000c3c00000,0x00000000c50b8198,0x00000000c6580000)
 Metaspace       used 18240K, capacity 18417K, committed 18688K, reserved 1067008K
  class space    used 1701K, capacity 1757K, committed 1792K, reserved 1048576K

Card table byte_map: [0x00007ff830cb8000,0x00007ff830e9b000] byte_map_base: 0x00007ff83069a000

Marking Bits: (ParMarkBitMap*) 0x00007ff8340742a0
 Begin Bits: [0x00007ff81b1e0000, 0x00007ff81c0f0000)
 End Bits:   [0x00007ff81c0f0000, 0x00007ff81d000000)

Polling page: 0x00007ff834c9b000

CodeCache: size=245760Kb used=6253Kb max_used=6261Kb free=239506Kb
 bounds [0x00007ff81d000000, 0x00007ff81d630000, 0x00007ff82c000000]
 total_blobs=2615 nmethods=1674 adapters=864
 compilation: enabled

Compilation events (10 events):
Event: 38.822 Thread 0x00007ff82c0c9000 1671       3       java.lang.Character::<init> (10 bytes)
Event: 38.823 Thread 0x00007ff82c0c9000 nmethod 1671 0x00007ff81d623d10 code [0x00007ff81d623e80, 0x00007ff81d624030]
Event: 38.823 Thread 0x00007ff82c0c9000 1672       3       java.lang.Character::valueOf (21 bytes)
Event: 38.823 Thread 0x00007ff82c0c9000 nmethod 1672 0x00007ff81d623790 code [0x00007ff81d623900, 0x00007ff81d623bb0]
Event: 38.824 Thread 0x00007ff82c0c9000 1673       3       sun.awt.X11.XKeysym$Keysym2JavaKeycode::<init> (15 bytes)
Event: 38.824 Thread 0x00007ff82c0c9000 nmethod 1673 0x00007ff81d6233d0 code [0x00007ff81d623540, 0x00007ff81d6236f0]
Event: 38.873 Thread 0x00007ff82c0c9000 1674       3       sun.awt.X11.Native::getByte (8 bytes)
Event: 38.873 Thread 0x00007ff82c0c9000 nmethod 1674 0x00007ff81d623050 code [0x00007ff81d6231c0, 0x00007ff81d623310]
Event: 38.874 Thread 0x00007ff82c0c9000 1675       3       java.awt.Component::getParent (5 bytes)
Event: 38.875 Thread 0x00007ff82c0c9000 nmethod 1675 0x00007ff81d622c50 code [0x00007ff81d622dc0, 0x00007ff81d622fb0]

GC Heap History (8 events):
Event: 1.098 GC heap before
{Heap before GC invocations=1 (full 0):
 PSYoungGen      total 18432K, used 15872K [0x00000000ebf00000, 0x00000000ed380000, 0x0000000100000000)
  eden space 15872K, 100% used [0x00000000ebf00000,0x00000000ece80000,0x00000000ece80000)
  from space 2560K, 0% used [0x00000000ed100000,0x00000000ed100000,0x00000000ed380000)
  to   space 2560K, 0% used [0x00000000ece80000,0x00000000ece80000,0x00000000ed100000)
 ParOldGen       total 42496K, used 0K [0x00000000c3c00000, 0x00000000c6580000, 0x00000000ebf00000)
  object space 42496K, 0% used [0x00000000c3c00000,0x00000000c3c00000,0x00000000c6580000)
 Metaspace       used 12688K, capacity 12876K, committed 12928K, reserved 1060864K
  class space    used 1348K, capacity 1408K, committed 1408K, reserved 1048576K
Event: 1.103 GC heap after
Heap after GC invocations=1 (full 0):
 PSYoungGen      total 18432K, used 2532K [0x00000000ebf00000, 0x00000000ed380000, 0x0000000100000000)
  eden space 15872K, 0% used [0x00000000ebf00000,0x00000000ebf00000,0x00000000ece80000)
  from space 2560K, 98% used [0x00000000ece80000,0x00000000ed0f9280,0x00000000ed100000)
  to   space 2560K, 0% used [0x00000000ed100000,0x00000000ed100000,0x00000000ed380000)
 ParOldGen       total 42496K, used 1454K [0x00000000c3c00000, 0x00000000c6580000, 0x00000000ebf00000)
  object space 42496K, 3% used [0x00000000c3c00000,0x00000000c3d6bb30,0x00000000c6580000)
 Metaspace       used 12688K, capacity 12876K, committed 12928K, reserved 1060864K
  class space    used 1348K, capacity 1408K, committed 1408K, reserved 1048576K
}
Event: 1.676 GC heap before
{Heap before GC invocations=2 (full 0):
 PSYoungGen      total 18432K, used 17798K [0x00000000ebf00000, 0x00000000ed380000, 0x0000000100000000)
  eden space 15872K, 96% used [0x00000000ebf00000,0x00000000ecde8930,0x00000000ece80000)
  from space 2560K, 98% used [0x00000000ece80000,0x00000000ed0f9280,0x00000000ed100000)
  to   space 2560K, 0% used [0x00000000ed100000,0x00000000ed100000,0x00000000ed380000)
 ParOldGen       total 42496K, used 1454K [0x00000000c3c00000, 0x00000000c6580000, 0x00000000ebf00000)
  object space 42496K, 3% used [0x00000000c3c00000,0x00000000c3d6bb30,0x00000000c6580000)
 Metaspace       used 17370K, capacity 17529K, committed 17664K, reserved 1064960K
  class space    used 1672K, capacity 1721K, committed 1792K, reserved 1048576K
Event: 1.683 GC heap after
Heap after GC invocations=2 (full 0):
 PSYoungGen      total 18432K, used 2530K [0x00000000ebf00000, 0x00000000ed380000, 0x0000000100000000)
  eden space 15872K, 0% used [0x00000000ebf00000,0x00000000ebf00000,0x00000000ece80000)
  from space 2560K, 98% used [0x00000000ed100000,0x00000000ed378850,0x00000000ed380000)
  to   space 2560K, 0% used [0x00000000ece80000,0x00000000ece80000,0x00000000ed100000)
 ParOldGen       total 42496K, used 4918K [0x00000000c3c00000, 0x00000000c6580000, 0x00000000ebf00000)
  object space 42496K, 11% used [0x00000000c3c00000,0x00000000c40cd9c8,0x00000000c6580000)
 Metaspace       used 17370K, capacity 17529K, committed 17664K, reserved 1064960K
  class space    used 1672K, capacity 1721K, committed 1792K, reserved 1048576K
}
Event: 1.885 GC heap before
{Heap before GC invocations=3 (full 0):
 PSYoungGen      total 18432K, used 17823K [0x00000000ebf00000, 0x00000000ed380000, 0x0000000100000000)
  eden space 15872K, 96% used [0x00000000ebf00000,0x00000000ecdef630,0x00000000ece80000)
  from space 2560K, 98% used [0x00000000ed100000,0x00000000ed378850,0x00000000ed380000)
  to   space 2560K, 0% used [0x00000000ece80000,0x00000000ece80000,0x00000000ed100000)
 ParOldGen       total 42496K, used 4918K [0x00000000c3c00000, 0x00000000c6580000, 0x00000000ebf00000)
  object space 42496K, 11% used [0x00000000c3c00000,0x00000000c40cd9c8,0x00000000c6580000)
 Metaspace       used 17423K, capacity 17593K, committed 17920K, reserved 1064960K
  class space    used 1672K, capacity 1721K, committed 1792K, reserved 1048576K
Event: 1.897 GC heap after
Heap after GC invocations=3 (full 0):
 PSYoungGen      total 18432K, used 2530K [0x00000000ebf00000, 0x00000000ee300000, 0x0000000100000000)
  eden space 15872K, 0% used [0x00000000ebf00000,0x00000000ebf00000,0x00000000ece80000)
  from space 2560K, 98% used [0x00000000ece80000,0x00000000ed0f8880,0x00000000ed100000)
  to   space 2560K, 0% used [0x00000000ee080000,0x00000000ee080000,0x00000000ee300000)
 ParOldGen       total 42496K, used 18104K [0x00000000c3c00000, 0x00000000c6580000, 0x00000000ebf00000)
  object space 42496K, 42% used [0x00000000c3c00000,0x00000000c4dae288,0x00000000c6580000)
 Metaspace       used 17423K, capacity 17593K, committed 17920K, reserved 1064960K
  class space    used 1672K, capacity 1721K, committed 1792K, reserved 1048576K
}
Event: 13.099 GC heap before
{Heap before GC invocations=4 (full 0):
 PSYoungGen      total 18432K, used 18397K [0x00000000ebf00000, 0x00000000ee300000, 0x0000000100000000)
  eden space 15872K, 99% used [0x00000000ebf00000,0x00000000ece7ec50,0x00000000ece80000)
  from space 2560K, 98% used [0x00000000ece80000,0x00000000ed0f8880,0x00000000ed100000)
  to   space 2560K, 0% used [0x00000000ee080000,0x00000000ee080000,0x00000000ee300000)
 ParOldGen       total 42496K, used 18104K [0x00000000c3c00000, 0x00000000c6580000, 0x00000000ebf00000)
  object space 42496K, 42% used [0x00000000c3c00000,0x00000000c4dae288,0x00000000c6580000)
 Metaspace       used 17883K, capacity 18097K, committed 18176K, reserved 1064960K
  class space    used 1688K, capacity 1757K, committed 1792K, reserved 1048576K
Event: 13.105 GC heap after
Heap after GC invocations=4 (full 0):
 PSYoungGen      total 34304K, used 2530K [0x00000000ebf00000, 0x00000000ee300000, 0x0000000100000000)
  eden space 31744K, 0% used [0x00000000ebf00000,0x00000000ebf00000,0x00000000ede00000)
  from space 2560K, 98% used [0x00000000ee080000,0x00000000ee2f8880,0x00000000ee300000)
  to   space 2560K, 0% used [0x00000000ede00000,0x00000000ede00000,0x00000000ee080000)
 ParOldGen       total 42496K, used 21216K [0x00000000c3c00000, 0x00000000c6580000, 0x00000000ebf00000)
  object space 42496K, 49% used [0x00000000c3c00000,0x00000000c50b8198,0x00000000c6580000)
 Metaspace       used 17883K, capacity 18097K, committed 18176K, reserved 1064960K
  class space    used 1688K, capacity 1757K, committed 1792K, reserved 1048576K
}

Deoptimization events (4 events):
Event: 1.550 Thread 0x00007ff82c39a000 Uncommon trap: reason=unreached action=reinterpret pc=0x00007ff81d358fec method=com.jogamp.common.nio.Buffers.isDirect(Ljava/lang/Object;)Z @ 1
Event: 1.550 Thread 0x00007ff82c39a000 Uncommon trap: reason=unreached action=reinterpret pc=0x00007ff81d358d70 method=com.jogamp.common.nio.Buffers.getDirectBufferByteOffset(Ljava/lang/Object;)I @ 1
Event: 1.594 Thread 0x00007ff82c39a000 Uncommon trap: reason=unreached action=reinterpret pc=0x00007ff81d349588 method=com.jogamp.common.util.IntIntHashMap.get(I)I @ 19
Event: 1.619 Thread 0x00007ff82c39a000 Uncommon trap: reason=unreached action=reinterpret pc=0x00007ff81d31bf6c method=java.lang.reflect.AccessibleObject.setAccessible0(Ljava/lang/reflect/AccessibleObject;Z)V @ 4

Internal exceptions (10 events):
Event: 1.830 Thread 0x00007ff82c39a000 Exception <a 'java/lang/reflect/InvocationTargetException'> (0x00000000ec491fa0) thrown at [/HUDSON/workspace/8-2-build-linux-amd64/jdk8u31/2394/hotspot/src/share/vm/runtime/reflection.cpp, line 1080]
Event: 1.830 Thread 0x00007ff82c39a000 Exception <a 'java/lang/reflect/InvocationTargetException'> (0x00000000ec492a68) thrown at [/HUDSON/workspace/8-2-build-linux-amd64/jdk8u31/2394/hotspot/src/share/vm/runtime/reflection.cpp, line 1080]
Event: 1.902 Thread 0x00007ff82c39a000 Exception <a 'java/security/PrivilegedActionException'> (0x00000000ec049130) thrown at [/HUDSON/workspace/8-2-build-linux-amd64/jdk8u31/2394/hotspot/src/share/vm/prims/jvm.cpp, line 1312]
Event: 2.008 Thread 0x00007ff82c39a000 Exception <a 'java/lang/reflect/InvocationTargetException'> (0x00000000ec379138) thrown at [/HUDSON/workspace/8-2-build-linux-amd64/jdk8u31/2394/hotspot/src/share/vm/runtime/reflection.cpp, line 1080]
Event: 2.011 Thread 0x00007ff82c39a000 Exception <a 'java/lang/reflect/InvocationTargetException'> (0x00000000ec3797c0) thrown at [/HUDSON/workspace/8-2-build-linux-amd64/jdk8u31/2394/hotspot/src/share/vm/runtime/reflection.cpp, line 1080]
Event: 2.072 Thread 0x00007ff82c39a000 Exception <a 'java/lang/reflect/InvocationTargetException'> (0x00000000ec37b158) thrown at [/HUDSON/workspace/8-2-build-linux-amd64/jdk8u31/2394/hotspot/src/share/vm/runtime/reflection.cpp, line 1080]
Event: 2.073 Thread 0x00007ff82c39a000 Exception <a 'java/lang/reflect/InvocationTargetException'> (0x00000000ec37b568) thrown at [/HUDSON/workspace/8-2-build-linux-amd64/jdk8u31/2394/hotspot/src/share/vm/runtime/reflection.cpp, line 1080]
Event: 2.133 Thread 0x00007ff82c39a000 Exception <a 'java/lang/reflect/InvocationTargetException'> (0x00000000ec37c768) thrown at [/HUDSON/workspace/8-2-build-linux-amd64/jdk8u31/2394/hotspot/src/share/vm/runtime/reflection.cpp, line 1080]
Event: 2.134 Thread 0x00007ff82c39a000 Exception <a 'java/lang/reflect/InvocationTargetException'> (0x00000000ec37cb78) thrown at [/HUDSON/workspace/8-2-build-linux-amd64/jdk8u31/2394/hotspot/src/share/vm/runtime/reflection.cpp, line 1080]
Event: 2.199 Thread 0x00007ff82c39a000 Exception <a 'java/lang/reflect/InvocationTargetException'> (0x00000000ec380fa0) thrown at [/HUDSON/workspace/8-2-build-linux-amd64/jdk8u31/2394/hotspot/src/share/vm/runtime/reflection.cpp, line 1080]

Events (10 events):
Event: 38.930 Thread 0x00007ff82c39a000 DEOPT PACKING pc=0x00007ff81d52fd29 sp=0x00007ff7da81d3f0
Event: 38.930 Thread 0x00007ff82c39a000 DEOPT UNPACKING pc=0x00007ff81d047373 sp=0x00007ff7da81d138 mode 1
Event: 38.930 Thread 0x00007ff82c39a000 DEOPT PACKING pc=0x00007ff81d514704 sp=0x00007ff7da81d480
Event: 38.930 Thread 0x00007ff82c39a000 DEOPT UNPACKING pc=0x00007ff81d047373 sp=0x00007ff7da81d218 mode 1
Event: 38.930 Thread 0x00007ff82c39a000 DEOPT PACKING pc=0x00007ff81d488964 sp=0x00007ff7da81d530
Event: 38.930 Thread 0x00007ff82c39a000 DEOPT UNPACKING pc=0x00007ff81d047373 sp=0x00007ff7da81d278 mode 1
Event: 38.930 Thread 0x00007ff82c39a000 DEOPT PACKING pc=0x00007ff81d488374 sp=0x00007ff7da81d580
Event: 38.930 Thread 0x00007ff82c39a000 DEOPT UNPACKING pc=0x00007ff81d047373 sp=0x00007ff7da81d330 mode 1
Event: 38.930 Thread 0x00007ff82c39a000 DEOPT PACKING pc=0x00007ff81d5afd54 sp=0x00007ff7da81d640
Event: 38.930 Thread 0x00007ff82c39a000 DEOPT UNPACKING pc=0x00007ff81d047373 sp=0x00007ff7da81d388 mode 1


Dynamic libraries:
00400000-00401000 r-xp 00000000 08:11 2229123                            /usr/lib/jvm/jdk1.8.0_31/bin/java
00600000-00601000 rw-p 00000000 08:11 2229123                            /usr/lib/jvm/jdk1.8.0_31/bin/java
0196b000-0198c000 rw-p 00000000 00:00 0                                  [heap]
c3c00000-c6580000 rw-p 00000000 00:00 0 
c6580000-ebf00000 ---p 00000000 00:00 0 
ebf00000-ee300000 rw-p 00000000 00:00 0 
ee300000-100000000 ---p 00000000 00:00 0 
100000000-1001c0000 rw-p 00000000 00:00 0 
1001c0000-140000000 ---p 00000000 00:00 0 
7ff784000000-7ff78427e000 rw-p 00000000 00:00 0 
7ff78427e000-7ff788000000 ---p 00000000 00:00 0 
7ff78bffe000-7ff78ffff000 rw-s 00000000 00:11 1384877                    /dev/shm/pulse-shm-450519854
7ff78ffff000-7ff794000000 r--s 00000000 00:11 22180                      /dev/shm/pulse-shm-3810095572
7ff794000000-7ff794021000 rw-p 00000000 00:00 0 
7ff794021000-7ff798000000 ---p 00000000 00:00 0 
7ff798000000-7ff798021000 rw-p 00000000 00:00 0 
7ff798021000-7ff79c000000 ---p 00000000 00:00 0 
7ff79c000000-7ff79c021000 rw-p 00000000 00:00 0 
7ff79c021000-7ff7a0000000 ---p 00000000 00:00 0 
7ff7a29df000-7ff7a2a5f000 rw-p 00000000 00:00 0 
7ff7a2a5f000-7ff7a2bdf000 ---p 00000000 00:00 0 
7ff7a2bdf000-7ff7a2be0000 ---p 00000000 00:00 0 
7ff7a2be0000-7ff7a33e0000 rw-p 00000000 00:00 0                          [stack:19448]
7ff7a33e0000-7ff7a33e1000 ---p 00000000 00:00 0 
7ff7a33e1000-7ff7a3be1000 rw-p 00000000 00:00 0                          [stack:19444]
7ff7a3be1000-7ff7a7be2000 rw-s 00000000 00:11 1385790                    /dev/shm/pulse-shm-2918047634
7ff7a7be2000-7ff7a7be8000 r-xp 00000000 08:11 1317035                    /usr/lib/x86_64-linux-gnu/alsa-lib/libasound_module_pcm_pulse.so
7ff7a7be8000-7ff7a7de7000 ---p 00006000 08:11 1317035                    /usr/lib/x86_64-linux-gnu/alsa-lib/libasound_module_pcm_pulse.so
7ff7a7de7000-7ff7a7de8000 r--p 00005000 08:11 1317035                    /usr/lib/x86_64-linux-gnu/alsa-lib/libasound_module_pcm_pulse.so
7ff7a7de8000-7ff7a7de9000 rw-p 00006000 08:11 1317035                    /usr/lib/x86_64-linux-gnu/alsa-lib/libasound_module_pcm_pulse.so
7ff7a7de9000-7ff7a7e1d000 r-xp 00000000 08:11 1246961                    /usr/local/cpffmpeg/lib/libvorbis.so.0.4.7
7ff7a7e1d000-7ff7a801d000 ---p 00034000 08:11 1246961                    /usr/local/cpffmpeg/lib/libvorbis.so.0.4.7
7ff7a801d000-7ff7a801e000 rw-p 00034000 08:11 1246961                    /usr/local/cpffmpeg/lib/libvorbis.so.0.4.7
7ff7a801e000-7ff7a8024000 r-xp 00000000 08:11 1246864                    /usr/local/cpffmpeg/lib/libogg.so.0.8.1
7ff7a8024000-7ff7a8223000 ---p 00006000 08:11 1246864                    /usr/local/cpffmpeg/lib/libogg.so.0.8.1
7ff7a8223000-7ff7a8224000 rw-p 00005000 08:11 1246864                    /usr/local/cpffmpeg/lib/libogg.so.0.8.1
7ff7a8224000-7ff7a8235000 r-xp 00000000 08:11 393690                     /lib/x86_64-linux-gnu/libgpg-error.so.0.13.0
7ff7a8235000-7ff7a8434000 ---p 00011000 08:11 393690                     /lib/x86_64-linux-gnu/libgpg-error.so.0.13.0
7ff7a8434000-7ff7a8435000 r--p 00010000 08:11 393690                     /lib/x86_64-linux-gnu/libgpg-error.so.0.13.0
7ff7a8435000-7ff7a8436000 rw-p 00011000 08:11 393690                     /lib/x86_64-linux-gnu/libgpg-error.so.0.13.0
7ff7a8436000-7ff7a84c5000 r-xp 00000000 08:11 1246969                    /usr/local/cpffmpeg/lib/libvorbisenc.so.2.0.10
7ff7a84c5000-7ff7a86c4000 ---p 0008f000 08:11 1246969                    /usr/local/cpffmpeg/lib/libvorbisenc.so.2.0.10
7ff7a86c4000-7ff7a86e0000 rw-p 0008e000 08:11 1246969                    /usr/local/cpffmpeg/lib/libvorbisenc.so.2.0.10
7ff7a86e0000-7ff7a8733000 r-xp 00000000 08:11 1247702                    /usr/local/cpffmpeg/lib/libFLAC.so.8.3.0
7ff7a8733000-7ff7a8933000 ---p 00053000 08:11 1247702                    /usr/local/cpffmpeg/lib/libFLAC.so.8.3.0
7ff7a8933000-7ff7a8934000 rw-p 00053000 08:11 1247702                    /usr/local/cpffmpeg/lib/libFLAC.so.8.3.0
7ff7a8934000-7ff7a8948000 r-xp 00000000 08:11 393941                     /lib/x86_64-linux-gnu/libresolv-2.19.so
7ff7a8948000-7ff7a8b47000 ---p 00014000 08:11 393941                     /lib/x86_64-linux-gnu/libresolv-2.19.so
7ff7a8b47000-7ff7a8b48000 r--p 00013000 08:11 393941                     /lib/x86_64-linux-gnu/libresolv-2.19.so
7ff7a8b48000-7ff7a8b49000 rw-p 00014000 08:11 393941                     /lib/x86_64-linux-gnu/libresolv-2.19.so
7ff7a8b49000-7ff7a8b4b000 rw-p 00000000 00:00 0 
7ff7a8b4b000-7ff7a8c22000 r-xp 00000000 08:11 393710                     /lib/x86_64-linux-gnu/libgcrypt.so.20.0.2
7ff7a8c22000-7ff7a8e22000 ---p 000d7000 08:11 393710                     /lib/x86_64-linux-gnu/libgcrypt.so.20.0.2
7ff7a8e22000-7ff7a8e23000 r--p 000d7000 08:11 393710                     /lib/x86_64-linux-gnu/libgcrypt.so.20.0.2
7ff7a8e23000-7ff7a8e2c000 rw-p 000d8000 08:11 393710                     /lib/x86_64-linux-gnu/libgcrypt.so.20.0.2
7ff7a8e2c000-7ff7a8e4e000 r-xp 00000000 08:11 393692                     /lib/x86_64-linux-gnu/liblzma.so.5.0.0
7ff7a8e4e000-7ff7a904d000 ---p 00022000 08:11 393692                     /lib/x86_64-linux-gnu/liblzma.so.5.0.0
7ff7a904d000-7ff7a904e000 r--p 00021000 08:11 393692                     /lib/x86_64-linux-gnu/liblzma.so.5.0.0
7ff7a904e000-7ff7a904f000 rw-p 00022000 08:11 393692                     /lib/x86_64-linux-gnu/liblzma.so.5.0.0
7ff7a904f000-7ff7a9053000 r-xp 00000000 08:11 393657                     /lib/x86_64-linux-gnu/libuuid.so.1.3.0
7ff7a9053000-7ff7a9252000 ---p 00004000 08:11 393657                     /lib/x86_64-linux-gnu/libuuid.so.1.3.0
7ff7a9252000-7ff7a9253000 r--p 00003000 08:11 393657                     /lib/x86_64-linux-gnu/libuuid.so.1.3.0
7ff7a9253000-7ff7a9254000 rw-p 00004000 08:11 393657                     /lib/x86_64-linux-gnu/libuuid.so.1.3.0
7ff7a9254000-7ff7a9258000 r-xp 00000000 08:11 393736                     /lib/x86_64-linux-gnu/libattr.so.1.1.0
7ff7a9258000-7ff7a9457000 ---p 00004000 08:11 393736                     /lib/x86_64-linux-gnu/libattr.so.1.1.0
7ff7a9457000-7ff7a9458000 r--p 00003000 08:11 393736                     /lib/x86_64-linux-gnu/libattr.so.1.1.0
7ff7a9458000-7ff7a9459000 rw-p 00004000 08:11 393736                     /lib/x86_64-linux-gnu/libattr.so.1.1.0
7ff7a9459000-7ff7a945e000 r-xp 00000000 08:11 1315196                    /usr/lib/x86_64-linux-gnu/libasyncns.so.0.3.1
7ff7a945e000-7ff7a965d000 ---p 00005000 08:11 1315196                    /usr/lib/x86_64-linux-gnu/libasyncns.so.0.3.1
7ff7a965d000-7ff7a965e000 r--p 00004000 08:11 1315196                    /usr/lib/x86_64-linux-gnu/libasyncns.so.0.3.1
7ff7a965e000-7ff7a965f000 rw-p 00005000 08:11 1315196                    /usr/lib/x86_64-linux-gnu/libasyncns.so.0.3.1
7ff7a965f000-7ff7a96c1000 r-xp 00000000 08:11 1315698                    /usr/lib/x86_64-linux-gnu/libsndfile.so.1.0.25
7ff7a96c1000-7ff7a98c1000 ---p 00062000 08:11 1315698                    /usr/lib/x86_64-linux-gnu/libsndfile.so.1.0.25
7ff7a98c1000-7ff7a98c3000 r--p 00062000 08:11 1315698                    /usr/lib/x86_64-linux-gnu/libsndfile.so.1.0.25
7ff7a98c3000-7ff7a98c4000 rw-p 00064000 08:11 1315698                    /usr/lib/x86_64-linux-gnu/libsndfile.so.1.0.25
7ff7a98c4000-7ff7a98c8000 rw-p 00000000 00:00 0 
7ff7a98c8000-7ff7a98d1000 r-xp 00000000 08:11 394193                     /lib/x86_64-linux-gnu/libwrap.so.0.7.6
7ff7a98d1000-7ff7a9ad0000 ---p 00009000 08:11 394193                     /lib/x86_64-linux-gnu/libwrap.so.0.7.6
7ff7a9ad0000-7ff7a9ad1000 r--p 00008000 08:11 394193                     /lib/x86_64-linux-gnu/libwrap.so.0.7.6
7ff7a9ad1000-7ff7a9ad2000 rw-p 00009000 08:11 394193                     /lib/x86_64-linux-gnu/libwrap.so.0.7.6
7ff7a9ad2000-7ff7a9ad3000 rw-p 00000000 00:00 0 
7ff7a9ad3000-7ff7a9af4000 r-xp 00000000 08:11 393722                     /lib/x86_64-linux-gnu/libsystemd.so.0.3.1
7ff7a9af4000-7ff7a9cf4000 ---p 00021000 08:11 393722                     /lib/x86_64-linux-gnu/libsystemd.so.0.3.1
7ff7a9cf4000-7ff7a9cf5000 r--p 00021000 08:11 393722                     /lib/x86_64-linux-gnu/libsystemd.so.0.3.1
7ff7a9cf5000-7ff7a9cf6000 rw-p 00022000 08:11 393722                     /lib/x86_64-linux-gnu/libsystemd.so.0.3.1
7ff7a9cf6000-7ff7a9cfd000 r-xp 00000000 08:11 1313147                    /usr/lib/x86_64-linux-gnu/libSM.so.6.0.1
7ff7a9cfd000-7ff7a9efc000 ---p 00007000 08:11 1313147                    /usr/lib/x86_64-linux-gnu/libSM.so.6.0.1
7ff7a9efc000-7ff7a9efd000 r--p 00006000 08:11 1313147                    /usr/lib/x86_64-linux-gnu/libSM.so.6.0.1
7ff7a9efd000-7ff7a9efe000 rw-p 00007000 08:11 1313147                    /usr/lib/x86_64-linux-gnu/libSM.so.6.0.1
7ff7a9efe000-7ff7a9f02000 r-xp 00000000 08:11 393218                     /lib/x86_64-linux-gnu/libcap.so.2.24
7ff7a9f02000-7ff7aa101000 ---p 00004000 08:11 393218                     /lib/x86_64-linux-gnu/libcap.so.2.24
7ff7aa101000-7ff7aa102000 r--p 00003000 08:11 393218                     /lib/x86_64-linux-gnu/libcap.so.2.24
7ff7aa102000-7ff7aa103000 rw-p 00004000 08:11 393218                     /lib/x86_64-linux-gnu/libcap.so.2.24
7ff7aa103000-7ff7aa14a000 r-xp 00000000 08:11 393809                     /lib/x86_64-linux-gnu/libdbus-1.so.3.8.10
7ff7aa14a000-7ff7aa349000 ---p 00047000 08:11 393809                     /lib/x86_64-linux-gnu/libdbus-1.so.3.8.10
7ff7aa349000-7ff7aa34a000 r--p 00046000 08:11 393809                     /lib/x86_64-linux-gnu/libdbus-1.so.3.8.10
7ff7aa34a000-7ff7aa34b000 rw-p 00047000 08:11 393809                     /lib/x86_64-linux-gnu/libdbus-1.so.3.8.10
7ff7aa34b000-7ff7aa3c2000 r-xp 00000000 08:11 1315203                    /usr/lib/x86_64-linux-gnu/pulseaudio/libpulsecommon-5.0.so
7ff7aa3c2000-7ff7aa5c2000 ---p 00077000 08:11 1315203                    /usr/lib/x86_64-linux-gnu/pulseaudio/libpulsecommon-5.0.so
7ff7aa5c2000-7ff7aa5c3000 r--p 00077000 08:11 1315203                    /usr/lib/x86_64-linux-gnu/pulseaudio/libpulsecommon-5.0.so
7ff7aa5c3000-7ff7aa5c5000 rw-p 00078000 08:11 1315203                    /usr/lib/x86_64-linux-gnu/pulseaudio/libpulsecommon-5.0.so
7ff7aa5c5000-7ff7aa5cf000 r-xp 00000000 08:11 394170                     /lib/x86_64-linux-gnu/libjson-c.so.2.0.0
7ff7aa5cf000-7ff7aa7ce000 ---p 0000a000 08:11 394170                     /lib/x86_64-linux-gnu/libjson-c.so.2.0.0
7ff7aa7ce000-7ff7aa7cf000 r--p 00009000 08:11 394170                     /lib/x86_64-linux-gnu/libjson-c.so.2.0.0
7ff7aa7cf000-7ff7aa7d0000 rw-p 0000a000 08:11 394170                     /lib/x86_64-linux-gnu/libjson-c.so.2.0.0
7ff7aa7d0000-7ff7aa81e000 r-xp 00000000 08:11 1314084                    /usr/lib/x86_64-linux-gnu/libpulse.so.0.17.3
7ff7aa81e000-7ff7aaa1e000 ---p 0004e000 08:11 1314084                    /usr/lib/x86_64-linux-gnu/libpulse.so.0.17.3
7ff7aaa1e000-7ff7aaa20000 r--p 0004e000 08:11 1314084                    /usr/lib/x86_64-linux-gnu/libpulse.so.0.17.3
7ff7aaa20000-7ff7aaa21000 rw-p 00050000 08:11 1314084                    /usr/lib/x86_64-linux-gnu/libpulse.so.0.17.3
7ff7aaa21000-7ff7aaa24000 ---p 00000000 00:00 0 
7ff7aaa24000-7ff7aab22000 rw-p 00000000 00:00 0                          [stack:19449]
7ff7aab22000-7ff7aab25000 ---p 00000000 00:00 0 
7ff7aab25000-7ff7aac23000 rw-p 00000000 00:00 0                          [stack:19443]
7ff7aac23000-7ff7aad13000 r-xp 00000000 08:11 1313856                    /usr/lib/x86_64-linux-gnu/libasound.so.2.0.0
7ff7aad13000-7ff7aaf12000 ---p 000f0000 08:11 1313856                    /usr/lib/x86_64-linux-gnu/libasound.so.2.0.0
7ff7aaf12000-7ff7aaf19000 r--p 000ef000 08:11 1313856                    /usr/lib/x86_64-linux-gnu/libasound.so.2.0.0
7ff7aaf19000-7ff7aaf1b000 rw-p 000f6000 08:11 1313856                    /usr/lib/x86_64-linux-gnu/libasound.so.2.0.0
7ff7aaf1b000-7ff7aaf2a000 r-xp 00000000 08:11 2240448                    /usr/lib/jvm/jdk1.8.0_31/jre/lib/amd64/libjsoundalsa.so
7ff7aaf2a000-7ff7ab129000 ---p 0000f000 08:11 2240448                    /usr/lib/jvm/jdk1.8.0_31/jre/lib/amd64/libjsoundalsa.so
7ff7ab129000-7ff7ab12a000 rw-p 0000e000 08:11 2240448                    /usr/lib/jvm/jdk1.8.0_31/jre/lib/amd64/libjsoundalsa.so
7ff7ab12a000-7ff7ab12b000 r-xp 00000000 08:11 2240452                    /usr/lib/jvm/jdk1.8.0_31/jre/lib/amd64/libjsound.so
7ff7ab12b000-7ff7ab32a000 ---p 00001000 08:11 2240452                    /usr/lib/jvm/jdk1.8.0_31/jre/lib/amd64/libjsound.so
7ff7ab32a000-7ff7ab32b000 rw-p 00000000 08:11 2240452                    /usr/lib/jvm/jdk1.8.0_31/jre/lib/amd64/libjsound.so
7ff7ab32b000-7ff7ab92b000 rw-s 00000000 00:04 1384318                    /drm mm object (deleted)
7ff7ab92b000-7ff7abf2b000 rw-s 00000000 00:04 1384317                    /drm mm object (deleted)
7ff7abf2b000-7ff7abf39000 r-xp 00000000 08:11 393942                     /lib/x86_64-linux-gnu/libudev.so.1.5.0
7ff7abf39000-7ff7ac138000 ---p 0000e000 08:11 393942                     /lib/x86_64-linux-gnu/libudev.so.1.5.0
7ff7ac138000-7ff7ac139000 r--p 0000d000 08:11 393942                     /lib/x86_64-linux-gnu/libudev.so.1.5.0
7ff7ac139000-7ff7ac13a000 rw-p 0000e000 08:11 393942                     /lib/x86_64-linux-gnu/libudev.so.1.5.0
7ff7ac13a000-7ff7ac13c000 r-xp 00000000 08:11 1316635                    /usr/lib/x86_64-linux-gnu/libXinerama.so.1.0.0
7ff7ac13c000-7ff7ac33b000 ---p 00002000 08:11 1316635                    /usr/lib/x86_64-linux-gnu/libXinerama.so.1.0.0
7ff7ac33b000-7ff7ac33c000 r--p 00001000 08:11 1316635                    /usr/lib/x86_64-linux-gnu/libXinerama.so.1.0.0
7ff7ac33c000-7ff7ac33d000 rw-p 00002000 08:11 1316635                    /usr/lib/x86_64-linux-gnu/libXinerama.so.1.0.0
7ff7ac37c000-7ff7ac384000 rw-s 00000000 00:04 1385799                    /drm mm object (deleted)
7ff7ac384000-7ff7ac38c000 rw-s 00000000 00:04 1385798                    /drm mm object (deleted)
7ff7ac38c000-7ff7ac3c3000 r-xp 00000000 08:11 1316797                    /usr/lib/x86_64-linux-gnu/libtxc_dxtn_s2tc.so.0.0.0
7ff7ac3c3000-7ff7ac5c2000 ---p 00037000 08:11 1316797                    /usr/lib/x86_64-linux-gnu/libtxc_dxtn_s2tc.so.0.0.0
7ff7ac5c2000-7ff7ac5c3000 r--p 00036000 08:11 1316797                    /usr/lib/x86_64-linux-gnu/libtxc_dxtn_s2tc.so.0.0.0
7ff7ac5c3000-7ff7ac5c4000 rw-p 00037000 08:11 1316797                    /usr/lib/x86_64-linux-gnu/libtxc_dxtn_s2tc.so.0.0.0
7ff7ac5c4000-7ff7ac5de000 r-xp 00000000 08:11 393684                     /lib/x86_64-linux-gnu/libz.so.1.2.8
7ff7ac5de000-7ff7ac7dd000 ---p 0001a000 08:11 393684                     /lib/x86_64-linux-gnu/libz.so.1.2.8
7ff7ac7dd000-7ff7ac7de000 r--p 00019000 08:11 393684                     /lib/x86_64-linux-gnu/libz.so.1.2.8
7ff7ac7de000-7ff7ac7df000 rw-p 0001a000 08:11 393684                     /lib/x86_64-linux-gnu/libz.so.1.2.8
7ff7ac7df000-7ff7ac7e7000 r-xp 00000000 08:11 1312442                    /usr/lib/x86_64-linux-gnu/libpciaccess.so.0.11.1
7ff7ac7e7000-7ff7ac9e7000 ---p 00008000 08:11 1312442                    /usr/lib/x86_64-linux-gnu/libpciaccess.so.0.11.1
7ff7ac9e7000-7ff7ac9e8000 r--p 00008000 08:11 1312442                    /usr/lib/x86_64-linux-gnu/libpciaccess.so.0.11.1
7ff7ac9e8000-7ff7ac9e9000 rw-p 00009000 08:11 1312442                    /usr/lib/x86_64-linux-gnu/libpciaccess.so.0.11.1
7ff7ac9e9000-7ff7acad5000 r-xp 00000000 08:11 1313581                    /usr/lib/x86_64-linux-gnu/libstdc++.so.6.0.20
7ff7acad5000-7ff7accd5000 ---p 000ec000 08:11 1313581                    /usr/lib/x86_64-linux-gnu/libstdc++.so.6.0.20
7ff7accd5000-7ff7accdd000 r--p 000ec000 08:11 1313581                    /usr/lib/x86_64-linux-gnu/libstdc++.so.6.0.20
7ff7accdd000-7ff7accdf000 rw-p 000f4000 08:11 1313581                    /usr/lib/x86_64-linux-gnu/libstdc++.so.6.0.20
7ff7accdf000-7ff7accf4000 rw-p 00000000 00:00 0 
7ff7accf4000-7ff7acd00000 r-xp 00000000 08:11 1317459                    /usr/lib/x86_64-linux-gnu/libdrm_radeon.so.1.0.1
7ff7acd00000-7ff7aceff000 ---p 0000c000 08:11 1317459                    /usr/lib/x86_64-linux-gnu/libdrm_radeon.so.1.0.1
7ff7aceff000-7ff7acf00000 r--p 0000b000 08:11 1317459                    /usr/lib/x86_64-linux-gnu/libdrm_radeon.so.1.0.1
7ff7acf00000-7ff7acf01000 rw-p 0000c000 08:11 1317459                    /usr/lib/x86_64-linux-gnu/libdrm_radeon.so.1.0.1
7ff7acf01000-7ff7acf07000 r-xp 00000000 08:11 1317705                    /usr/lib/x86_64-linux-gnu/libdrm_nouveau.so.2.0.0
7ff7acf07000-7ff7ad106000 ---p 00006000 08:11 1317705                    /usr/lib/x86_64-linux-gnu/libdrm_nouveau.so.2.0.0
7ff7ad106000-7ff7ad107000 r--p 00005000 08:11 1317705                    /usr/lib/x86_64-linux-gnu/libdrm_nouveau.so.2.0.0
7ff7ad107000-7ff7ad108000 rw-p 00006000 08:11 1317705                    /usr/lib/x86_64-linux-gnu/libdrm_nouveau.so.2.0.0
7ff7ad108000-7ff7ad129000 r-xp 00000000 08:11 1312658                    /usr/lib/x86_64-linux-gnu/libdrm_intel.so.1.0.0
7ff7ad129000-7ff7ad328000 ---p 00021000 08:11 1312658                    /usr/lib/x86_64-linux-gnu/libdrm_intel.so.1.0.0
7ff7ad328000-7ff7ad329000 r--p 00020000 08:11 1312658                    /usr/lib/x86_64-linux-gnu/libdrm_intel.so.1.0.0
7ff7ad329000-7ff7ad32a000 rw-p 00021000 08:11 1312658                    /usr/lib/x86_64-linux-gnu/libdrm_intel.so.1.0.0
7ff7ad32a000-7ff7ad848000 r-xp 00000000 08:11 1312473                    /usr/lib/x86_64-linux-gnu/dri/i965_dri.so
7ff7ad848000-7ff7ada48000 ---p 0051e000 08:11 1312473                    /usr/lib/x86_64-linux-gnu/dri/i965_dri.so
7ff7ada48000-7ff7ada64000 r--p 0051e000 08:11 1312473                    /usr/lib/x86_64-linux-gnu/dri/i965_dri.so
7ff7ada64000-7ff7ada6a000 rw-p 0053a000 08:11 1312473                    /usr/lib/x86_64-linux-gnu/dri/i965_dri.so
7ff7ada6a000-7ff7adc75000 rw-p 00000000 00:00 0 
7ff7adc75000-7ff7adc7b000 r-xp 00000000 08:11 1180552                    /usr/lib/mesa-diverted/x86_64-linux-gnu/libGLESv2.so.2.0.0
7ff7adc7b000-7ff7ade7a000 ---p 00006000 08:11 1180552                    /usr/lib/mesa-diverted/x86_64-linux-gnu/libGLESv2.so.2.0.0
7ff7ade7a000-7ff7ade7b000 r--p 00005000 08:11 1180552                    /usr/lib/mesa-diverted/x86_64-linux-gnu/libGLESv2.so.2.0.0
7ff7ade7b000-7ff7ade7c000 rw-p 00006000 08:11 1180552                    /usr/lib/mesa-diverted/x86_64-linux-gnu/libGLESv2.so.2.0.0
7ff7ade7c000-7ff7adec1000 r-xp 00000000 08:11 1973323                    /tmp/jogamp_0000/file_cache/jln36398210514781608/jln5826898073298042028/libjogl_mobile.so
7ff7adec1000-7ff7ae0c1000 ---p 00045000 08:11 1973323                    /tmp/jogamp_0000/file_cache/jln36398210514781608/jln5826898073298042028/libjogl_mobile.so
7ff7ae0c1000-7ff7ae0c2000 rw-p 00045000 08:11 1973323                    /tmp/jogamp_0000/file_cache/jln36398210514781608/jln5826898073298042028/libjogl_mobile.so
7ff7ae0c2000-7ff7ae0c9000 r-xp 00000000 08:11 1311207                    /usr/lib/x86_64-linux-gnu/libffi.so.6.0.2
7ff7ae0c9000-7ff7ae2c8000 ---p 00007000 08:11 1311207                    /usr/lib/x86_64-linux-gnu/libffi.so.6.0.2
7ff7ae2c8000-7ff7ae2c9000 r--p 00006000 08:11 1311207                    /usr/lib/x86_64-linux-gnu/libffi.so.6.0.2
7ff7ae2c9000-7ff7ae2ca000 rw-p 00007000 08:11 1311207                    /usr/lib/x86_64-linux-gnu/libffi.so.6.0.2
7ff7ae2ca000-7ff7ae2d7000 r-xp 00000000 08:11 1314293                    /usr/lib/x86_64-linux-gnu/libgbm.so.1.0.0
7ff7ae2d7000-7ff7ae4d6000 ---p 0000d000 08:11 1314293                    /usr/lib/x86_64-linux-gnu/libgbm.so.1.0.0
7ff7ae4d6000-7ff7ae4d7000 r--p 0000c000 08:11 1314293                    /usr/lib/x86_64-linux-gnu/libgbm.so.1.0.0
7ff7ae4d7000-7ff7ae4d8000 rw-p 0000d000 08:11 1314293                    /usr/lib/x86_64-linux-gnu/libgbm.so.1.0.0
7ff7ae4d8000-7ff7ae4e7000 r-xp 00000000 08:11 1314915                    /usr/lib/x86_64-linux-gnu/libwayland-server.so.0.1.0
7ff7ae4e7000-7ff7ae6e7000 ---p 0000f000 08:11 1314915                    /usr/lib/x86_64-linux-gnu/libwayland-server.so.0.1.0
7ff7ae6e7000-7ff7ae6e9000 r--p 0000f000 08:11 1314915                    /usr/lib/x86_64-linux-gnu/libwayland-server.so.0.1.0
7ff7ae6e9000-7ff7ae6ea000 rw-p 00011000 08:11 1314915                    /usr/lib/x86_64-linux-gnu/libwayland-server.so.0.1.0
7ff7ae6ea000-7ff7ae6f6000 r-xp 00000000 08:11 1316306                    /usr/lib/x86_64-linux-gnu/libwayland-client.so.0.3.0
7ff7ae6f6000-7ff7ae8f5000 ---p 0000c000 08:11 1316306                    /usr/lib/x86_64-linux-gnu/libwayland-client.so.0.3.0
7ff7ae8f5000-7ff7ae8f8000 r--p 0000b000 08:11 1316306                    /usr/lib/x86_64-linux-gnu/libwayland-client.so.0.3.0
7ff7ae8f8000-7ff7ae8f9000 rw-p 0000e000 08:11 1316306                    /usr/lib/x86_64-linux-gnu/libwayland-client.so.0.3.0
7ff7ae8f9000-7ff7ae8fc000 r-xp 00000000 08:11 1312486                    /usr/lib/x86_64-linux-gnu/libxcb-shape.so.0.0.0
7ff7ae8fc000-7ff7aeafb000 ---p 00003000 08:11 1312486                    /usr/lib/x86_64-linux-gnu/libxcb-shape.so.0.0.0
7ff7aeafb000-7ff7aeafc000 r--p 00002000 08:11 1312486                    /usr/lib/x86_64-linux-gnu/libxcb-shape.so.0.0.0
7ff7aeafc000-7ff7aeafd000 rw-p 00003000 08:11 1312486                    /usr/lib/x86_64-linux-gnu/libxcb-shape.so.0.0.0
7ff7aeafd000-7ff7aeb06000 r-xp 00000000 08:11 1320235                    /usr/lib/x86_64-linux-gnu/libxcb-render.so.0.0.0
7ff7aeb06000-7ff7aed05000 ---p 00009000 08:11 1320235                    /usr/lib/x86_64-linux-gnu/libxcb-render.so.0.0.0
7ff7aed05000-7ff7aed06000 r--p 00008000 08:11 1320235                    /usr/lib/x86_64-linux-gnu/libxcb-render.so.0.0.0
7ff7aed06000-7ff7aed07000 rw-p 00009000 08:11 1320235                    /usr/lib/x86_64-linux-gnu/libxcb-render.so.0.0.0
7ff7aed07000-7ff7aed0d000 r-xp 00000000 08:11 1313209                    /usr/lib/x86_64-linux-gnu/libxcb-xfixes.so.0.0.0
7ff7aed0d000-7ff7aef0d000 ---p 00006000 08:11 1313209                    /usr/lib/x86_64-linux-gnu/libxcb-xfixes.so.0.0.0
7ff7aef0d000-7ff7aef0e000 r--p 00006000 08:11 1313209                    /usr/lib/x86_64-linux-gnu/libxcb-xfixes.so.0.0.0
7ff7aef0e000-7ff7aef0f000 rw-p 00007000 08:11 1313209                    /usr/lib/x86_64-linux-gnu/libxcb-xfixes.so.0.0.0
7ff7aef0f000-7ff7aef37000 r-xp 00000000 08:11 1179661                    /usr/lib/mesa-diverted/x86_64-linux-gnu/libEGL.so.1.0.0
7ff7aef37000-7ff7af136000 ---p 00028000 08:11 1179661                    /usr/lib/mesa-diverted/x86_64-linux-gnu/libEGL.so.1.0.0
7ff7af136000-7ff7af137000 r--p 00027000 08:11 1179661                    /usr/lib/mesa-diverted/x86_64-linux-gnu/libEGL.so.1.0.0
7ff7af137000-7ff7af138000 rw-p 00028000 08:11 1179661                    /usr/lib/mesa-diverted/x86_64-linux-gnu/libEGL.so.1.0.0
7ff7af138000-7ff7af139000 rw-p 00000000 00:00 0 
7ff7af139000-7ff7af13d000 r-xp 00000000 08:11 1184816                    /usr/lib/mesa-diverted/x86_64-linux-gnu/libGLESv1_CM.so.1.1.0
7ff7af13d000-7ff7af33c000 ---p 00004000 08:11 1184816                    /usr/lib/mesa-diverted/x86_64-linux-gnu/libGLESv1_CM.so.1.1.0
7ff7af33c000-7ff7af33d000 r--p 00003000 08:11 1184816                    /usr/lib/mesa-diverted/x86_64-linux-gnu/libGLESv1_CM.so.1.1.0
7ff7af33d000-7ff7af33e000 rw-p 00004000 08:11 1184816                    /usr/lib/mesa-diverted/x86_64-linux-gnu/libGLESv1_CM.so.1.1.0
7ff7af33e000-7ff7af3e3000 r-xp 00000000 08:11 1973321                    /tmp/jogamp_0000/file_cache/jln36398210514781608/jln5826898073298042028/libjogl_desktop.so
7ff7af3e3000-7ff7af5e3000 ---p 000a5000 08:11 1973321                    /tmp/jogamp_0000/file_cache/jln36398210514781608/jln5826898073298042028/libjogl_desktop.so
7ff7af5e3000-7ff7af5e4000 rw-p 000a5000 08:11 1973321                    /tmp/jogamp_0000/file_cache/jln36398210514781608/jln5826898073298042028/libjogl_desktop.so
7ff7af5e4000-7ff7af5f0000 r-xp 00000000 08:11 1317768                    /usr/lib/x86_64-linux-gnu/libdrm.so.2.4.0
7ff7af5f0000-7ff7af7ef000 ---p 0000c000 08:11 1317768                    /usr/lib/x86_64-linux-gnu/libdrm.so.2.4.0
7ff7af7ef000-7ff7af7f0000 r--p 0000b000 08:11 1317768                    /usr/lib/x86_64-linux-gnu/libdrm.so.2.4.0
7ff7af7f0000-7ff7af7f1000 rw-p 0000c000 08:11 1317768                    /usr/lib/x86_64-linux-gnu/libdrm.so.2.4.0
7ff7af7f1000-7ff7af7f2000 r-xp 00000000 08:11 1316882                    /usr/lib/x86_64-linux-gnu/libxshmfence.so.1.0.0
7ff7af7f2000-7ff7af9f1000 ---p 00001000 08:11 1316882                    /usr/lib/x86_64-linux-gnu/libxshmfence.so.1.0.0
7ff7af9f1000-7ff7af9f2000 r--p 00000000 08:11 1316882                    /usr/lib/x86_64-linux-gnu/libxshmfence.so.1.0.0
7ff7af9f2000-7ff7af9f3000 rw-p 00001000 08:11 1316882                    /usr/lib/x86_64-linux-gnu/libxshmfence.so.1.0.0
7ff7af9f3000-7ff7af9f8000 r-xp 00000000 08:11 1315759                    /usr/lib/x86_64-linux-gnu/libxcb-sync.so.1.0.0
7ff7af9f8000-7ff7afbf8000 ---p 00005000 08:11 1315759                    /usr/lib/x86_64-linux-gnu/libxcb-sync.so.1.0.0
7ff7afbf8000-7ff7afbf9000 r--p 00005000 08:11 1315759                    /usr/lib/x86_64-linux-gnu/libxcb-sync.so.1.0.0
7ff7afbf9000-7ff7afbfa000 rw-p 00006000 08:11 1315759                    /usr/lib/x86_64-linux-gnu/libxcb-sync.so.1.0.0
7ff7afbfa000-7ff7afbfc000 r-xp 00000000 08:11 1317437                    /usr/lib/x86_64-linux-gnu/libxcb-present.so.0.0.0
7ff7afbfc000-7ff7afdfb000 ---p 00002000 08:11 1317437                    /usr/lib/x86_64-linux-gnu/libxcb-present.so.0.0.0
7ff7afdfb000-7ff7afdfc000 r--p 00001000 08:11 1317437                    /usr/lib/x86_64-linux-gnu/libxcb-present.so.0.0.0
7ff7afdfc000-7ff7afdfd000 rw-p 00002000 08:11 1317437                    /usr/lib/x86_64-linux-gnu/libxcb-present.so.0.0.0
7ff7afdfd000-7ff7afdff000 r-xp 00000000 08:11 1313718                    /usr/lib/x86_64-linux-gnu/libxcb-dri3.so.0.0.0
7ff7afdff000-7ff7afffe000 ---p 00002000 08:11 1313718                    /usr/lib/x86_64-linux-gnu/libxcb-dri3.so.0.0.0
7ff7afffe000-7ff7affff000 r--p 00001000 08:11 1313718                    /usr/lib/x86_64-linux-gnu/libxcb-dri3.so.0.0.0
7ff7affff000-7ff7b0000000 rw-p 00002000 08:11 1313718                    /usr/lib/x86_64-linux-gnu/libxcb-dri3.so.0.0.0
7ff7b0000000-7ff7b0021000 rw-p 00000000 00:00 0 
7ff7b0021000-7ff7b4000000 ---p 00000000 00:00 0 
7ff7b4000000-7ff7b67f2000 rw-p 00000000 00:00 0 
7ff7b67f2000-7ff7b8000000 ---p 00000000 00:00 0 
7ff7b8000000-7ff7ba9a0000 rw-p 00000000 00:00 0 
7ff7ba9a0000-7ff7bc000000 ---p 00000000 00:00 0 
7ff7bc000000-7ff7bc9ee000 rw-p 00000000 00:00 0 
7ff7bc9ee000-7ff7c0000000 ---p 00000000 00:00 0 
7ff7c0000000-7ff7c0021000 rw-p 00000000 00:00 0 
7ff7c0021000-7ff7c4000000 ---p 00000000 00:00 0 
7ff7c4000000-7ff7c4021000 rw-p 00000000 00:00 0 
7ff7c4021000-7ff7c8000000 ---p 00000000 00:00 0 
7ff7c8000000-7ff7c8027000 rw-p 00000000 00:00 0 
7ff7c8027000-7ff7cc000000 ---p 00000000 00:00 0 
7ff7cc000000-7ff7cc036000 rw-p 00000000 00:00 0 
7ff7cc036000-7ff7d0000000 ---p 00000000 00:00 0 
7ff7d0000000-7ff7d0021000 rw-p 00000000 00:00 0 
7ff7d0021000-7ff7d4000000 ---p 00000000 00:00 0 
7ff7d4000000-7ff7d4021000 rw-p 00000000 00:00 0 
7ff7d4021000-7ff7d8000000 ---p 00000000 00:00 0 
7ff7d8005000-7ff7d800c000 r--s 00000000 08:11 1329829                    /usr/lib/x86_64-linux-gnu/gconv/gconv-modules.cache
7ff7d800c000-7ff7d8023000 r-xp 00000000 08:11 1432196                    /usr/local/lib/libICE.so.6.3.0
7ff7d8023000-7ff7d8025000 rw-p 00016000 08:11 1432196                    /usr/local/lib/libICE.so.6.3.0
7ff7d8025000-7ff7d8028000 rw-p 00000000 00:00 0 
7ff7d8028000-7ff7d802c000 r-xp 00000000 08:11 1312874                    /usr/lib/x86_64-linux-gnu/libxcb-dri2.so.0.0.0
7ff7d802c000-7ff7d822b000 ---p 00004000 08:11 1312874                    /usr/lib/x86_64-linux-gnu/libxcb-dri2.so.0.0.0
7ff7d822b000-7ff7d822c000 r--p 00003000 08:11 1312874                    /usr/lib/x86_64-linux-gnu/libxcb-dri2.so.0.0.0
7ff7d822c000-7ff7d822d000 rw-p 00004000 08:11 1312874                    /usr/lib/x86_64-linux-gnu/libxcb-dri2.so.0.0.0
7ff7d822d000-7ff7d8244000 r-xp 00000000 08:11 1314543                    /usr/lib/x86_64-linux-gnu/libxcb-glx.so.0.0.0
7ff7d8244000-7ff7d8443000 ---p 00017000 08:11 1314543                    /usr/lib/x86_64-linux-gnu/libxcb-glx.so.0.0.0
7ff7d8443000-7ff7d8445000 r--p 00016000 08:11 1314543                    /usr/lib/x86_64-linux-gnu/libxcb-glx.so.0.0.0
7ff7d8445000-7ff7d8446000 rw-p 00018000 08:11 1314543                    /usr/lib/x86_64-linux-gnu/libxcb-glx.so.0.0.0
7ff7d8446000-7ff7d8447000 r-xp 00000000 08:11 1318061                    /usr/lib/x86_64-linux-gnu/libX11-xcb.so.1.0.0
7ff7d8447000-7ff7d8646000 ---p 00001000 08:11 1318061                    /usr/lib/x86_64-linux-gnu/libX11-xcb.so.1.0.0
7ff7d8646000-7ff7d8647000 r--p 00000000 08:11 1318061                    /usr/lib/x86_64-linux-gnu/libX11-xcb.so.1.0.0
7ff7d8647000-7ff7d8648000 rw-p 00001000 08:11 1318061                    /usr/lib/x86_64-linux-gnu/libX11-xcb.so.1.0.0
7ff7d8648000-7ff7d864a000 r-xp 00000000 08:11 1316876                    /usr/lib/x86_64-linux-gnu/libXdamage.so.1.1.0
7ff7d864a000-7ff7d8849000 ---p 00002000 08:11 1316876                    /usr/lib/x86_64-linux-gnu/libXdamage.so.1.1.0
7ff7d8849000-7ff7d884a000 r--p 00001000 08:11 1316876                    /usr/lib/x86_64-linux-gnu/libXdamage.so.1.1.0
7ff7d884a000-7ff7d884b000 rw-p 00002000 08:11 1316876                    /usr/lib/x86_64-linux-gnu/libXdamage.so.1.1.0
7ff7d884b000-7ff7d8870000 r-xp 00000000 08:11 1311159                    /usr/lib/x86_64-linux-gnu/libglapi.so.0.0.0
7ff7d8870000-7ff7d8a70000 ---p 00025000 08:11 1311159                    /usr/lib/x86_64-linux-gnu/libglapi.so.0.0.0
7ff7d8a70000-7ff7d8a73000 r--p 00025000 08:11 1311159                    /usr/lib/x86_64-linux-gnu/libglapi.so.0.0.0
7ff7d8a73000-7ff7d8a74000 rw-p 00028000 08:11 1311159                    /usr/lib/x86_64-linux-gnu/libglapi.so.0.0.0
7ff7d8a74000-7ff7d8a75000 rw-p 00000000 00:00 0 
7ff7d8a75000-7ff7d8a9b000 r-xp 00000000 08:11 393642                     /lib/x86_64-linux-gnu/libexpat.so.1.6.0
7ff7d8a9b000-7ff7d8c9a000 ---p 00026000 08:11 393642                     /lib/x86_64-linux-gnu/libexpat.so.1.6.0
7ff7d8c9a000-7ff7d8c9d000 r--p 00025000 08:11 393642                     /lib/x86_64-linux-gnu/libexpat.so.1.6.0
7ff7d8c9d000-7ff7d8c9e000 rw-p 00028000 08:11 393642                     /lib/x86_64-linux-gnu/libexpat.so.1.6.0
7ff7d8c9e000-7ff7d8d34000 r-xp 00000000 08:11 1179742                    /usr/lib/mesa-diverted/x86_64-linux-gnu/libGL.so.1.2.0
7ff7d8d34000-7ff7d8f33000 ---p 00096000 08:11 1179742                    /usr/lib/mesa-diverted/x86_64-linux-gnu/libGL.so.1.2.0
7ff7d8f33000-7ff7d8f36000 r--p 00095000 08:11 1179742                    /usr/lib/mesa-diverted/x86_64-linux-gnu/libGL.so.1.2.0
7ff7d8f36000-7ff7d8f37000 rw-p 00098000 08:11 1179742                    /usr/lib/mesa-diverted/x86_64-linux-gnu/libGL.so.1.2.0
7ff7d8f37000-7ff7d9138000 rw-p 00000000 00:00 0 
7ff7d9138000-7ff7d913f000 r-xp 00000000 08:11 1973494                    /tmp/jogamp_0000/file_cache/jln36398210514781608/jln5826898073298042028/libnativewindow_x11.so
7ff7d913f000-7ff7d933e000 ---p 00007000 08:11 1973494                    /tmp/jogamp_0000/file_cache/jln36398210514781608/jln5826898073298042028/libnativewindow_x11.so
7ff7d933e000-7ff7d933f000 rw-p 00006000 08:11 1973494                    /tmp/jogamp_0000/file_cache/jln36398210514781608/jln5826898073298042028/libnativewindow_x11.so
7ff7d933f000-7ff7d9344000 r-xp 00000000 08:11 1316626                    /usr/lib/x86_64-linux-gnu/libXxf86vm.so.1.0.0
7ff7d9344000-7ff7d9543000 ---p 00005000 08:11 1316626                    /usr/lib/x86_64-linux-gnu/libXxf86vm.so.1.0.0
7ff7d9543000-7ff7d9544000 r--p 00004000 08:11 1316626                    /usr/lib/x86_64-linux-gnu/libXxf86vm.so.1.0.0
7ff7d9544000-7ff7d9545000 rw-p 00005000 08:11 1316626                    /usr/lib/x86_64-linux-gnu/libXxf86vm.so.1.0.0
7ff7d9546000-7ff7d9547000 rw-p 00000000 00:00 0 
7ff7d9547000-7ff7d955a000 r--s 00344000 08:11 2238871                    /usr/lib/jvm/jdk1.8.0_31/jre/lib/resources.jar
7ff7d955a000-7ff7d9562000 rw-s 00000000 00:04 1384310                    /drm mm object (deleted)
7ff7d9562000-7ff7d956a000 rw-s 00000000 00:04 1385732                    /drm mm object (deleted)
7ff7d956a000-7ff7d9572000 rw-s 00000000 00:04 1386659                    /drm mm object (deleted)
7ff7d9572000-7ff7d957a000 rw-s 00000000 00:04 1384306                    /drm mm object (deleted)
7ff7d957a000-7ff7d9582000 rw-s 00000000 00:04 1386648                    /drm mm object (deleted)
7ff7d9582000-7ff7d9583000 rwxp 00000000 00:00 0 
7ff7d9583000-7ff7d9584000 rw-s 00000000 00:04 1384325                    /drm mm object (deleted)
7ff7d9584000-7ff7d9585000 rw-s 00000000 00:04 1384316                    /drm mm object (deleted)
7ff7d9585000-7ff7d9586000 rw-s 00000000 00:04 1384307                    /drm mm object (deleted)
7ff7d9586000-7ff7d9587000 rw-s 00000000 00:04 1385725                    /drm mm object (deleted)
7ff7d9587000-7ff7d9588000 rw-s 00000000 00:04 1385720                    /drm mm object (deleted)
7ff7d9588000-7ff7d9589000 rw-s 00000000 00:04 1386660                    /drm mm object (deleted)
7ff7d9589000-7ff7d958a000 rw-s 00000000 00:04 1386649                    /drm mm object (deleted)
7ff7d958a000-7ff7d958b000 rw-s 00000000 00:04 1384850                    /drm mm object (deleted)
7ff7d958b000-7ff7d958c000 rw-s 00000000 00:04 1384845                    /drm mm object (deleted)
7ff7d958c000-7ff7d9594000 rw-s 00000000 00:04 1384844                    /drm mm object (deleted)
7ff7d9594000-7ff7d9596000 r-xp 00000000 08:11 1973400                    /tmp/jogamp_0000/file_cache/jln36398210514781608/jln5826898073298042028/libnativewindow_awt.so
7ff7d9596000-7ff7d9795000 ---p 00002000 08:11 1973400                    /tmp/jogamp_0000/file_cache/jln36398210514781608/jln5826898073298042028/libnativewindow_awt.so
7ff7d9795000-7ff7d9796000 rw-p 00001000 08:11 1973400                    /tmp/jogamp_0000/file_cache/jln36398210514781608/jln5826898073298042028/libnativewindow_awt.so
7ff7d9796000-7ff7d9797000 r-xp 00000000 08:11 2240464                    /usr/lib/jvm/jdk1.8.0_31/jre/lib/amd64/libjawt.so
7ff7d9797000-7ff7d9996000 ---p 00001000 08:11 2240464                    /usr/lib/jvm/jdk1.8.0_31/jre/lib/amd64/libjawt.so
7ff7d9996000-7ff7d9997000 rw-p 00000000 08:11 2240464                    /usr/lib/jvm/jdk1.8.0_31/jre/lib/amd64/libjawt.so
7ff7d9997000-7ff7d9999000 r-xp 00000000 08:11 1973320                    /tmp/jogamp_0000/file_cache/jln36398210514781608/jln5826898073298042028/libgluegen-rt.so
7ff7d9999000-7ff7d9b98000 ---p 00002000 08:11 1973320                    /tmp/jogamp_0000/file_cache/jln36398210514781608/jln5826898073298042028/libgluegen-rt.so
7ff7d9b98000-7ff7d9b99000 rw-p 00001000 08:11 1973320                    /tmp/jogamp_0000/file_cache/jln36398210514781608/jln5826898073298042028/libgluegen-rt.so
7ff7d9b99000-7ff7d9b9c000 ---p 00000000 00:00 0 
7ff7d9b9c000-7ff7d9c9a000 rw-p 00000000 00:00 0                          [stack:19430]
7ff7d9c9a000-7ff7d9cab000 r-xp 00000000 08:11 2240484                    /usr/lib/jvm/jdk1.8.0_31/jre/lib/amd64/libnio.so
7ff7d9cab000-7ff7d9eaa000 ---p 00011000 08:11 2240484                    /usr/lib/jvm/jdk1.8.0_31/jre/lib/amd64/libnio.so
7ff7d9eaa000-7ff7d9eab000 rw-p 00010000 08:11 2240484                    /usr/lib/jvm/jdk1.8.0_31/jre/lib/amd64/libnio.so
7ff7d9eab000-7ff7da1ac000 rw-p 00000000 00:00 0 
7ff7da1ac000-7ff7da1c2000 r-xp 00000000 08:11 2240476                    /usr/lib/jvm/jdk1.8.0_31/jre/lib/amd64/libnet.so
7ff7da1c2000-7ff7da3c2000 ---p 00016000 08:11 2240476                    /usr/lib/jvm/jdk1.8.0_31/jre/lib/amd64/libnet.so
7ff7da3c2000-7ff7da3c3000 rw-p 00016000 08:11 2240476                    /usr/lib/jvm/jdk1.8.0_31/jre/lib/amd64/libnet.so
7ff7da3c3000-7ff7da3c6000 ---p 00000000 00:00 0 
7ff7da3c6000-7ff7da5fc000 rw-p 00000000 00:00 0                          [stack:19425]
7ff7da5fc000-7ff7da60a000 r--s 000f3000 08:11 3961956                    /home/kof/processing-git/build/linux/work/lib/pde.jar
7ff7da60a000-7ff7da61e000 r--s 00141000 08:11 3961955                    /home/kof/processing-git/build/linux/work/lib/org.eclipse.osgi_3.8.1.v20120830-144521.jar
7ff7da61e000-7ff7da621000 ---p 00000000 00:00 0 
7ff7da621000-7ff7da71f000 rw-p 00000000 00:00 0                          [stack:19421]
7ff7da71f000-7ff7da722000 ---p 00000000 00:00 0 
7ff7da722000-7ff7da820000 rw-p 00000000 00:00 0                          [stack:19420]
7ff7da820000-7ff7da823000 ---p 00000000 00:00 0 
7ff7da823000-7ff7da921000 rw-p 00000000 00:00 0                          [stack:19419]
7ff7da921000-7ff7da924000 ---p 00000000 00:00 0 
7ff7da924000-7ff7dac22000 rw-p 00000000 00:00 0 
7ff7dac22000-7ff7dac25000 ---p 00000000 00:00 0 
7ff7dac25000-7ff7dad23000 rw-p 00000000 00:00 0 
7ff7dad23000-7ff7dad26000 ---p 00000000 00:00 0 
7ff7dad26000-7ff7dae24000 rw-p 00000000 00:00 0                          [stack:19412]
7ff7dae24000-7ff7dae29000 r-xp 00000000 08:11 1314833                    /usr/lib/x86_64-linux-gnu/libXfixes.so.3.1.0
7ff7dae29000-7ff7db028000 ---p 00005000 08:11 1314833                    /usr/lib/x86_64-linux-gnu/libXfixes.so.3.1.0
7ff7db028000-7ff7db029000 r--p 00004000 08:11 1314833                    /usr/lib/x86_64-linux-gnu/libXfixes.so.3.1.0
7ff7db029000-7ff7db02a000 rw-p 00005000 08:11 1314833                    /usr/lib/x86_64-linux-gnu/libXfixes.so.3.1.0
7ff7db02a000-7ff7db034000 r-xp 00000000 08:11 1314983                    /usr/lib/x86_64-linux-gnu/libXcursor.so.1.0.2
7ff7db034000-7ff7db233000 ---p 0000a000 08:11 1314983                    /usr/lib/x86_64-linux-gnu/libXcursor.so.1.0.2
7ff7db233000-7ff7db234000 r--p 00009000 08:11 1314983                    /usr/lib/x86_64-linux-gnu/libXcursor.so.1.0.2
7ff7db234000-7ff7db235000 rw-p 0000a000 08:11 1314983                    /usr/lib/x86_64-linux-gnu/libXcursor.so.1.0.2
7ff7db235000-7ff7db238000 ---p 00000000 00:00 0 
7ff7db238000-7ff7db336000 rw-p 00000000 00:00 0                          [stack:19411]
7ff7db336000-7ff7db34c000 r-xp 00000000 08:11 393871                     /lib/x86_64-linux-gnu/libgcc_s.so.1
7ff7db34c000-7ff7db54b000 ---p 00016000 08:11 393871                     /lib/x86_64-linux-gnu/libgcc_s.so.1
7ff7db54b000-7ff7db54c000 rw-p 00015000 08:11 393871                     /lib/x86_64-linux-gnu/libgcc_s.so.1
7ff7db54c000-7ff7db5b1000 r-xp 00000000 08:11 2240446                    /usr/lib/jvm/jdk1.8.0_31/jre/lib/amd64/libfontmanager.so
7ff7db5b1000-7ff7db7b0000 ---p 00065000 08:11 2240446                    /usr/lib/jvm/jdk1.8.0_31/jre/lib/amd64/libfontmanager.so
7ff7db7b0000-7ff7db7b4000 rw-p 00064000 08:11 2240446                    /usr/lib/jvm/jdk1.8.0_31/jre/lib/amd64/libfontmanager.so
7ff7db7b4000-7ff7db7c5000 rw-p 00000000 00:00 0 
7ff7db7c5000-7ff7db7ca000 r-xp 00000000 08:11 1314306                    /usr/lib/x86_64-linux-gnu/libXdmcp.so.6.0.0
7ff7db7ca000-7ff7db9c9000 ---p 00005000 08:11 1314306                    /usr/lib/x86_64-linux-gnu/libXdmcp.so.6.0.0
7ff7db9c9000-7ff7db9ca000 rw-p 00004000 08:11 1314306                    /usr/lib/x86_64-linux-gnu/libXdmcp.so.6.0.0
7ff7db9ca000-7ff7db9cd000 r-xp 00000000 08:11 1318046                    /usr/lib/x86_64-linux-gnu/libXau.so.6.0.0
7ff7db9cd000-7ff7dbbcc000 ---p 00003000 08:11 1318046                    /usr/lib/x86_64-linux-gnu/libXau.so.6.0.0
7ff7dbbcc000-7ff7dbbcd000 r--p 00002000 08:11 1318046                    /usr/lib/x86_64-linux-gnu/libXau.so.6.0.0
7ff7dbbcd000-7ff7dbbce000 rw-p 00003000 08:11 1318046                    /usr/lib/x86_64-linux-gnu/libXau.so.6.0.0
7ff7dbbce000-7ff7dbbef000 r-xp 00000000 08:11 1313271                    /usr/lib/x86_64-linux-gnu/libxcb.so.1.1.0
7ff7dbbef000-7ff7dbdee000 ---p 00021000 08:11 1313271                    /usr/lib/x86_64-linux-gnu/libxcb.so.1.1.0
7ff7dbdee000-7ff7dbdef000 r--p 00020000 08:11 1313271                    /usr/lib/x86_64-linux-gnu/libxcb.so.1.1.0
7ff7dbdef000-7ff7dbdf0000 rw-p 00021000 08:11 1313271                    /usr/lib/x86_64-linux-gnu/libxcb.so.1.1.0
7ff7dbdf0000-7ff7dbdff000 r-xp 00000000 08:11 1316875                    /usr/lib/x86_64-linux-gnu/libXi.so.6.1.0
7ff7dbdff000-7ff7dbffe000 ---p 0000f000 08:11 1316875                    /usr/lib/x86_64-linux-gnu/libXi.so.6.1.0
7ff7dbffe000-7ff7dbfff000 r--p 0000e000 08:11 1316875                    /usr/lib/x86_64-linux-gnu/libXi.so.6.1.0
7ff7dbfff000-7ff7dc000000 rw-p 0000f000 08:11 1316875                    /usr/lib/x86_64-linux-gnu/libXi.so.6.1.0
7ff7dc000000-7ff7dc2d2000 rw-p 00000000 00:00 0 
7ff7dc2d2000-7ff7e0000000 ---p 00000000 00:00 0 
7ff7e0000000-7ff7e0021000 rw-p 00000000 00:00 0 
7ff7e0021000-7ff7e4000000 ---p 00000000 00:00 0 
7ff7e4000000-7ff7e48ba000 rw-p 00000000 00:00 0 
7ff7e48ba000-7ff7e8000000 ---p 00000000 00:00 0 
7ff7e8000000-7ff7e8385000 rw-p 00000000 00:00 0 
7ff7e8385000-7ff7ec000000 ---p 00000000 00:00 0 
7ff7ec000000-7ff7ec021000 rw-p 00000000 00:00 0 
7ff7ec021000-7ff7f0000000 ---p 00000000 00:00 0 
7ff7f0000000-7ff7f0021000 rw-p 00000000 00:00 0 
7ff7f0021000-7ff7f4000000 ---p 00000000 00:00 0 
7ff7f4000000-7ff7f4021000 rw-p 00000000 00:00 0 
7ff7f4021000-7ff7f8000000 ---p 00000000 00:00 0 
7ff7f8000000-7ff7f8021000 rw-p 00000000 00:00 0 
7ff7f8021000-7ff7fc000000 ---p 00000000 00:00 0 
7ff7fc000000-7ff7fc021000 rw-p 00000000 00:00 0 
7ff7fc021000-7ff800000000 ---p 00000000 00:00 0 
7ff800000000-7ff800021000 rw-p 00000000 00:00 0 
7ff800021000-7ff804000000 ---p 00000000 00:00 0 
7ff804000000-7ff804021000 rw-p 00000000 00:00 0 
7ff804021000-7ff808000000 ---p 00000000 00:00 0 
7ff808000000-7ff808021000 rw-p 00000000 00:00 0 
7ff808021000-7ff80c000000 ---p 00000000 00:00 0 
7ff80c000000-7ff80c021000 rw-p 00000000 00:00 0 
7ff80c021000-7ff810000000 ---p 00000000 00:00 0 
7ff810000000-7ff810021000 rw-p 00000000 00:00 0 
7ff810021000-7ff814000000 ---p 00000000 00:00 0 
7ff814000000-7ff814021000 rw-p 00000000 00:00 0 
7ff814021000-7ff818000000 ---p 00000000 00:00 0 
7ff818000000-7ff818004000 r--s 00094000 08:11 2238884                    /usr/lib/jvm/jdk1.8.0_31/jre/lib/jsse.jar
7ff818004000-7ff818018000 r--s 00127000 08:11 3961953                    /home/kof/processing-git/build/linux/work/lib/jna.jar
7ff818018000-7ff818025000 r--s 000c6000 08:11 3961908                    /home/kof/processing-git/build/linux/work/lib/jdimodel.jar
7ff818025000-7ff818061000 r--s 00629000 08:11 3961905                    /home/kof/processing-git/build/linux/work/lib/com.ibm.icu_4.4.2.v20110823.jar
7ff818061000-7ff818066000 r-xp 00000000 08:11 1316638                    /usr/lib/x86_64-linux-gnu/libXtst.so.6.1.0
7ff818066000-7ff818265000 ---p 00005000 08:11 1316638                    /usr/lib/x86_64-linux-gnu/libXtst.so.6.1.0
7ff818265000-7ff818266000 r--p 00004000 08:11 1316638                    /usr/lib/x86_64-linux-gnu/libXtst.so.6.1.0
7ff818266000-7ff818267000 rw-p 00005000 08:11 1316638                    /usr/lib/x86_64-linux-gnu/libXtst.so.6.1.0
7ff818267000-7ff818270000 r-xp 00000000 08:11 1315494                    /usr/lib/x86_64-linux-gnu/libXrender.so.1.3.0
7ff818270000-7ff81846f000 ---p 00009000 08:11 1315494                    /usr/lib/x86_64-linux-gnu/libXrender.so.1.3.0
7ff81846f000-7ff818470000 r--p 00008000 08:11 1315494                    /usr/lib/x86_64-linux-gnu/libXrender.so.1.3.0
7ff818470000-7ff818471000 rw-p 00009000 08:11 1315494                    /usr/lib/x86_64-linux-gnu/libXrender.so.1.3.0
7ff818471000-7ff8185ad000 r-xp 00000000 08:11 1313346                    /usr/lib/x86_64-linux-gnu/libX11.so.6.3.0
7ff8185ad000-7ff8187ac000 ---p 0013c000 08:11 1313346                    /usr/lib/x86_64-linux-gnu/libX11.so.6.3.0
7ff8187ac000-7ff8187ae000 r--p 0013b000 08:11 1313346                    /usr/lib/x86_64-linux-gnu/libX11.so.6.3.0
7ff8187ae000-7ff8187b3000 rw-p 0013d000 08:11 1313346                    /usr/lib/x86_64-linux-gnu/libX11.so.6.3.0
7ff8187b3000-7ff8187b4000 rw-p 00000000 00:00 0 
7ff8187b4000-7ff8187c5000 r-xp 00000000 08:11 1314987                    /usr/lib/x86_64-linux-gnu/libXext.so.6.4.0
7ff8187c5000-7ff8189c4000 ---p 00011000 08:11 1314987                    /usr/lib/x86_64-linux-gnu/libXext.so.6.4.0
7ff8189c4000-7ff8189c5000 r--p 00010000 08:11 1314987                    /usr/lib/x86_64-linux-gnu/libXext.so.6.4.0
7ff8189c5000-7ff8189c6000 rw-p 00011000 08:11 1314987                    /usr/lib/x86_64-linux-gnu/libXext.so.6.4.0
7ff8189c6000-7ff8189c9000 r--s 00041000 08:11 3961954                    /home/kof/processing-git/build/linux/work/lib/org-netbeans-swing-outline.jar
7ff8189c9000-7ff8189cd000 r--s 0000e000 08:11 3961907                    /home/kof/processing-git/build/linux/work/lib/jdi.jar
7ff8189cd000-7ff8189d2000 r--s 00068000 08:11 3961904                    /home/kof/processing-git/build/linux/work/lib/antlr.jar
7ff8189d2000-7ff8189f0000 r--s 001bb000 08:11 3961903                    /home/kof/processing-git/build/linux/work/lib/ant.jar
7ff8189f0000-7ff8189f2000 r--s 00002000 08:11 3961901                    /home/kof/processing-git/build/linux/work/lib/ant-launcher.jar
7ff8189f2000-7ff818a15000 r--s 002ec000 08:11 3961895                    /home/kof/processing-git/build/linux/work/core/library/jogl-all.jar
7ff818a15000-7ff818a69000 r-xp 00000000 08:11 2240494                    /usr/lib/jvm/jdk1.8.0_31/jre/lib/amd64/libawt_xawt.so
7ff818a69000-7ff818c69000 ---p 00054000 08:11 2240494                    /usr/lib/jvm/jdk1.8.0_31/jre/lib/amd64/libawt_xawt.so
7ff818c69000-7ff818c6d000 rw-p 00054000 08:11 2240494                    /usr/lib/jvm/jdk1.8.0_31/jre/lib/amd64/libawt_xawt.so
7ff818c6d000-7ff818c6e000 rw-p 00000000 00:00 0 
7ff818c6e000-7ff818d10000 r-xp 00000000 08:11 2240462                    /usr/lib/jvm/jdk1.8.0_31/jre/lib/amd64/libawt.so
7ff818d10000-7ff818f10000 ---p 000a2000 08:11 2240462                    /usr/lib/jvm/jdk1.8.0_31/jre/lib/amd64/libawt.so
7ff818f10000-7ff818f1c000 rw-p 000a2000 08:11 2240462                    /usr/lib/jvm/jdk1.8.0_31/jre/lib/amd64/libawt.so
7ff818f1c000-7ff818f40000 rw-p 00000000 00:00 0 
7ff818f40000-7ff818f41000 ---p 00000000 00:00 0 
7ff818f41000-7ff819041000 rw-p 00000000 00:00 0                          [stack:19406]
7ff819041000-7ff819044000 ---p 00000000 00:00 0 
7ff819044000-7ff819142000 rw-p 00000000 00:00 0                          [stack:19405]
7ff819142000-7ff819145000 ---p 00000000 00:00 0 
7ff819145000-7ff819243000 rw-p 00000000 00:00 0                          [stack:19404]
7ff819243000-7ff819246000 ---p 00000000 00:00 0 
7ff819246000-7ff819344000 rw-p 00000000 00:00 0                          [stack:19403]
7ff819344000-7ff819347000 ---p 00000000 00:00 0 
7ff819347000-7ff819445000 rw-p 00000000 00:00 0                          [stack:19402]
7ff819445000-7ff819448000 ---p 00000000 00:00 0 
7ff819448000-7ff819546000 rw-p 00000000 00:00 0                          [stack:19396]
7ff819546000-7ff819549000 ---p 00000000 00:00 0 
7ff819549000-7ff819647000 rw-p 00000000 00:00 0                          [stack:19393]
7ff819647000-7ff81964a000 ---p 00000000 00:00 0 
7ff81964a000-7ff819748000 rw-p 00000000 00:00 0                          [stack:19392]
7ff819748000-7ff81974c000 r-xp 00000000 08:11 2240426                    /usr/lib/jvm/jdk1.8.0_31/jre/lib/amd64/libdt_socket.so
7ff81974c000-7ff81994b000 ---p 00004000 08:11 2240426                    /usr/lib/jvm/jdk1.8.0_31/jre/lib/amd64/libdt_socket.so
7ff81994b000-7ff81994c000 rw-p 00003000 08:11 2240426                    /usr/lib/jvm/jdk1.8.0_31/jre/lib/amd64/libdt_socket.so
7ff81994c000-7ff81994f000 ---p 00000000 00:00 0 
7ff81994f000-7ff819a4d000 rw-p 00000000 00:00 0                          [stack:19391]
7ff819a4d000-7ff819a50000 ---p 00000000 00:00 0 
7ff819a50000-7ff819b4e000 rw-p 00000000 00:00 0                          [stack:19390]
7ff819b4e000-7ff819b51000 ---p 00000000 00:00 0 
7ff819b51000-7ff819c4f000 rw-p 00000000 00:00 0                          [stack:19389]
7ff819c4f000-7ff819c50000 ---p 00000000 00:00 0 
7ff819c50000-7ff81d000000 rw-p 00000000 00:00 0                          [stack:19388]
7ff81d000000-7ff81d630000 rwxp 00000000 00:00 0 
7ff81d630000-7ff82c000000 ---p 00000000 00:00 0 
7ff82c000000-7ff82c453000 rw-p 00000000 00:00 0 
7ff82c453000-7ff830000000 ---p 00000000 00:00 0 
7ff830000000-7ff830001000 r--p 00000000 00:00 0 
7ff830001000-7ff830002000 r--s 00002000 08:11 3962091                    /home/kof/processing-git/build/linux/work/modes/java/libraries/minim/library/tritonus_aos.jar
7ff830002000-7ff830005000 r--s 00017000 08:11 3962092                    /home/kof/processing-git/build/linux/work/modes/java/libraries/minim/library/tritonus_share.jar
7ff830005000-7ff830008000 r--s 00016000 08:11 3962089                    /home/kof/processing-git/build/linux/work/modes/java/libraries/minim/library/minim.jar
7ff830008000-7ff83000b000 r--s 00017000 08:11 3962087                    /home/kof/processing-git/build/linux/work/modes/java/libraries/minim/library/jl1.0.jar
7ff83000b000-7ff83000d000 r--s 0000a000 08:11 3962088                    /home/kof/processing-git/build/linux/work/modes/java/libraries/minim/library/jsminim.jar
7ff83000d000-7ff83000e000 r--s 00005000 08:11 3962090                    /home/kof/processing-git/build/linux/work/modes/java/libraries/minim/library/mp3spi1.9.4.jar
7ff83000e000-7ff83000f000 r--s 00023000 08:11 3961890                    /home/kof/processing-git/build/linux/work/core/library/jogl-all-natives-linux-armv6hf.jar
7ff83000f000-7ff830010000 r--s 00001000 08:11 3961887                    /home/kof/processing-git/build/linux/work/core/library/gluegen-rt-natives-windows-i586.jar
7ff830010000-7ff830011000 r--s 0002d000 08:11 3961894                    /home/kof/processing-git/build/linux/work/core/library/jogl-all-natives-windows-i586.jar
7ff830011000-7ff830012000 r--s 0002d000 08:11 3961891                    /home/kof/processing-git/build/linux/work/core/library/jogl-all-natives-linux-i586.jar
7ff830012000-7ff830013000 r--s 00064000 08:11 3961892                    /home/kof/processing-git/build/linux/work/core/library/jogl-all-natives-macosx-universal.jar
7ff830013000-7ff830015000 r--s 00000000 08:11 3961884                    /home/kof/processing-git/build/linux/work/core/library/gluegen-rt-natives-linux-i586.jar
7ff830015000-7ff830016000 r--s 00001000 08:11 3961886                    /home/kof/processing-git/build/linux/work/core/library/gluegen-rt-natives-windows-amd64.jar
7ff830016000-7ff830018000 r--s 00034000 08:11 3961893                    /home/kof/processing-git/build/linux/work/core/library/jogl-all-natives-windows-amd64.jar
7ff830018000-7ff83001e000 r--s 000b1000 08:11 3961880                    /home/kof/processing-git/build/linux/work/core/library/core.jar
7ff83001e000-7ff830020000 r--s 00000000 08:11 3961882                    /home/kof/processing-git/build/linux/work/core/library/gluegen-rt-natives-linux-amd64.jar
7ff830020000-7ff830344000 rw-p 00000000 00:00 0 
7ff830344000-7ff83051a000 r--s 03cae000 08:11 2238858                    /usr/lib/jvm/jdk1.8.0_31/jre/lib/rt.jar
7ff83051a000-7ff830772000 rw-p 00000000 00:00 0 
7ff830772000-7ff830773000 ---p 00000000 00:00 0 
7ff830773000-7ff830873000 rw-p 00000000 00:00 0                          [stack:19387]
7ff830873000-7ff830874000 ---p 00000000 00:00 0 
7ff830874000-7ff830974000 rw-p 00000000 00:00 0                          [stack:19386]
7ff830974000-7ff830975000 ---p 00000000 00:00 0 
7ff830975000-7ff830a75000 rw-p 00000000 00:00 0                          [stack:19385]
7ff830a75000-7ff830a76000 ---p 00000000 00:00 0 
7ff830a76000-7ff830b8b000 rw-p 00000000 00:00 0                          [stack:19384]
7ff830b8b000-7ff830cb8000 ---p 00000000 00:00 0 
7ff830cb8000-7ff830ccd000 rw-p 00000000 00:00 0 
7ff830ccd000-7ff830df9000 ---p 00000000 00:00 0 
7ff830df9000-7ff830e0c000 rw-p 00000000 00:00 0 
7ff830e0c000-7ff830e9a000 ---p 00000000 00:00 0 
7ff830e9a000-7ff830eb4000 rw-p 00000000 00:00 0 
7ff830eb4000-7ff83125b000 ---p 00000000 00:00 0 
7ff83125b000-7ff831275000 r-xp 00000000 08:11 2240468                    /usr/lib/jvm/jdk1.8.0_31/jre/lib/amd64/libzip.so
7ff831275000-7ff831475000 ---p 0001a000 08:11 2240468                    /usr/lib/jvm/jdk1.8.0_31/jre/lib/amd64/libzip.so
7ff831475000-7ff831476000 rw-p 0001a000 08:11 2240468                    /usr/lib/jvm/jdk1.8.0_31/jre/lib/amd64/libzip.so
7ff831476000-7ff831481000 r-xp 00000000 08:11 393930                     /lib/x86_64-linux-gnu/libnss_files-2.19.so
7ff831481000-7ff831680000 ---p 0000b000 08:11 393930                     /lib/x86_64-linux-gnu/libnss_files-2.19.so
7ff831680000-7ff831681000 r--p 0000a000 08:11 393930                     /lib/x86_64-linux-gnu/libnss_files-2.19.so
7ff831681000-7ff831682000 rw-p 0000b000 08:11 393930                     /lib/x86_64-linux-gnu/libnss_files-2.19.so
7ff831682000-7ff83168c000 r-xp 00000000 08:11 393934                     /lib/x86_64-linux-gnu/libnss_nis-2.19.so
7ff83168c000-7ff83188b000 ---p 0000a000 08:11 393934                     /lib/x86_64-linux-gnu/libnss_nis-2.19.so
7ff83188b000-7ff83188c000 r--p 00009000 08:11 393934                     /lib/x86_64-linux-gnu/libnss_nis-2.19.so
7ff83188c000-7ff83188d000 rw-p 0000a000 08:11 393934                     /lib/x86_64-linux-gnu/libnss_nis-2.19.so
7ff83188d000-7ff8318a2000 r-xp 00000000 08:11 393924                     /lib/x86_64-linux-gnu/libnsl-2.19.so
7ff8318a2000-7ff831aa1000 ---p 00015000 08:11 393924                     /lib/x86_64-linux-gnu/libnsl-2.19.so
7ff831aa1000-7ff831aa2000 r--p 00014000 08:11 393924                     /lib/x86_64-linux-gnu/libnsl-2.19.so
7ff831aa2000-7ff831aa3000 rw-p 00015000 08:11 393924                     /lib/x86_64-linux-gnu/libnsl-2.19.so
7ff831aa3000-7ff831aa5000 rw-p 00000000 00:00 0 
7ff831aa5000-7ff831aac000 r-xp 00000000 08:11 393926                     /lib/x86_64-linux-gnu/libnss_compat-2.19.so
7ff831aac000-7ff831cab000 ---p 00007000 08:11 393926                     /lib/x86_64-linux-gnu/libnss_compat-2.19.so
7ff831cab000-7ff831cac000 r--p 00006000 08:11 393926                     /lib/x86_64-linux-gnu/libnss_compat-2.19.so
7ff831cac000-7ff831cad000 rw-p 00007000 08:11 393926                     /lib/x86_64-linux-gnu/libnss_compat-2.19.so
7ff831cad000-7ff832398000 r--p 00000000 08:11 1220119                    /usr/lib/locale/locale-archive
7ff832398000-7ff83239a000 r-xp 00000000 08:11 2240428                    /usr/lib/jvm/jdk1.8.0_31/jre/lib/amd64/libnpt.so
7ff83239a000-7ff83259a000 ---p 00002000 08:11 2240428                    /usr/lib/jvm/jdk1.8.0_31/jre/lib/amd64/libnpt.so
7ff83259a000-7ff83259b000 rw-p 00002000 08:11 2240428                    /usr/lib/jvm/jdk1.8.0_31/jre/lib/amd64/libnpt.so
7ff83259b000-7ff8325d4000 r-xp 00000000 08:11 2240450                    /usr/lib/jvm/jdk1.8.0_31/jre/lib/amd64/libjdwp.so
7ff8325d4000-7ff8327d3000 ---p 00039000 08:11 2240450                    /usr/lib/jvm/jdk1.8.0_31/jre/lib/amd64/libjdwp.so
7ff8327d3000-7ff8327d5000 rw-p 00038000 08:11 2240450                    /usr/lib/jvm/jdk1.8.0_31/jre/lib/amd64/libjdwp.so
7ff8327d5000-7ff8327ff000 r-xp 00000000 08:11 2240458                    /usr/lib/jvm/jdk1.8.0_31/jre/lib/amd64/libjava.so
7ff8327ff000-7ff8329ff000 ---p 0002a000 08:11 2240458                    /usr/lib/jvm/jdk1.8.0_31/jre/lib/amd64/libjava.so
7ff8329ff000-7ff832a01000 rw-p 0002a000 08:11 2240458                    /usr/lib/jvm/jdk1.8.0_31/jre/lib/amd64/libjava.so
7ff832a01000-7ff832a0e000 r-xp 00000000 08:11 2240466                    /usr/lib/jvm/jdk1.8.0_31/jre/lib/amd64/libverify.so
7ff832a0e000-7ff832c0e000 ---p 0000d000 08:11 2240466                    /usr/lib/jvm/jdk1.8.0_31/jre/lib/amd64/libverify.so
7ff832c0e000-7ff832c10000 rw-p 0000d000 08:11 2240466                    /usr/lib/jvm/jdk1.8.0_31/jre/lib/amd64/libverify.so
7ff832c10000-7ff832c17000 r-xp 00000000 08:11 393943                     /lib/x86_64-linux-gnu/librt-2.19.so
7ff832c17000-7ff832e16000 ---p 00007000 08:11 393943                     /lib/x86_64-linux-gnu/librt-2.19.so
7ff832e16000-7ff832e17000 r--p 00006000 08:11 393943                     /lib/x86_64-linux-gnu/librt-2.19.so
7ff832e17000-7ff832e18000 rw-p 00007000 08:11 393943                     /lib/x86_64-linux-gnu/librt-2.19.so
7ff832e18000-7ff832f18000 r-xp 00000000 08:11 393920                     /lib/x86_64-linux-gnu/libm-2.19.so
7ff832f18000-7ff833117000 ---p 00100000 08:11 393920                     /lib/x86_64-linux-gnu/libm-2.19.so
7ff833117000-7ff833118000 r--p 000ff000 08:11 393920                     /lib/x86_64-linux-gnu/libm-2.19.so
7ff833118000-7ff833119000 rw-p 00100000 08:11 393920                     /lib/x86_64-linux-gnu/libm-2.19.so
7ff833119000-7ff833d87000 r-xp 00000000 08:11 2240518                    /usr/lib/jvm/jdk1.8.0_31/jre/lib/amd64/server/libjvm.so
7ff833d87000-7ff833f86000 ---p 00c6e000 08:11 2240518                    /usr/lib/jvm/jdk1.8.0_31/jre/lib/amd64/server/libjvm.so
7ff833f86000-7ff83405c000 rw-p 00c6d000 08:11 2240518                    /usr/lib/jvm/jdk1.8.0_31/jre/lib/amd64/server/libjvm.so
7ff83405c000-7ff83409f000 rw-p 00000000 00:00 0 
7ff83409f000-7ff83423e000 r-xp 00000000 08:11 393896                     /lib/x86_64-linux-gnu/libc-2.19.so
7ff83423e000-7ff83443e000 ---p 0019f000 08:11 393896                     /lib/x86_64-linux-gnu/libc-2.19.so
7ff83443e000-7ff834442000 r--p 0019f000 08:11 393896                     /lib/x86_64-linux-gnu/libc-2.19.so
7ff834442000-7ff834444000 rw-p 001a3000 08:11 393896                     /lib/x86_64-linux-gnu/libc-2.19.so
7ff834444000-7ff834448000 rw-p 00000000 00:00 0 
7ff834448000-7ff83444b000 r-xp 00000000 08:11 393918                     /lib/x86_64-linux-gnu/libdl-2.19.so
7ff83444b000-7ff83464a000 ---p 00003000 08:11 393918                     /lib/x86_64-linux-gnu/libdl-2.19.so
7ff83464a000-7ff83464b000 r--p 00002000 08:11 393918                     /lib/x86_64-linux-gnu/libdl-2.19.so
7ff83464b000-7ff83464c000 rw-p 00003000 08:11 393918                     /lib/x86_64-linux-gnu/libdl-2.19.so
7ff83464c000-7ff834661000 r-xp 00000000 08:11 2238630                    /usr/lib/jvm/jdk1.8.0_31/lib/amd64/jli/libjli.so
7ff834661000-7ff834860000 ---p 00015000 08:11 2238630                    /usr/lib/jvm/jdk1.8.0_31/lib/amd64/jli/libjli.so
7ff834860000-7ff834861000 rw-p 00014000 08:11 2238630                    /usr/lib/jvm/jdk1.8.0_31/lib/amd64/jli/libjli.so
7ff834861000-7ff834879000 r-xp 00000000 08:11 393668                     /lib/x86_64-linux-gnu/libpthread-2.19.so
7ff834879000-7ff834a78000 ---p 00018000 08:11 393668                     /lib/x86_64-linux-gnu/libpthread-2.19.so
7ff834a78000-7ff834a79000 r--p 00017000 08:11 393668                     /lib/x86_64-linux-gnu/libpthread-2.19.so
7ff834a79000-7ff834a7a000 rw-p 00018000 08:11 393668                     /lib/x86_64-linux-gnu/libpthread-2.19.so
7ff834a7a000-7ff834a7e000 rw-p 00000000 00:00 0 
7ff834a7e000-7ff834a9e000 r-xp 00000000 08:11 393845                     /lib/x86_64-linux-gnu/ld-2.19.so
7ff834a9e000-7ff834b48000 rw-p 00000000 00:00 0 
7ff834b48000-7ff834b4b000 ---p 00000000 00:00 0 
7ff834b4b000-7ff834c4d000 rw-p 00000000 00:00 0                          [stack:19383]
7ff834c4d000-7ff834c4e000 r--s 00001000 08:11 3961885                    /home/kof/processing-git/build/linux/work/core/library/gluegen-rt-natives-macosx-universal.jar
7ff834c4e000-7ff834c4f000 r--s 00000000 08:11 3961883                    /home/kof/processing-git/build/linux/work/core/library/gluegen-rt-natives-linux-armv6hf.jar
7ff834c4f000-7ff834c50000 r--s 0002f000 08:11 3961889                    /home/kof/processing-git/build/linux/work/core/library/jogl-all-natives-linux-amd64.jar
7ff834c50000-7ff834c56000 r--s 00041000 08:11 3961888                    /home/kof/processing-git/build/linux/work/core/library/gluegen-rt.jar
7ff834c56000-7ff834c92000 rw-p 00000000 00:00 0 
7ff834c92000-7ff834c9a000 rw-s 00000000 08:11 1969670                    /tmp/hsperfdata_kof/19381
7ff834c9a000-7ff834c9b000 rw-p 00000000 00:00 0 
7ff834c9b000-7ff834c9c000 r--p 00000000 00:00 0 
7ff834c9c000-7ff834c9e000 rw-p 00000000 00:00 0 
7ff834c9e000-7ff834c9f000 r--p 00020000 08:11 393845                     /lib/x86_64-linux-gnu/ld-2.19.so
7ff834c9f000-7ff834ca0000 rw-p 00021000 08:11 393845                     /lib/x86_64-linux-gnu/ld-2.19.so
7ff834ca0000-7ff834ca1000 rw-p 00000000 00:00 0 
7fff7bb0f000-7fff7bb32000 rw-p 00000000 00:00 0                          [stack]
7fff7bbfc000-7fff7bbfe000 r-xp 00000000 00:00 0                          [vdso]
7fff7bbfe000-7fff7bc00000 r--p 00000000 00:00 0                          [vvar]
ffffffffff600000-ffffffffff601000 r-xp 00000000 00:00 0                  [vsyscall]

VM Arguments:
jvm_args: -agentlib:jdwp=transport=dt_socket,address=8680,server=y,suspend=y -Djava.library.path=:/home/kof/processing-git/build/linux/work/modes/java/libraries/minim/library:/usr/java/packages/lib/amd64:/usr/lib64:/lib64:/lib:/usr/lib -ea 
java_command: processing.core.PApplet --display=0 freqMapIn --sketch-path=/archive/kof/sketchBook/2015/02-unor/freqMapIn
java_class_path (initial): /tmp/vim-processing/freqMapIn:/home/kof/processing-git/build/linux/work/core/library/gluegen-rt.jar:/home/kof/processing-git/build/linux/work/core/library/jogl-all-natives-linux-amd64.jar:/home/kof/processing-git/build/linux/work/core/library/gluegen-rt-natives-linux-armv6hf.jar:/home/kof/processing-git/build/linux/work/core/library/gluegen-rt-natives-linux-amd64.jar:/home/kof/processing-git/build/linux/work/core/library/gluegen-rt-natives-macosx-universal.jar:/home/kof/processing-git/build/linux/work/core/library/core.jar:/home/kof/processing-git/build/linux/work/core/library/jogl-all-natives-windows-amd64.jar:/home/kof/processing-git/build/linux/work/core/library/gluegen-rt-natives-windows-amd64.jar:/home/kof/processing-git/build/linux/work/core/library/gluegen-rt-natives-linux-i586.jar:/home/kof/processing-git/build/linux/work/core/library/jogl-all-natives-macosx-universal.jar:/home/kof/processing-git/build/linux/work/core/library/jogl-all-natives-linux-i586.jar:/home/kof/processing-git/build/linux/work/core/library/jogl-all-natives-windows-i586.jar:/home/kof/processing-git/build/linux/work/core/library/gluegen-rt-natives-windows-i586.jar:/home/kof/processing-git/build/linux/work/core/library/jogl-all.jar:/home/kof/processing-git/build/linux/work/core/library/jogl-all-natives-linux-armv6hf.jar:/home/kof/processing-git/build/linux/work/core/library/gluegen-rt.jar:/home/kof/processing-git/build/linux/work/core/library/jogl-all-natives-linux-amd64.jar:/home/kof/processing-git/build/linux/work/core/library/gluegen-rt-natives-linux-armv6hf.jar:/home/kof/processing-git/build/linux/work/core/library/gluegen-rt-natives-linux-amd64.jar:/home/kof/processing-git/build/linux/work/core/library/gluegen-rt-natives-macosx-universal.jar:/home/kof/processing-git/build/linux/work/core/library/core.jar:/home/kof/processing-git/build/linux/work/core/library/jogl-all-natives-windows-amd64.jar:/home/kof/processing-git/build/linux/work/core/library/gluegen-r
Launcher Type: SUN_STANDARD

Environment Variables:
CLASSPATH=/usr/lib/jvm/jdk1.8.0_31/jre/lib/rt.jar:/home/kof/processing-git/build/linux/work/lib/ant-launcher.jar:/home/kof/processing-git/build/linux/work/lib/ant.jar:/home/kof/processing-git/build/linux/work/lib/antlr.jar:/home/kof/processing-git/build/linux/work/lib/com.ibm.icu_4.4.2.v20110823.jar:/home/kof/processing-git/build/linux/work/lib/jdi.jar:/home/kof/processing-git/build/linux/work/lib/jdimodel.jar:/home/kof/processing-git/build/linux/work/lib/jna.jar:/home/kof/processing-git/build/linux/work/lib/org-netbeans-swing-outline.jar:/home/kof/processing-git/build/linux/work/lib/org.eclipse.osgi_3.8.1.v20120830-144521.jar:/home/kof/processing-git/build/linux/work/lib/pde.jar:/home/kof/processing-git/build/linux/work/core/library/core.jar:/home/kof/processing-git/build/linux/work/core/library/gluegen-rt-natives-linux-amd64.jar:/home/kof/processing-git/build/linux/work/core/library/gluegen-rt-natives-linux-armv6hf.jar:/home/kof/processing-git/build/linux/work/core/library/gluegen-rt-natives-linux-i586.jar:/home/kof/processing-git/build/linux/work/core/library/gluegen-rt-natives-macosx-universal.jar:/home/kof/processing-git/build/linux/work/core/library/gluegen-rt-natives-windows-amd64.jar:/home/kof/processing-git/build/linux/work/core/library/gluegen-rt-natives-windows-i586.jar:/home/kof/processing-git/build/linux/work/core/library/gluegen-rt.jar:/home/kof/processing-git/build/linux/work/core/library/jogl-all-natives-linux-amd64.jar:/home/kof/processing-git/build/linux/work/core/library/jogl-all-natives-linux-armv6hf.jar:/home/kof/processing-git/build/linux/work/core/library/jogl-all-natives-linux-i586.jar:/home/kof/processing-git/build/linux/work/core/library/jogl-all-natives-macosx-universal.jar:/home/kof/processing-git/build/linux/work/core/library/jogl-all-natives-windows-amd64.jar:/home/kof/processing-git/build/linux/work/core/library/jogl-all-natives-windows-i586.jar:/home/kof/processing-git/build/linux/work/core/library/jogl-all.jar
PATH=/usr/lib/jvm/jdk1.8.0_31/bin:/usr/bin:/bin:/usr/sbin/:/home/kof/bin:/usr/local/bin
SHELL=/usr/bin/zsh
DISPLAY=:0.0

Signal Handlers:
SIGSEGV: [libjvm.so+0xa7a650], sa_mask[0]=11111111011111111101111111111110, sa_flags=SA_RESTART|SA_SIGINFO
SIGBUS: [libjvm.so+0xa7a650], sa_mask[0]=11111111011111111101111111111110, sa_flags=SA_RESTART|SA_SIGINFO
SIGFPE: [libjvm.so+0x8e28f0], sa_mask[0]=11111111011111111101111111111110, sa_flags=SA_RESTART|SA_SIGINFO
SIGPIPE: [libjvm.so+0x8e28f0], sa_mask[0]=11111111011111111101111111111110, sa_flags=SA_RESTART|SA_SIGINFO
SIGXFSZ: [libjvm.so+0x8e28f0], sa_mask[0]=11111111011111111101111111111110, sa_flags=SA_RESTART|SA_SIGINFO
SIGILL: [libjvm.so+0x8e28f0], sa_mask[0]=11111111011111111101111111111110, sa_flags=SA_RESTART|SA_SIGINFO
SIGUSR1: SIG_DFL, sa_mask[0]=00000000000000000000000000000000, sa_flags=none
SIGUSR2: [libjvm.so+0x8e4120], sa_mask[0]=00100000000000000000000000000000, sa_flags=SA_RESTART|SA_SIGINFO
SIGHUP: [libjvm.so+0x8e54e0], sa_mask[0]=11111111011111111101111111111110, sa_flags=SA_RESTART|SA_SIGINFO
SIGINT: [libjvm.so+0x8e54e0], sa_mask[0]=11111111011111111101111111111110, sa_flags=SA_RESTART|SA_SIGINFO
SIGTERM: [libjvm.so+0x8e54e0], sa_mask[0]=11111111011111111101111111111110, sa_flags=SA_RESTART|SA_SIGINFO
SIGQUIT: [libjvm.so+0x8e54e0], sa_mask[0]=11111111011111111101111111111110, sa_flags=SA_RESTART|SA_SIGINFO


---------------  S Y S T E M  ---------------

OS:PRETTY_NAME="Debian GNU/Linux 8 (jessie)"
NAME="Debian GNU/Linux"
VERSION_ID="8"
VERSION="8 (jessie)"
ID=debian
HOME_URL="http://www.debian.org/"
SUPPORT_URL="http://www.debian.org/support/"
BUG_REPORT_URL="https://bugs.debian.org/"

uname:Linux 3.16.0-4-amd64 #1 SMP Debian 3.16.7-ckt2-1 (2014-12-08) x86_64
libc:glibc 2.19 NPTL 2.19 
rlimit: STACK 8192k, CORE 0k, NPROC 15332, NOFILE 65536, AS infinity
load average:1.42 0.96 0.80

/proc/meminfo:
MemTotal:        3944792 kB
MemFree:          282812 kB
MemAvailable:    2199592 kB
Buffers:          330880 kB
Cached:          1114388 kB
SwapCached:         4536 kB
Active:          1224588 kB
Inactive:        1111764 kB
Active(anon):     694244 kB
Inactive(anon):   573576 kB
Active(file):     530344 kB
Inactive(file):   538188 kB
Unevictable:       80384 kB
Mlocked:           84528 kB
SwapTotal:       3212284 kB
SwapFree:        3159820 kB
Dirty:                96 kB
Writeback:             0 kB
AnonPages:        968752 kB
Mapped:           346684 kB
Shmem:            376736 kB
Slab:            1142100 kB
SReclaimable:    1101652 kB
SUnreclaim:        40448 kB
KernelStack:        9312 kB
PageTables:        31856 kB
NFS_Unstable:          0 kB
Bounce:                0 kB
WritebackTmp:          0 kB
CommitLimit:     5184680 kB
Committed_AS:    3973352 kB
VmallocTotal:   34359738367 kB
VmallocUsed:      389212 kB
VmallocChunk:   34359313996 kB
HardwareCorrupted:     0 kB
AnonHugePages:         0 kB
HugePages_Total:       0
HugePages_Free:        0
HugePages_Rsvd:        0
HugePages_Surp:        0
Hugepagesize:       2048 kB
DirectMap4k:      161408 kB
DirectMap2M:     3917824 kB


CPU:total 4 (2 cores per cpu, 2 threads per core) family 6 model 42 stepping 7, cmov, cx8, fxsr, mmx, sse, sse2, sse3, ssse3, sse4.1, sse4.2, popcnt, avx, aes, clmul, ht, tsc, tscinvbit

/proc/cpuinfo:
processor	: 0
vendor_id	: GenuineIntel
cpu family	: 6
model		: 42
model name	: Intel(R) Core(TM) i5-2520M CPU @ 2.50GHz
stepping	: 7
microcode	: 0x29
cpu MHz		: 3010.644
cache size	: 3072 KB
physical id	: 0
siblings	: 4
core id		: 0
cpu cores	: 2
apicid		: 0
initial apicid	: 0
fpu		: yes
fpu_exception	: yes
cpuid level	: 13
wp		: yes
flags		: fpu vme de pse tsc msr pae mce cx8 apic sep mtrr pge mca cmov pat pse36 clflush dts acpi mmx fxsr sse sse2 ss ht tm pbe syscall nx rdtscp lm constant_tsc arch_perfmon pebs bts nopl xtopology nonstop_tsc aperfmperf eagerfpu pni pclmulqdq dtes64 monitor ds_cpl vmx smx est tm2 ssse3 cx16 xtpr pdcm pcid sse4_1 sse4_2 x2apic popcnt tsc_deadline_timer aes xsave avx lahf_lm ida arat epb xsaveopt pln pts dtherm tpr_shadow vnmi flexpriority ept vpid
bogomips	: 4983.97
clflush size	: 64
cache_alignment	: 64
address sizes	: 36 bits physical, 48 bits virtual
power management:

processor	: 1
vendor_id	: GenuineIntel
cpu family	: 6
model		: 42
model name	: Intel(R) Core(TM) i5-2520M CPU @ 2.50GHz
stepping	: 7
microcode	: 0x29
cpu MHz		: 2257.031
cache size	: 3072 KB
physical id	: 0
siblings	: 4
core id		: 0
cpu cores	: 2
apicid		: 1
initial apicid	: 1
fpu		: yes
fpu_exception	: yes
cpuid level	: 13
wp		: yes
flags		: fpu vme de pse tsc msr pae mce cx8 apic sep mtrr pge mca cmov pat pse36 clflush dts acpi mmx fxsr sse sse2 ss ht tm pbe syscall nx rdtscp lm constant_tsc arch_perfmon pebs bts nopl xtopology nonstop_tsc aperfmperf eagerfpu pni pclmulqdq dtes64 monitor ds_cpl vmx smx est tm2 ssse3 cx16 xtpr pdcm pcid sse4_1 sse4_2 x2apic popcnt tsc_deadline_timer aes xsave avx lahf_lm ida arat epb xsaveopt pln pts dtherm tpr_shadow vnmi flexpriority ept vpid
bogomips	: 4983.97
clflush size	: 64
cache_alignment	: 64
address sizes	: 36 bits physical, 48 bits virtual
power management:

processor	: 2
vendor_id	: GenuineIntel
cpu family	: 6
model		: 42
model name	: Intel(R) Core(TM) i5-2520M CPU @ 2.50GHz
stepping	: 7
microcode	: 0x29
cpu MHz		: 2766.894
cache size	: 3072 KB
physical id	: 0
siblings	: 4
core id		: 1
cpu cores	: 2
apicid		: 2
initial apicid	: 2
fpu		: yes
fpu_exception	: yes
cpuid level	: 13
wp		: yes
flags		: fpu vme de pse tsc msr pae mce cx8 apic sep mtrr pge mca cmov pat pse36 clflush dts acpi mmx fxsr sse sse2 ss ht tm pbe syscall nx rdtscp lm constant_tsc arch_perfmon pebs bts nopl xtopology nonstop_tsc aperfmperf eagerfpu pni pclmulqdq dtes64 monitor ds_cpl vmx smx est tm2 ssse3 cx16 xtpr pdcm pcid sse4_1 sse4_2 x2apic popcnt tsc_deadline_timer aes xsave avx lahf_lm ida arat epb xsaveopt pln pts dtherm tpr_shadow vnmi flexpriority ept vpid
bogomips	: 4983.97
clflush size	: 64
cache_alignment	: 64
address sizes	: 36 bits physical, 48 bits virtual
power management:

processor	: 3
vendor_id	: GenuineIntel
cpu family	: 6
model		: 42
model name	: Intel(R) Core(TM) i5-2520M CPU @ 2.50GHz
stepping	: 7
microcode	: 0x29
cpu MHz		: 2781.640
cache size	: 3072 KB
physical id	: 0
siblings	: 4
core id		: 1
cpu cores	: 2
apicid		: 3
initial apicid	: 3
fpu		: yes
fpu_exception	: yes
cpuid level	: 13
wp		: yes
flags		: fpu vme de pse tsc msr pae mce cx8 apic sep mtrr pge mca cmov pat pse36 clflush dts acpi mmx fxsr sse sse2 ss ht tm pbe syscall nx rdtscp lm constant_tsc arch_perfmon pebs bts nopl xtopology nonstop_tsc aperfmperf eagerfpu pni pclmulqdq dtes64 monitor ds_cpl vmx smx est tm2 ssse3 cx16 xtpr pdcm pcid sse4_1 sse4_2 x2apic popcnt tsc_deadline_timer aes xsave avx lahf_lm ida arat epb xsaveopt pln pts dtherm tpr_shadow vnmi flexpriority ept vpid
bogomips	: 4983.97
clflush size	: 64
cache_alignment	: 64
address sizes	: 36 bits physical, 48 bits virtual
power management:



Memory: 4k page, physical 3944792k(282812k free), swap 3212284k(3159820k free)

vm_info: Java HotSpot(TM) 64-Bit Server VM (25.31-b07) for linux-amd64 JRE (1.8.0_31-b13), built on Dec 17 2014 20:40:15 by "java_re" with gcc 4.3.0 20080428 (Red Hat 4.3.0-8)

time: Wed Feb  4 13:55:52 2015
elapsed time: 38 seconds (0d 0h 0m 38s)

