#
# A fatal error has been detected by the Java Runtime Environment:
#
#  SIGSEGV (0xb) at pc=0x00007f3a5a719102, pid=26041, tid=139889562601216
#
# JRE version: Java(TM) SE Runtime Environment (8.0_31-b13) (build 1.8.0_31-b13)
# Java VM: Java HotSpot(TM) 64-Bit Server VM (25.31-b07 mixed mode linux-amd64 compressed oops)
# Problematic frame:
# C  [i965_dri.so+0x2fe102]
#
# Failed to write core dump. Core dumps have been disabled. To enable core dumping, try "ulimit -c unlimited" before starting Java again
#
# If you would like to submit a bug report, please visit:
#   http://bugreport.java.com/bugreport/crash.jsp
# The crash happened outside the Java Virtual Machine in native code.
# See problematic frame for where to report the bug.
#

---------------  T H R E A D  ---------------

Current thread (0x00007f3adc351800):  JavaThread "AWT-EventQueue-0" [_thread_in_native, id=26085, stack(0x00007f3a939fc000,0x00007f3a93afd000)]

siginfo: si_signo: 11 (SIGSEGV), si_code: 1 (SEGV_MAPERR), si_addr: 0x000000000000c540

Registers:
RAX=0x00007f3a5a7190f0, RBX=0x000000000000c000, RCX=0x0000000000000000, RDX=0x0000000000000001
RSP=0x00007f3a93afa380, RBP=0x0000000000000000, RSI=0x00007f3a64028fa0, RDI=0x0000000100000000
R8 =0x0000000000000000, R9 =0x00007f3a91f76a20, R10=0x00007f3acba35bc7, R11=0x00000000c49115c0
R12=0x00007f3a686b2e00, R13=0x00007f3a686af6d0, R14=0x00007f3a686b2fb0, R15=0x0000000000000000
RIP=0x00007f3a5a719102, EFLAGS=0x0000000000010206, CSGSFS=0x0000000000000033, ERR=0x0000000000000004
  TRAPNO=0x000000000000000e

Top of Stack: (sp=0x00007f3a93afa380)
0x00007f3a93afa380:   0000000000000000 00007f3a64028ec0
0x00007f3a93afa390:   0000000000000000 00007f3a686b2e00
0x00007f3a93afa3a0:   00007f3a686af6d0 00007f3a91f76ac2
0x00007f3a93afa3b0:   00007f3a93afa3e0 00007f3a00000000
0x00007f3a93afa3c0:   0000000000000000 0000000000000000
0x00007f3a93afa3d0:   000000000240003e 00007f3a91f47bf1
0x00007f3a93afa3e0:   00007f3a64028ec0 02e2b12b8141ab00
0x00007f3a93afa3f0:   000000000240003e 000000010018adc0
0x00007f3a93afa400:   00007f3a93afa470 0000000000000000
0x00007f3a93afa410:   0000000000000001 00007f3a93afa4b0
0x00007f3a93afa420:   00007f3adc351800 00007f3a9067f849
0x00007f3a93afa430:   00007f3a9375b675 00007f3a91f47c20
0x00007f3a93afa440:   000000000240003e 00007f3a686b0470
0x00007f3a93afa450:   00007f3a93afa4b0 00007f3adc3519e8
0x00007f3a93afa460:   00000000ec668280 00007f3a91f47c20
0x00007f3a93afa470:   00007f3a93afa4c0 00007f3acba35c3d
0x00007f3a93afa480:   00000000ec668270 00000000ec668290
0x00007f3a93afa490:   00000000ec668290 00000000ec6682e0
0x00007f3a93afa4a0:   00000000ec6682d0 00000000ec6682d0
0x00007f3a93afa4b0:   00000000c47c8558 00000000ec668340
0x00007f3a93afa4c0:   00007f3a93afa758 00007f3acba39c24
0x00007f3a93afa4d0:   00000000c4916180 00000000ec6682d0
0x00007f3a93afa4e0:   00000000ec6683d8 00007f3a00000000
0x00007f3a93afa4f0:   00000000ec6683c8 0000ffff00001fa0
0x00007f3a93afa500:   00000000c4911790 00007f3acb470c23
0x00007f3a93afa510:   00007f3a93afa758 00007f3acb94355c
0x00007f3a93afa520:   00007f3a93afa758 00007f3a93afa710
0x00007f3a93afa530:   00007f3a93afa710 00007f3acb470c23
0x00007f3a93afa540:   00007f3acb448310 0000000000000000
0x00007f3a93afa550:   00007f3a93afa758 00007f3a93afa710
0x00007f3a93afa560:   00007f3a93afa710 00007f3acb470c23
0x00007f3a93afa570:   00007f3acb448310 00000000c49115c0 

Instructions: (pc=0x00007f3a5a719102)
0x00007f3a5a7190e2:   41 5c c3 66 66 2e 0f 1f 84 00 00 00 00 00 41 55
0x00007f3a5a7190f2:   41 54 55 53 48 83 ec 08 48 8b 1f 48 85 db 74 41
0x00007f3a5a719102:   f6 83 40 05 00 00 01 89 cd 41 89 d5 49 89 f4 75
0x00007f3a5a719112:   75 41 83 e5 01 75 5f 83 e5 fd 74 32 48 8d 35 9b 

Register to memory mapping:

RAX=0x00007f3a5a7190f0: <offset 0x2fe0f0> in /usr/lib/x86_64-linux-gnu/dri/i965_dri.so at 0x00007f3a5a41b000
RBX=0x000000000000c000 is an unknown value
RCX=0x0000000000000000 is an unknown value
RDX=0x0000000000000001 is an unknown value
RSP=0x00007f3a93afa380 is pointing into the stack for thread: 0x00007f3adc351800
RBP=0x0000000000000000 is an unknown value
RSI=0x00007f3a64028fa0 is an unknown value
RDI=0x0000000100000000 is pointing into metadata
R8 =0x0000000000000000 is an unknown value
R9 =0x00007f3a91f76a20: <offset 0x4ba20> in /usr/lib/x86_64-linux-gnu/libGL.so.1 at 0x00007f3a91f2b000
R10=0x00007f3acba35bc7 is at entry_point+71 in (nmethod*)0x00007f3acba35a10
R11=0x00000000c49115c0 is an oop
jogamp.nativewindow.jawt.x11.X11JAWTWindow 
 - klass: 'jogamp/nativewindow/jawt/x11/X11JAWTWindow'
R12=0x00007f3a686b2e00 is an unknown value
R13=0x00007f3a686af6d0 is an unknown value
R14=0x00007f3a686b2fb0 is an unknown value
R15=0x0000000000000000 is an unknown value


Stack: [0x00007f3a939fc000,0x00007f3a93afd000],  sp=0x00007f3a93afa380,  free space=1016k
Native frames: (J=compiled Java code, j=interpreted, Vv=VM code, C=native code)
C  [i965_dri.so+0x2fe102]

Java frames: (J=compiled Java code, j=interpreted, Vv=VM code)
J 1627  jogamp.opengl.x11.glx.GLX.dispatch_glXSwapBuffers0(JJJ)V (0 bytes) @ 0x00007f3acba35bc7 [0x00007f3acba35b80+0x47]
J 1626 C1 jogamp.opengl.x11.glx.GLX.glXSwapBuffers(JJ)V (45 bytes) @ 0x00007f3acba39c24 [0x00007f3acba39220+0xa04]
J 1625 C1 jogamp.opengl.x11.glx.X11GLXDrawable.swapBuffersImpl(Z)V (21 bytes) @ 0x00007f3acba38d8c [0x00007f3acba38ae0+0x2ac]
J 1623 C1 jogamp.opengl.GLDrawableImpl.swapBuffers()V (138 bytes) @ 0x00007f3acba37364 [0x00007f3acba36ca0+0x6c4]
j  javax.media.opengl.awt.GLCanvas$12.run()V+45
J 1488 C1 java.awt.event.InvocationEvent.dispatch()V (69 bytes) @ 0x00007f3acb9ac82c [0x00007f3acb9ac6e0+0x14c]
J 1563 C1 java.awt.EventQueue.dispatchEventImpl(Ljava/awt/AWTEvent;Ljava/lang/Object;)V (149 bytes) @ 0x00007f3acb9fc8a4 [0x00007f3acb9faf80+0x1924]
J 1561 C1 java.awt.EventQueue$3.run()Ljava/lang/Void; (60 bytes) @ 0x00007f3acb9ebcd4 [0x00007f3acb9ebac0+0x214]
J 1451 C1 java.awt.EventQueue$3.run()Ljava/lang/Object; (5 bytes) @ 0x00007f3acb9918d4 [0x00007f3acb991840+0x94]
v  ~StubRoutines::call_stub
J 1387  java.security.AccessController.doPrivileged(Ljava/security/PrivilegedAction;Ljava/security/AccessControlContext;)Ljava/lang/Object; (0 bytes) @ 0x00007f3acb94a8a3 [0x00007f3acb94a840+0x63]
J 1449 C1 java.awt.EventQueue.dispatchEvent(Ljava/awt/AWTEvent;)V (80 bytes) @ 0x00007f3acb99011c [0x00007f3acb98f860+0x8bc]
J 1458 C1 java.awt.EventDispatchThread.pumpOneEventForFilters(I)V (295 bytes) @ 0x00007f3acb99799c [0x00007f3acb995da0+0x1bfc]
j  java.awt.EventDispatchThread.pumpEventsForFilter(ILjava/awt/Conditional;Ljava/awt/EventFilter;)V+35
j  java.awt.EventDispatchThread.pumpEventsForHierarchy(ILjava/awt/Conditional;Ljava/awt/Component;)V+11
j  java.awt.EventDispatchThread.pumpEvents(ILjava/awt/Conditional;)V+4
j  java.awt.EventDispatchThread.pumpEvents(Ljava/awt/Conditional;)V+3
j  java.awt.EventDispatchThread.run()V+9
v  ~StubRoutines::call_stub

---------------  P R O C E S S  ---------------

Java Threads: ( => current thread )
  0x00007f3a6555f800 JavaThread "Thread-4" [_thread_blocked, id=26122, stack(0x00007f3a58262000,0x00007f3a58363000)]
  0x00007f3a65543000 JavaThread "Java Sound Event Dispatcher" daemon [_thread_blocked, id=26116, stack(0x00007f3a90058000,0x00007f3a90159000)]
  0x00007f3a6826f800 JavaThread "Animation Thread-SharedResourceRunner" daemon [_thread_blocked, id=26099, stack(0x00007f3a92e26000,0x00007f3a92f27000)]
  0x00007f3adc00f000 JavaThread "DestroyJavaVM" [_thread_blocked, id=26043, stack(0x00007f3ae1ddd000,0x00007f3ae1ede000)]
  0x00007f3adc35f800 JavaThread "Animation Thread" [_thread_blocked, id=26090, stack(0x00007f3a938fb000,0x00007f3a939fc000)]
=>0x00007f3adc351800 JavaThread "AWT-EventQueue-0" [_thread_in_native, id=26085, stack(0x00007f3a939fc000,0x00007f3a93afd000)]
  0x00007f3adc34f000 JavaThread "AWT-Shutdown" [_thread_blocked, id=26084, stack(0x00007f3a93afd000,0x00007f3a93bfe000)]
  0x00007f3adc301800 JavaThread "AWT-XAWT" daemon [_thread_blocked, id=26077, stack(0x00007f3ab800e000,0x00007f3ab810f000)]
  0x00007f3adc2d5000 JavaThread "Java2D Disposer" daemon [_thread_blocked, id=26076, stack(0x00007f3ab8520000,0x00007f3ab8621000)]
  0x00007f3adc0ce000 JavaThread "Service Thread" daemon [_thread_blocked, id=26074, stack(0x00007f3aba2cb000,0x00007f3aba3cc000)]
  0x00007f3adc0c9000 JavaThread "C1 CompilerThread2" daemon [_thread_blocked, id=26073, stack(0x00007f3aba3cc000,0x00007f3aba4cd000)]
  0x00007f3adc0c7000 JavaThread "C2 CompilerThread1" daemon [_thread_blocked, id=26071, stack(0x00007f3aba4cd000,0x00007f3aba5ce000)]
  0x00007f3adc0c4000 JavaThread "C2 CompilerThread0" daemon [_thread_blocked, id=26070, stack(0x00007f3aba5ce000,0x00007f3aba6cf000)]
  0x00007f3a9c001000 JavaThread "JDWP Command Reader" daemon [_thread_in_native, id=26057, stack(0x00007f3aba6cf000,0x00007f3aba7d0000)]
  0x00007f3adc0c2000 JavaThread "JDWP Event Helper Thread" daemon [_thread_blocked, id=26055, stack(0x00007f3aba7d0000,0x00007f3aba8d1000)]
  0x00007f3adc0be800 JavaThread "JDWP Transport Listener: dt_socket" daemon [_thread_blocked, id=26054, stack(0x00007f3aba8d1000,0x00007f3aba9d2000)]
  0x00007f3adc0ae000 JavaThread "Signal Dispatcher" daemon [_thread_blocked, id=26052, stack(0x00007f3ababd6000,0x00007f3abacd7000)]
  0x00007f3adc081800 JavaThread "Finalizer" daemon [_thread_blocked, id=26050, stack(0x00007f3abacd7000,0x00007f3abadd8000)]
  0x00007f3adc07f800 JavaThread "Reference Handler" daemon [_thread_blocked, id=26049, stack(0x00007f3abadd8000,0x00007f3abaed9000)]

Other Threads:
  0x00007f3adc07a800 VMThread [stack: 0x00007f3abaed9000,0x00007f3abafda000] [id=26048]
  0x00007f3adc0d0800 WatcherThread [stack: 0x00007f3aba1ca000,0x00007f3aba2cb000] [id=26075]

VM state:not at safepoint (normal execution)

VM Mutex/Monitor currently owned by a thread: None

Heap:
 PSYoungGen      total 16384K, used 7795K [0x00000000ebf00000, 0x00000000ee080000, 0x0000000100000000)
  eden space 15872K, 48% used [0x00000000ebf00000,0x00000000ec684e60,0x00000000ece80000)
  from space 512K, 18% used [0x00000000ece80000,0x00000000ece98000,0x00000000ecf00000)
  to   space 9216K, 0% used [0x00000000ed780000,0x00000000ed780000,0x00000000ee080000)
 ParOldGen       total 42496K, used 15596K [0x00000000c3c00000, 0x00000000c6580000, 0x00000000ebf00000)
  object space 42496K, 36% used [0x00000000c3c00000,0x00000000c4b3b2d8,0x00000000c6580000)
 Metaspace       used 18299K, capacity 18453K, committed 18688K, reserved 1067008K
  class space    used 1710K, capacity 1789K, committed 1792K, reserved 1048576K

Card table byte_map: [0x00007f3acaea0000,0x00007f3acb083000] byte_map_base: 0x00007f3aca882000

Marking Bits: (ParMarkBitMap*) 0x00007f3ae13092a0
 Begin Bits: [0x00007f3ac8b3a000, 0x00007f3ac9a4a000)
 End Bits:   [0x00007f3ac9a4a000, 0x00007f3aca95a000)

Polling page: 0x00007f3ae1f30000

CodeCache: size=245760Kb used=6795Kb max_used=6802Kb free=238964Kb
 bounds [0x00007f3acb443000, 0x00007f3acbaf3000, 0x00007f3ada443000]
 total_blobs=2724 nmethods=1783 adapters=864
 compilation: enabled

Compilation events (10 events):
Event: 132.555 Thread 0x00007f3adc0c7000 1783       4       java.util.concurrent.locks.ReentrantLock$NonfairSync::tryAcquire (6 bytes)
Event: 132.557 Thread 0x00007f3adc0c9000 1784       3       java.lang.Character::<init> (10 bytes)
Event: 132.557 Thread 0x00007f3adc0c9000 nmethod 1784 0x00007f3acbadea10 code [0x00007f3acbadeb80, 0x00007f3acbaded30]
Event: 132.557 Thread 0x00007f3adc0c9000 1785       3       java.lang.Character::valueOf (21 bytes)
Event: 132.557 Thread 0x00007f3adc0c7000 nmethod 1783 0x00007f3acbade6d0 code [0x00007f3acbade820, 0x00007f3acbade918]
Event: 132.558 Thread 0x00007f3adc0c9000 nmethod 1785 0x00007f3acbadfd50 code [0x00007f3acbadfec0, 0x00007f3acbae0170]
Event: 132.559 Thread 0x00007f3adc0c9000 1786       3       sun.awt.X11.XKeysym$Keysym2JavaKeycode::<init> (15 bytes)
Event: 132.559 Thread 0x00007f3adc0c9000 nmethod 1786 0x00007f3acbadf990 code [0x00007f3acbadfb00, 0x00007f3acbadfcb0]
Event: 132.678 Thread 0x00007f3adc0c9000 1787       3       sun.awt.X11.Native::getByte (8 bytes)
Event: 132.678 Thread 0x00007f3adc0c9000 nmethod 1787 0x00007f3acbadf610 code [0x00007f3acbadf780, 0x00007f3acbadf8d0]

GC Heap History (10 events):
Event: 87.620 GC heap before
{Heap before GC invocations=11 (full 0):
 PSYoungGen      total 26112K, used 15904K [0x00000000ebf00000, 0x00000000ee380000, 0x0000000100000000)
  eden space 15872K, 100% used [0x00000000ebf00000,0x00000000ece80000,0x00000000ece80000)
  from space 10240K, 0% used [0x00000000ed980000,0x00000000ed988000,0x00000000ee380000)
  to   space 10752K, 0% used [0x00000000ece80000,0x00000000ece80000,0x00000000ed900000)
 ParOldGen       total 42496K, used 15564K [0x00000000c3c00000, 0x00000000c6580000, 0x00000000ebf00000)
  object space 42496K, 36% used [0x00000000c3c00000,0x00000000c4b332d8,0x00000000c6580000)
 Metaspace       used 18156K, capacity 18293K, committed 18432K, reserved 1067008K
  class space    used 1696K, capacity 1757K, committed 1792K, reserved 1048576K
Event: 87.623 GC heap after
Heap after GC invocations=11 (full 0):
 PSYoungGen      total 26624K, used 64K [0x00000000ebf00000, 0x00000000ee380000, 0x0000000100000000)
  eden space 15872K, 0% used [0x00000000ebf00000,0x00000000ebf00000,0x00000000ece80000)
  from space 10752K, 0% used [0x00000000ece80000,0x00000000ece90000,0x00000000ed900000)
  to   space 10752K, 0% used [0x00000000ed900000,0x00000000ed900000,0x00000000ee380000)
 ParOldGen       total 42496K, used 15580K [0x00000000c3c00000, 0x00000000c6580000, 0x00000000ebf00000)
  object space 42496K, 36% used [0x00000000c3c00000,0x00000000c4b372d8,0x00000000c6580000)
 Metaspace       used 18156K, capacity 18293K, committed 18432K, reserved 1067008K
  class space    used 1696K, capacity 1757K, committed 1792K, reserved 1048576K
}
Event: 97.601 GC heap before
{Heap before GC invocations=12 (full 0):
 PSYoungGen      total 26624K, used 15936K [0x00000000ebf00000, 0x00000000ee380000, 0x0000000100000000)
  eden space 15872K, 100% used [0x00000000ebf00000,0x00000000ece80000,0x00000000ece80000)
  from space 10752K, 0% used [0x00000000ece80000,0x00000000ece90000,0x00000000ed900000)
  to   space 10752K, 0% used [0x00000000ed900000,0x00000000ed900000,0x00000000ee380000)
 ParOldGen       total 42496K, used 15580K [0x00000000c3c00000, 0x00000000c6580000, 0x00000000ebf00000)
  object space 42496K, 36% used [0x00000000c3c00000,0x00000000c4b372d8,0x00000000c6580000)
 Metaspace       used 18156K, capacity 18293K, committed 18432K, reserved 1067008K
  class space    used 1696K, capacity 1757K, committed 1792K, reserved 1048576K
Event: 97.603 GC heap after
Heap after GC invocations=12 (full 0):
 PSYoungGen      total 25600K, used 96K [0x00000000ebf00000, 0x00000000ee280000, 0x0000000100000000)
  eden space 15872K, 0% used [0x00000000ebf00000,0x00000000ebf00000,0x00000000ece80000)
  from space 9728K, 0% used [0x00000000ed900000,0x00000000ed918000,0x00000000ee280000)
  to   space 10240K, 0% used [0x00000000ece80000,0x00000000ece80000,0x00000000ed880000)
 ParOldGen       total 42496K, used 15580K [0x00000000c3c00000, 0x00000000c6580000, 0x00000000ebf00000)
  object space 42496K, 36% used [0x00000000c3c00000,0x00000000c4b372d8,0x00000000c6580000)
 Metaspace       used 18156K, capacity 18293K, committed 18432K, reserved 1067008K
  class space    used 1696K, capacity 1757K, committed 1792K, reserved 1048576K
}
Event: 107.832 GC heap before
{Heap before GC invocations=13 (full 0):
 PSYoungGen      total 25600K, used 15968K [0x00000000ebf00000, 0x00000000ee280000, 0x0000000100000000)
  eden space 15872K, 100% used [0x00000000ebf00000,0x00000000ece80000,0x00000000ece80000)
  from space 9728K, 0% used [0x00000000ed900000,0x00000000ed918000,0x00000000ee280000)
  to   space 10240K, 0% used [0x00000000ece80000,0x00000000ece80000,0x00000000ed880000)
 ParOldGen       total 42496K, used 15580K [0x00000000c3c00000, 0x00000000c6580000, 0x00000000ebf00000)
  object space 42496K, 36% used [0x00000000c3c00000,0x00000000c4b372d8,0x00000000c6580000)
 Metaspace       used 18156K, capacity 18293K, committed 18432K, reserved 1067008K
  class space    used 1696K, capacity 1757K, committed 1792K, reserved 1048576K
Event: 107.835 GC heap after
Heap after GC invocations=13 (full 0):
 PSYoungGen      total 16384K, used 32K [0x00000000ebf00000, 0x00000000ee180000, 0x0000000100000000)
  eden space 15872K, 0% used [0x00000000ebf00000,0x00000000ebf00000,0x00000000ece80000)
  from space 512K, 6% used [0x00000000ece80000,0x00000000ece88000,0x00000000ecf00000)
  to   space 9728K, 0% used [0x00000000ed800000,0x00000000ed800000,0x00000000ee180000)
 ParOldGen       total 42496K, used 15580K [0x00000000c3c00000, 0x00000000c6580000, 0x00000000ebf00000)
  object space 42496K, 36% used [0x00000000c3c00000,0x00000000c4b372d8,0x00000000c6580000)
 Metaspace       used 18156K, capacity 18293K, committed 18432K, reserved 1067008K
  class space    used 1696K, capacity 1757K, committed 1792K, reserved 1048576K
}
Event: 117.963 GC heap before
{Heap before GC invocations=14 (full 0):
 PSYoungGen      total 16384K, used 15896K [0x00000000ebf00000, 0x00000000ee180000, 0x0000000100000000)
  eden space 15872K, 99% used [0x00000000ebf00000,0x00000000ece7e0b0,0x00000000ece80000)
  from space 512K, 6% used [0x00000000ece80000,0x00000000ece88000,0x00000000ecf00000)
  to   space 9728K, 0% used [0x00000000ed800000,0x00000000ed800000,0x00000000ee180000)
 ParOldGen       total 42496K, used 15580K [0x00000000c3c00000, 0x00000000c6580000, 0x00000000ebf00000)
  object space 42496K, 36% used [0x00000000c3c00000,0x00000000c4b372d8,0x00000000c6580000)
 Metaspace       used 18156K, capacity 18293K, committed 18432K, reserved 1067008K
  class space    used 1696K, capacity 1757K, committed 1792K, reserved 1048576K
Event: 117.965 GC heap after
Heap after GC invocations=14 (full 0):
 PSYoungGen      total 25600K, used 32K [0x00000000ebf00000, 0x00000000ee180000, 0x0000000100000000)
  eden space 15872K, 0% used [0x00000000ebf00000,0x00000000ebf00000,0x00000000ece80000)
  from space 9728K, 0% used [0x00000000ed800000,0x00000000ed808000,0x00000000ee180000)
  to   space 9728K, 0% used [0x00000000ece80000,0x00000000ece80000,0x00000000ed800000)
 ParOldGen       total 42496K, used 15588K [0x00000000c3c00000, 0x00000000c6580000, 0x00000000ebf00000)
  object space 42496K, 36% used [0x00000000c3c00000,0x00000000c4b392d8,0x00000000c6580000)
 Metaspace       used 18156K, capacity 18293K, committed 18432K, reserved 1067008K
  class space    used 1696K, capacity 1757K, committed 1792K, reserved 1048576K
}
Event: 127.997 GC heap before
{Heap before GC invocations=15 (full 0):
 PSYoungGen      total 25600K, used 15904K [0x00000000ebf00000, 0x00000000ee180000, 0x0000000100000000)
  eden space 15872K, 100% used [0x00000000ebf00000,0x00000000ece80000,0x00000000ece80000)
  from space 9728K, 0% used [0x00000000ed800000,0x00000000ed808000,0x00000000ee180000)
  to   space 9728K, 0% used [0x00000000ece80000,0x00000000ece80000,0x00000000ed800000)
 ParOldGen       total 42496K, used 15588K [0x00000000c3c00000, 0x00000000c6580000, 0x00000000ebf00000)
  object space 42496K, 36% used [0x00000000c3c00000,0x00000000c4b392d8,0x00000000c6580000)
 Metaspace       used 18156K, capacity 18293K, committed 18432K, reserved 1067008K
  class space    used 1696K, capacity 1757K, committed 1792K, reserved 1048576K
Event: 128.001 GC heap after
Heap after GC invocations=15 (full 0):
 PSYoungGen      total 16384K, used 96K [0x00000000ebf00000, 0x00000000ee080000, 0x0000000100000000)
  eden space 15872K, 0% used [0x00000000ebf00000,0x00000000ebf00000,0x00000000ece80000)
  from space 512K, 18% used [0x00000000ece80000,0x00000000ece98000,0x00000000ecf00000)
  to   space 9216K, 0% used [0x00000000ed780000,0x00000000ed780000,0x00000000ee080000)
 ParOldGen       total 42496K, used 15596K [0x00000000c3c00000, 0x00000000c6580000, 0x00000000ebf00000)
  object space 42496K, 36% used [0x00000000c3c00000,0x00000000c4b3b2d8,0x00000000c6580000)
 Metaspace       used 18156K, capacity 18293K, committed 18432K, reserved 1067008K
  class space    used 1696K, capacity 1757K, committed 1792K, reserved 1048576K
}

Deoptimization events (10 events):
Event: 12.203 Thread 0x00007f3adc351800 Uncommon trap: reason=speculate_class_check action=maybe_recompile pc=0x00007f3acb959a8c method=com.jogamp.common.nio.Buffers.getDirectBufferByteOffset(Ljava/lang/Object;)I @ 31
Event: 12.376 Thread 0x00007f3adc351800 Uncommon trap: reason=speculate_class_check action=maybe_recompile pc=0x00007f3acb95262c method=com.jogamp.common.nio.Buffers.getDirectBufferByteOffset(Ljava/lang/Object;)I @ 31
Event: 12.377 Thread 0x00007f3adc351800 Uncommon trap: reason=speculate_class_check action=maybe_recompile pc=0x00007f3acb95262c method=com.jogamp.common.nio.Buffers.getDirectBufferByteOffset(Ljava/lang/Object;)I @ 31
Event: 12.453 Thread 0x00007f3adc351800 Uncommon trap: reason=speculate_class_check action=maybe_recompile pc=0x00007f3acb965f2c method=com.jogamp.common.nio.Buffers.getDirectBufferByteOffset(Ljava/lang/Object;)I @ 42
Event: 12.457 Thread 0x00007f3adc351800 Uncommon trap: reason=speculate_class_check action=maybe_recompile pc=0x00007f3acb965f2c method=com.jogamp.common.nio.Buffers.getDirectBufferByteOffset(Ljava/lang/Object;)I @ 42
Event: 12.625 Thread 0x00007f3adc351800 Uncommon trap: reason=speculate_class_check action=maybe_recompile pc=0x00007f3acb94e65c method=com.jogamp.common.nio.Buffers.getDirectBufferByteOffset(Ljava/lang/Object;)I @ 53
Event: 12.630 Thread 0x00007f3adc351800 Uncommon trap: reason=speculate_class_check action=maybe_recompile pc=0x00007f3acb94e65c method=com.jogamp.common.nio.Buffers.getDirectBufferByteOffset(Ljava/lang/Object;)I @ 53
Event: 12.665 Thread 0x00007f3adc351800 Uncommon trap: reason=speculate_class_check action=maybe_recompile pc=0x00007f3acb96c938 method=com.jogamp.common.nio.Buffers.getDirectBufferByteOffset(Ljava/lang/Object;)I @ 53
Event: 131.968 Thread 0x00007f3adc351800 Uncommon trap: reason=unreached action=reinterpret pc=0x00007f3acbae3e24 method=java.awt.EventQueue.coalesceEvent(Ljava/awt/AWTEvent;I)Z @ 7
Event: 132.240 Thread 0x00007f3adc351800 Uncommon trap: reason=unreached action=reinterpret pc=0x00007f3acbad27f8 method=java.awt.EventQueue.isDispatchThreadImpl()Z @ 65

Internal exceptions (10 events):
Event: 3.017 Thread 0x00007f3adc35f800 Exception <a 'java/security/PrivilegedActionException'> (0x00000000ec215f50) thrown at [/HUDSON/workspace/8-2-build-linux-amd64/jdk8u31/2394/hotspot/src/share/vm/prims/jvm.cpp, line 1312]
Event: 3.018 Thread 0x00007f3adc351800 Exception <a 'java/lang/reflect/InvocationTargetException'> (0x00000000ec1dd0c0) thrown at [/HUDSON/workspace/8-2-build-linux-amd64/jdk8u31/2394/hotspot/src/share/vm/runtime/reflection.cpp, line 1080]
Event: 3.093 Thread 0x00007f3adc351800 Exception <a 'java/security/PrivilegedActionException'> (0x00000000ec5f08d0) thrown at [/HUDSON/workspace/8-2-build-linux-amd64/jdk8u31/2394/hotspot/src/share/vm/prims/jvm.cpp, line 1312]
Event: 3.276 Thread 0x00007f3adc351800 Exception <a 'java/lang/reflect/InvocationTargetException'> (0x00000000ecabcd98) thrown at [/HUDSON/workspace/8-2-build-linux-amd64/jdk8u31/2394/hotspot/src/share/vm/runtime/reflection.cpp, line 1080]
Event: 3.277 Thread 0x00007f3adc351800 Exception <a 'java/lang/reflect/InvocationTargetException'> (0x00000000ecabd1a8) thrown at [/HUDSON/workspace/8-2-build-linux-amd64/jdk8u31/2394/hotspot/src/share/vm/runtime/reflection.cpp, line 1080]
Event: 3.403 Thread 0x00007f3adc351800 Exception <a 'java/lang/reflect/InvocationTargetException'> (0x00000000ecaef358) thrown at [/HUDSON/workspace/8-2-build-linux-amd64/jdk8u31/2394/hotspot/src/share/vm/runtime/reflection.cpp, line 1080]
Event: 3.403 Thread 0x00007f3adc351800 Exception <a 'java/lang/reflect/InvocationTargetException'> (0x00000000ecaef768) thrown at [/HUDSON/workspace/8-2-build-linux-amd64/jdk8u31/2394/hotspot/src/share/vm/runtime/reflection.cpp, line 1080]
Event: 3.480 Thread 0x00007f3adc351800 Exception <a 'java/lang/reflect/InvocationTargetException'> (0x00000000ecaf82e0) thrown at [/HUDSON/workspace/8-2-build-linux-amd64/jdk8u31/2394/hotspot/src/share/vm/runtime/reflection.cpp, line 1080]
Event: 3.480 Thread 0x00007f3adc351800 Exception <a 'java/lang/reflect/InvocationTargetException'> (0x00000000ecaf8818) thrown at [/HUDSON/workspace/8-2-build-linux-amd64/jdk8u31/2394/hotspot/src/share/vm/runtime/reflection.cpp, line 1080]
Event: 3.558 Thread 0x00007f3adc351800 Exception <a 'java/lang/reflect/InvocationTargetException'> (0x00000000ecb5acc0) thrown at [/HUDSON/workspace/8-2-build-linux-amd64/jdk8u31/2394/hotspot/src/share/vm/runtime/reflection.cpp, line 1080]

Events (10 events):
Event: 132.677 Thread 0x00007f3adc351800 DEOPT PACKING pc=0x00007f3acba0321c sp=0x00007f3a93afa1e0
Event: 132.677 Thread 0x00007f3adc351800 DEOPT UNPACKING pc=0x00007f3acb48a373 sp=0x00007f3a93af9f28 mode 1
Event: 132.678 Thread 0x00007f3adc351800 DEOPT PACKING pc=0x00007f3acb98ada9 sp=0x00007f3a93afa2b0
Event: 132.678 Thread 0x00007f3adc351800 DEOPT UNPACKING pc=0x00007f3acb48a373 sp=0x00007f3a93af9ff8 mode 1
Event: 132.678 Thread 0x00007f3adc351800 DEOPT PACKING pc=0x00007f3acb94adc4 sp=0x00007f3a93afa340
Event: 132.678 Thread 0x00007f3adc351800 DEOPT UNPACKING pc=0x00007f3acb48a373 sp=0x00007f3a93afa0d8 mode 1
Event: 132.678 Thread 0x00007f3adc351800 DEOPT PACKING pc=0x00007f3acbabffa8 sp=0x00007f3a93afa3f0
Event: 132.678 Thread 0x00007f3adc351800 DEOPT UNPACKING pc=0x00007f3acb48a373 sp=0x00007f3a93afa0c8 mode 1
Event: 132.678 Thread 0x00007f3adc351800 DEOPT PACKING pc=0x00007f3acb9a6b94 sp=0x00007f3a93afa440
Event: 132.678 Thread 0x00007f3adc351800 DEOPT UNPACKING pc=0x00007f3acb48a373 sp=0x00007f3a93afa188 mode 1


Dynamic libraries:
00400000-00401000 r-xp 00000000 08:11 2229123                            /usr/lib/jvm/jdk1.8.0_31/bin/java
00600000-00601000 rw-p 00000000 08:11 2229123                            /usr/lib/jvm/jdk1.8.0_31/bin/java
012a9000-012ca000 rw-p 00000000 00:00 0                                  [heap]
c3c00000-c6580000 rw-p 00000000 00:00 0 
c6580000-ebf00000 ---p 00000000 00:00 0 
ebf00000-ee080000 rw-p 00000000 00:00 0 
ee080000-100000000 ---p 00000000 00:00 0 
100000000-1001c0000 rw-p 00000000 00:00 0 
1001c0000-140000000 ---p 00000000 00:00 0 
7f3a34000000-7f3a34285000 rw-p 00000000 00:00 0 
7f3a34285000-7f3a38000000 ---p 00000000 00:00 0 
7f3a3bffe000-7f3a3ffff000 rw-s 00000000 00:11 1407741                    /dev/shm/pulse-shm-3006583378
7f3a3ffff000-7f3a44000000 r--s 00000000 00:11 22180                      /dev/shm/pulse-shm-3810095572
7f3a44000000-7f3a44021000 rw-p 00000000 00:00 0 
7f3a44021000-7f3a48000000 ---p 00000000 00:00 0 
7f3a48000000-7f3a48021000 rw-p 00000000 00:00 0 
7f3a48021000-7f3a4c000000 ---p 00000000 00:00 0 
7f3a4c000000-7f3a4c021000 rw-p 00000000 00:00 0 
7f3a4c021000-7f3a50000000 ---p 00000000 00:00 0 
7f3a5011f000-7f3a5019f000 rw-p 00000000 00:00 0 
7f3a5019f000-7f3a5031f000 ---p 00000000 00:00 0 
7f3a5031f000-7f3a50320000 ---p 00000000 00:00 0 
7f3a50320000-7f3a50b20000 rw-p 00000000 00:00 0                          [stack:26121]
7f3a50b20000-7f3a50b21000 ---p 00000000 00:00 0 
7f3a50b21000-7f3a51321000 rw-p 00000000 00:00 0                          [stack:26117]
7f3a51321000-7f3a55322000 rw-s 00000000 00:11 1407714                    /dev/shm/pulse-shm-798934636
7f3a55322000-7f3a55328000 r-xp 00000000 08:11 1317035                    /usr/lib/x86_64-linux-gnu/alsa-lib/libasound_module_pcm_pulse.so
7f3a55328000-7f3a55527000 ---p 00006000 08:11 1317035                    /usr/lib/x86_64-linux-gnu/alsa-lib/libasound_module_pcm_pulse.so
7f3a55527000-7f3a55528000 r--p 00005000 08:11 1317035                    /usr/lib/x86_64-linux-gnu/alsa-lib/libasound_module_pcm_pulse.so
7f3a55528000-7f3a55529000 rw-p 00006000 08:11 1317035                    /usr/lib/x86_64-linux-gnu/alsa-lib/libasound_module_pcm_pulse.so
7f3a55529000-7f3a5555d000 r-xp 00000000 08:11 1246961                    /usr/local/cpffmpeg/lib/libvorbis.so.0.4.7
7f3a5555d000-7f3a5575d000 ---p 00034000 08:11 1246961                    /usr/local/cpffmpeg/lib/libvorbis.so.0.4.7
7f3a5575d000-7f3a5575e000 rw-p 00034000 08:11 1246961                    /usr/local/cpffmpeg/lib/libvorbis.so.0.4.7
7f3a5575e000-7f3a55764000 r-xp 00000000 08:11 1246864                    /usr/local/cpffmpeg/lib/libogg.so.0.8.1
7f3a55764000-7f3a55963000 ---p 00006000 08:11 1246864                    /usr/local/cpffmpeg/lib/libogg.so.0.8.1
7f3a55963000-7f3a55964000 rw-p 00005000 08:11 1246864                    /usr/local/cpffmpeg/lib/libogg.so.0.8.1
7f3a55964000-7f3a55975000 r-xp 00000000 08:11 393690                     /lib/x86_64-linux-gnu/libgpg-error.so.0.13.0
7f3a55975000-7f3a55b74000 ---p 00011000 08:11 393690                     /lib/x86_64-linux-gnu/libgpg-error.so.0.13.0
7f3a55b74000-7f3a55b75000 r--p 00010000 08:11 393690                     /lib/x86_64-linux-gnu/libgpg-error.so.0.13.0
7f3a55b75000-7f3a55b76000 rw-p 00011000 08:11 393690                     /lib/x86_64-linux-gnu/libgpg-error.so.0.13.0
7f3a55b76000-7f3a55c05000 r-xp 00000000 08:11 1246969                    /usr/local/cpffmpeg/lib/libvorbisenc.so.2.0.10
7f3a55c05000-7f3a55e04000 ---p 0008f000 08:11 1246969                    /usr/local/cpffmpeg/lib/libvorbisenc.so.2.0.10
7f3a55e04000-7f3a55e20000 rw-p 0008e000 08:11 1246969                    /usr/local/cpffmpeg/lib/libvorbisenc.so.2.0.10
7f3a55e20000-7f3a55e73000 r-xp 00000000 08:11 1247702                    /usr/local/cpffmpeg/lib/libFLAC.so.8.3.0
7f3a55e73000-7f3a56073000 ---p 00053000 08:11 1247702                    /usr/local/cpffmpeg/lib/libFLAC.so.8.3.0
7f3a56073000-7f3a56074000 rw-p 00053000 08:11 1247702                    /usr/local/cpffmpeg/lib/libFLAC.so.8.3.0
7f3a56074000-7f3a56088000 r-xp 00000000 08:11 393941                     /lib/x86_64-linux-gnu/libresolv-2.19.so
7f3a56088000-7f3a56287000 ---p 00014000 08:11 393941                     /lib/x86_64-linux-gnu/libresolv-2.19.so
7f3a56287000-7f3a56288000 r--p 00013000 08:11 393941                     /lib/x86_64-linux-gnu/libresolv-2.19.so
7f3a56288000-7f3a56289000 rw-p 00014000 08:11 393941                     /lib/x86_64-linux-gnu/libresolv-2.19.so
7f3a56289000-7f3a5628b000 rw-p 00000000 00:00 0 
7f3a5628b000-7f3a56362000 r-xp 00000000 08:11 393710                     /lib/x86_64-linux-gnu/libgcrypt.so.20.0.2
7f3a56362000-7f3a56562000 ---p 000d7000 08:11 393710                     /lib/x86_64-linux-gnu/libgcrypt.so.20.0.2
7f3a56562000-7f3a56563000 r--p 000d7000 08:11 393710                     /lib/x86_64-linux-gnu/libgcrypt.so.20.0.2
7f3a56563000-7f3a5656c000 rw-p 000d8000 08:11 393710                     /lib/x86_64-linux-gnu/libgcrypt.so.20.0.2
7f3a5656c000-7f3a5658e000 r-xp 00000000 08:11 393692                     /lib/x86_64-linux-gnu/liblzma.so.5.0.0
7f3a5658e000-7f3a5678d000 ---p 00022000 08:11 393692                     /lib/x86_64-linux-gnu/liblzma.so.5.0.0
7f3a5678d000-7f3a5678e000 r--p 00021000 08:11 393692                     /lib/x86_64-linux-gnu/liblzma.so.5.0.0
7f3a5678e000-7f3a5678f000 rw-p 00022000 08:11 393692                     /lib/x86_64-linux-gnu/liblzma.so.5.0.0
7f3a5678f000-7f3a56793000 r-xp 00000000 08:11 393657                     /lib/x86_64-linux-gnu/libuuid.so.1.3.0
7f3a56793000-7f3a56992000 ---p 00004000 08:11 393657                     /lib/x86_64-linux-gnu/libuuid.so.1.3.0
7f3a56992000-7f3a56993000 r--p 00003000 08:11 393657                     /lib/x86_64-linux-gnu/libuuid.so.1.3.0
7f3a56993000-7f3a56994000 rw-p 00004000 08:11 393657                     /lib/x86_64-linux-gnu/libuuid.so.1.3.0
7f3a56994000-7f3a56998000 r-xp 00000000 08:11 393736                     /lib/x86_64-linux-gnu/libattr.so.1.1.0
7f3a56998000-7f3a56b97000 ---p 00004000 08:11 393736                     /lib/x86_64-linux-gnu/libattr.so.1.1.0
7f3a56b97000-7f3a56b98000 r--p 00003000 08:11 393736                     /lib/x86_64-linux-gnu/libattr.so.1.1.0
7f3a56b98000-7f3a56b99000 rw-p 00004000 08:11 393736                     /lib/x86_64-linux-gnu/libattr.so.1.1.0
7f3a56b99000-7f3a56b9e000 r-xp 00000000 08:11 1315196                    /usr/lib/x86_64-linux-gnu/libasyncns.so.0.3.1
7f3a56b9e000-7f3a56d9d000 ---p 00005000 08:11 1315196                    /usr/lib/x86_64-linux-gnu/libasyncns.so.0.3.1
7f3a56d9d000-7f3a56d9e000 r--p 00004000 08:11 1315196                    /usr/lib/x86_64-linux-gnu/libasyncns.so.0.3.1
7f3a56d9e000-7f3a56d9f000 rw-p 00005000 08:11 1315196                    /usr/lib/x86_64-linux-gnu/libasyncns.so.0.3.1
7f3a56d9f000-7f3a56e01000 r-xp 00000000 08:11 1315698                    /usr/lib/x86_64-linux-gnu/libsndfile.so.1.0.25
7f3a56e01000-7f3a57001000 ---p 00062000 08:11 1315698                    /usr/lib/x86_64-linux-gnu/libsndfile.so.1.0.25
7f3a57001000-7f3a57003000 r--p 00062000 08:11 1315698                    /usr/lib/x86_64-linux-gnu/libsndfile.so.1.0.25
7f3a57003000-7f3a57004000 rw-p 00064000 08:11 1315698                    /usr/lib/x86_64-linux-gnu/libsndfile.so.1.0.25
7f3a57004000-7f3a57008000 rw-p 00000000 00:00 0 
7f3a57008000-7f3a57011000 r-xp 00000000 08:11 394193                     /lib/x86_64-linux-gnu/libwrap.so.0.7.6
7f3a57011000-7f3a57210000 ---p 00009000 08:11 394193                     /lib/x86_64-linux-gnu/libwrap.so.0.7.6
7f3a57210000-7f3a57211000 r--p 00008000 08:11 394193                     /lib/x86_64-linux-gnu/libwrap.so.0.7.6
7f3a57211000-7f3a57212000 rw-p 00009000 08:11 394193                     /lib/x86_64-linux-gnu/libwrap.so.0.7.6
7f3a57212000-7f3a57213000 rw-p 00000000 00:00 0 
7f3a57213000-7f3a57234000 r-xp 00000000 08:11 393722                     /lib/x86_64-linux-gnu/libsystemd.so.0.3.1
7f3a57234000-7f3a57434000 ---p 00021000 08:11 393722                     /lib/x86_64-linux-gnu/libsystemd.so.0.3.1
7f3a57434000-7f3a57435000 r--p 00021000 08:11 393722                     /lib/x86_64-linux-gnu/libsystemd.so.0.3.1
7f3a57435000-7f3a57436000 rw-p 00022000 08:11 393722                     /lib/x86_64-linux-gnu/libsystemd.so.0.3.1
7f3a57436000-7f3a5743d000 r-xp 00000000 08:11 1313147                    /usr/lib/x86_64-linux-gnu/libSM.so.6.0.1
7f3a5743d000-7f3a5763c000 ---p 00007000 08:11 1313147                    /usr/lib/x86_64-linux-gnu/libSM.so.6.0.1
7f3a5763c000-7f3a5763d000 r--p 00006000 08:11 1313147                    /usr/lib/x86_64-linux-gnu/libSM.so.6.0.1
7f3a5763d000-7f3a5763e000 rw-p 00007000 08:11 1313147                    /usr/lib/x86_64-linux-gnu/libSM.so.6.0.1
7f3a5763e000-7f3a57642000 r-xp 00000000 08:11 393218                     /lib/x86_64-linux-gnu/libcap.so.2.24
7f3a57642000-7f3a57841000 ---p 00004000 08:11 393218                     /lib/x86_64-linux-gnu/libcap.so.2.24
7f3a57841000-7f3a57842000 r--p 00003000 08:11 393218                     /lib/x86_64-linux-gnu/libcap.so.2.24
7f3a57842000-7f3a57843000 rw-p 00004000 08:11 393218                     /lib/x86_64-linux-gnu/libcap.so.2.24
7f3a57843000-7f3a5788a000 r-xp 00000000 08:11 393809                     /lib/x86_64-linux-gnu/libdbus-1.so.3.8.10
7f3a5788a000-7f3a57a89000 ---p 00047000 08:11 393809                     /lib/x86_64-linux-gnu/libdbus-1.so.3.8.10
7f3a57a89000-7f3a57a8a000 r--p 00046000 08:11 393809                     /lib/x86_64-linux-gnu/libdbus-1.so.3.8.10
7f3a57a8a000-7f3a57a8b000 rw-p 00047000 08:11 393809                     /lib/x86_64-linux-gnu/libdbus-1.so.3.8.10
7f3a57a8b000-7f3a57b02000 r-xp 00000000 08:11 1315203                    /usr/lib/x86_64-linux-gnu/pulseaudio/libpulsecommon-5.0.so
7f3a57b02000-7f3a57d02000 ---p 00077000 08:11 1315203                    /usr/lib/x86_64-linux-gnu/pulseaudio/libpulsecommon-5.0.so
7f3a57d02000-7f3a57d03000 r--p 00077000 08:11 1315203                    /usr/lib/x86_64-linux-gnu/pulseaudio/libpulsecommon-5.0.so
7f3a57d03000-7f3a57d05000 rw-p 00078000 08:11 1315203                    /usr/lib/x86_64-linux-gnu/pulseaudio/libpulsecommon-5.0.so
7f3a57d05000-7f3a57d0f000 r-xp 00000000 08:11 394170                     /lib/x86_64-linux-gnu/libjson-c.so.2.0.0
7f3a57d0f000-7f3a57f0e000 ---p 0000a000 08:11 394170                     /lib/x86_64-linux-gnu/libjson-c.so.2.0.0
7f3a57f0e000-7f3a57f0f000 r--p 00009000 08:11 394170                     /lib/x86_64-linux-gnu/libjson-c.so.2.0.0
7f3a57f0f000-7f3a57f10000 rw-p 0000a000 08:11 394170                     /lib/x86_64-linux-gnu/libjson-c.so.2.0.0
7f3a57f10000-7f3a57f5e000 r-xp 00000000 08:11 1314084                    /usr/lib/x86_64-linux-gnu/libpulse.so.0.17.3
7f3a57f5e000-7f3a5815e000 ---p 0004e000 08:11 1314084                    /usr/lib/x86_64-linux-gnu/libpulse.so.0.17.3
7f3a5815e000-7f3a58160000 r--p 0004e000 08:11 1314084                    /usr/lib/x86_64-linux-gnu/libpulse.so.0.17.3
7f3a58160000-7f3a58161000 rw-p 00050000 08:11 1314084                    /usr/lib/x86_64-linux-gnu/libpulse.so.0.17.3
7f3a58262000-7f3a58265000 ---p 00000000 00:00 0 
7f3a58265000-7f3a58363000 rw-p 00000000 00:00 0                          [stack:26122]
7f3a58363000-7f3a58453000 r-xp 00000000 08:11 1313856                    /usr/lib/x86_64-linux-gnu/libasound.so.2.0.0
7f3a58453000-7f3a58652000 ---p 000f0000 08:11 1313856                    /usr/lib/x86_64-linux-gnu/libasound.so.2.0.0
7f3a58652000-7f3a58659000 r--p 000ef000 08:11 1313856                    /usr/lib/x86_64-linux-gnu/libasound.so.2.0.0
7f3a58659000-7f3a5865b000 rw-p 000f6000 08:11 1313856                    /usr/lib/x86_64-linux-gnu/libasound.so.2.0.0
7f3a5865b000-7f3a5866a000 r-xp 00000000 08:11 2240448                    /usr/lib/jvm/jdk1.8.0_31/jre/lib/amd64/libjsoundalsa.so
7f3a5866a000-7f3a58869000 ---p 0000f000 08:11 2240448                    /usr/lib/jvm/jdk1.8.0_31/jre/lib/amd64/libjsoundalsa.so
7f3a58869000-7f3a5886a000 rw-p 0000e000 08:11 2240448                    /usr/lib/jvm/jdk1.8.0_31/jre/lib/amd64/libjsoundalsa.so
7f3a5886a000-7f3a5886b000 r-xp 00000000 08:11 2240452                    /usr/lib/jvm/jdk1.8.0_31/jre/lib/amd64/libjsound.so
7f3a5886b000-7f3a58a6a000 ---p 00001000 08:11 2240452                    /usr/lib/jvm/jdk1.8.0_31/jre/lib/amd64/libjsound.so
7f3a58a6a000-7f3a58a6b000 rw-p 00000000 08:11 2240452                    /usr/lib/jvm/jdk1.8.0_31/jre/lib/amd64/libjsound.so
7f3a58a6b000-7f3a58d6b000 rw-s 00000000 00:04 1410216                    /drm mm object (deleted)
7f3a58d6b000-7f3a5906b000 rw-s 00000000 00:04 1407652                    /drm mm object (deleted)
7f3a5906b000-7f3a59079000 r-xp 00000000 08:11 393942                     /lib/x86_64-linux-gnu/libudev.so.1.5.0
7f3a59079000-7f3a59278000 ---p 0000e000 08:11 393942                     /lib/x86_64-linux-gnu/libudev.so.1.5.0
7f3a59278000-7f3a59279000 r--p 0000d000 08:11 393942                     /lib/x86_64-linux-gnu/libudev.so.1.5.0
7f3a59279000-7f3a5927a000 rw-p 0000e000 08:11 393942                     /lib/x86_64-linux-gnu/libudev.so.1.5.0
7f3a5927a000-7f3a5927c000 r-xp 00000000 08:11 1316635                    /usr/lib/x86_64-linux-gnu/libXinerama.so.1.0.0
7f3a5927c000-7f3a5947b000 ---p 00002000 08:11 1316635                    /usr/lib/x86_64-linux-gnu/libXinerama.so.1.0.0
7f3a5947b000-7f3a5947c000 r--p 00001000 08:11 1316635                    /usr/lib/x86_64-linux-gnu/libXinerama.so.1.0.0
7f3a5947c000-7f3a5947d000 rw-p 00002000 08:11 1316635                    /usr/lib/x86_64-linux-gnu/libXinerama.so.1.0.0
7f3a5947d000-7f3a594b4000 r-xp 00000000 08:11 1316797                    /usr/lib/x86_64-linux-gnu/libtxc_dxtn_s2tc.so.0.0.0
7f3a594b4000-7f3a596b3000 ---p 00037000 08:11 1316797                    /usr/lib/x86_64-linux-gnu/libtxc_dxtn_s2tc.so.0.0.0
7f3a596b3000-7f3a596b4000 r--p 00036000 08:11 1316797                    /usr/lib/x86_64-linux-gnu/libtxc_dxtn_s2tc.so.0.0.0
7f3a596b4000-7f3a596b5000 rw-p 00037000 08:11 1316797                    /usr/lib/x86_64-linux-gnu/libtxc_dxtn_s2tc.so.0.0.0
7f3a596b5000-7f3a596cf000 r-xp 00000000 08:11 393684                     /lib/x86_64-linux-gnu/libz.so.1.2.8
7f3a596cf000-7f3a598ce000 ---p 0001a000 08:11 393684                     /lib/x86_64-linux-gnu/libz.so.1.2.8
7f3a598ce000-7f3a598cf000 r--p 00019000 08:11 393684                     /lib/x86_64-linux-gnu/libz.so.1.2.8
7f3a598cf000-7f3a598d0000 rw-p 0001a000 08:11 393684                     /lib/x86_64-linux-gnu/libz.so.1.2.8
7f3a598d0000-7f3a598d8000 r-xp 00000000 08:11 1312442                    /usr/lib/x86_64-linux-gnu/libpciaccess.so.0.11.1
7f3a598d8000-7f3a59ad8000 ---p 00008000 08:11 1312442                    /usr/lib/x86_64-linux-gnu/libpciaccess.so.0.11.1
7f3a59ad8000-7f3a59ad9000 r--p 00008000 08:11 1312442                    /usr/lib/x86_64-linux-gnu/libpciaccess.so.0.11.1
7f3a59ad9000-7f3a59ada000 rw-p 00009000 08:11 1312442                    /usr/lib/x86_64-linux-gnu/libpciaccess.so.0.11.1
7f3a59ada000-7f3a59bc6000 r-xp 00000000 08:11 1313581                    /usr/lib/x86_64-linux-gnu/libstdc++.so.6.0.20
7f3a59bc6000-7f3a59dc6000 ---p 000ec000 08:11 1313581                    /usr/lib/x86_64-linux-gnu/libstdc++.so.6.0.20
7f3a59dc6000-7f3a59dce000 r--p 000ec000 08:11 1313581                    /usr/lib/x86_64-linux-gnu/libstdc++.so.6.0.20
7f3a59dce000-7f3a59dd0000 rw-p 000f4000 08:11 1313581                    /usr/lib/x86_64-linux-gnu/libstdc++.so.6.0.20
7f3a59dd0000-7f3a59de5000 rw-p 00000000 00:00 0 
7f3a59de5000-7f3a59df1000 r-xp 00000000 08:11 1317459                    /usr/lib/x86_64-linux-gnu/libdrm_radeon.so.1.0.1
7f3a59df1000-7f3a59ff0000 ---p 0000c000 08:11 1317459                    /usr/lib/x86_64-linux-gnu/libdrm_radeon.so.1.0.1
7f3a59ff0000-7f3a59ff1000 r--p 0000b000 08:11 1317459                    /usr/lib/x86_64-linux-gnu/libdrm_radeon.so.1.0.1
7f3a59ff1000-7f3a59ff2000 rw-p 0000c000 08:11 1317459                    /usr/lib/x86_64-linux-gnu/libdrm_radeon.so.1.0.1
7f3a59ff2000-7f3a59ff8000 r-xp 00000000 08:11 1317705                    /usr/lib/x86_64-linux-gnu/libdrm_nouveau.so.2.0.0
7f3a59ff8000-7f3a5a1f7000 ---p 00006000 08:11 1317705                    /usr/lib/x86_64-linux-gnu/libdrm_nouveau.so.2.0.0
7f3a5a1f7000-7f3a5a1f8000 r--p 00005000 08:11 1317705                    /usr/lib/x86_64-linux-gnu/libdrm_nouveau.so.2.0.0
7f3a5a1f8000-7f3a5a1f9000 rw-p 00006000 08:11 1317705                    /usr/lib/x86_64-linux-gnu/libdrm_nouveau.so.2.0.0
7f3a5a1f9000-7f3a5a21a000 r-xp 00000000 08:11 1312658                    /usr/lib/x86_64-linux-gnu/libdrm_intel.so.1.0.0
7f3a5a21a000-7f3a5a419000 ---p 00021000 08:11 1312658                    /usr/lib/x86_64-linux-gnu/libdrm_intel.so.1.0.0
7f3a5a419000-7f3a5a41a000 r--p 00020000 08:11 1312658                    /usr/lib/x86_64-linux-gnu/libdrm_intel.so.1.0.0
7f3a5a41a000-7f3a5a41b000 rw-p 00021000 08:11 1312658                    /usr/lib/x86_64-linux-gnu/libdrm_intel.so.1.0.0
7f3a5a41b000-7f3a5a939000 r-xp 00000000 08:11 1312473                    /usr/lib/x86_64-linux-gnu/dri/i965_dri.so
7f3a5a939000-7f3a5ab39000 ---p 0051e000 08:11 1312473                    /usr/lib/x86_64-linux-gnu/dri/i965_dri.so
7f3a5ab39000-7f3a5ab55000 r--p 0051e000 08:11 1312473                    /usr/lib/x86_64-linux-gnu/dri/i965_dri.so
7f3a5ab55000-7f3a5ab5b000 rw-p 0053a000 08:11 1312473                    /usr/lib/x86_64-linux-gnu/dri/i965_dri.so
7f3a5ab5b000-7f3a5ad66000 rw-p 00000000 00:00 0 
7f3a5ad66000-7f3a5ad6c000 r-xp 00000000 08:11 1180552                    /usr/lib/mesa-diverted/x86_64-linux-gnu/libGLESv2.so.2.0.0
7f3a5ad6c000-7f3a5af6b000 ---p 00006000 08:11 1180552                    /usr/lib/mesa-diverted/x86_64-linux-gnu/libGLESv2.so.2.0.0
7f3a5af6b000-7f3a5af6c000 r--p 00005000 08:11 1180552                    /usr/lib/mesa-diverted/x86_64-linux-gnu/libGLESv2.so.2.0.0
7f3a5af6c000-7f3a5af6d000 rw-p 00006000 08:11 1180552                    /usr/lib/mesa-diverted/x86_64-linux-gnu/libGLESv2.so.2.0.0
7f3a5af6d000-7f3a5afb2000 r-xp 00000000 08:11 1972897                    /tmp/jogamp_0000/file_cache/jln5034510828727862565/jln359479907233709125/libjogl_mobile.so
7f3a5afb2000-7f3a5b1b2000 ---p 00045000 08:11 1972897                    /tmp/jogamp_0000/file_cache/jln5034510828727862565/jln359479907233709125/libjogl_mobile.so
7f3a5b1b2000-7f3a5b1b3000 rw-p 00045000 08:11 1972897                    /tmp/jogamp_0000/file_cache/jln5034510828727862565/jln359479907233709125/libjogl_mobile.so
7f3a5b1b3000-7f3a5b1ba000 r-xp 00000000 08:11 1311207                    /usr/lib/x86_64-linux-gnu/libffi.so.6.0.2
7f3a5b1ba000-7f3a5b3b9000 ---p 00007000 08:11 1311207                    /usr/lib/x86_64-linux-gnu/libffi.so.6.0.2
7f3a5b3b9000-7f3a5b3ba000 r--p 00006000 08:11 1311207                    /usr/lib/x86_64-linux-gnu/libffi.so.6.0.2
7f3a5b3ba000-7f3a5b3bb000 rw-p 00007000 08:11 1311207                    /usr/lib/x86_64-linux-gnu/libffi.so.6.0.2
7f3a5b3bb000-7f3a5b3c8000 r-xp 00000000 08:11 1314293                    /usr/lib/x86_64-linux-gnu/libgbm.so.1.0.0
7f3a5b3c8000-7f3a5b5c7000 ---p 0000d000 08:11 1314293                    /usr/lib/x86_64-linux-gnu/libgbm.so.1.0.0
7f3a5b5c7000-7f3a5b5c8000 r--p 0000c000 08:11 1314293                    /usr/lib/x86_64-linux-gnu/libgbm.so.1.0.0
7f3a5b5c8000-7f3a5b5c9000 rw-p 0000d000 08:11 1314293                    /usr/lib/x86_64-linux-gnu/libgbm.so.1.0.0
7f3a5b5c9000-7f3a5b5d8000 r-xp 00000000 08:11 1314915                    /usr/lib/x86_64-linux-gnu/libwayland-server.so.0.1.0
7f3a5b5d8000-7f3a5b7d8000 ---p 0000f000 08:11 1314915                    /usr/lib/x86_64-linux-gnu/libwayland-server.so.0.1.0
7f3a5b7d8000-7f3a5b7da000 r--p 0000f000 08:11 1314915                    /usr/lib/x86_64-linux-gnu/libwayland-server.so.0.1.0
7f3a5b7da000-7f3a5b7db000 rw-p 00011000 08:11 1314915                    /usr/lib/x86_64-linux-gnu/libwayland-server.so.0.1.0
7f3a5b7db000-7f3a5b7e7000 r-xp 00000000 08:11 1316306                    /usr/lib/x86_64-linux-gnu/libwayland-client.so.0.3.0
7f3a5b7e7000-7f3a5b9e6000 ---p 0000c000 08:11 1316306                    /usr/lib/x86_64-linux-gnu/libwayland-client.so.0.3.0
7f3a5b9e6000-7f3a5b9e9000 r--p 0000b000 08:11 1316306                    /usr/lib/x86_64-linux-gnu/libwayland-client.so.0.3.0
7f3a5b9e9000-7f3a5b9ea000 rw-p 0000e000 08:11 1316306                    /usr/lib/x86_64-linux-gnu/libwayland-client.so.0.3.0
7f3a5b9ea000-7f3a5b9ed000 r-xp 00000000 08:11 1312486                    /usr/lib/x86_64-linux-gnu/libxcb-shape.so.0.0.0
7f3a5b9ed000-7f3a5bbec000 ---p 00003000 08:11 1312486                    /usr/lib/x86_64-linux-gnu/libxcb-shape.so.0.0.0
7f3a5bbec000-7f3a5bbed000 r--p 00002000 08:11 1312486                    /usr/lib/x86_64-linux-gnu/libxcb-shape.so.0.0.0
7f3a5bbed000-7f3a5bbee000 rw-p 00003000 08:11 1312486                    /usr/lib/x86_64-linux-gnu/libxcb-shape.so.0.0.0
7f3a5bbee000-7f3a5bbf7000 r-xp 00000000 08:11 1320235                    /usr/lib/x86_64-linux-gnu/libxcb-render.so.0.0.0
7f3a5bbf7000-7f3a5bdf6000 ---p 00009000 08:11 1320235                    /usr/lib/x86_64-linux-gnu/libxcb-render.so.0.0.0
7f3a5bdf6000-7f3a5bdf7000 r--p 00008000 08:11 1320235                    /usr/lib/x86_64-linux-gnu/libxcb-render.so.0.0.0
7f3a5bdf7000-7f3a5bdf8000 rw-p 00009000 08:11 1320235                    /usr/lib/x86_64-linux-gnu/libxcb-render.so.0.0.0
7f3a5bdf8000-7f3a5bdfe000 r-xp 00000000 08:11 1313209                    /usr/lib/x86_64-linux-gnu/libxcb-xfixes.so.0.0.0
7f3a5bdfe000-7f3a5bffe000 ---p 00006000 08:11 1313209                    /usr/lib/x86_64-linux-gnu/libxcb-xfixes.so.0.0.0
7f3a5bffe000-7f3a5bfff000 r--p 00006000 08:11 1313209                    /usr/lib/x86_64-linux-gnu/libxcb-xfixes.so.0.0.0
7f3a5bfff000-7f3a5c000000 rw-p 00007000 08:11 1313209                    /usr/lib/x86_64-linux-gnu/libxcb-xfixes.so.0.0.0
7f3a5c000000-7f3a5c021000 rw-p 00000000 00:00 0 
7f3a5c021000-7f3a60000000 ---p 00000000 00:00 0 
7f3a60000000-7f3a627f2000 rw-p 00000000 00:00 0 
7f3a627f2000-7f3a64000000 ---p 00000000 00:00 0 
7f3a64000000-7f3a66351000 rw-p 00000000 00:00 0 
7f3a66351000-7f3a68000000 ---p 00000000 00:00 0 
7f3a68000000-7f3a689f7000 rw-p 00000000 00:00 0 
7f3a689f7000-7f3a6c000000 ---p 00000000 00:00 0 
7f3a6c000000-7f3a6c021000 rw-p 00000000 00:00 0 
7f3a6c021000-7f3a70000000 ---p 00000000 00:00 0 
7f3a70000000-7f3a70021000 rw-p 00000000 00:00 0 
7f3a70021000-7f3a74000000 ---p 00000000 00:00 0 
7f3a74000000-7f3a74027000 rw-p 00000000 00:00 0 
7f3a74027000-7f3a78000000 ---p 00000000 00:00 0 
7f3a78000000-7f3a78036000 rw-p 00000000 00:00 0 
7f3a78036000-7f3a7c000000 ---p 00000000 00:00 0 
7f3a7c000000-7f3a7c021000 rw-p 00000000 00:00 0 
7f3a7c021000-7f3a80000000 ---p 00000000 00:00 0 
7f3a80000000-7f3a80021000 rw-p 00000000 00:00 0 
7f3a80021000-7f3a84000000 ---p 00000000 00:00 0 
7f3a84000000-7f3a8431a000 rw-p 00000000 00:00 0 
7f3a8431a000-7f3a88000000 ---p 00000000 00:00 0 
7f3a88000000-7f3a88021000 rw-p 00000000 00:00 0 
7f3a88021000-7f3a8c000000 ---p 00000000 00:00 0 
7f3a8c000000-7f3a8d749000 rw-p 00000000 00:00 0 
7f3a8d749000-7f3a90000000 ---p 00000000 00:00 0 
7f3a90058000-7f3a9005b000 ---p 00000000 00:00 0 
7f3a9005b000-7f3a90159000 rw-p 00000000 00:00 0                          [stack:26116]
7f3a90159000-7f3a90170000 r-xp 00000000 08:11 1432196                    /usr/local/lib/libICE.so.6.3.0
7f3a90170000-7f3a90172000 rw-p 00016000 08:11 1432196                    /usr/local/lib/libICE.so.6.3.0
7f3a90172000-7f3a90175000 rw-p 00000000 00:00 0 
7f3a901b4000-7f3a901bc000 rw-s 00000000 00:04 1407747                    /drm mm object (deleted)
7f3a901c4000-7f3a901ec000 r-xp 00000000 08:11 1179661                    /usr/lib/mesa-diverted/x86_64-linux-gnu/libEGL.so.1.0.0
7f3a901ec000-7f3a903eb000 ---p 00028000 08:11 1179661                    /usr/lib/mesa-diverted/x86_64-linux-gnu/libEGL.so.1.0.0
7f3a903eb000-7f3a903ec000 r--p 00027000 08:11 1179661                    /usr/lib/mesa-diverted/x86_64-linux-gnu/libEGL.so.1.0.0
7f3a903ec000-7f3a903ed000 rw-p 00028000 08:11 1179661                    /usr/lib/mesa-diverted/x86_64-linux-gnu/libEGL.so.1.0.0
7f3a903ed000-7f3a903ee000 rw-p 00000000 00:00 0 
7f3a903ee000-7f3a903f2000 r-xp 00000000 08:11 1184816                    /usr/lib/mesa-diverted/x86_64-linux-gnu/libGLESv1_CM.so.1.1.0
7f3a903f2000-7f3a905f1000 ---p 00004000 08:11 1184816                    /usr/lib/mesa-diverted/x86_64-linux-gnu/libGLESv1_CM.so.1.1.0
7f3a905f1000-7f3a905f2000 r--p 00003000 08:11 1184816                    /usr/lib/mesa-diverted/x86_64-linux-gnu/libGLESv1_CM.so.1.1.0
7f3a905f2000-7f3a905f3000 rw-p 00004000 08:11 1184816                    /usr/lib/mesa-diverted/x86_64-linux-gnu/libGLESv1_CM.so.1.1.0
7f3a905f3000-7f3a90698000 r-xp 00000000 08:11 1972773                    /tmp/jogamp_0000/file_cache/jln5034510828727862565/jln359479907233709125/libjogl_desktop.so
7f3a90698000-7f3a90898000 ---p 000a5000 08:11 1972773                    /tmp/jogamp_0000/file_cache/jln5034510828727862565/jln359479907233709125/libjogl_desktop.so
7f3a90898000-7f3a90899000 rw-p 000a5000 08:11 1972773                    /tmp/jogamp_0000/file_cache/jln5034510828727862565/jln359479907233709125/libjogl_desktop.so
7f3a90899000-7f3a908a5000 r-xp 00000000 08:11 1317768                    /usr/lib/x86_64-linux-gnu/libdrm.so.2.4.0
7f3a908a5000-7f3a90aa4000 ---p 0000c000 08:11 1317768                    /usr/lib/x86_64-linux-gnu/libdrm.so.2.4.0
7f3a90aa4000-7f3a90aa5000 r--p 0000b000 08:11 1317768                    /usr/lib/x86_64-linux-gnu/libdrm.so.2.4.0
7f3a90aa5000-7f3a90aa6000 rw-p 0000c000 08:11 1317768                    /usr/lib/x86_64-linux-gnu/libdrm.so.2.4.0
7f3a90aa6000-7f3a90aa7000 r-xp 00000000 08:11 1316882                    /usr/lib/x86_64-linux-gnu/libxshmfence.so.1.0.0
7f3a90aa7000-7f3a90ca6000 ---p 00001000 08:11 1316882                    /usr/lib/x86_64-linux-gnu/libxshmfence.so.1.0.0
7f3a90ca6000-7f3a90ca7000 r--p 00000000 08:11 1316882                    /usr/lib/x86_64-linux-gnu/libxshmfence.so.1.0.0
7f3a90ca7000-7f3a90ca8000 rw-p 00001000 08:11 1316882                    /usr/lib/x86_64-linux-gnu/libxshmfence.so.1.0.0
7f3a90ca8000-7f3a90cad000 r-xp 00000000 08:11 1315759                    /usr/lib/x86_64-linux-gnu/libxcb-sync.so.1.0.0
7f3a90cad000-7f3a90ead000 ---p 00005000 08:11 1315759                    /usr/lib/x86_64-linux-gnu/libxcb-sync.so.1.0.0
7f3a90ead000-7f3a90eae000 r--p 00005000 08:11 1315759                    /usr/lib/x86_64-linux-gnu/libxcb-sync.so.1.0.0
7f3a90eae000-7f3a90eaf000 rw-p 00006000 08:11 1315759                    /usr/lib/x86_64-linux-gnu/libxcb-sync.so.1.0.0
7f3a90eaf000-7f3a90eb1000 r-xp 00000000 08:11 1317437                    /usr/lib/x86_64-linux-gnu/libxcb-present.so.0.0.0
7f3a90eb1000-7f3a910b0000 ---p 00002000 08:11 1317437                    /usr/lib/x86_64-linux-gnu/libxcb-present.so.0.0.0
7f3a910b0000-7f3a910b1000 r--p 00001000 08:11 1317437                    /usr/lib/x86_64-linux-gnu/libxcb-present.so.0.0.0
7f3a910b1000-7f3a910b2000 rw-p 00002000 08:11 1317437                    /usr/lib/x86_64-linux-gnu/libxcb-present.so.0.0.0
7f3a910b2000-7f3a910b4000 r-xp 00000000 08:11 1313718                    /usr/lib/x86_64-linux-gnu/libxcb-dri3.so.0.0.0
7f3a910b4000-7f3a912b3000 ---p 00002000 08:11 1313718                    /usr/lib/x86_64-linux-gnu/libxcb-dri3.so.0.0.0
7f3a912b3000-7f3a912b4000 r--p 00001000 08:11 1313718                    /usr/lib/x86_64-linux-gnu/libxcb-dri3.so.0.0.0
7f3a912b4000-7f3a912b5000 rw-p 00002000 08:11 1313718                    /usr/lib/x86_64-linux-gnu/libxcb-dri3.so.0.0.0
7f3a912b5000-7f3a912b9000 r-xp 00000000 08:11 1312874                    /usr/lib/x86_64-linux-gnu/libxcb-dri2.so.0.0.0
7f3a912b9000-7f3a914b8000 ---p 00004000 08:11 1312874                    /usr/lib/x86_64-linux-gnu/libxcb-dri2.so.0.0.0
7f3a914b8000-7f3a914b9000 r--p 00003000 08:11 1312874                    /usr/lib/x86_64-linux-gnu/libxcb-dri2.so.0.0.0
7f3a914b9000-7f3a914ba000 rw-p 00004000 08:11 1312874                    /usr/lib/x86_64-linux-gnu/libxcb-dri2.so.0.0.0
7f3a914ba000-7f3a914d1000 r-xp 00000000 08:11 1314543                    /usr/lib/x86_64-linux-gnu/libxcb-glx.so.0.0.0
7f3a914d1000-7f3a916d0000 ---p 00017000 08:11 1314543                    /usr/lib/x86_64-linux-gnu/libxcb-glx.so.0.0.0
7f3a916d0000-7f3a916d2000 r--p 00016000 08:11 1314543                    /usr/lib/x86_64-linux-gnu/libxcb-glx.so.0.0.0
7f3a916d2000-7f3a916d3000 rw-p 00018000 08:11 1314543                    /usr/lib/x86_64-linux-gnu/libxcb-glx.so.0.0.0
7f3a916d3000-7f3a916d4000 r-xp 00000000 08:11 1318061                    /usr/lib/x86_64-linux-gnu/libX11-xcb.so.1.0.0
7f3a916d4000-7f3a918d3000 ---p 00001000 08:11 1318061                    /usr/lib/x86_64-linux-gnu/libX11-xcb.so.1.0.0
7f3a918d3000-7f3a918d4000 r--p 00000000 08:11 1318061                    /usr/lib/x86_64-linux-gnu/libX11-xcb.so.1.0.0
7f3a918d4000-7f3a918d5000 rw-p 00001000 08:11 1318061                    /usr/lib/x86_64-linux-gnu/libX11-xcb.so.1.0.0
7f3a918d5000-7f3a918d7000 r-xp 00000000 08:11 1316876                    /usr/lib/x86_64-linux-gnu/libXdamage.so.1.1.0
7f3a918d7000-7f3a91ad6000 ---p 00002000 08:11 1316876                    /usr/lib/x86_64-linux-gnu/libXdamage.so.1.1.0
7f3a91ad6000-7f3a91ad7000 r--p 00001000 08:11 1316876                    /usr/lib/x86_64-linux-gnu/libXdamage.so.1.1.0
7f3a91ad7000-7f3a91ad8000 rw-p 00002000 08:11 1316876                    /usr/lib/x86_64-linux-gnu/libXdamage.so.1.1.0
7f3a91ad8000-7f3a91afd000 r-xp 00000000 08:11 1311159                    /usr/lib/x86_64-linux-gnu/libglapi.so.0.0.0
7f3a91afd000-7f3a91cfd000 ---p 00025000 08:11 1311159                    /usr/lib/x86_64-linux-gnu/libglapi.so.0.0.0
7f3a91cfd000-7f3a91d00000 r--p 00025000 08:11 1311159                    /usr/lib/x86_64-linux-gnu/libglapi.so.0.0.0
7f3a91d00000-7f3a91d01000 rw-p 00028000 08:11 1311159                    /usr/lib/x86_64-linux-gnu/libglapi.so.0.0.0
7f3a91d01000-7f3a91d02000 rw-p 00000000 00:00 0 
7f3a91d02000-7f3a91d28000 r-xp 00000000 08:11 393642                     /lib/x86_64-linux-gnu/libexpat.so.1.6.0
7f3a91d28000-7f3a91f27000 ---p 00026000 08:11 393642                     /lib/x86_64-linux-gnu/libexpat.so.1.6.0
7f3a91f27000-7f3a91f2a000 r--p 00025000 08:11 393642                     /lib/x86_64-linux-gnu/libexpat.so.1.6.0
7f3a91f2a000-7f3a91f2b000 rw-p 00028000 08:11 393642                     /lib/x86_64-linux-gnu/libexpat.so.1.6.0
7f3a91f2b000-7f3a91fc1000 r-xp 00000000 08:11 1179742                    /usr/lib/mesa-diverted/x86_64-linux-gnu/libGL.so.1.2.0
7f3a91fc1000-7f3a921c0000 ---p 00096000 08:11 1179742                    /usr/lib/mesa-diverted/x86_64-linux-gnu/libGL.so.1.2.0
7f3a921c0000-7f3a921c3000 r--p 00095000 08:11 1179742                    /usr/lib/mesa-diverted/x86_64-linux-gnu/libGL.so.1.2.0
7f3a921c3000-7f3a921c4000 rw-p 00098000 08:11 1179742                    /usr/lib/mesa-diverted/x86_64-linux-gnu/libGL.so.1.2.0
7f3a921c4000-7f3a923c5000 rw-p 00000000 00:00 0 
7f3a923c5000-7f3a923cc000 r-xp 00000000 08:11 1973321                    /tmp/jogamp_0000/file_cache/jln5034510828727862565/jln359479907233709125/libnativewindow_x11.so
7f3a923cc000-7f3a925cb000 ---p 00007000 08:11 1973321                    /tmp/jogamp_0000/file_cache/jln5034510828727862565/jln359479907233709125/libnativewindow_x11.so
7f3a925cb000-7f3a925cc000 rw-p 00006000 08:11 1973321                    /tmp/jogamp_0000/file_cache/jln5034510828727862565/jln359479907233709125/libnativewindow_x11.so
7f3a925cc000-7f3a925d1000 r-xp 00000000 08:11 1316626                    /usr/lib/x86_64-linux-gnu/libXxf86vm.so.1.0.0
7f3a925d1000-7f3a927d0000 ---p 00005000 08:11 1316626                    /usr/lib/x86_64-linux-gnu/libXxf86vm.so.1.0.0
7f3a927d0000-7f3a927d1000 r--p 00004000 08:11 1316626                    /usr/lib/x86_64-linux-gnu/libXxf86vm.so.1.0.0
7f3a927d1000-7f3a927d2000 rw-p 00005000 08:11 1316626                    /usr/lib/x86_64-linux-gnu/libXxf86vm.so.1.0.0
7f3a927d6000-7f3a927dd000 r--s 00000000 08:11 1329829                    /usr/lib/x86_64-linux-gnu/gconv/gconv-modules.cache
7f3a927dd000-7f3a927f0000 r--s 00344000 08:11 2238871                    /usr/lib/jvm/jdk1.8.0_31/jre/lib/resources.jar
7f3a927f8000-7f3a927f9000 rw-p 00000000 00:00 0 
7f3a927f9000-7f3a92801000 rw-s 00000000 00:04 1408467                    /drm mm object (deleted)
7f3a92801000-7f3a92809000 rw-s 00000000 00:04 1408448                    /drm mm object (deleted)
7f3a92809000-7f3a92811000 rw-s 00000000 00:04 1407640                    /drm mm object (deleted)
7f3a92811000-7f3a92819000 rw-s 00000000 00:04 1408437                    /drm mm object (deleted)
7f3a92819000-7f3a92821000 rw-s 00000000 00:04 1408411                    /drm mm object (deleted)
7f3a92821000-7f3a92823000 r-xp 00000000 08:11 1973320                    /tmp/jogamp_0000/file_cache/jln5034510828727862565/jln359479907233709125/libnativewindow_awt.so
7f3a92823000-7f3a92a22000 ---p 00002000 08:11 1973320                    /tmp/jogamp_0000/file_cache/jln5034510828727862565/jln359479907233709125/libnativewindow_awt.so
7f3a92a22000-7f3a92a23000 rw-p 00001000 08:11 1973320                    /tmp/jogamp_0000/file_cache/jln5034510828727862565/jln359479907233709125/libnativewindow_awt.so
7f3a92a23000-7f3a92a24000 r-xp 00000000 08:11 2240464                    /usr/lib/jvm/jdk1.8.0_31/jre/lib/amd64/libjawt.so
7f3a92a24000-7f3a92c23000 ---p 00001000 08:11 2240464                    /usr/lib/jvm/jdk1.8.0_31/jre/lib/amd64/libjawt.so
7f3a92c23000-7f3a92c24000 rw-p 00000000 08:11 2240464                    /usr/lib/jvm/jdk1.8.0_31/jre/lib/amd64/libjawt.so
7f3a92c24000-7f3a92c26000 r-xp 00000000 08:11 1970821                    /tmp/jogamp_0000/file_cache/jln5034510828727862565/jln359479907233709125/libgluegen-rt.so
7f3a92c26000-7f3a92e25000 ---p 00002000 08:11 1970821                    /tmp/jogamp_0000/file_cache/jln5034510828727862565/jln359479907233709125/libgluegen-rt.so
7f3a92e25000-7f3a92e26000 rw-p 00001000 08:11 1970821                    /tmp/jogamp_0000/file_cache/jln5034510828727862565/jln359479907233709125/libgluegen-rt.so
7f3a92e26000-7f3a92e29000 ---p 00000000 00:00 0 
7f3a92e29000-7f3a92f27000 rw-p 00000000 00:00 0                          [stack:26099]
7f3a92f27000-7f3a92f38000 r-xp 00000000 08:11 2240484                    /usr/lib/jvm/jdk1.8.0_31/jre/lib/amd64/libnio.so
7f3a92f38000-7f3a93137000 ---p 00011000 08:11 2240484                    /usr/lib/jvm/jdk1.8.0_31/jre/lib/amd64/libnio.so
7f3a93137000-7f3a93138000 rw-p 00010000 08:11 2240484                    /usr/lib/jvm/jdk1.8.0_31/jre/lib/amd64/libnio.so
7f3a93138000-7f3a93439000 rw-p 00000000 00:00 0 
7f3a93439000-7f3a9344f000 r-xp 00000000 08:11 2240476                    /usr/lib/jvm/jdk1.8.0_31/jre/lib/amd64/libnet.so
7f3a9344f000-7f3a9364f000 ---p 00016000 08:11 2240476                    /usr/lib/jvm/jdk1.8.0_31/jre/lib/amd64/libnet.so
7f3a9364f000-7f3a93650000 rw-p 00016000 08:11 2240476                    /usr/lib/jvm/jdk1.8.0_31/jre/lib/amd64/libnet.so
7f3a93650000-7f3a93653000 ---p 00000000 00:00 0 
7f3a93653000-7f3a93889000 rw-p 00000000 00:00 0 
7f3a93889000-7f3a93897000 r--s 000f3000 08:11 3961956                    /home/kof/processing-git/build/linux/work/lib/pde.jar
7f3a93897000-7f3a938ab000 r--s 00141000 08:11 3961955                    /home/kof/processing-git/build/linux/work/lib/org.eclipse.osgi_3.8.1.v20120830-144521.jar
7f3a938ab000-7f3a938bf000 r--s 00127000 08:11 3961953                    /home/kof/processing-git/build/linux/work/lib/jna.jar
7f3a938bf000-7f3a938fb000 r--s 00629000 08:11 3961905                    /home/kof/processing-git/build/linux/work/lib/com.ibm.icu_4.4.2.v20110823.jar
7f3a938fb000-7f3a938fe000 ---p 00000000 00:00 0 
7f3a938fe000-7f3a939fc000 rw-p 00000000 00:00 0                          [stack:26090]
7f3a939fc000-7f3a939ff000 ---p 00000000 00:00 0 
7f3a939ff000-7f3a93afd000 rw-p 00000000 00:00 0                          [stack:26085]
7f3a93afd000-7f3a93b00000 ---p 00000000 00:00 0 
7f3a93b00000-7f3a93bfe000 rw-p 00000000 00:00 0                          [stack:26084]
7f3a93bfe000-7f3a93c01000 ---p 00000000 00:00 0 
7f3a93c01000-7f3a93eff000 rw-p 00000000 00:00 0 
7f3a93eff000-7f3a93f02000 ---p 00000000 00:00 0 
7f3a93f02000-7f3a94000000 rw-p 00000000 00:00 0 
7f3a94000000-7f3a94021000 rw-p 00000000 00:00 0 
7f3a94021000-7f3a98000000 ---p 00000000 00:00 0 
7f3a98000000-7f3a9879b000 rw-p 00000000 00:00 0 
7f3a9879b000-7f3a9c000000 ---p 00000000 00:00 0 
7f3a9c000000-7f3a9c021000 rw-p 00000000 00:00 0 
7f3a9c021000-7f3aa0000000 ---p 00000000 00:00 0 
7f3aa0000000-7f3aa0021000 rw-p 00000000 00:00 0 
7f3aa0021000-7f3aa4000000 ---p 00000000 00:00 0 
7f3aa4000000-7f3aa4021000 rw-p 00000000 00:00 0 
7f3aa4021000-7f3aa8000000 ---p 00000000 00:00 0 
7f3aa8000000-7f3aa8021000 rw-p 00000000 00:00 0 
7f3aa8021000-7f3aac000000 ---p 00000000 00:00 0 
7f3aac000000-7f3aac021000 rw-p 00000000 00:00 0 
7f3aac021000-7f3ab0000000 ---p 00000000 00:00 0 
7f3ab0000000-7f3ab0021000 rw-p 00000000 00:00 0 
7f3ab0021000-7f3ab4000000 ---p 00000000 00:00 0 
7f3ab4000000-7f3ab4021000 rw-p 00000000 00:00 0 
7f3ab4021000-7f3ab8000000 ---p 00000000 00:00 0 
7f3ab8000000-7f3ab8001000 rw-s 00000000 00:04 1407641                    /drm mm object (deleted)
7f3ab8001000-7f3ab8002000 rw-s 00000000 00:04 1408460                    /drm mm object (deleted)
7f3ab8002000-7f3ab8003000 rw-s 00000000 00:04 1408455                    /drm mm object (deleted)
7f3ab8003000-7f3ab8004000 rw-s 00000000 00:04 1408449                    /drm mm object (deleted)
7f3ab8004000-7f3ab8005000 rw-s 00000000 00:04 1408438                    /drm mm object (deleted)
7f3ab8005000-7f3ab8006000 rw-s 00000000 00:04 1408421                    /drm mm object (deleted)
7f3ab8006000-7f3ab8007000 rwxp 00000000 00:00 0 
7f3ab8007000-7f3ab800b000 r--s 00094000 08:11 2238884                    /usr/lib/jvm/jdk1.8.0_31/jre/lib/jsse.jar
7f3ab800b000-7f3ab800e000 r--s 00041000 08:11 3961954                    /home/kof/processing-git/build/linux/work/lib/org-netbeans-swing-outline.jar
7f3ab800e000-7f3ab8011000 ---p 00000000 00:00 0 
7f3ab8011000-7f3ab810f000 rw-p 00000000 00:00 0                          [stack:26077]
7f3ab810f000-7f3ab8114000 r-xp 00000000 08:11 1314833                    /usr/lib/x86_64-linux-gnu/libXfixes.so.3.1.0
7f3ab8114000-7f3ab8313000 ---p 00005000 08:11 1314833                    /usr/lib/x86_64-linux-gnu/libXfixes.so.3.1.0
7f3ab8313000-7f3ab8314000 r--p 00004000 08:11 1314833                    /usr/lib/x86_64-linux-gnu/libXfixes.so.3.1.0
7f3ab8314000-7f3ab8315000 rw-p 00005000 08:11 1314833                    /usr/lib/x86_64-linux-gnu/libXfixes.so.3.1.0
7f3ab8315000-7f3ab831f000 r-xp 00000000 08:11 1314983                    /usr/lib/x86_64-linux-gnu/libXcursor.so.1.0.2
7f3ab831f000-7f3ab851e000 ---p 0000a000 08:11 1314983                    /usr/lib/x86_64-linux-gnu/libXcursor.so.1.0.2
7f3ab851e000-7f3ab851f000 r--p 00009000 08:11 1314983                    /usr/lib/x86_64-linux-gnu/libXcursor.so.1.0.2
7f3ab851f000-7f3ab8520000 rw-p 0000a000 08:11 1314983                    /usr/lib/x86_64-linux-gnu/libXcursor.so.1.0.2
7f3ab8520000-7f3ab8523000 ---p 00000000 00:00 0 
7f3ab8523000-7f3ab8621000 rw-p 00000000 00:00 0                          [stack:26076]
7f3ab8621000-7f3ab8637000 r-xp 00000000 08:11 393871                     /lib/x86_64-linux-gnu/libgcc_s.so.1
7f3ab8637000-7f3ab8836000 ---p 00016000 08:11 393871                     /lib/x86_64-linux-gnu/libgcc_s.so.1
7f3ab8836000-7f3ab8837000 rw-p 00015000 08:11 393871                     /lib/x86_64-linux-gnu/libgcc_s.so.1
7f3ab8837000-7f3ab889c000 r-xp 00000000 08:11 2240446                    /usr/lib/jvm/jdk1.8.0_31/jre/lib/amd64/libfontmanager.so
7f3ab889c000-7f3ab8a9b000 ---p 00065000 08:11 2240446                    /usr/lib/jvm/jdk1.8.0_31/jre/lib/amd64/libfontmanager.so
7f3ab8a9b000-7f3ab8a9f000 rw-p 00064000 08:11 2240446                    /usr/lib/jvm/jdk1.8.0_31/jre/lib/amd64/libfontmanager.so
7f3ab8a9f000-7f3ab8ab0000 rw-p 00000000 00:00 0 
7f3ab8ab0000-7f3ab8ab5000 r-xp 00000000 08:11 1314306                    /usr/lib/x86_64-linux-gnu/libXdmcp.so.6.0.0
7f3ab8ab5000-7f3ab8cb4000 ---p 00005000 08:11 1314306                    /usr/lib/x86_64-linux-gnu/libXdmcp.so.6.0.0
7f3ab8cb4000-7f3ab8cb5000 rw-p 00004000 08:11 1314306                    /usr/lib/x86_64-linux-gnu/libXdmcp.so.6.0.0
7f3ab8cb5000-7f3ab8cb8000 r-xp 00000000 08:11 1318046                    /usr/lib/x86_64-linux-gnu/libXau.so.6.0.0
7f3ab8cb8000-7f3ab8eb7000 ---p 00003000 08:11 1318046                    /usr/lib/x86_64-linux-gnu/libXau.so.6.0.0
7f3ab8eb7000-7f3ab8eb8000 r--p 00002000 08:11 1318046                    /usr/lib/x86_64-linux-gnu/libXau.so.6.0.0
7f3ab8eb8000-7f3ab8eb9000 rw-p 00003000 08:11 1318046                    /usr/lib/x86_64-linux-gnu/libXau.so.6.0.0
7f3ab8eb9000-7f3ab8eda000 r-xp 00000000 08:11 1313271                    /usr/lib/x86_64-linux-gnu/libxcb.so.1.1.0
7f3ab8eda000-7f3ab90d9000 ---p 00021000 08:11 1313271                    /usr/lib/x86_64-linux-gnu/libxcb.so.1.1.0
7f3ab90d9000-7f3ab90da000 r--p 00020000 08:11 1313271                    /usr/lib/x86_64-linux-gnu/libxcb.so.1.1.0
7f3ab90da000-7f3ab90db000 rw-p 00021000 08:11 1313271                    /usr/lib/x86_64-linux-gnu/libxcb.so.1.1.0
7f3ab90db000-7f3ab90ea000 r-xp 00000000 08:11 1316875                    /usr/lib/x86_64-linux-gnu/libXi.so.6.1.0
7f3ab90ea000-7f3ab92e9000 ---p 0000f000 08:11 1316875                    /usr/lib/x86_64-linux-gnu/libXi.so.6.1.0
7f3ab92e9000-7f3ab92ea000 r--p 0000e000 08:11 1316875                    /usr/lib/x86_64-linux-gnu/libXi.so.6.1.0
7f3ab92ea000-7f3ab92eb000 rw-p 0000f000 08:11 1316875                    /usr/lib/x86_64-linux-gnu/libXi.so.6.1.0
7f3ab92eb000-7f3ab92f0000 r-xp 00000000 08:11 1316638                    /usr/lib/x86_64-linux-gnu/libXtst.so.6.1.0
7f3ab92f0000-7f3ab94ef000 ---p 00005000 08:11 1316638                    /usr/lib/x86_64-linux-gnu/libXtst.so.6.1.0
7f3ab94ef000-7f3ab94f0000 r--p 00004000 08:11 1316638                    /usr/lib/x86_64-linux-gnu/libXtst.so.6.1.0
7f3ab94f0000-7f3ab94f1000 rw-p 00005000 08:11 1316638                    /usr/lib/x86_64-linux-gnu/libXtst.so.6.1.0
7f3ab94f1000-7f3ab94fa000 r-xp 00000000 08:11 1315494                    /usr/lib/x86_64-linux-gnu/libXrender.so.1.3.0
7f3ab94fa000-7f3ab96f9000 ---p 00009000 08:11 1315494                    /usr/lib/x86_64-linux-gnu/libXrender.so.1.3.0
7f3ab96f9000-7f3ab96fa000 r--p 00008000 08:11 1315494                    /usr/lib/x86_64-linux-gnu/libXrender.so.1.3.0
7f3ab96fa000-7f3ab96fb000 rw-p 00009000 08:11 1315494                    /usr/lib/x86_64-linux-gnu/libXrender.so.1.3.0
7f3ab96fb000-7f3ab9837000 r-xp 00000000 08:11 1313346                    /usr/lib/x86_64-linux-gnu/libX11.so.6.3.0
7f3ab9837000-7f3ab9a36000 ---p 0013c000 08:11 1313346                    /usr/lib/x86_64-linux-gnu/libX11.so.6.3.0
7f3ab9a36000-7f3ab9a38000 r--p 0013b000 08:11 1313346                    /usr/lib/x86_64-linux-gnu/libX11.so.6.3.0
7f3ab9a38000-7f3ab9a3d000 rw-p 0013d000 08:11 1313346                    /usr/lib/x86_64-linux-gnu/libX11.so.6.3.0
7f3ab9a3d000-7f3ab9a3e000 rw-p 00000000 00:00 0 
7f3ab9a3e000-7f3ab9a4f000 r-xp 00000000 08:11 1314987                    /usr/lib/x86_64-linux-gnu/libXext.so.6.4.0
7f3ab9a4f000-7f3ab9c4e000 ---p 00011000 08:11 1314987                    /usr/lib/x86_64-linux-gnu/libXext.so.6.4.0
7f3ab9c4e000-7f3ab9c4f000 r--p 00010000 08:11 1314987                    /usr/lib/x86_64-linux-gnu/libXext.so.6.4.0
7f3ab9c4f000-7f3ab9c50000 rw-p 00011000 08:11 1314987                    /usr/lib/x86_64-linux-gnu/libXext.so.6.4.0
7f3ab9c50000-7f3ab9c51000 r--p 00000000 00:00 0 
7f3ab9c51000-7f3ab9c5e000 r--s 000c6000 08:11 3961908                    /home/kof/processing-git/build/linux/work/lib/jdimodel.jar
7f3ab9c5e000-7f3ab9c7c000 r--s 001bb000 08:11 3961903                    /home/kof/processing-git/build/linux/work/lib/ant.jar
7f3ab9c7c000-7f3ab9c9f000 r--s 002ec000 08:11 3961895                    /home/kof/processing-git/build/linux/work/core/library/jogl-all.jar
7f3ab9c9f000-7f3ab9cf3000 r-xp 00000000 08:11 2240494                    /usr/lib/jvm/jdk1.8.0_31/jre/lib/amd64/libawt_xawt.so
7f3ab9cf3000-7f3ab9ef3000 ---p 00054000 08:11 2240494                    /usr/lib/jvm/jdk1.8.0_31/jre/lib/amd64/libawt_xawt.so
7f3ab9ef3000-7f3ab9ef7000 rw-p 00054000 08:11 2240494                    /usr/lib/jvm/jdk1.8.0_31/jre/lib/amd64/libawt_xawt.so
7f3ab9ef7000-7f3ab9ef8000 rw-p 00000000 00:00 0 
7f3ab9ef8000-7f3ab9f9a000 r-xp 00000000 08:11 2240462                    /usr/lib/jvm/jdk1.8.0_31/jre/lib/amd64/libawt.so
7f3ab9f9a000-7f3aba19a000 ---p 000a2000 08:11 2240462                    /usr/lib/jvm/jdk1.8.0_31/jre/lib/amd64/libawt.so
7f3aba19a000-7f3aba1a6000 rw-p 000a2000 08:11 2240462                    /usr/lib/jvm/jdk1.8.0_31/jre/lib/amd64/libawt.so
7f3aba1a6000-7f3aba1ca000 rw-p 00000000 00:00 0 
7f3aba1ca000-7f3aba1cb000 ---p 00000000 00:00 0 
7f3aba1cb000-7f3aba2cb000 rw-p 00000000 00:00 0                          [stack:26075]
7f3aba2cb000-7f3aba2ce000 ---p 00000000 00:00 0 
7f3aba2ce000-7f3aba3cc000 rw-p 00000000 00:00 0                          [stack:26074]
7f3aba3cc000-7f3aba3cf000 ---p 00000000 00:00 0 
7f3aba3cf000-7f3aba4cd000 rw-p 00000000 00:00 0                          [stack:26073]
7f3aba4cd000-7f3aba4d0000 ---p 00000000 00:00 0 
7f3aba4d0000-7f3aba5ce000 rw-p 00000000 00:00 0                          [stack:26071]
7f3aba5ce000-7f3aba5d1000 ---p 00000000 00:00 0 
7f3aba5d1000-7f3aba6cf000 rw-p 00000000 00:00 0                          [stack:26070]
7f3aba6cf000-7f3aba6d2000 ---p 00000000 00:00 0 
7f3aba6d2000-7f3aba7d0000 rw-p 00000000 00:00 0                          [stack:26057]
7f3aba7d0000-7f3aba7d3000 ---p 00000000 00:00 0 
7f3aba7d3000-7f3aba8d1000 rw-p 00000000 00:00 0                          [stack:26055]
7f3aba8d1000-7f3aba8d4000 ---p 00000000 00:00 0 
7f3aba8d4000-7f3aba9d2000 rw-p 00000000 00:00 0                          [stack:26054]
7f3aba9d2000-7f3aba9d6000 r-xp 00000000 08:11 2240426                    /usr/lib/jvm/jdk1.8.0_31/jre/lib/amd64/libdt_socket.so
7f3aba9d6000-7f3ababd5000 ---p 00004000 08:11 2240426                    /usr/lib/jvm/jdk1.8.0_31/jre/lib/amd64/libdt_socket.so
7f3ababd5000-7f3ababd6000 rw-p 00003000 08:11 2240426                    /usr/lib/jvm/jdk1.8.0_31/jre/lib/amd64/libdt_socket.so
7f3ababd6000-7f3ababd9000 ---p 00000000 00:00 0 
7f3ababd9000-7f3abacd7000 rw-p 00000000 00:00 0                          [stack:26052]
7f3abacd7000-7f3abacda000 ---p 00000000 00:00 0 
7f3abacda000-7f3abadd8000 rw-p 00000000 00:00 0                          [stack:26050]
7f3abadd8000-7f3abaddb000 ---p 00000000 00:00 0 
7f3abaddb000-7f3abaed9000 rw-p 00000000 00:00 0                          [stack:26049]
7f3abaed9000-7f3abaeda000 ---p 00000000 00:00 0 
7f3abaeda000-7f3abbe2a000 rw-p 00000000 00:00 0                          [stack:26048]
7f3abbe2a000-7f3abc000000 r--s 03cae000 08:11 2238858                    /usr/lib/jvm/jdk1.8.0_31/jre/lib/rt.jar
7f3abc000000-7f3abc021000 rw-p 00000000 00:00 0 
7f3abc021000-7f3ac0000000 ---p 00000000 00:00 0 
7f3ac0000000-7f3ac0021000 rw-p 00000000 00:00 0 
7f3ac0021000-7f3ac4000000 ---p 00000000 00:00 0 
7f3ac4000000-7f3ac4021000 rw-p 00000000 00:00 0 
7f3ac4021000-7f3ac8000000 ---p 00000000 00:00 0 
7f3ac8000000-7f3ac8001000 rw-s 00000000 00:04 1408412                    /drm mm object (deleted)
7f3ac8001000-7f3ac8005000 r--s 0000e000 08:11 3961907                    /home/kof/processing-git/build/linux/work/lib/jdi.jar
7f3ac8005000-7f3ac800a000 r--s 00068000 08:11 3961904                    /home/kof/processing-git/build/linux/work/lib/antlr.jar
7f3ac800a000-7f3ac800c000 r--s 00002000 08:11 3961901                    /home/kof/processing-git/build/linux/work/lib/ant-launcher.jar
7f3ac800c000-7f3ac800f000 r--s 00017000 08:11 3962092                    /home/kof/processing-git/build/linux/work/modes/java/libraries/minim/library/tritonus_share.jar
7f3ac800f000-7f3ac8012000 r--s 00016000 08:11 3962089                    /home/kof/processing-git/build/linux/work/modes/java/libraries/minim/library/minim.jar
7f3ac8012000-7f3ac8015000 r--s 00017000 08:11 3962087                    /home/kof/processing-git/build/linux/work/modes/java/libraries/minim/library/jl1.0.jar
7f3ac8015000-7f3aca95a000 rw-p 00000000 00:00 0 
7f3aca95a000-7f3aca95b000 ---p 00000000 00:00 0 
7f3aca95b000-7f3acaa5b000 rw-p 00000000 00:00 0                          [stack:26047]
7f3acaa5b000-7f3acaa5c000 ---p 00000000 00:00 0 
7f3acaa5c000-7f3acab5c000 rw-p 00000000 00:00 0                          [stack:26046]
7f3acab5c000-7f3acab5d000 ---p 00000000 00:00 0 
7f3acab5d000-7f3acac5d000 rw-p 00000000 00:00 0                          [stack:26045]
7f3acac5d000-7f3acac5e000 ---p 00000000 00:00 0 
7f3acac5e000-7f3acad73000 rw-p 00000000 00:00 0                          [stack:26044]
7f3acad73000-7f3acaea0000 ---p 00000000 00:00 0 
7f3acaea0000-7f3acaeb5000 rw-p 00000000 00:00 0 
7f3acaeb5000-7f3acafe1000 ---p 00000000 00:00 0 
7f3acafe1000-7f3acaff3000 rw-p 00000000 00:00 0 
7f3acaff3000-7f3acb082000 ---p 00000000 00:00 0 
7f3acb082000-7f3acb09e000 rw-p 00000000 00:00 0 
7f3acb09e000-7f3acb443000 ---p 00000000 00:00 0 
7f3acb443000-7f3acbaf3000 rwxp 00000000 00:00 0 
7f3acbaf3000-7f3ada443000 ---p 00000000 00:00 0 
7f3ada443000-7f3ada45d000 r-xp 00000000 08:11 2240468                    /usr/lib/jvm/jdk1.8.0_31/jre/lib/amd64/libzip.so
7f3ada45d000-7f3ada65d000 ---p 0001a000 08:11 2240468                    /usr/lib/jvm/jdk1.8.0_31/jre/lib/amd64/libzip.so
7f3ada65d000-7f3ada65e000 rw-p 0001a000 08:11 2240468                    /usr/lib/jvm/jdk1.8.0_31/jre/lib/amd64/libzip.so
7f3ada65e000-7f3ada669000 r-xp 00000000 08:11 393930                     /lib/x86_64-linux-gnu/libnss_files-2.19.so
7f3ada669000-7f3ada868000 ---p 0000b000 08:11 393930                     /lib/x86_64-linux-gnu/libnss_files-2.19.so
7f3ada868000-7f3ada869000 r--p 0000a000 08:11 393930                     /lib/x86_64-linux-gnu/libnss_files-2.19.so
7f3ada869000-7f3ada86a000 rw-p 0000b000 08:11 393930                     /lib/x86_64-linux-gnu/libnss_files-2.19.so
7f3ada86a000-7f3ada874000 r-xp 00000000 08:11 393934                     /lib/x86_64-linux-gnu/libnss_nis-2.19.so
7f3ada874000-7f3adaa73000 ---p 0000a000 08:11 393934                     /lib/x86_64-linux-gnu/libnss_nis-2.19.so
7f3adaa73000-7f3adaa74000 r--p 00009000 08:11 393934                     /lib/x86_64-linux-gnu/libnss_nis-2.19.so
7f3adaa74000-7f3adaa75000 rw-p 0000a000 08:11 393934                     /lib/x86_64-linux-gnu/libnss_nis-2.19.so
7f3adaa75000-7f3adaa8a000 r-xp 00000000 08:11 393924                     /lib/x86_64-linux-gnu/libnsl-2.19.so
7f3adaa8a000-7f3adac89000 ---p 00015000 08:11 393924                     /lib/x86_64-linux-gnu/libnsl-2.19.so
7f3adac89000-7f3adac8a000 r--p 00014000 08:11 393924                     /lib/x86_64-linux-gnu/libnsl-2.19.so
7f3adac8a000-7f3adac8b000 rw-p 00015000 08:11 393924                     /lib/x86_64-linux-gnu/libnsl-2.19.so
7f3adac8b000-7f3adac8d000 rw-p 00000000 00:00 0 
7f3adac8d000-7f3adac94000 r-xp 00000000 08:11 393926                     /lib/x86_64-linux-gnu/libnss_compat-2.19.so
7f3adac94000-7f3adae93000 ---p 00007000 08:11 393926                     /lib/x86_64-linux-gnu/libnss_compat-2.19.so
7f3adae93000-7f3adae94000 r--p 00006000 08:11 393926                     /lib/x86_64-linux-gnu/libnss_compat-2.19.so
7f3adae94000-7f3adae95000 rw-p 00007000 08:11 393926                     /lib/x86_64-linux-gnu/libnss_compat-2.19.so
7f3adae95000-7f3adb580000 r--p 00000000 08:11 1220119                    /usr/lib/locale/locale-archive
7f3adb580000-7f3adb582000 r-xp 00000000 08:11 2240428                    /usr/lib/jvm/jdk1.8.0_31/jre/lib/amd64/libnpt.so
7f3adb582000-7f3adb782000 ---p 00002000 08:11 2240428                    /usr/lib/jvm/jdk1.8.0_31/jre/lib/amd64/libnpt.so
7f3adb782000-7f3adb783000 rw-p 00002000 08:11 2240428                    /usr/lib/jvm/jdk1.8.0_31/jre/lib/amd64/libnpt.so
7f3adb783000-7f3adb7bc000 r-xp 00000000 08:11 2240450                    /usr/lib/jvm/jdk1.8.0_31/jre/lib/amd64/libjdwp.so
7f3adb7bc000-7f3adb9bb000 ---p 00039000 08:11 2240450                    /usr/lib/jvm/jdk1.8.0_31/jre/lib/amd64/libjdwp.so
7f3adb9bb000-7f3adb9bd000 rw-p 00038000 08:11 2240450                    /usr/lib/jvm/jdk1.8.0_31/jre/lib/amd64/libjdwp.so
7f3adb9bd000-7f3adb9e7000 r-xp 00000000 08:11 2240458                    /usr/lib/jvm/jdk1.8.0_31/jre/lib/amd64/libjava.so
7f3adb9e7000-7f3adbbe7000 ---p 0002a000 08:11 2240458                    /usr/lib/jvm/jdk1.8.0_31/jre/lib/amd64/libjava.so
7f3adbbe7000-7f3adbbe9000 rw-p 0002a000 08:11 2240458                    /usr/lib/jvm/jdk1.8.0_31/jre/lib/amd64/libjava.so
7f3adbbe9000-7f3adbbf6000 r-xp 00000000 08:11 2240466                    /usr/lib/jvm/jdk1.8.0_31/jre/lib/amd64/libverify.so
7f3adbbf6000-7f3adbdf6000 ---p 0000d000 08:11 2240466                    /usr/lib/jvm/jdk1.8.0_31/jre/lib/amd64/libverify.so
7f3adbdf6000-7f3adbdf8000 rw-p 0000d000 08:11 2240466                    /usr/lib/jvm/jdk1.8.0_31/jre/lib/amd64/libverify.so
7f3adbdf8000-7f3adbdff000 r-xp 00000000 08:11 393943                     /lib/x86_64-linux-gnu/librt-2.19.so
7f3adbdff000-7f3adbffe000 ---p 00007000 08:11 393943                     /lib/x86_64-linux-gnu/librt-2.19.so
7f3adbffe000-7f3adbfff000 r--p 00006000 08:11 393943                     /lib/x86_64-linux-gnu/librt-2.19.so
7f3adbfff000-7f3adc000000 rw-p 00007000 08:11 393943                     /lib/x86_64-linux-gnu/librt-2.19.so
7f3adc000000-7f3adc443000 rw-p 00000000 00:00 0 
7f3adc443000-7f3ae0000000 ---p 00000000 00:00 0 
7f3ae0000000-7f3ae0001000 r--s 00002000 08:11 3962091                    /home/kof/processing-git/build/linux/work/modes/java/libraries/minim/library/tritonus_aos.jar
7f3ae0001000-7f3ae0003000 r--s 0000a000 08:11 3962088                    /home/kof/processing-git/build/linux/work/modes/java/libraries/minim/library/jsminim.jar
7f3ae0003000-7f3ae0004000 r--s 00005000 08:11 3962090                    /home/kof/processing-git/build/linux/work/modes/java/libraries/minim/library/mp3spi1.9.4.jar
7f3ae0004000-7f3ae0005000 r--s 00023000 08:11 3961890                    /home/kof/processing-git/build/linux/work/core/library/jogl-all-natives-linux-armv6hf.jar
7f3ae0005000-7f3ae0006000 r--s 00001000 08:11 3961887                    /home/kof/processing-git/build/linux/work/core/library/gluegen-rt-natives-windows-i586.jar
7f3ae0006000-7f3ae0007000 r--s 0002d000 08:11 3961894                    /home/kof/processing-git/build/linux/work/core/library/jogl-all-natives-windows-i586.jar
7f3ae0007000-7f3ae0008000 r--s 0002d000 08:11 3961891                    /home/kof/processing-git/build/linux/work/core/library/jogl-all-natives-linux-i586.jar
7f3ae0008000-7f3ae0009000 r--s 00064000 08:11 3961892                    /home/kof/processing-git/build/linux/work/core/library/jogl-all-natives-macosx-universal.jar
7f3ae0009000-7f3ae000b000 r--s 00000000 08:11 3961884                    /home/kof/processing-git/build/linux/work/core/library/gluegen-rt-natives-linux-i586.jar
7f3ae000b000-7f3ae000c000 r--s 00001000 08:11 3961886                    /home/kof/processing-git/build/linux/work/core/library/gluegen-rt-natives-windows-amd64.jar
7f3ae000c000-7f3ae000e000 r--s 00034000 08:11 3961893                    /home/kof/processing-git/build/linux/work/core/library/jogl-all-natives-windows-amd64.jar
7f3ae000e000-7f3ae0014000 r--s 000b1000 08:11 3961880                    /home/kof/processing-git/build/linux/work/core/library/core.jar
7f3ae0014000-7f3ae0016000 r--s 00000000 08:11 3961882                    /home/kof/processing-git/build/linux/work/core/library/gluegen-rt-natives-linux-amd64.jar
7f3ae0016000-7f3ae00ad000 rw-p 00000000 00:00 0 
7f3ae00ad000-7f3ae01ad000 r-xp 00000000 08:11 393920                     /lib/x86_64-linux-gnu/libm-2.19.so
7f3ae01ad000-7f3ae03ac000 ---p 00100000 08:11 393920                     /lib/x86_64-linux-gnu/libm-2.19.so
7f3ae03ac000-7f3ae03ad000 r--p 000ff000 08:11 393920                     /lib/x86_64-linux-gnu/libm-2.19.so
7f3ae03ad000-7f3ae03ae000 rw-p 00100000 08:11 393920                     /lib/x86_64-linux-gnu/libm-2.19.so
7f3ae03ae000-7f3ae101c000 r-xp 00000000 08:11 2240518                    /usr/lib/jvm/jdk1.8.0_31/jre/lib/amd64/server/libjvm.so
7f3ae101c000-7f3ae121b000 ---p 00c6e000 08:11 2240518                    /usr/lib/jvm/jdk1.8.0_31/jre/lib/amd64/server/libjvm.so
7f3ae121b000-7f3ae12f1000 rw-p 00c6d000 08:11 2240518                    /usr/lib/jvm/jdk1.8.0_31/jre/lib/amd64/server/libjvm.so
7f3ae12f1000-7f3ae1334000 rw-p 00000000 00:00 0 
7f3ae1334000-7f3ae14d3000 r-xp 00000000 08:11 393896                     /lib/x86_64-linux-gnu/libc-2.19.so
7f3ae14d3000-7f3ae16d3000 ---p 0019f000 08:11 393896                     /lib/x86_64-linux-gnu/libc-2.19.so
7f3ae16d3000-7f3ae16d7000 r--p 0019f000 08:11 393896                     /lib/x86_64-linux-gnu/libc-2.19.so
7f3ae16d7000-7f3ae16d9000 rw-p 001a3000 08:11 393896                     /lib/x86_64-linux-gnu/libc-2.19.so
7f3ae16d9000-7f3ae16dd000 rw-p 00000000 00:00 0 
7f3ae16dd000-7f3ae16e0000 r-xp 00000000 08:11 393918                     /lib/x86_64-linux-gnu/libdl-2.19.so
7f3ae16e0000-7f3ae18df000 ---p 00003000 08:11 393918                     /lib/x86_64-linux-gnu/libdl-2.19.so
7f3ae18df000-7f3ae18e0000 r--p 00002000 08:11 393918                     /lib/x86_64-linux-gnu/libdl-2.19.so
7f3ae18e0000-7f3ae18e1000 rw-p 00003000 08:11 393918                     /lib/x86_64-linux-gnu/libdl-2.19.so
7f3ae18e1000-7f3ae18f6000 r-xp 00000000 08:11 2238630                    /usr/lib/jvm/jdk1.8.0_31/lib/amd64/jli/libjli.so
7f3ae18f6000-7f3ae1af5000 ---p 00015000 08:11 2238630                    /usr/lib/jvm/jdk1.8.0_31/lib/amd64/jli/libjli.so
7f3ae1af5000-7f3ae1af6000 rw-p 00014000 08:11 2238630                    /usr/lib/jvm/jdk1.8.0_31/lib/amd64/jli/libjli.so
7f3ae1af6000-7f3ae1b0e000 r-xp 00000000 08:11 393668                     /lib/x86_64-linux-gnu/libpthread-2.19.so
7f3ae1b0e000-7f3ae1d0d000 ---p 00018000 08:11 393668                     /lib/x86_64-linux-gnu/libpthread-2.19.so
7f3ae1d0d000-7f3ae1d0e000 r--p 00017000 08:11 393668                     /lib/x86_64-linux-gnu/libpthread-2.19.so
7f3ae1d0e000-7f3ae1d0f000 rw-p 00018000 08:11 393668                     /lib/x86_64-linux-gnu/libpthread-2.19.so
7f3ae1d0f000-7f3ae1d13000 rw-p 00000000 00:00 0 
7f3ae1d13000-7f3ae1d33000 r-xp 00000000 08:11 393845                     /lib/x86_64-linux-gnu/ld-2.19.so
7f3ae1d33000-7f3ae1ddd000 rw-p 00000000 00:00 0 
7f3ae1ddd000-7f3ae1de0000 ---p 00000000 00:00 0 
7f3ae1de0000-7f3ae1ee2000 rw-p 00000000 00:00 0                          [stack:26043]
7f3ae1ee2000-7f3ae1ee3000 r--s 00001000 08:11 3961885                    /home/kof/processing-git/build/linux/work/core/library/gluegen-rt-natives-macosx-universal.jar
7f3ae1ee3000-7f3ae1ee4000 r--s 00000000 08:11 3961883                    /home/kof/processing-git/build/linux/work/core/library/gluegen-rt-natives-linux-armv6hf.jar
7f3ae1ee4000-7f3ae1ee5000 r--s 0002f000 08:11 3961889                    /home/kof/processing-git/build/linux/work/core/library/jogl-all-natives-linux-amd64.jar
7f3ae1ee5000-7f3ae1eeb000 r--s 00041000 08:11 3961888                    /home/kof/processing-git/build/linux/work/core/library/gluegen-rt.jar
7f3ae1eeb000-7f3ae1f27000 rw-p 00000000 00:00 0 
7f3ae1f27000-7f3ae1f2f000 rw-s 00000000 08:11 1969670                    /tmp/hsperfdata_kof/26041
7f3ae1f2f000-7f3ae1f30000 rw-p 00000000 00:00 0 
7f3ae1f30000-7f3ae1f31000 r--p 00000000 00:00 0 
7f3ae1f31000-7f3ae1f33000 rw-p 00000000 00:00 0 
7f3ae1f33000-7f3ae1f34000 r--p 00020000 08:11 393845                     /lib/x86_64-linux-gnu/ld-2.19.so
7f3ae1f34000-7f3ae1f35000 rw-p 00021000 08:11 393845                     /lib/x86_64-linux-gnu/ld-2.19.so
7f3ae1f35000-7f3ae1f36000 rw-p 00000000 00:00 0 
7fff8d895000-7fff8d8b8000 rw-p 00000000 00:00 0                          [stack]
7fff8d92a000-7fff8d92c000 r-xp 00000000 00:00 0                          [vdso]
7fff8d92c000-7fff8d92e000 r--p 00000000 00:00 0                          [vvar]
ffffffffff600000-ffffffffff601000 r-xp 00000000 00:00 0                  [vsyscall]

VM Arguments:
jvm_args: -agentlib:jdwp=transport=dt_socket,address=8748,server=y,suspend=y -Djava.library.path=:/home/kof/processing-git/build/linux/work/modes/java/libraries/minim/library:/usr/java/packages/lib/amd64:/usr/lib64:/lib64:/lib:/usr/lib -ea 
java_command: processing.core.PApplet --display=0 freqMapIn --sketch-path=/archive/kof/sketchBook/2015/02-unor/freqMapIn
java_class_path (initial): /tmp/vim-processing/freqMapIn:/home/kof/processing-git/build/linux/work/core/library/gluegen-rt.jar:/home/kof/processing-git/build/linux/work/core/library/jogl-all-natives-linux-amd64.jar:/home/kof/processing-git/build/linux/work/core/library/gluegen-rt-natives-linux-armv6hf.jar:/home/kof/processing-git/build/linux/work/core/library/gluegen-rt-natives-linux-amd64.jar:/home/kof/processing-git/build/linux/work/core/library/gluegen-rt-natives-macosx-universal.jar:/home/kof/processing-git/build/linux/work/core/library/core.jar:/home/kof/processing-git/build/linux/work/core/library/jogl-all-natives-windows-amd64.jar:/home/kof/processing-git/build/linux/work/core/library/gluegen-rt-natives-windows-amd64.jar:/home/kof/processing-git/build/linux/work/core/library/gluegen-rt-natives-linux-i586.jar:/home/kof/processing-git/build/linux/work/core/library/jogl-all-natives-macosx-universal.jar:/home/kof/processing-git/build/linux/work/core/library/jogl-all-natives-linux-i586.jar:/home/kof/processing-git/build/linux/work/core/library/jogl-all-natives-windows-i586.jar:/home/kof/processing-git/build/linux/work/core/library/gluegen-rt-natives-windows-i586.jar:/home/kof/processing-git/build/linux/work/core/library/jogl-all.jar:/home/kof/processing-git/build/linux/work/core/library/jogl-all-natives-linux-armv6hf.jar:/home/kof/processing-git/build/linux/work/core/library/gluegen-rt.jar:/home/kof/processing-git/build/linux/work/core/library/jogl-all-natives-linux-amd64.jar:/home/kof/processing-git/build/linux/work/core/library/gluegen-rt-natives-linux-armv6hf.jar:/home/kof/processing-git/build/linux/work/core/library/gluegen-rt-natives-linux-amd64.jar:/home/kof/processing-git/build/linux/work/core/library/gluegen-rt-natives-macosx-universal.jar:/home/kof/processing-git/build/linux/work/core/library/core.jar:/home/kof/processing-git/build/linux/work/core/library/jogl-all-natives-windows-amd64.jar:/home/kof/processing-git/build/linux/work/core/library/gluegen-r
Launcher Type: SUN_STANDARD

Environment Variables:
CLASSPATH=/usr/lib/jvm/jdk1.8.0_31/jre/lib/rt.jar:/home/kof/processing-git/build/linux/work/lib/ant-launcher.jar:/home/kof/processing-git/build/linux/work/lib/ant.jar:/home/kof/processing-git/build/linux/work/lib/antlr.jar:/home/kof/processing-git/build/linux/work/lib/com.ibm.icu_4.4.2.v20110823.jar:/home/kof/processing-git/build/linux/work/lib/jdi.jar:/home/kof/processing-git/build/linux/work/lib/jdimodel.jar:/home/kof/processing-git/build/linux/work/lib/jna.jar:/home/kof/processing-git/build/linux/work/lib/org-netbeans-swing-outline.jar:/home/kof/processing-git/build/linux/work/lib/org.eclipse.osgi_3.8.1.v20120830-144521.jar:/home/kof/processing-git/build/linux/work/lib/pde.jar:/home/kof/processing-git/build/linux/work/core/library/core.jar:/home/kof/processing-git/build/linux/work/core/library/gluegen-rt-natives-linux-amd64.jar:/home/kof/processing-git/build/linux/work/core/library/gluegen-rt-natives-linux-armv6hf.jar:/home/kof/processing-git/build/linux/work/core/library/gluegen-rt-natives-linux-i586.jar:/home/kof/processing-git/build/linux/work/core/library/gluegen-rt-natives-macosx-universal.jar:/home/kof/processing-git/build/linux/work/core/library/gluegen-rt-natives-windows-amd64.jar:/home/kof/processing-git/build/linux/work/core/library/gluegen-rt-natives-windows-i586.jar:/home/kof/processing-git/build/linux/work/core/library/gluegen-rt.jar:/home/kof/processing-git/build/linux/work/core/library/jogl-all-natives-linux-amd64.jar:/home/kof/processing-git/build/linux/work/core/library/jogl-all-natives-linux-armv6hf.jar:/home/kof/processing-git/build/linux/work/core/library/jogl-all-natives-linux-i586.jar:/home/kof/processing-git/build/linux/work/core/library/jogl-all-natives-macosx-universal.jar:/home/kof/processing-git/build/linux/work/core/library/jogl-all-natives-windows-amd64.jar:/home/kof/processing-git/build/linux/work/core/library/jogl-all-natives-windows-i586.jar:/home/kof/processing-git/build/linux/work/core/library/jogl-all.jar
PATH=/usr/lib/jvm/jdk1.8.0_31/bin:/usr/bin:/bin:/usr/sbin/:/home/kof/bin:/usr/local/bin
SHELL=/usr/bin/zsh
DISPLAY=:0.0

Signal Handlers:
SIGSEGV: [libjvm.so+0xa7a650], sa_mask[0]=11111111011111111101111111111110, sa_flags=SA_RESTART|SA_SIGINFO
SIGBUS: [libjvm.so+0xa7a650], sa_mask[0]=11111111011111111101111111111110, sa_flags=SA_RESTART|SA_SIGINFO
SIGFPE: [libjvm.so+0x8e28f0], sa_mask[0]=11111111011111111101111111111110, sa_flags=SA_RESTART|SA_SIGINFO
SIGPIPE: [libjvm.so+0x8e28f0], sa_mask[0]=11111111011111111101111111111110, sa_flags=SA_RESTART|SA_SIGINFO
SIGXFSZ: [libjvm.so+0x8e28f0], sa_mask[0]=11111111011111111101111111111110, sa_flags=SA_RESTART|SA_SIGINFO
SIGILL: [libjvm.so+0x8e28f0], sa_mask[0]=11111111011111111101111111111110, sa_flags=SA_RESTART|SA_SIGINFO
SIGUSR1: SIG_DFL, sa_mask[0]=00000000000000000000000000000000, sa_flags=none
SIGUSR2: [libjvm.so+0x8e4120], sa_mask[0]=00100000000000000000000000000000, sa_flags=SA_RESTART|SA_SIGINFO
SIGHUP: [libjvm.so+0x8e54e0], sa_mask[0]=11111111011111111101111111111110, sa_flags=SA_RESTART|SA_SIGINFO
SIGINT: [libjvm.so+0x8e54e0], sa_mask[0]=11111111011111111101111111111110, sa_flags=SA_RESTART|SA_SIGINFO
SIGTERM: [libjvm.so+0x8e54e0], sa_mask[0]=11111111011111111101111111111110, sa_flags=SA_RESTART|SA_SIGINFO
SIGQUIT: [libjvm.so+0x8e54e0], sa_mask[0]=11111111011111111101111111111110, sa_flags=SA_RESTART|SA_SIGINFO


---------------  S Y S T E M  ---------------

OS:PRETTY_NAME="Debian GNU/Linux 8 (jessie)"
NAME="Debian GNU/Linux"
VERSION_ID="8"
VERSION="8 (jessie)"
ID=debian
HOME_URL="http://www.debian.org/"
SUPPORT_URL="http://www.debian.org/support/"
BUG_REPORT_URL="https://bugs.debian.org/"

uname:Linux 3.16.0-4-amd64 #1 SMP Debian 3.16.7-ckt2-1 (2014-12-08) x86_64
libc:glibc 2.19 NPTL 2.19 
rlimit: STACK 8192k, CORE 0k, NPROC 15332, NOFILE 65536, AS infinity
load average:3.40 2.18 1.41

/proc/meminfo:
MemTotal:        3944792 kB
MemFree:          218052 kB
MemAvailable:    2083416 kB
Buffers:          162856 kB
Cached:          1288656 kB
SwapCached:        11384 kB
Active:          1466464 kB
Inactive:        1082784 kB
Active(anon):     896956 kB
Inactive(anon):   481896 kB
Active(file):     569508 kB
Inactive(file):   600888 kB
Unevictable:       80388 kB
Mlocked:           84532 kB
SwapTotal:       3212284 kB
SwapFree:        3150908 kB
Dirty:             54112 kB
Writeback:             0 kB
AnonPages:       1169288 kB
Mapped:           354932 kB
Shmem:            281024 kB
Slab:             988960 kB
SReclaimable:     948372 kB
SUnreclaim:        40588 kB
KernelStack:       10016 kB
PageTables:        34576 kB
NFS_Unstable:          0 kB
Bounce:                0 kB
WritebackTmp:          0 kB
CommitLimit:     5184680 kB
Committed_AS:    4707144 kB
VmallocTotal:   34359738367 kB
VmallocUsed:      389352 kB
VmallocChunk:   34359313996 kB
HardwareCorrupted:     0 kB
AnonHugePages:      6144 kB
HugePages_Total:       0
HugePages_Free:        0
HugePages_Rsvd:        0
HugePages_Surp:        0
Hugepagesize:       2048 kB
DirectMap4k:      161408 kB
DirectMap2M:     3917824 kB


CPU:total 4 (2 cores per cpu, 2 threads per core) family 6 model 42 stepping 7, cmov, cx8, fxsr, mmx, sse, sse2, sse3, ssse3, sse4.1, sse4.2, popcnt, avx, aes, clmul, ht, tsc, tscinvbit

/proc/cpuinfo:
processor	: 0
vendor_id	: GenuineIntel
cpu family	: 6
model		: 42
model name	: Intel(R) Core(TM) i5-2520M CPU @ 2.50GHz
stepping	: 7
microcode	: 0x29
cpu MHz		: 3000.000
cache size	: 3072 KB
physical id	: 0
siblings	: 4
core id		: 0
cpu cores	: 2
apicid		: 0
initial apicid	: 0
fpu		: yes
fpu_exception	: yes
cpuid level	: 13
wp		: yes
flags		: fpu vme de pse tsc msr pae mce cx8 apic sep mtrr pge mca cmov pat pse36 clflush dts acpi mmx fxsr sse sse2 ss ht tm pbe syscall nx rdtscp lm constant_tsc arch_perfmon pebs bts nopl xtopology nonstop_tsc aperfmperf eagerfpu pni pclmulqdq dtes64 monitor ds_cpl vmx smx est tm2 ssse3 cx16 xtpr pdcm pcid sse4_1 sse4_2 x2apic popcnt tsc_deadline_timer aes xsave avx lahf_lm ida arat epb xsaveopt pln pts dtherm tpr_shadow vnmi flexpriority ept vpid
bogomips	: 4983.97
clflush size	: 64
cache_alignment	: 64
address sizes	: 36 bits physical, 48 bits virtual
power management:

processor	: 1
vendor_id	: GenuineIntel
cpu family	: 6
model		: 42
model name	: Intel(R) Core(TM) i5-2520M CPU @ 2.50GHz
stepping	: 7
microcode	: 0x29
cpu MHz		: 3000.000
cache size	: 3072 KB
physical id	: 0
siblings	: 4
core id		: 0
cpu cores	: 2
apicid		: 1
initial apicid	: 1
fpu		: yes
fpu_exception	: yes
cpuid level	: 13
wp		: yes
flags		: fpu vme de pse tsc msr pae mce cx8 apic sep mtrr pge mca cmov pat pse36 clflush dts acpi mmx fxsr sse sse2 ss ht tm pbe syscall nx rdtscp lm constant_tsc arch_perfmon pebs bts nopl xtopology nonstop_tsc aperfmperf eagerfpu pni pclmulqdq dtes64 monitor ds_cpl vmx smx est tm2 ssse3 cx16 xtpr pdcm pcid sse4_1 sse4_2 x2apic popcnt tsc_deadline_timer aes xsave avx lahf_lm ida arat epb xsaveopt pln pts dtherm tpr_shadow vnmi flexpriority ept vpid
bogomips	: 4983.97
clflush size	: 64
cache_alignment	: 64
address sizes	: 36 bits physical, 48 bits virtual
power management:

processor	: 2
vendor_id	: GenuineIntel
cpu family	: 6
model		: 42
model name	: Intel(R) Core(TM) i5-2520M CPU @ 2.50GHz
stepping	: 7
microcode	: 0x29
cpu MHz		: 3000.000
cache size	: 3072 KB
physical id	: 0
siblings	: 4
core id		: 1
cpu cores	: 2
apicid		: 2
initial apicid	: 2
fpu		: yes
fpu_exception	: yes
cpuid level	: 13
wp		: yes
flags		: fpu vme de pse tsc msr pae mce cx8 apic sep mtrr pge mca cmov pat pse36 clflush dts acpi mmx fxsr sse sse2 ss ht tm pbe syscall nx rdtscp lm constant_tsc arch_perfmon pebs bts nopl xtopology nonstop_tsc aperfmperf eagerfpu pni pclmulqdq dtes64 monitor ds_cpl vmx smx est tm2 ssse3 cx16 xtpr pdcm pcid sse4_1 sse4_2 x2apic popcnt tsc_deadline_timer aes xsave avx lahf_lm ida arat epb xsaveopt pln pts dtherm tpr_shadow vnmi flexpriority ept vpid
bogomips	: 4983.97
clflush size	: 64
cache_alignment	: 64
address sizes	: 36 bits physical, 48 bits virtual
power management:

processor	: 3
vendor_id	: GenuineIntel
cpu family	: 6
model		: 42
model name	: Intel(R) Core(TM) i5-2520M CPU @ 2.50GHz
stepping	: 7
microcode	: 0x29
cpu MHz		: 3000.000
cache size	: 3072 KB
physical id	: 0
siblings	: 4
core id		: 1
cpu cores	: 2
apicid		: 3
initial apicid	: 3
fpu		: yes
fpu_exception	: yes
cpuid level	: 13
wp		: yes
flags		: fpu vme de pse tsc msr pae mce cx8 apic sep mtrr pge mca cmov pat pse36 clflush dts acpi mmx fxsr sse sse2 ss ht tm pbe syscall nx rdtscp lm constant_tsc arch_perfmon pebs bts nopl xtopology nonstop_tsc aperfmperf eagerfpu pni pclmulqdq dtes64 monitor ds_cpl vmx smx est tm2 ssse3 cx16 xtpr pdcm pcid sse4_1 sse4_2 x2apic popcnt tsc_deadline_timer aes xsave avx lahf_lm ida arat epb xsaveopt pln pts dtherm tpr_shadow vnmi flexpriority ept vpid
bogomips	: 4983.97
clflush size	: 64
cache_alignment	: 64
address sizes	: 36 bits physical, 48 bits virtual
power management:



Memory: 4k page, physical 3944792k(218052k free), swap 3212284k(3150908k free)

vm_info: Java HotSpot(TM) 64-Bit Server VM (25.31-b07) for linux-amd64 JRE (1.8.0_31-b13), built on Dec 17 2014 20:40:15 by "java_re" with gcc 4.3.0 20080428 (Red Hat 4.3.0-8)

time: Wed Feb  4 14:08:34 2015
elapsed time: 132 seconds (0d 0h 2m 12s)

