#
# A fatal error has been detected by the Java Runtime Environment:
#
#  SIGSEGV (0xb) at pc=0x00007fc32bbb3102, pid=23554, tid=140477931755264
#
# JRE version: Java(TM) SE Runtime Environment (8.0_31-b13) (build 1.8.0_31-b13)
# Java VM: Java HotSpot(TM) 64-Bit Server VM (25.31-b07 mixed mode linux-amd64 compressed oops)
# Problematic frame:
# C  [i965_dri.so+0x2fe102]
#
# Failed to write core dump. Core dumps have been disabled. To enable core dumping, try "ulimit -c unlimited" before starting Java again
#
# If you would like to submit a bug report, please visit:
#   http://bugreport.java.com/bugreport/crash.jsp
# The crash happened outside the Java Virtual Machine in native code.
# See problematic frame for where to report the bug.
#

---------------  T H R E A D  ---------------

Current thread (0x00007fc3ac3a9800):  JavaThread "AWT-EventQueue-0" [_thread_in_native, id=23593, stack(0x00007fc391289000,0x00007fc39138a000)]

siginfo: si_signo: 11 (SIGSEGV), si_code: 1 (SEGV_MAPERR), si_addr: 0x000000000000c540

Registers:
RAX=0x00007fc32bbb30f0, RBX=0x000000000000c000, RCX=0x0000000000000000, RDX=0x0000000000000001
RSP=0x00007fc3913872e0, RBP=0x0000000000000000, RSI=0x00007fc34001d680, RDI=0x0000000100000000
R8 =0x0000000000000000, R9 =0x00007fc3337a4a20, R10=0x00007fc39ce01b98, R11=0x00007fc3b262f460
R12=0x00007fc3346cafd0, R13=0x00007fc3346c8580, R14=0x00007fc3346cc1c0, R15=0x0000000000000000
RIP=0x00007fc32bbb3102, EFLAGS=0x0000000000010206, CSGSFS=0x0000000000000033, ERR=0x0000000000000004
  TRAPNO=0x000000000000000e

Top of Stack: (sp=0x00007fc3913872e0)
0x00007fc3913872e0:   0000000000000000 00007fc34001d5a0
0x00007fc3913872f0:   0000000000000000 00007fc3346cafd0
0x00007fc391387300:   00007fc3346c8580 00007fc3337a4ac2
0x00007fc391387310:   00007fc391387340 00007fc300000000
0x00007fc391387320:   0000000000000000 0000000000000000
0x00007fc391387330:   000000000240003e 00007fc333775bf1
0x00007fc391387340:   00007fc34001d5a0 65243f6771d44700
0x00007fc391387350:   000000000240003e 00007fc333bbcca8
0x00007fc391387360:   00007fc3913873d0 0000000000000000
0x00007fc391387370:   00007fc333bbcca8 00007fc3913874a0
0x00007fc391387380:   00007fc3ac3a9800 00007fc331ead849
0x00007fc391387390:   0000000000000000 00007fc333775c20
0x00007fc3913873a0:   000000000240003e 00007fc3346ba180
0x00007fc3913873b0:   00007fc391387468 00007fc3ac3a99e8
0x00007fc3913873c0:   00000000ecbb34d0 00007fc333775c20
0x00007fc3913873d0:   00007fc391387458 00007fc39ce01bc4
0x00007fc3913873e0:   00007fc330627c18 0000000000000000
0x00007fc3913873f0:   00007fc330627468 0000000000000000
0x00007fc391387400:   00007fc391387418 00007fc391387468
0x00007fc391387410:   00007fc39cdec520 00007fc391387418
0x00007fc391387420:   0000000000000000 00007fc3913874a0
0x00007fc391387430:   00007fc333bbe4f0 0000000000000000
0x00007fc391387440:   00007fc333bbcca8 0000000000000000
0x00007fc391387450:   00007fc391387478 00007fc3913874e8
0x00007fc391387460:   00007fc39cdeca0d 00000000ecf59438
0x00007fc391387470:   00007fc39cdf8518 00007fc333775c20
0x00007fc391387480:   000000000240003e 000000000240003e
0x00007fc391387490:   00007fc391387490 00007fc3346ba180
0x00007fc3913874a0:   00000000c3da21d8 00007fc3913874a8
0x00007fc3913874b0:   00007fc333bbcbf9 00007fc391387520
0x00007fc3913874c0:   00007fc333bbe4f0 0000000000000000
0x00007fc3913874d0:   00007fc333bbcc08 00007fc391387478 

Instructions: (pc=0x00007fc32bbb3102)
0x00007fc32bbb30e2:   41 5c c3 66 66 2e 0f 1f 84 00 00 00 00 00 41 55
0x00007fc32bbb30f2:   41 54 55 53 48 83 ec 08 48 8b 1f 48 85 db 74 41
0x00007fc32bbb3102:   f6 83 40 05 00 00 01 89 cd 41 89 d5 49 89 f4 75
0x00007fc32bbb3112:   75 41 83 e5 01 75 5f 83 e5 fd 74 32 48 8d 35 9b 

Register to memory mapping:

RAX=0x00007fc32bbb30f0: <offset 0x2fe0f0> in /usr/lib/x86_64-linux-gnu/dri/i965_dri.so at 0x00007fc32b8b5000
RBX=0x000000000000c000 is an unknown value
RCX=0x0000000000000000 is an unknown value
RDX=0x0000000000000001 is an unknown value
RSP=0x00007fc3913872e0 is pointing into the stack for thread: 0x00007fc3ac3a9800
RBP=0x0000000000000000 is an unknown value
RSI=0x00007fc34001d680 is an unknown value
RDI=0x0000000100000000 is pointing into metadata
R8 =0x0000000000000000 is an unknown value
R9 =0x00007fc3337a4a20: <offset 0x4ba20> in /usr/lib/x86_64-linux-gnu/libGL.so.1 at 0x00007fc333759000
R10=0x00007fc39ce01b98 is at code_begin+1528 in an Interpreter codelet
method entry point (kind = native)  [0x00007fc39ce015a0, 0x00007fc39ce024e0]  3904 bytes
R11=0x00007fc3b262f460: <offset 0x97e460> in /usr/lib/jvm/jdk1.8.0_31/jre/lib/amd64/server/libjvm.so at 0x00007fc3b1cb1000
R12=0x00007fc3346cafd0 is an unknown value
R13=0x00007fc3346c8580 is an unknown value
R14=0x00007fc3346cc1c0 is an unknown value
R15=0x0000000000000000 is an unknown value


Stack: [0x00007fc391289000,0x00007fc39138a000],  sp=0x00007fc3913872e0,  free space=1016k
Native frames: (J=compiled Java code, j=interpreted, Vv=VM code, C=native code)
C  [i965_dri.so+0x2fe102]

Java frames: (J=compiled Java code, j=interpreted, Vv=VM code)
j  jogamp.opengl.x11.glx.GLX.dispatch_glXSwapBuffers0(JJJ)V+0
j  jogamp.opengl.x11.glx.GLX.glXSwapBuffers(JJ)V+41
j  jogamp.opengl.x11.glx.X11GLXDrawable.swapBuffersImpl(Z)V+17
j  jogamp.opengl.GLDrawableImpl.swapBuffers()V+67
j  javax.media.opengl.awt.GLCanvas$12.run()V+45
j  java.awt.event.InvocationEvent.dispatch()V+11
j  java.awt.EventQueue.dispatchEventImpl(Ljava/awt/AWTEvent;Ljava/lang/Object;)V+21
j  java.awt.EventQueue.access$500(Ljava/awt/EventQueue;Ljava/awt/AWTEvent;Ljava/lang/Object;)V+3
j  java.awt.EventQueue$3.run()Ljava/lang/Void;+32
j  java.awt.EventQueue$3.run()Ljava/lang/Object;+1
v  ~StubRoutines::call_stub
J 1378  java.security.AccessController.doPrivileged(Ljava/security/PrivilegedAction;Ljava/security/AccessControlContext;)Ljava/lang/Object; (0 bytes) @ 0x00007fc39d2de4a3 [0x00007fc39d2de440+0x63]
j  java.security.ProtectionDomain$1.doIntersectionPrivilege(Ljava/security/PrivilegedAction;Ljava/security/AccessControlContext;Ljava/security/AccessControlContext;)Ljava/lang/Object;+28
j  java.awt.EventQueue.dispatchEvent(Ljava/awt/AWTEvent;)V+46
j  java.awt.EventDispatchThread.pumpOneEventForFilters(I)V+245
j  java.awt.EventDispatchThread.pumpEventsForFilter(ILjava/awt/Conditional;Ljava/awt/EventFilter;)V+35
j  java.awt.EventDispatchThread.pumpEventsForHierarchy(ILjava/awt/Conditional;Ljava/awt/Component;)V+11
j  java.awt.EventDispatchThread.pumpEvents(ILjava/awt/Conditional;)V+4
j  java.awt.EventDispatchThread.pumpEvents(Ljava/awt/Conditional;)V+3
j  java.awt.EventDispatchThread.run()V+9
v  ~StubRoutines::call_stub

---------------  P R O C E S S  ---------------

Java Threads: ( => current thread )
  0x00007fc341554000 JavaThread "Thread-4" [_thread_blocked, id=23622, stack(0x00007fc329525000,0x00007fc329626000)]
  0x00007fc341538800 JavaThread "Java Sound Event Dispatcher" daemon [_thread_blocked, id=23616, stack(0x00007fc33002e000,0x00007fc33012f000)]
  0x00007fc3342b2000 JavaThread "Animation Thread-SharedResourceRunner" daemon [_thread_blocked, id=23603, stack(0x00007fc390725000,0x00007fc390826000)]
  0x00007fc33419a800 JavaThread "process reaper" daemon [_thread_blocked, id=23598, stack(0x00007fc390f4f000,0x00007fc390f88000)]
  0x00007fc3ac00f000 JavaThread "DestroyJavaVM" [_thread_blocked, id=23555, stack(0x00007fc3b36e0000,0x00007fc3b37e1000)]
  0x00007fc3ac3b9800 JavaThread "Animation Thread" [_thread_blocked, id=23594, stack(0x00007fc391188000,0x00007fc391289000)]
=>0x00007fc3ac3a9800 JavaThread "AWT-EventQueue-0" [_thread_in_native, id=23593, stack(0x00007fc391289000,0x00007fc39138a000)]
  0x00007fc3ac3a7000 JavaThread "AWT-Shutdown" [_thread_blocked, id=23592, stack(0x00007fc39138a000,0x00007fc39148b000)]
  0x00007fc3ac359800 JavaThread "AWT-XAWT" daemon [_thread_blocked, id=23589, stack(0x00007fc39188d000,0x00007fc39198e000)]
  0x00007fc3ac32d000 JavaThread "Java2D Disposer" daemon [_thread_blocked, id=23588, stack(0x00007fc391d9f000,0x00007fc391ea0000)]
  0x00007fc3ac0ce000 JavaThread "Service Thread" daemon [_thread_blocked, id=23582, stack(0x00007fc393afb000,0x00007fc393bfc000)]
  0x00007fc3ac0c9000 JavaThread "C1 CompilerThread2" daemon [_thread_blocked, id=23581, stack(0x00007fc393bfc000,0x00007fc393cfd000)]
  0x00007fc3ac0c7000 JavaThread "C2 CompilerThread1" daemon [_thread_blocked, id=23580, stack(0x00007fc393cfd000,0x00007fc393dfe000)]
  0x00007fc3ac0c4000 JavaThread "C2 CompilerThread0" daemon [_thread_blocked, id=23579, stack(0x00007fc393dfe000,0x00007fc393eff000)]
  0x00007fc36c001000 JavaThread "JDWP Command Reader" daemon [_thread_in_native, id=23569, stack(0x00007fc393eff000,0x00007fc394000000)]
  0x00007fc3ac0c2000 JavaThread "JDWP Event Helper Thread" daemon [_thread_blocked, id=23566, stack(0x00007fc3980f0000,0x00007fc3981f1000)]
  0x00007fc3ac0be800 JavaThread "JDWP Transport Listener: dt_socket" daemon [_thread_blocked, id=23565, stack(0x00007fc3981f1000,0x00007fc3982f2000)]
  0x00007fc3ac0ae000 JavaThread "Signal Dispatcher" daemon [_thread_blocked, id=23564, stack(0x00007fc3984f6000,0x00007fc3985f7000)]
  0x00007fc3ac081800 JavaThread "Finalizer" daemon [_thread_blocked, id=23563, stack(0x00007fc3985f7000,0x00007fc3986f8000)]
  0x00007fc3ac07f800 JavaThread "Reference Handler" daemon [_thread_blocked, id=23562, stack(0x00007fc3986f8000,0x00007fc3987f9000)]

Other Threads:
  0x00007fc3ac07a800 VMThread [stack: 0x00007fc3987f9000,0x00007fc3988fa000] [id=23561]
  0x00007fc3ac0d0800 WatcherThread [stack: 0x00007fc3939fa000,0x00007fc393afb000] [id=23583]

VM state:not at safepoint (normal execution)

VM Mutex/Monitor currently owned by a thread: None

Heap:
 PSYoungGen      total 18432K, used 15847K [0x00000000ebf00000, 0x00000000ee300000, 0x0000000100000000)
  eden space 15872K, 83% used [0x00000000ebf00000,0x00000000ecc01468,0x00000000ece80000)
  from space 2560K, 98% used [0x00000000ece80000,0x00000000ed0f8880,0x00000000ed100000)
  to   space 2560K, 0% used [0x00000000ee080000,0x00000000ee080000,0x00000000ee300000)
 ParOldGen       total 42496K, used 18121K [0x00000000c3c00000, 0x00000000c6580000, 0x00000000ebf00000)
  object space 42496K, 42% used [0x00000000c3c00000,0x00000000c4db2548,0x00000000c6580000)
 Metaspace       used 17978K, capacity 18141K, committed 18176K, reserved 1064960K
  class space    used 1710K, capacity 1789K, committed 1792K, reserved 1048576K

Card table byte_map: [0x00007fc39c842000,0x00007fc39ca25000] byte_map_base: 0x00007fc39c224000

Marking Bits: (ParMarkBitMap*) 0x00007fc3b2c0c2a0
 Begin Bits: [0x00007fc39a4dc000, 0x00007fc39b3ec000)
 End Bits:   [0x00007fc39b3ec000, 0x00007fc39c2fc000)

Polling page: 0x00007fc3b3833000

CodeCache: size=245760Kb used=5116Kb max_used=5116Kb free=240643Kb
 bounds [0x00007fc39cde5000, 0x00007fc39d2f5000, 0x00007fc3abde5000]
 total_blobs=2343 nmethods=1402 adapters=864
 compilation: enabled

Compilation events (10 events):
Event: 8.788 Thread 0x00007fc3ac0c9000 1399       3       java.lang.Character::valueOf (21 bytes)
Event: 8.789 Thread 0x00007fc3ac0c9000 nmethod 1399 0x00007fc39d2e7110 code [0x00007fc39d2e7280, 0x00007fc39d2e7530]
Event: 8.790 Thread 0x00007fc3ac0c9000 1400       3       sun.awt.X11.XKeysym$Keysym2JavaKeycode::<init> (15 bytes)
Event: 8.790 Thread 0x00007fc3ac0c9000 nmethod 1400 0x00007fc39d2e6d50 code [0x00007fc39d2e6ec0, 0x00007fc39d2e7070]
Event: 8.790 Thread 0x00007fc3ac0c9000 1401       3       java.util.EventObject::<init> (24 bytes)
Event: 8.791 Thread 0x00007fc3ac0c9000 nmethod 1401 0x00007fc39d2e67d0 code [0x00007fc39d2e6960, 0x00007fc39d2e6c28]
Event: 8.829 Thread 0x00007fc3ac0c9000 1402       3       java.awt.Component::getParent (5 bytes)
Event: 8.830 Thread 0x00007fc3ac0c9000 nmethod 1402 0x00007fc39d2e63d0 code [0x00007fc39d2e6540, 0x00007fc39d2e6730]
Event: 8.831 Thread 0x00007fc3ac0c9000 1403       3       sun.awt.X11.Native::getByte (8 bytes)
Event: 8.831 Thread 0x00007fc3ac0c9000 nmethod 1403 0x00007fc39d2e6050 code [0x00007fc39d2e61c0, 0x00007fc39d2e6310]

GC Heap History (6 events):
Event: 1.017 GC heap before
{Heap before GC invocations=1 (full 0):
 PSYoungGen      total 18432K, used 15872K [0x00000000ebf00000, 0x00000000ed380000, 0x0000000100000000)
  eden space 15872K, 100% used [0x00000000ebf00000,0x00000000ece80000,0x00000000ece80000)
  from space 2560K, 0% used [0x00000000ed100000,0x00000000ed100000,0x00000000ed380000)
  to   space 2560K, 0% used [0x00000000ece80000,0x00000000ece80000,0x00000000ed100000)
 ParOldGen       total 42496K, used 0K [0x00000000c3c00000, 0x00000000c6580000, 0x00000000ebf00000)
  object space 42496K, 0% used [0x00000000c3c00000,0x00000000c3c00000,0x00000000c6580000)
 Metaspace       used 12689K, capacity 12824K, committed 12928K, reserved 1060864K
  class space    used 1354K, capacity 1408K, committed 1408K, reserved 1048576K
Event: 1.022 GC heap after
Heap after GC invocations=1 (full 0):
 PSYoungGen      total 18432K, used 2546K [0x00000000ebf00000, 0x00000000ed380000, 0x0000000100000000)
  eden space 15872K, 0% used [0x00000000ebf00000,0x00000000ebf00000,0x00000000ece80000)
  from space 2560K, 99% used [0x00000000ece80000,0x00000000ed0fcae0,0x00000000ed100000)
  to   space 2560K, 0% used [0x00000000ed100000,0x00000000ed100000,0x00000000ed380000)
 ParOldGen       total 42496K, used 1507K [0x00000000c3c00000, 0x00000000c6580000, 0x00000000ebf00000)
  object space 42496K, 3% used [0x00000000c3c00000,0x00000000c3d78f58,0x00000000c6580000)
 Metaspace       used 12689K, capacity 12824K, committed 12928K, reserved 1060864K
  class space    used 1354K, capacity 1408K, committed 1408K, reserved 1048576K
}
Event: 1.567 GC heap before
{Heap before GC invocations=2 (full 0):
 PSYoungGen      total 18432K, used 16939K [0x00000000ebf00000, 0x00000000ed380000, 0x0000000100000000)
  eden space 15872K, 90% used [0x00000000ebf00000,0x00000000ecd0e450,0x00000000ece80000)
  from space 2560K, 99% used [0x00000000ece80000,0x00000000ed0fcae0,0x00000000ed100000)
  to   space 2560K, 0% used [0x00000000ed100000,0x00000000ed100000,0x00000000ed380000)
 ParOldGen       total 42496K, used 1507K [0x00000000c3c00000, 0x00000000c6580000, 0x00000000ebf00000)
  object space 42496K, 3% used [0x00000000c3c00000,0x00000000c3d78f58,0x00000000c6580000)
 Metaspace       used 17385K, capacity 17541K, committed 17664K, reserved 1064960K
  class space    used 1683K, capacity 1721K, committed 1792K, reserved 1048576K
Event: 1.575 GC heap after
Heap after GC invocations=2 (full 0):
 PSYoungGen      total 18432K, used 2546K [0x00000000ebf00000, 0x00000000ed380000, 0x0000000100000000)
  eden space 15872K, 0% used [0x00000000ebf00000,0x00000000ebf00000,0x00000000ece80000)
  from space 2560K, 99% used [0x00000000ed100000,0x00000000ed37c860,0x00000000ed380000)
  to   space 2560K, 0% used [0x00000000ece80000,0x00000000ece80000,0x00000000ed100000)
 ParOldGen       total 42496K, used 4970K [0x00000000c3c00000, 0x00000000c6580000, 0x00000000ebf00000)
  object space 42496K, 11% used [0x00000000c3c00000,0x00000000c40daac0,0x00000000c6580000)
 Metaspace       used 17385K, capacity 17541K, committed 17664K, reserved 1064960K
  class space    used 1683K, capacity 1721K, committed 1792K, reserved 1048576K
}
Event: 1.773 GC heap before
{Heap before GC invocations=3 (full 0):
 PSYoungGen      total 18432K, used 18166K [0x00000000ebf00000, 0x00000000ed380000, 0x0000000100000000)
  eden space 15872K, 98% used [0x00000000ebf00000,0x00000000ece410d8,0x00000000ece80000)
  from space 2560K, 99% used [0x00000000ed100000,0x00000000ed37c860,0x00000000ed380000)
  to   space 2560K, 0% used [0x00000000ece80000,0x00000000ece80000,0x00000000ed100000)
 ParOldGen       total 42496K, used 4970K [0x00000000c3c00000, 0x00000000c6580000, 0x00000000ebf00000)
  object space 42496K, 11% used [0x00000000c3c00000,0x00000000c40daac0,0x00000000c6580000)
 Metaspace       used 17436K, capacity 17637K, committed 17920K, reserved 1064960K
  class space    used 1684K, capacity 1753K, committed 1792K, reserved 1048576K
Event: 1.783 GC heap after
Heap after GC invocations=3 (full 0):
 PSYoungGen      total 18432K, used 2530K [0x00000000ebf00000, 0x00000000ee300000, 0x0000000100000000)
  eden space 15872K, 0% used [0x00000000ebf00000,0x00000000ebf00000,0x00000000ece80000)
  from space 2560K, 98% used [0x00000000ece80000,0x00000000ed0f8880,0x00000000ed100000)
  to   space 2560K, 0% used [0x00000000ee080000,0x00000000ee080000,0x00000000ee300000)
 ParOldGen       total 42496K, used 18121K [0x00000000c3c00000, 0x00000000c6580000, 0x00000000ebf00000)
  object space 42496K, 42% used [0x00000000c3c00000,0x00000000c4db2548,0x00000000c6580000)
 Metaspace       used 17436K, capacity 17637K, committed 17920K, reserved 1064960K
  class space    used 1684K, capacity 1753K, committed 1792K, reserved 1048576K
}

Deoptimization events (4 events):
Event: 1.453 Thread 0x00007fc3ac3a9800 Uncommon trap: reason=unreached action=reinterpret pc=0x00007fc39d1210ec method=com.jogamp.common.nio.Buffers.isDirect(Ljava/lang/Object;)Z @ 1
Event: 1.453 Thread 0x00007fc3ac3a9800 Uncommon trap: reason=unreached action=reinterpret pc=0x00007fc39d135770 method=com.jogamp.common.nio.Buffers.getDirectBufferByteOffset(Ljava/lang/Object;)I @ 1
Event: 1.495 Thread 0x00007fc3ac3a9800 Uncommon trap: reason=unreached action=reinterpret pc=0x00007fc39d124308 method=com.jogamp.common.util.IntIntHashMap.get(I)I @ 19
Event: 1.512 Thread 0x00007fc3ac3a9800 Uncommon trap: reason=unreached action=reinterpret pc=0x00007fc39d0fa76c method=java.lang.reflect.AccessibleObject.setAccessible0(Ljava/lang/reflect/AccessibleObject;Z)V @ 4

Internal exceptions (10 events):
Event: 1.720 Thread 0x00007fc3ac3b9800 Exception <a 'java/security/PrivilegedActionException'> (0x00000000ec4b1770) thrown at [/HUDSON/workspace/8-2-build-linux-amd64/jdk8u31/2394/hotspot/src/share/vm/prims/jvm.cpp, line 1312]
Event: 1.721 Thread 0x00007fc3ac3a9800 Exception <a 'java/lang/reflect/InvocationTargetException'> (0x00000000ec482528) thrown at [/HUDSON/workspace/8-2-build-linux-amd64/jdk8u31/2394/hotspot/src/share/vm/runtime/reflection.cpp, line 1080]
Event: 1.786 Thread 0x00007fc3ac3a9800 Exception <a 'java/security/PrivilegedActionException'> (0x00000000ec000868) thrown at [/HUDSON/workspace/8-2-build-linux-amd64/jdk8u31/2394/hotspot/src/share/vm/prims/jvm.cpp, line 1312]
Event: 1.881 Thread 0x00007fc3ac3a9800 Exception <a 'java/lang/reflect/InvocationTargetException'> (0x00000000ec0f1110) thrown at [/HUDSON/workspace/8-2-build-linux-amd64/jdk8u31/2394/hotspot/src/share/vm/runtime/reflection.cpp, line 1080]
Event: 1.882 Thread 0x00007fc3ac3a9800 Exception <a 'java/lang/reflect/InvocationTargetException'> (0x00000000ec0f1520) thrown at [/HUDSON/workspace/8-2-build-linux-amd64/jdk8u31/2394/hotspot/src/share/vm/runtime/reflection.cpp, line 1080]
Event: 1.941 Thread 0x00007fc3ac3a9800 Exception <a 'java/lang/reflect/InvocationTargetException'> (0x00000000ec0f8eb8) thrown at [/HUDSON/workspace/8-2-build-linux-amd64/jdk8u31/2394/hotspot/src/share/vm/runtime/reflection.cpp, line 1080]
Event: 1.941 Thread 0x00007fc3ac3a9800 Exception <a 'java/lang/reflect/InvocationTargetException'> (0x00000000ec0f92c8) thrown at [/HUDSON/workspace/8-2-build-linux-amd64/jdk8u31/2394/hotspot/src/share/vm/runtime/reflection.cpp, line 1080]
Event: 2.000 Thread 0x00007fc3ac3a9800 Exception <a 'java/lang/reflect/InvocationTargetException'> (0x00000000ec1004c8) thrown at [/HUDSON/workspace/8-2-build-linux-amd64/jdk8u31/2394/hotspot/src/share/vm/runtime/reflection.cpp, line 1080]
Event: 2.001 Thread 0x00007fc3ac3a9800 Exception <a 'java/lang/reflect/InvocationTargetException'> (0x00000000ec1008d8) thrown at [/HUDSON/workspace/8-2-build-linux-amd64/jdk8u31/2394/hotspot/src/share/vm/runtime/reflection.cpp, line 1080]
Event: 2.054 Thread 0x00007fc3ac3a9800 Exception <a 'java/lang/reflect/InvocationTargetException'> (0x00000000ec10ad00) thrown at [/HUDSON/workspace/8-2-build-linux-amd64/jdk8u31/2394/hotspot/src/share/vm/runtime/reflection.cpp, line 1080]

Events (10 events):
Event: 8.869 Thread 0x00007fc3ac3a9800 DEOPT PACKING pc=0x00007fc39d2566a4 sp=0x00007fc391387070
Event: 8.869 Thread 0x00007fc3ac3a9800 DEOPT UNPACKING pc=0x00007fc39ce2c373 sp=0x00007fc391386db8 mode 1
Event: 8.869 Thread 0x00007fc3ac3a9800 DEOPT PACKING pc=0x00007fc39d2560b4 sp=0x00007fc3913870c0
Event: 8.869 Thread 0x00007fc3ac3a9800 DEOPT UNPACKING pc=0x00007fc39ce2c373 sp=0x00007fc391386e88 mode 1
Event: 8.869 Thread 0x00007fc3ac3a9800 DEOPT PACKING pc=0x00007fc39d2e0ec4 sp=0x00007fc391387140
Event: 8.870 Thread 0x00007fc3ac3a9800 DEOPT UNPACKING pc=0x00007fc39ce2c373 sp=0x00007fc391386ed8 mode 1
Event: 8.870 Thread 0x00007fc3ac3a9800 DEOPT PACKING pc=0x00007fc39d2566a4 sp=0x00007fc3913871f0
Event: 8.870 Thread 0x00007fc3ac3a9800 DEOPT UNPACKING pc=0x00007fc39ce2c373 sp=0x00007fc391386f38 mode 1
Event: 8.870 Thread 0x00007fc3ac3a9800 DEOPT PACKING pc=0x00007fc39d2560b4 sp=0x00007fc391387240
Event: 8.870 Thread 0x00007fc3ac3a9800 DEOPT UNPACKING pc=0x00007fc39ce2c373 sp=0x00007fc391387008 mode 1


Dynamic libraries:
00400000-00401000 r-xp 00000000 08:11 2229123                            /usr/lib/jvm/jdk1.8.0_31/bin/java
00600000-00601000 rw-p 00000000 08:11 2229123                            /usr/lib/jvm/jdk1.8.0_31/bin/java
01cda000-01cfb000 rw-p 00000000 00:00 0                                  [heap]
c3c00000-c6580000 rw-p 00000000 00:00 0 
c6580000-ebf00000 ---p 00000000 00:00 0 
ebf00000-ee300000 rw-p 00000000 00:00 0 
ee300000-100000000 ---p 00000000 00:00 0 
100000000-1001c0000 rw-p 00000000 00:00 0 
1001c0000-140000000 ---p 00000000 00:00 0 
7fc304000000-7fc304021000 rw-p 00000000 00:00 0 
7fc304021000-7fc308000000 ---p 00000000 00:00 0 
7fc30bffe000-7fc30ffff000 rw-s 00000000 00:11 1400313                    /dev/shm/pulse-shm-986488119
7fc30ffff000-7fc314000000 r--s 00000000 00:11 22180                      /dev/shm/pulse-shm-3810095572
7fc314000000-7fc314021000 rw-p 00000000 00:00 0 
7fc314021000-7fc318000000 ---p 00000000 00:00 0 
7fc318000000-7fc318021000 rw-p 00000000 00:00 0 
7fc318021000-7fc31c000000 ---p 00000000 00:00 0 
7fc31c000000-7fc31c021000 rw-p 00000000 00:00 0 
7fc31c021000-7fc320000000 ---p 00000000 00:00 0 
7fc3215e2000-7fc3215e3000 ---p 00000000 00:00 0 
7fc3215e3000-7fc321de3000 rw-p 00000000 00:00 0                          [stack:23621]
7fc321de3000-7fc321de4000 ---p 00000000 00:00 0 
7fc321de4000-7fc3225e4000 rw-p 00000000 00:00 0                          [stack:23617]
7fc3225e4000-7fc3265e5000 rw-s 00000000 00:11 1400293                    /dev/shm/pulse-shm-1458444645
7fc3265e5000-7fc3265eb000 r-xp 00000000 08:11 1317035                    /usr/lib/x86_64-linux-gnu/alsa-lib/libasound_module_pcm_pulse.so
7fc3265eb000-7fc3267ea000 ---p 00006000 08:11 1317035                    /usr/lib/x86_64-linux-gnu/alsa-lib/libasound_module_pcm_pulse.so
7fc3267ea000-7fc3267eb000 r--p 00005000 08:11 1317035                    /usr/lib/x86_64-linux-gnu/alsa-lib/libasound_module_pcm_pulse.so
7fc3267eb000-7fc3267ec000 rw-p 00006000 08:11 1317035                    /usr/lib/x86_64-linux-gnu/alsa-lib/libasound_module_pcm_pulse.so
7fc3267ec000-7fc326820000 r-xp 00000000 08:11 1246961                    /usr/local/cpffmpeg/lib/libvorbis.so.0.4.7
7fc326820000-7fc326a20000 ---p 00034000 08:11 1246961                    /usr/local/cpffmpeg/lib/libvorbis.so.0.4.7
7fc326a20000-7fc326a21000 rw-p 00034000 08:11 1246961                    /usr/local/cpffmpeg/lib/libvorbis.so.0.4.7
7fc326a21000-7fc326a27000 r-xp 00000000 08:11 1246864                    /usr/local/cpffmpeg/lib/libogg.so.0.8.1
7fc326a27000-7fc326c26000 ---p 00006000 08:11 1246864                    /usr/local/cpffmpeg/lib/libogg.so.0.8.1
7fc326c26000-7fc326c27000 rw-p 00005000 08:11 1246864                    /usr/local/cpffmpeg/lib/libogg.so.0.8.1
7fc326c27000-7fc326c38000 r-xp 00000000 08:11 393690                     /lib/x86_64-linux-gnu/libgpg-error.so.0.13.0
7fc326c38000-7fc326e37000 ---p 00011000 08:11 393690                     /lib/x86_64-linux-gnu/libgpg-error.so.0.13.0
7fc326e37000-7fc326e38000 r--p 00010000 08:11 393690                     /lib/x86_64-linux-gnu/libgpg-error.so.0.13.0
7fc326e38000-7fc326e39000 rw-p 00011000 08:11 393690                     /lib/x86_64-linux-gnu/libgpg-error.so.0.13.0
7fc326e39000-7fc326ec8000 r-xp 00000000 08:11 1246969                    /usr/local/cpffmpeg/lib/libvorbisenc.so.2.0.10
7fc326ec8000-7fc3270c7000 ---p 0008f000 08:11 1246969                    /usr/local/cpffmpeg/lib/libvorbisenc.so.2.0.10
7fc3270c7000-7fc3270e3000 rw-p 0008e000 08:11 1246969                    /usr/local/cpffmpeg/lib/libvorbisenc.so.2.0.10
7fc3270e3000-7fc327136000 r-xp 00000000 08:11 1247702                    /usr/local/cpffmpeg/lib/libFLAC.so.8.3.0
7fc327136000-7fc327336000 ---p 00053000 08:11 1247702                    /usr/local/cpffmpeg/lib/libFLAC.so.8.3.0
7fc327336000-7fc327337000 rw-p 00053000 08:11 1247702                    /usr/local/cpffmpeg/lib/libFLAC.so.8.3.0
7fc327337000-7fc32734b000 r-xp 00000000 08:11 393941                     /lib/x86_64-linux-gnu/libresolv-2.19.so
7fc32734b000-7fc32754a000 ---p 00014000 08:11 393941                     /lib/x86_64-linux-gnu/libresolv-2.19.so
7fc32754a000-7fc32754b000 r--p 00013000 08:11 393941                     /lib/x86_64-linux-gnu/libresolv-2.19.so
7fc32754b000-7fc32754c000 rw-p 00014000 08:11 393941                     /lib/x86_64-linux-gnu/libresolv-2.19.so
7fc32754c000-7fc32754e000 rw-p 00000000 00:00 0 
7fc32754e000-7fc327625000 r-xp 00000000 08:11 393710                     /lib/x86_64-linux-gnu/libgcrypt.so.20.0.2
7fc327625000-7fc327825000 ---p 000d7000 08:11 393710                     /lib/x86_64-linux-gnu/libgcrypt.so.20.0.2
7fc327825000-7fc327826000 r--p 000d7000 08:11 393710                     /lib/x86_64-linux-gnu/libgcrypt.so.20.0.2
7fc327826000-7fc32782f000 rw-p 000d8000 08:11 393710                     /lib/x86_64-linux-gnu/libgcrypt.so.20.0.2
7fc32782f000-7fc327851000 r-xp 00000000 08:11 393692                     /lib/x86_64-linux-gnu/liblzma.so.5.0.0
7fc327851000-7fc327a50000 ---p 00022000 08:11 393692                     /lib/x86_64-linux-gnu/liblzma.so.5.0.0
7fc327a50000-7fc327a51000 r--p 00021000 08:11 393692                     /lib/x86_64-linux-gnu/liblzma.so.5.0.0
7fc327a51000-7fc327a52000 rw-p 00022000 08:11 393692                     /lib/x86_64-linux-gnu/liblzma.so.5.0.0
7fc327a52000-7fc327a56000 r-xp 00000000 08:11 393657                     /lib/x86_64-linux-gnu/libuuid.so.1.3.0
7fc327a56000-7fc327c55000 ---p 00004000 08:11 393657                     /lib/x86_64-linux-gnu/libuuid.so.1.3.0
7fc327c55000-7fc327c56000 r--p 00003000 08:11 393657                     /lib/x86_64-linux-gnu/libuuid.so.1.3.0
7fc327c56000-7fc327c57000 rw-p 00004000 08:11 393657                     /lib/x86_64-linux-gnu/libuuid.so.1.3.0
7fc327c57000-7fc327c5b000 r-xp 00000000 08:11 393736                     /lib/x86_64-linux-gnu/libattr.so.1.1.0
7fc327c5b000-7fc327e5a000 ---p 00004000 08:11 393736                     /lib/x86_64-linux-gnu/libattr.so.1.1.0
7fc327e5a000-7fc327e5b000 r--p 00003000 08:11 393736                     /lib/x86_64-linux-gnu/libattr.so.1.1.0
7fc327e5b000-7fc327e5c000 rw-p 00004000 08:11 393736                     /lib/x86_64-linux-gnu/libattr.so.1.1.0
7fc327e5c000-7fc327e61000 r-xp 00000000 08:11 1315196                    /usr/lib/x86_64-linux-gnu/libasyncns.so.0.3.1
7fc327e61000-7fc328060000 ---p 00005000 08:11 1315196                    /usr/lib/x86_64-linux-gnu/libasyncns.so.0.3.1
7fc328060000-7fc328061000 r--p 00004000 08:11 1315196                    /usr/lib/x86_64-linux-gnu/libasyncns.so.0.3.1
7fc328061000-7fc328062000 rw-p 00005000 08:11 1315196                    /usr/lib/x86_64-linux-gnu/libasyncns.so.0.3.1
7fc328062000-7fc3280c4000 r-xp 00000000 08:11 1315698                    /usr/lib/x86_64-linux-gnu/libsndfile.so.1.0.25
7fc3280c4000-7fc3282c4000 ---p 00062000 08:11 1315698                    /usr/lib/x86_64-linux-gnu/libsndfile.so.1.0.25
7fc3282c4000-7fc3282c6000 r--p 00062000 08:11 1315698                    /usr/lib/x86_64-linux-gnu/libsndfile.so.1.0.25
7fc3282c6000-7fc3282c7000 rw-p 00064000 08:11 1315698                    /usr/lib/x86_64-linux-gnu/libsndfile.so.1.0.25
7fc3282c7000-7fc3282cb000 rw-p 00000000 00:00 0 
7fc3282cb000-7fc3282d4000 r-xp 00000000 08:11 394193                     /lib/x86_64-linux-gnu/libwrap.so.0.7.6
7fc3282d4000-7fc3284d3000 ---p 00009000 08:11 394193                     /lib/x86_64-linux-gnu/libwrap.so.0.7.6
7fc3284d3000-7fc3284d4000 r--p 00008000 08:11 394193                     /lib/x86_64-linux-gnu/libwrap.so.0.7.6
7fc3284d4000-7fc3284d5000 rw-p 00009000 08:11 394193                     /lib/x86_64-linux-gnu/libwrap.so.0.7.6
7fc3284d5000-7fc3284d6000 rw-p 00000000 00:00 0 
7fc3284d6000-7fc3284f7000 r-xp 00000000 08:11 393722                     /lib/x86_64-linux-gnu/libsystemd.so.0.3.1
7fc3284f7000-7fc3286f7000 ---p 00021000 08:11 393722                     /lib/x86_64-linux-gnu/libsystemd.so.0.3.1
7fc3286f7000-7fc3286f8000 r--p 00021000 08:11 393722                     /lib/x86_64-linux-gnu/libsystemd.so.0.3.1
7fc3286f8000-7fc3286f9000 rw-p 00022000 08:11 393722                     /lib/x86_64-linux-gnu/libsystemd.so.0.3.1
7fc3286f9000-7fc328700000 r-xp 00000000 08:11 1313147                    /usr/lib/x86_64-linux-gnu/libSM.so.6.0.1
7fc328700000-7fc3288ff000 ---p 00007000 08:11 1313147                    /usr/lib/x86_64-linux-gnu/libSM.so.6.0.1
7fc3288ff000-7fc328900000 r--p 00006000 08:11 1313147                    /usr/lib/x86_64-linux-gnu/libSM.so.6.0.1
7fc328900000-7fc328901000 rw-p 00007000 08:11 1313147                    /usr/lib/x86_64-linux-gnu/libSM.so.6.0.1
7fc328901000-7fc328905000 r-xp 00000000 08:11 393218                     /lib/x86_64-linux-gnu/libcap.so.2.24
7fc328905000-7fc328b04000 ---p 00004000 08:11 393218                     /lib/x86_64-linux-gnu/libcap.so.2.24
7fc328b04000-7fc328b05000 r--p 00003000 08:11 393218                     /lib/x86_64-linux-gnu/libcap.so.2.24
7fc328b05000-7fc328b06000 rw-p 00004000 08:11 393218                     /lib/x86_64-linux-gnu/libcap.so.2.24
7fc328b06000-7fc328b4d000 r-xp 00000000 08:11 393809                     /lib/x86_64-linux-gnu/libdbus-1.so.3.8.10
7fc328b4d000-7fc328d4c000 ---p 00047000 08:11 393809                     /lib/x86_64-linux-gnu/libdbus-1.so.3.8.10
7fc328d4c000-7fc328d4d000 r--p 00046000 08:11 393809                     /lib/x86_64-linux-gnu/libdbus-1.so.3.8.10
7fc328d4d000-7fc328d4e000 rw-p 00047000 08:11 393809                     /lib/x86_64-linux-gnu/libdbus-1.so.3.8.10
7fc328d4e000-7fc328dc5000 r-xp 00000000 08:11 1315203                    /usr/lib/x86_64-linux-gnu/pulseaudio/libpulsecommon-5.0.so
7fc328dc5000-7fc328fc5000 ---p 00077000 08:11 1315203                    /usr/lib/x86_64-linux-gnu/pulseaudio/libpulsecommon-5.0.so
7fc328fc5000-7fc328fc6000 r--p 00077000 08:11 1315203                    /usr/lib/x86_64-linux-gnu/pulseaudio/libpulsecommon-5.0.so
7fc328fc6000-7fc328fc8000 rw-p 00078000 08:11 1315203                    /usr/lib/x86_64-linux-gnu/pulseaudio/libpulsecommon-5.0.so
7fc328fc8000-7fc328fd2000 r-xp 00000000 08:11 394170                     /lib/x86_64-linux-gnu/libjson-c.so.2.0.0
7fc328fd2000-7fc3291d1000 ---p 0000a000 08:11 394170                     /lib/x86_64-linux-gnu/libjson-c.so.2.0.0
7fc3291d1000-7fc3291d2000 r--p 00009000 08:11 394170                     /lib/x86_64-linux-gnu/libjson-c.so.2.0.0
7fc3291d2000-7fc3291d3000 rw-p 0000a000 08:11 394170                     /lib/x86_64-linux-gnu/libjson-c.so.2.0.0
7fc3291d3000-7fc329221000 r-xp 00000000 08:11 1314084                    /usr/lib/x86_64-linux-gnu/libpulse.so.0.17.3
7fc329221000-7fc329421000 ---p 0004e000 08:11 1314084                    /usr/lib/x86_64-linux-gnu/libpulse.so.0.17.3
7fc329421000-7fc329423000 r--p 0004e000 08:11 1314084                    /usr/lib/x86_64-linux-gnu/libpulse.so.0.17.3
7fc329423000-7fc329424000 rw-p 00050000 08:11 1314084                    /usr/lib/x86_64-linux-gnu/libpulse.so.0.17.3
7fc329525000-7fc329528000 ---p 00000000 00:00 0 
7fc329528000-7fc329626000 rw-p 00000000 00:00 0                          [stack:23622]
7fc329626000-7fc329716000 r-xp 00000000 08:11 1313856                    /usr/lib/x86_64-linux-gnu/libasound.so.2.0.0
7fc329716000-7fc329915000 ---p 000f0000 08:11 1313856                    /usr/lib/x86_64-linux-gnu/libasound.so.2.0.0
7fc329915000-7fc32991c000 r--p 000ef000 08:11 1313856                    /usr/lib/x86_64-linux-gnu/libasound.so.2.0.0
7fc32991c000-7fc32991e000 rw-p 000f6000 08:11 1313856                    /usr/lib/x86_64-linux-gnu/libasound.so.2.0.0
7fc32991e000-7fc32992d000 r-xp 00000000 08:11 2240448                    /usr/lib/jvm/jdk1.8.0_31/jre/lib/amd64/libjsoundalsa.so
7fc32992d000-7fc329b2c000 ---p 0000f000 08:11 2240448                    /usr/lib/jvm/jdk1.8.0_31/jre/lib/amd64/libjsoundalsa.so
7fc329b2c000-7fc329b2d000 rw-p 0000e000 08:11 2240448                    /usr/lib/jvm/jdk1.8.0_31/jre/lib/amd64/libjsoundalsa.so
7fc329b2d000-7fc329b2e000 r-xp 00000000 08:11 2240452                    /usr/lib/jvm/jdk1.8.0_31/jre/lib/amd64/libjsound.so
7fc329b2e000-7fc329d2d000 ---p 00001000 08:11 2240452                    /usr/lib/jvm/jdk1.8.0_31/jre/lib/amd64/libjsound.so
7fc329d2d000-7fc329d2e000 rw-p 00000000 08:11 2240452                    /usr/lib/jvm/jdk1.8.0_31/jre/lib/amd64/libjsound.so
7fc329d2e000-7fc32a32e000 rw-s 00000000 00:04 1400283                    /drm mm object (deleted)
7fc32a32e000-7fc32a92e000 rw-s 00000000 00:04 1400282                    /drm mm object (deleted)
7fc32a92e000-7fc32a93c000 r-xp 00000000 08:11 393942                     /lib/x86_64-linux-gnu/libudev.so.1.5.0
7fc32a93c000-7fc32ab3b000 ---p 0000e000 08:11 393942                     /lib/x86_64-linux-gnu/libudev.so.1.5.0
7fc32ab3b000-7fc32ab3c000 r--p 0000d000 08:11 393942                     /lib/x86_64-linux-gnu/libudev.so.1.5.0
7fc32ab3c000-7fc32ab3d000 rw-p 0000e000 08:11 393942                     /lib/x86_64-linux-gnu/libudev.so.1.5.0
7fc32ab3d000-7fc32ab3f000 r-xp 00000000 08:11 1316635                    /usr/lib/x86_64-linux-gnu/libXinerama.so.1.0.0
7fc32ab3f000-7fc32ad3e000 ---p 00002000 08:11 1316635                    /usr/lib/x86_64-linux-gnu/libXinerama.so.1.0.0
7fc32ad3e000-7fc32ad3f000 r--p 00001000 08:11 1316635                    /usr/lib/x86_64-linux-gnu/libXinerama.so.1.0.0
7fc32ad3f000-7fc32ad40000 rw-p 00002000 08:11 1316635                    /usr/lib/x86_64-linux-gnu/libXinerama.so.1.0.0
7fc32ad40000-7fc32ad77000 r-xp 00000000 08:11 1316797                    /usr/lib/x86_64-linux-gnu/libtxc_dxtn_s2tc.so.0.0.0
7fc32ad77000-7fc32af76000 ---p 00037000 08:11 1316797                    /usr/lib/x86_64-linux-gnu/libtxc_dxtn_s2tc.so.0.0.0
7fc32af76000-7fc32af77000 r--p 00036000 08:11 1316797                    /usr/lib/x86_64-linux-gnu/libtxc_dxtn_s2tc.so.0.0.0
7fc32af77000-7fc32af78000 rw-p 00037000 08:11 1316797                    /usr/lib/x86_64-linux-gnu/libtxc_dxtn_s2tc.so.0.0.0
7fc32af78000-7fc32af92000 r-xp 00000000 08:11 393684                     /lib/x86_64-linux-gnu/libz.so.1.2.8
7fc32af92000-7fc32b191000 ---p 0001a000 08:11 393684                     /lib/x86_64-linux-gnu/libz.so.1.2.8
7fc32b191000-7fc32b192000 r--p 00019000 08:11 393684                     /lib/x86_64-linux-gnu/libz.so.1.2.8
7fc32b192000-7fc32b193000 rw-p 0001a000 08:11 393684                     /lib/x86_64-linux-gnu/libz.so.1.2.8
7fc32b193000-7fc32b19b000 r-xp 00000000 08:11 1312442                    /usr/lib/x86_64-linux-gnu/libpciaccess.so.0.11.1
7fc32b19b000-7fc32b39b000 ---p 00008000 08:11 1312442                    /usr/lib/x86_64-linux-gnu/libpciaccess.so.0.11.1
7fc32b39b000-7fc32b39c000 r--p 00008000 08:11 1312442                    /usr/lib/x86_64-linux-gnu/libpciaccess.so.0.11.1
7fc32b39c000-7fc32b39d000 rw-p 00009000 08:11 1312442                    /usr/lib/x86_64-linux-gnu/libpciaccess.so.0.11.1
7fc32b39d000-7fc32b489000 r-xp 00000000 08:11 1313581                    /usr/lib/x86_64-linux-gnu/libstdc++.so.6.0.20
7fc32b489000-7fc32b689000 ---p 000ec000 08:11 1313581                    /usr/lib/x86_64-linux-gnu/libstdc++.so.6.0.20
7fc32b689000-7fc32b691000 r--p 000ec000 08:11 1313581                    /usr/lib/x86_64-linux-gnu/libstdc++.so.6.0.20
7fc32b691000-7fc32b693000 rw-p 000f4000 08:11 1313581                    /usr/lib/x86_64-linux-gnu/libstdc++.so.6.0.20
7fc32b693000-7fc32b6a8000 rw-p 00000000 00:00 0 
7fc32b6a8000-7fc32b6b4000 r-xp 00000000 08:11 1317459                    /usr/lib/x86_64-linux-gnu/libdrm_radeon.so.1.0.1
7fc32b6b4000-7fc32b8b3000 ---p 0000c000 08:11 1317459                    /usr/lib/x86_64-linux-gnu/libdrm_radeon.so.1.0.1
7fc32b8b3000-7fc32b8b4000 r--p 0000b000 08:11 1317459                    /usr/lib/x86_64-linux-gnu/libdrm_radeon.so.1.0.1
7fc32b8b4000-7fc32b8b5000 rw-p 0000c000 08:11 1317459                    /usr/lib/x86_64-linux-gnu/libdrm_radeon.so.1.0.1
7fc32b8b5000-7fc32bdd3000 r-xp 00000000 08:11 1312473                    /usr/lib/x86_64-linux-gnu/dri/i965_dri.so
7fc32bdd3000-7fc32bfd3000 ---p 0051e000 08:11 1312473                    /usr/lib/x86_64-linux-gnu/dri/i965_dri.so
7fc32bfd3000-7fc32bfef000 r--p 0051e000 08:11 1312473                    /usr/lib/x86_64-linux-gnu/dri/i965_dri.so
7fc32bfef000-7fc32bff5000 rw-p 0053a000 08:11 1312473                    /usr/lib/x86_64-linux-gnu/dri/i965_dri.so
7fc32bff5000-7fc32c000000 rw-p 00000000 00:00 0 
7fc32c000000-7fc32e7e5000 rw-p 00000000 00:00 0 
7fc32e7e5000-7fc330000000 ---p 00000000 00:00 0 
7fc33002e000-7fc330031000 ---p 00000000 00:00 0 
7fc330031000-7fc33012f000 rw-p 00000000 00:00 0                          [stack:23616]
7fc33012f000-7fc330135000 r-xp 00000000 08:11 1317705                    /usr/lib/x86_64-linux-gnu/libdrm_nouveau.so.2.0.0
7fc330135000-7fc330334000 ---p 00006000 08:11 1317705                    /usr/lib/x86_64-linux-gnu/libdrm_nouveau.so.2.0.0
7fc330334000-7fc330335000 r--p 00005000 08:11 1317705                    /usr/lib/x86_64-linux-gnu/libdrm_nouveau.so.2.0.0
7fc330335000-7fc330336000 rw-p 00006000 08:11 1317705                    /usr/lib/x86_64-linux-gnu/libdrm_nouveau.so.2.0.0
7fc330336000-7fc330357000 r-xp 00000000 08:11 1312658                    /usr/lib/x86_64-linux-gnu/libdrm_intel.so.1.0.0
7fc330357000-7fc330556000 ---p 00021000 08:11 1312658                    /usr/lib/x86_64-linux-gnu/libdrm_intel.so.1.0.0
7fc330556000-7fc330557000 r--p 00020000 08:11 1312658                    /usr/lib/x86_64-linux-gnu/libdrm_intel.so.1.0.0
7fc330557000-7fc330558000 rw-p 00021000 08:11 1312658                    /usr/lib/x86_64-linux-gnu/libdrm_intel.so.1.0.0
7fc330558000-7fc330758000 rw-p 00000000 00:00 0 
7fc330758000-7fc33075e000 r-xp 00000000 08:11 1180552                    /usr/lib/mesa-diverted/x86_64-linux-gnu/libGLESv2.so.2.0.0
7fc33075e000-7fc33095d000 ---p 00006000 08:11 1180552                    /usr/lib/mesa-diverted/x86_64-linux-gnu/libGLESv2.so.2.0.0
7fc33095d000-7fc33095e000 r--p 00005000 08:11 1180552                    /usr/lib/mesa-diverted/x86_64-linux-gnu/libGLESv2.so.2.0.0
7fc33095e000-7fc33095f000 rw-p 00006000 08:11 1180552                    /usr/lib/mesa-diverted/x86_64-linux-gnu/libGLESv2.so.2.0.0
7fc33095f000-7fc3309a4000 r-xp 00000000 08:11 1972897                    /tmp/jogamp_0000/file_cache/jln3259690115257015580/jln4461637989307970517/libjogl_mobile.so
7fc3309a4000-7fc330ba4000 ---p 00045000 08:11 1972897                    /tmp/jogamp_0000/file_cache/jln3259690115257015580/jln4461637989307970517/libjogl_mobile.so
7fc330ba4000-7fc330ba5000 rw-p 00045000 08:11 1972897                    /tmp/jogamp_0000/file_cache/jln3259690115257015580/jln4461637989307970517/libjogl_mobile.so
7fc330ba5000-7fc330bac000 r-xp 00000000 08:11 1311207                    /usr/lib/x86_64-linux-gnu/libffi.so.6.0.2
7fc330bac000-7fc330dab000 ---p 00007000 08:11 1311207                    /usr/lib/x86_64-linux-gnu/libffi.so.6.0.2
7fc330dab000-7fc330dac000 r--p 00006000 08:11 1311207                    /usr/lib/x86_64-linux-gnu/libffi.so.6.0.2
7fc330dac000-7fc330dad000 rw-p 00007000 08:11 1311207                    /usr/lib/x86_64-linux-gnu/libffi.so.6.0.2
7fc330dad000-7fc330dba000 r-xp 00000000 08:11 1314293                    /usr/lib/x86_64-linux-gnu/libgbm.so.1.0.0
7fc330dba000-7fc330fb9000 ---p 0000d000 08:11 1314293                    /usr/lib/x86_64-linux-gnu/libgbm.so.1.0.0
7fc330fb9000-7fc330fba000 r--p 0000c000 08:11 1314293                    /usr/lib/x86_64-linux-gnu/libgbm.so.1.0.0
7fc330fba000-7fc330fbb000 rw-p 0000d000 08:11 1314293                    /usr/lib/x86_64-linux-gnu/libgbm.so.1.0.0
7fc330fbb000-7fc330fca000 r-xp 00000000 08:11 1314915                    /usr/lib/x86_64-linux-gnu/libwayland-server.so.0.1.0
7fc330fca000-7fc3311ca000 ---p 0000f000 08:11 1314915                    /usr/lib/x86_64-linux-gnu/libwayland-server.so.0.1.0
7fc3311ca000-7fc3311cc000 r--p 0000f000 08:11 1314915                    /usr/lib/x86_64-linux-gnu/libwayland-server.so.0.1.0
7fc3311cc000-7fc3311cd000 rw-p 00011000 08:11 1314915                    /usr/lib/x86_64-linux-gnu/libwayland-server.so.0.1.0
7fc3311cd000-7fc3311d9000 r-xp 00000000 08:11 1316306                    /usr/lib/x86_64-linux-gnu/libwayland-client.so.0.3.0
7fc3311d9000-7fc3313d8000 ---p 0000c000 08:11 1316306                    /usr/lib/x86_64-linux-gnu/libwayland-client.so.0.3.0
7fc3313d8000-7fc3313db000 r--p 0000b000 08:11 1316306                    /usr/lib/x86_64-linux-gnu/libwayland-client.so.0.3.0
7fc3313db000-7fc3313dc000 rw-p 0000e000 08:11 1316306                    /usr/lib/x86_64-linux-gnu/libwayland-client.so.0.3.0
7fc3313dc000-7fc3313df000 r-xp 00000000 08:11 1312486                    /usr/lib/x86_64-linux-gnu/libxcb-shape.so.0.0.0
7fc3313df000-7fc3315de000 ---p 00003000 08:11 1312486                    /usr/lib/x86_64-linux-gnu/libxcb-shape.so.0.0.0
7fc3315de000-7fc3315df000 r--p 00002000 08:11 1312486                    /usr/lib/x86_64-linux-gnu/libxcb-shape.so.0.0.0
7fc3315df000-7fc3315e0000 rw-p 00003000 08:11 1312486                    /usr/lib/x86_64-linux-gnu/libxcb-shape.so.0.0.0
7fc3315e0000-7fc3315e9000 r-xp 00000000 08:11 1320235                    /usr/lib/x86_64-linux-gnu/libxcb-render.so.0.0.0
7fc3315e9000-7fc3317e8000 ---p 00009000 08:11 1320235                    /usr/lib/x86_64-linux-gnu/libxcb-render.so.0.0.0
7fc3317e8000-7fc3317e9000 r--p 00008000 08:11 1320235                    /usr/lib/x86_64-linux-gnu/libxcb-render.so.0.0.0
7fc3317e9000-7fc3317ea000 rw-p 00009000 08:11 1320235                    /usr/lib/x86_64-linux-gnu/libxcb-render.so.0.0.0
7fc3317ea000-7fc3317f0000 r-xp 00000000 08:11 1313209                    /usr/lib/x86_64-linux-gnu/libxcb-xfixes.so.0.0.0
7fc3317f0000-7fc3319f0000 ---p 00006000 08:11 1313209                    /usr/lib/x86_64-linux-gnu/libxcb-xfixes.so.0.0.0
7fc3319f0000-7fc3319f1000 r--p 00006000 08:11 1313209                    /usr/lib/x86_64-linux-gnu/libxcb-xfixes.so.0.0.0
7fc3319f1000-7fc3319f2000 rw-p 00007000 08:11 1313209                    /usr/lib/x86_64-linux-gnu/libxcb-xfixes.so.0.0.0
7fc3319f2000-7fc331a1a000 r-xp 00000000 08:11 1179661                    /usr/lib/mesa-diverted/x86_64-linux-gnu/libEGL.so.1.0.0
7fc331a1a000-7fc331c19000 ---p 00028000 08:11 1179661                    /usr/lib/mesa-diverted/x86_64-linux-gnu/libEGL.so.1.0.0
7fc331c19000-7fc331c1a000 r--p 00027000 08:11 1179661                    /usr/lib/mesa-diverted/x86_64-linux-gnu/libEGL.so.1.0.0
7fc331c1a000-7fc331c1b000 rw-p 00028000 08:11 1179661                    /usr/lib/mesa-diverted/x86_64-linux-gnu/libEGL.so.1.0.0
7fc331c1b000-7fc331c1c000 rw-p 00000000 00:00 0 
7fc331c1c000-7fc331c20000 r-xp 00000000 08:11 1184816                    /usr/lib/mesa-diverted/x86_64-linux-gnu/libGLESv1_CM.so.1.1.0
7fc331c20000-7fc331e1f000 ---p 00004000 08:11 1184816                    /usr/lib/mesa-diverted/x86_64-linux-gnu/libGLESv1_CM.so.1.1.0
7fc331e1f000-7fc331e20000 r--p 00003000 08:11 1184816                    /usr/lib/mesa-diverted/x86_64-linux-gnu/libGLESv1_CM.so.1.1.0
7fc331e20000-7fc331e21000 rw-p 00004000 08:11 1184816                    /usr/lib/mesa-diverted/x86_64-linux-gnu/libGLESv1_CM.so.1.1.0
7fc331e21000-7fc331ec6000 r-xp 00000000 08:11 1972773                    /tmp/jogamp_0000/file_cache/jln3259690115257015580/jln4461637989307970517/libjogl_desktop.so
7fc331ec6000-7fc3320c6000 ---p 000a5000 08:11 1972773                    /tmp/jogamp_0000/file_cache/jln3259690115257015580/jln4461637989307970517/libjogl_desktop.so
7fc3320c6000-7fc3320c7000 rw-p 000a5000 08:11 1972773                    /tmp/jogamp_0000/file_cache/jln3259690115257015580/jln4461637989307970517/libjogl_desktop.so
7fc3320c7000-7fc3320d3000 r-xp 00000000 08:11 1317768                    /usr/lib/x86_64-linux-gnu/libdrm.so.2.4.0
7fc3320d3000-7fc3322d2000 ---p 0000c000 08:11 1317768                    /usr/lib/x86_64-linux-gnu/libdrm.so.2.4.0
7fc3322d2000-7fc3322d3000 r--p 0000b000 08:11 1317768                    /usr/lib/x86_64-linux-gnu/libdrm.so.2.4.0
7fc3322d3000-7fc3322d4000 rw-p 0000c000 08:11 1317768                    /usr/lib/x86_64-linux-gnu/libdrm.so.2.4.0
7fc3322d4000-7fc3322d5000 r-xp 00000000 08:11 1316882                    /usr/lib/x86_64-linux-gnu/libxshmfence.so.1.0.0
7fc3322d5000-7fc3324d4000 ---p 00001000 08:11 1316882                    /usr/lib/x86_64-linux-gnu/libxshmfence.so.1.0.0
7fc3324d4000-7fc3324d5000 r--p 00000000 08:11 1316882                    /usr/lib/x86_64-linux-gnu/libxshmfence.so.1.0.0
7fc3324d5000-7fc3324d6000 rw-p 00001000 08:11 1316882                    /usr/lib/x86_64-linux-gnu/libxshmfence.so.1.0.0
7fc3324d6000-7fc3324db000 r-xp 00000000 08:11 1315759                    /usr/lib/x86_64-linux-gnu/libxcb-sync.so.1.0.0
7fc3324db000-7fc3326db000 ---p 00005000 08:11 1315759                    /usr/lib/x86_64-linux-gnu/libxcb-sync.so.1.0.0
7fc3326db000-7fc3326dc000 r--p 00005000 08:11 1315759                    /usr/lib/x86_64-linux-gnu/libxcb-sync.so.1.0.0
7fc3326dc000-7fc3326dd000 rw-p 00006000 08:11 1315759                    /usr/lib/x86_64-linux-gnu/libxcb-sync.so.1.0.0
7fc3326dd000-7fc3326df000 r-xp 00000000 08:11 1317437                    /usr/lib/x86_64-linux-gnu/libxcb-present.so.0.0.0
7fc3326df000-7fc3328de000 ---p 00002000 08:11 1317437                    /usr/lib/x86_64-linux-gnu/libxcb-present.so.0.0.0
7fc3328de000-7fc3328df000 r--p 00001000 08:11 1317437                    /usr/lib/x86_64-linux-gnu/libxcb-present.so.0.0.0
7fc3328df000-7fc3328e0000 rw-p 00002000 08:11 1317437                    /usr/lib/x86_64-linux-gnu/libxcb-present.so.0.0.0
7fc3328e0000-7fc3328e2000 r-xp 00000000 08:11 1313718                    /usr/lib/x86_64-linux-gnu/libxcb-dri3.so.0.0.0
7fc3328e2000-7fc332ae1000 ---p 00002000 08:11 1313718                    /usr/lib/x86_64-linux-gnu/libxcb-dri3.so.0.0.0
7fc332ae1000-7fc332ae2000 r--p 00001000 08:11 1313718                    /usr/lib/x86_64-linux-gnu/libxcb-dri3.so.0.0.0
7fc332ae2000-7fc332ae3000 rw-p 00002000 08:11 1313718                    /usr/lib/x86_64-linux-gnu/libxcb-dri3.so.0.0.0
7fc332ae3000-7fc332ae7000 r-xp 00000000 08:11 1312874                    /usr/lib/x86_64-linux-gnu/libxcb-dri2.so.0.0.0
7fc332ae7000-7fc332ce6000 ---p 00004000 08:11 1312874                    /usr/lib/x86_64-linux-gnu/libxcb-dri2.so.0.0.0
7fc332ce6000-7fc332ce7000 r--p 00003000 08:11 1312874                    /usr/lib/x86_64-linux-gnu/libxcb-dri2.so.0.0.0
7fc332ce7000-7fc332ce8000 rw-p 00004000 08:11 1312874                    /usr/lib/x86_64-linux-gnu/libxcb-dri2.so.0.0.0
7fc332ce8000-7fc332cff000 r-xp 00000000 08:11 1314543                    /usr/lib/x86_64-linux-gnu/libxcb-glx.so.0.0.0
7fc332cff000-7fc332efe000 ---p 00017000 08:11 1314543                    /usr/lib/x86_64-linux-gnu/libxcb-glx.so.0.0.0
7fc332efe000-7fc332f00000 r--p 00016000 08:11 1314543                    /usr/lib/x86_64-linux-gnu/libxcb-glx.so.0.0.0
7fc332f00000-7fc332f01000 rw-p 00018000 08:11 1314543                    /usr/lib/x86_64-linux-gnu/libxcb-glx.so.0.0.0
7fc332f01000-7fc332f02000 r-xp 00000000 08:11 1318061                    /usr/lib/x86_64-linux-gnu/libX11-xcb.so.1.0.0
7fc332f02000-7fc333101000 ---p 00001000 08:11 1318061                    /usr/lib/x86_64-linux-gnu/libX11-xcb.so.1.0.0
7fc333101000-7fc333102000 r--p 00000000 08:11 1318061                    /usr/lib/x86_64-linux-gnu/libX11-xcb.so.1.0.0
7fc333102000-7fc333103000 rw-p 00001000 08:11 1318061                    /usr/lib/x86_64-linux-gnu/libX11-xcb.so.1.0.0
7fc333103000-7fc333105000 r-xp 00000000 08:11 1316876                    /usr/lib/x86_64-linux-gnu/libXdamage.so.1.1.0
7fc333105000-7fc333304000 ---p 00002000 08:11 1316876                    /usr/lib/x86_64-linux-gnu/libXdamage.so.1.1.0
7fc333304000-7fc333305000 r--p 00001000 08:11 1316876                    /usr/lib/x86_64-linux-gnu/libXdamage.so.1.1.0
7fc333305000-7fc333306000 rw-p 00002000 08:11 1316876                    /usr/lib/x86_64-linux-gnu/libXdamage.so.1.1.0
7fc333306000-7fc33332b000 r-xp 00000000 08:11 1311159                    /usr/lib/x86_64-linux-gnu/libglapi.so.0.0.0
7fc33332b000-7fc33352b000 ---p 00025000 08:11 1311159                    /usr/lib/x86_64-linux-gnu/libglapi.so.0.0.0
7fc33352b000-7fc33352e000 r--p 00025000 08:11 1311159                    /usr/lib/x86_64-linux-gnu/libglapi.so.0.0.0
7fc33352e000-7fc33352f000 rw-p 00028000 08:11 1311159                    /usr/lib/x86_64-linux-gnu/libglapi.so.0.0.0
7fc33352f000-7fc333530000 rw-p 00000000 00:00 0 
7fc333530000-7fc333556000 r-xp 00000000 08:11 393642                     /lib/x86_64-linux-gnu/libexpat.so.1.6.0
7fc333556000-7fc333755000 ---p 00026000 08:11 393642                     /lib/x86_64-linux-gnu/libexpat.so.1.6.0
7fc333755000-7fc333758000 r--p 00025000 08:11 393642                     /lib/x86_64-linux-gnu/libexpat.so.1.6.0
7fc333758000-7fc333759000 rw-p 00028000 08:11 393642                     /lib/x86_64-linux-gnu/libexpat.so.1.6.0
7fc333759000-7fc3337ef000 r-xp 00000000 08:11 1179742                    /usr/lib/mesa-diverted/x86_64-linux-gnu/libGL.so.1.2.0
7fc3337ef000-7fc3339ee000 ---p 00096000 08:11 1179742                    /usr/lib/mesa-diverted/x86_64-linux-gnu/libGL.so.1.2.0
7fc3339ee000-7fc3339f1000 r--p 00095000 08:11 1179742                    /usr/lib/mesa-diverted/x86_64-linux-gnu/libGL.so.1.2.0
7fc3339f1000-7fc3339f2000 rw-p 00098000 08:11 1179742                    /usr/lib/mesa-diverted/x86_64-linux-gnu/libGL.so.1.2.0
7fc3339f2000-7fc333bf3000 rw-p 00000000 00:00 0 
7fc333bf3000-7fc333bfa000 r-xp 00000000 08:11 1973321                    /tmp/jogamp_0000/file_cache/jln3259690115257015580/jln4461637989307970517/libnativewindow_x11.so
7fc333bfa000-7fc333df9000 ---p 00007000 08:11 1973321                    /tmp/jogamp_0000/file_cache/jln3259690115257015580/jln4461637989307970517/libnativewindow_x11.so
7fc333df9000-7fc333dfa000 rw-p 00006000 08:11 1973321                    /tmp/jogamp_0000/file_cache/jln3259690115257015580/jln4461637989307970517/libnativewindow_x11.so
7fc333dfa000-7fc333dff000 r-xp 00000000 08:11 1316626                    /usr/lib/x86_64-linux-gnu/libXxf86vm.so.1.0.0
7fc333dff000-7fc333ffe000 ---p 00005000 08:11 1316626                    /usr/lib/x86_64-linux-gnu/libXxf86vm.so.1.0.0
7fc333ffe000-7fc333fff000 r--p 00004000 08:11 1316626                    /usr/lib/x86_64-linux-gnu/libXxf86vm.so.1.0.0
7fc333fff000-7fc334000000 rw-p 00005000 08:11 1316626                    /usr/lib/x86_64-linux-gnu/libXxf86vm.so.1.0.0
7fc334000000-7fc334a04000 rw-p 00000000 00:00 0 
7fc334a04000-7fc338000000 ---p 00000000 00:00 0 
7fc338000000-7fc338021000 rw-p 00000000 00:00 0 
7fc338021000-7fc33c000000 ---p 00000000 00:00 0 
7fc33c000000-7fc33c021000 rw-p 00000000 00:00 0 
7fc33c021000-7fc340000000 ---p 00000000 00:00 0 
7fc340000000-7fc34277b000 rw-p 00000000 00:00 0 
7fc34277b000-7fc344000000 ---p 00000000 00:00 0 
7fc344000000-7fc344036000 rw-p 00000000 00:00 0 
7fc344036000-7fc348000000 ---p 00000000 00:00 0 
7fc348000000-7fc348021000 rw-p 00000000 00:00 0 
7fc348021000-7fc34c000000 ---p 00000000 00:00 0 
7fc34c000000-7fc34c021000 rw-p 00000000 00:00 0 
7fc34c021000-7fc350000000 ---p 00000000 00:00 0 
7fc350000000-7fc350027000 rw-p 00000000 00:00 0 
7fc350027000-7fc354000000 ---p 00000000 00:00 0 
7fc354000000-7fc354021000 rw-p 00000000 00:00 0 
7fc354021000-7fc358000000 ---p 00000000 00:00 0 
7fc358000000-7fc358021000 rw-p 00000000 00:00 0 
7fc358021000-7fc35c000000 ---p 00000000 00:00 0 
7fc35c000000-7fc35c1d8000 rw-p 00000000 00:00 0 
7fc35c1d8000-7fc360000000 ---p 00000000 00:00 0 
7fc360000000-7fc360289000 rw-p 00000000 00:00 0 
7fc360289000-7fc364000000 ---p 00000000 00:00 0 
7fc364000000-7fc364021000 rw-p 00000000 00:00 0 
7fc364021000-7fc368000000 ---p 00000000 00:00 0 
7fc368000000-7fc36822b000 rw-p 00000000 00:00 0 
7fc36822b000-7fc36c000000 ---p 00000000 00:00 0 
7fc36c000000-7fc36c021000 rw-p 00000000 00:00 0 
7fc36c021000-7fc370000000 ---p 00000000 00:00 0 
7fc370000000-7fc370021000 rw-p 00000000 00:00 0 
7fc370021000-7fc374000000 ---p 00000000 00:00 0 
7fc374000000-7fc374021000 rw-p 00000000 00:00 0 
7fc374021000-7fc378000000 ---p 00000000 00:00 0 
7fc378000000-7fc378021000 rw-p 00000000 00:00 0 
7fc378021000-7fc37c000000 ---p 00000000 00:00 0 
7fc37c000000-7fc37c021000 rw-p 00000000 00:00 0 
7fc37c021000-7fc380000000 ---p 00000000 00:00 0 
7fc380000000-7fc380021000 rw-p 00000000 00:00 0 
7fc380021000-7fc384000000 ---p 00000000 00:00 0 
7fc384000000-7fc384021000 rw-p 00000000 00:00 0 
7fc384021000-7fc388000000 ---p 00000000 00:00 0 
7fc388000000-7fc388021000 rw-p 00000000 00:00 0 
7fc388021000-7fc38c000000 ---p 00000000 00:00 0 
7fc38c000000-7fc38c021000 rw-p 00000000 00:00 0 
7fc38c021000-7fc390000000 ---p 00000000 00:00 0 
7fc390075000-7fc39008c000 r-xp 00000000 08:11 1432196                    /usr/local/lib/libICE.so.6.3.0
7fc39008c000-7fc39008e000 rw-p 00016000 08:11 1432196                    /usr/local/lib/libICE.so.6.3.0
7fc39008e000-7fc390091000 rw-p 00000000 00:00 0 
7fc3900c7000-7fc3900c8000 rw-p 00000000 00:00 0 
7fc3900c8000-7fc3900c9000 rw-s 00000000 00:04 1399478                    /drm mm object (deleted)
7fc3900c9000-7fc3900d1000 rw-s 00000000 00:04 1399535                    /drm mm object (deleted)
7fc3900d1000-7fc3900d9000 rw-s 00000000 00:04 1399534                    /drm mm object (deleted)
7fc3900d9000-7fc3900e0000 r--s 00000000 08:11 1329829                    /usr/lib/x86_64-linux-gnu/gconv/gconv-modules.cache
7fc3900e0000-7fc3900f3000 r--s 00344000 08:11 2238871                    /usr/lib/jvm/jdk1.8.0_31/jre/lib/resources.jar
7fc3900f3000-7fc3900f4000 rw-s 00000000 00:04 1400281                    /drm mm object (deleted)
7fc3900f4000-7fc3900fc000 rw-s 00000000 00:04 1399465                    /drm mm object (deleted)
7fc3900fc000-7fc3900fd000 rw-s 00000000 00:04 1399462                    /drm mm object (deleted)
7fc3900fd000-7fc390105000 rw-s 00000000 00:04 1400274                    /drm mm object (deleted)
7fc390105000-7fc390106000 rw-s 00000000 00:04 1400267                    /drm mm object (deleted)
7fc390106000-7fc390107000 rw-s 00000000 00:04 1400262                    /drm mm object (deleted)
7fc390107000-7fc390108000 rw-s 00000000 00:04 1400256                    /drm mm object (deleted)
7fc390108000-7fc390110000 rw-s 00000000 00:04 1400255                    /drm mm object (deleted)
7fc390110000-7fc390118000 rw-s 00000000 00:04 1399461                    /drm mm object (deleted)
7fc390118000-7fc390120000 rw-s 00000000 00:04 1399454                    /drm mm object (deleted)
7fc390120000-7fc390122000 r-xp 00000000 08:11 1973320                    /tmp/jogamp_0000/file_cache/jln3259690115257015580/jln4461637989307970517/libnativewindow_awt.so
7fc390122000-7fc390321000 ---p 00002000 08:11 1973320                    /tmp/jogamp_0000/file_cache/jln3259690115257015580/jln4461637989307970517/libnativewindow_awt.so
7fc390321000-7fc390322000 rw-p 00001000 08:11 1973320                    /tmp/jogamp_0000/file_cache/jln3259690115257015580/jln4461637989307970517/libnativewindow_awt.so
7fc390322000-7fc390323000 r-xp 00000000 08:11 2240464                    /usr/lib/jvm/jdk1.8.0_31/jre/lib/amd64/libjawt.so
7fc390323000-7fc390522000 ---p 00001000 08:11 2240464                    /usr/lib/jvm/jdk1.8.0_31/jre/lib/amd64/libjawt.so
7fc390522000-7fc390523000 rw-p 00000000 08:11 2240464                    /usr/lib/jvm/jdk1.8.0_31/jre/lib/amd64/libjawt.so
7fc390523000-7fc390525000 r-xp 00000000 08:11 1970821                    /tmp/jogamp_0000/file_cache/jln3259690115257015580/jln4461637989307970517/libgluegen-rt.so
7fc390525000-7fc390724000 ---p 00002000 08:11 1970821                    /tmp/jogamp_0000/file_cache/jln3259690115257015580/jln4461637989307970517/libgluegen-rt.so
7fc390724000-7fc390725000 rw-p 00001000 08:11 1970821                    /tmp/jogamp_0000/file_cache/jln3259690115257015580/jln4461637989307970517/libgluegen-rt.so
7fc390725000-7fc390728000 ---p 00000000 00:00 0 
7fc390728000-7fc390826000 rw-p 00000000 00:00 0                          [stack:23603]
7fc390826000-7fc390837000 r-xp 00000000 08:11 2240484                    /usr/lib/jvm/jdk1.8.0_31/jre/lib/amd64/libnio.so
7fc390837000-7fc390a36000 ---p 00011000 08:11 2240484                    /usr/lib/jvm/jdk1.8.0_31/jre/lib/amd64/libnio.so
7fc390a36000-7fc390a37000 rw-p 00010000 08:11 2240484                    /usr/lib/jvm/jdk1.8.0_31/jre/lib/amd64/libnio.so
7fc390a37000-7fc390d38000 rw-p 00000000 00:00 0 
7fc390d38000-7fc390d4e000 r-xp 00000000 08:11 2240476                    /usr/lib/jvm/jdk1.8.0_31/jre/lib/amd64/libnet.so
7fc390d4e000-7fc390f4e000 ---p 00016000 08:11 2240476                    /usr/lib/jvm/jdk1.8.0_31/jre/lib/amd64/libnet.so
7fc390f4e000-7fc390f4f000 rw-p 00016000 08:11 2240476                    /usr/lib/jvm/jdk1.8.0_31/jre/lib/amd64/libnet.so
7fc390f4f000-7fc390f52000 ---p 00000000 00:00 0 
7fc390f52000-7fc391188000 rw-p 00000000 00:00 0                          [stack:23598]
7fc391188000-7fc39118b000 ---p 00000000 00:00 0 
7fc39118b000-7fc391289000 rw-p 00000000 00:00 0                          [stack:23594]
7fc391289000-7fc39128c000 ---p 00000000 00:00 0 
7fc39128c000-7fc39138a000 rw-p 00000000 00:00 0                          [stack:23593]
7fc39138a000-7fc39138d000 ---p 00000000 00:00 0 
7fc39138d000-7fc39148b000 rw-p 00000000 00:00 0                          [stack:23592]
7fc39148b000-7fc39148e000 ---p 00000000 00:00 0 
7fc39148e000-7fc39178c000 rw-p 00000000 00:00 0 
7fc39178c000-7fc39178f000 ---p 00000000 00:00 0 
7fc39178f000-7fc39188d000 rw-p 00000000 00:00 0 
7fc39188d000-7fc391890000 ---p 00000000 00:00 0 
7fc391890000-7fc39198e000 rw-p 00000000 00:00 0                          [stack:23589]
7fc39198e000-7fc391993000 r-xp 00000000 08:11 1314833                    /usr/lib/x86_64-linux-gnu/libXfixes.so.3.1.0
7fc391993000-7fc391b92000 ---p 00005000 08:11 1314833                    /usr/lib/x86_64-linux-gnu/libXfixes.so.3.1.0
7fc391b92000-7fc391b93000 r--p 00004000 08:11 1314833                    /usr/lib/x86_64-linux-gnu/libXfixes.so.3.1.0
7fc391b93000-7fc391b94000 rw-p 00005000 08:11 1314833                    /usr/lib/x86_64-linux-gnu/libXfixes.so.3.1.0
7fc391b94000-7fc391b9e000 r-xp 00000000 08:11 1314983                    /usr/lib/x86_64-linux-gnu/libXcursor.so.1.0.2
7fc391b9e000-7fc391d9d000 ---p 0000a000 08:11 1314983                    /usr/lib/x86_64-linux-gnu/libXcursor.so.1.0.2
7fc391d9d000-7fc391d9e000 r--p 00009000 08:11 1314983                    /usr/lib/x86_64-linux-gnu/libXcursor.so.1.0.2
7fc391d9e000-7fc391d9f000 rw-p 0000a000 08:11 1314983                    /usr/lib/x86_64-linux-gnu/libXcursor.so.1.0.2
7fc391d9f000-7fc391da2000 ---p 00000000 00:00 0 
7fc391da2000-7fc391ea0000 rw-p 00000000 00:00 0                          [stack:23588]
7fc391ea0000-7fc391eb6000 r-xp 00000000 08:11 393871                     /lib/x86_64-linux-gnu/libgcc_s.so.1
7fc391eb6000-7fc3920b5000 ---p 00016000 08:11 393871                     /lib/x86_64-linux-gnu/libgcc_s.so.1
7fc3920b5000-7fc3920b6000 rw-p 00015000 08:11 393871                     /lib/x86_64-linux-gnu/libgcc_s.so.1
7fc3920b6000-7fc39211b000 r-xp 00000000 08:11 2240446                    /usr/lib/jvm/jdk1.8.0_31/jre/lib/amd64/libfontmanager.so
7fc39211b000-7fc39231a000 ---p 00065000 08:11 2240446                    /usr/lib/jvm/jdk1.8.0_31/jre/lib/amd64/libfontmanager.so
7fc39231a000-7fc39231e000 rw-p 00064000 08:11 2240446                    /usr/lib/jvm/jdk1.8.0_31/jre/lib/amd64/libfontmanager.so
7fc39231e000-7fc39232f000 rw-p 00000000 00:00 0 
7fc39232f000-7fc392334000 r-xp 00000000 08:11 1314306                    /usr/lib/x86_64-linux-gnu/libXdmcp.so.6.0.0
7fc392334000-7fc392533000 ---p 00005000 08:11 1314306                    /usr/lib/x86_64-linux-gnu/libXdmcp.so.6.0.0
7fc392533000-7fc392534000 rw-p 00004000 08:11 1314306                    /usr/lib/x86_64-linux-gnu/libXdmcp.so.6.0.0
7fc392534000-7fc392537000 r-xp 00000000 08:11 1318046                    /usr/lib/x86_64-linux-gnu/libXau.so.6.0.0
7fc392537000-7fc392736000 ---p 00003000 08:11 1318046                    /usr/lib/x86_64-linux-gnu/libXau.so.6.0.0
7fc392736000-7fc392737000 r--p 00002000 08:11 1318046                    /usr/lib/x86_64-linux-gnu/libXau.so.6.0.0
7fc392737000-7fc392738000 rw-p 00003000 08:11 1318046                    /usr/lib/x86_64-linux-gnu/libXau.so.6.0.0
7fc392738000-7fc392759000 r-xp 00000000 08:11 1313271                    /usr/lib/x86_64-linux-gnu/libxcb.so.1.1.0
7fc392759000-7fc392958000 ---p 00021000 08:11 1313271                    /usr/lib/x86_64-linux-gnu/libxcb.so.1.1.0
7fc392958000-7fc392959000 r--p 00020000 08:11 1313271                    /usr/lib/x86_64-linux-gnu/libxcb.so.1.1.0
7fc392959000-7fc39295a000 rw-p 00021000 08:11 1313271                    /usr/lib/x86_64-linux-gnu/libxcb.so.1.1.0
7fc39295a000-7fc392969000 r-xp 00000000 08:11 1316875                    /usr/lib/x86_64-linux-gnu/libXi.so.6.1.0
7fc392969000-7fc392b68000 ---p 0000f000 08:11 1316875                    /usr/lib/x86_64-linux-gnu/libXi.so.6.1.0
7fc392b68000-7fc392b69000 r--p 0000e000 08:11 1316875                    /usr/lib/x86_64-linux-gnu/libXi.so.6.1.0
7fc392b69000-7fc392b6a000 rw-p 0000f000 08:11 1316875                    /usr/lib/x86_64-linux-gnu/libXi.so.6.1.0
7fc392b6a000-7fc392b6f000 r-xp 00000000 08:11 1316638                    /usr/lib/x86_64-linux-gnu/libXtst.so.6.1.0
7fc392b6f000-7fc392d6e000 ---p 00005000 08:11 1316638                    /usr/lib/x86_64-linux-gnu/libXtst.so.6.1.0
7fc392d6e000-7fc392d6f000 r--p 00004000 08:11 1316638                    /usr/lib/x86_64-linux-gnu/libXtst.so.6.1.0
7fc392d6f000-7fc392d70000 rw-p 00005000 08:11 1316638                    /usr/lib/x86_64-linux-gnu/libXtst.so.6.1.0
7fc392d70000-7fc392d79000 r-xp 00000000 08:11 1315494                    /usr/lib/x86_64-linux-gnu/libXrender.so.1.3.0
7fc392d79000-7fc392f78000 ---p 00009000 08:11 1315494                    /usr/lib/x86_64-linux-gnu/libXrender.so.1.3.0
7fc392f78000-7fc392f79000 r--p 00008000 08:11 1315494                    /usr/lib/x86_64-linux-gnu/libXrender.so.1.3.0
7fc392f79000-7fc392f7a000 rw-p 00009000 08:11 1315494                    /usr/lib/x86_64-linux-gnu/libXrender.so.1.3.0
7fc392f7a000-7fc3930b6000 r-xp 00000000 08:11 1313346                    /usr/lib/x86_64-linux-gnu/libX11.so.6.3.0
7fc3930b6000-7fc3932b5000 ---p 0013c000 08:11 1313346                    /usr/lib/x86_64-linux-gnu/libX11.so.6.3.0
7fc3932b5000-7fc3932b7000 r--p 0013b000 08:11 1313346                    /usr/lib/x86_64-linux-gnu/libX11.so.6.3.0
7fc3932b7000-7fc3932bc000 rw-p 0013d000 08:11 1313346                    /usr/lib/x86_64-linux-gnu/libX11.so.6.3.0
7fc3932bc000-7fc3932bd000 rw-p 00000000 00:00 0 
7fc3932bd000-7fc3932ce000 r-xp 00000000 08:11 1314987                    /usr/lib/x86_64-linux-gnu/libXext.so.6.4.0
7fc3932ce000-7fc3934cd000 ---p 00011000 08:11 1314987                    /usr/lib/x86_64-linux-gnu/libXext.so.6.4.0
7fc3934cd000-7fc3934ce000 r--p 00010000 08:11 1314987                    /usr/lib/x86_64-linux-gnu/libXext.so.6.4.0
7fc3934ce000-7fc3934cf000 rw-p 00011000 08:11 1314987                    /usr/lib/x86_64-linux-gnu/libXext.so.6.4.0
7fc3934cf000-7fc393523000 r-xp 00000000 08:11 2240494                    /usr/lib/jvm/jdk1.8.0_31/jre/lib/amd64/libawt_xawt.so
7fc393523000-7fc393723000 ---p 00054000 08:11 2240494                    /usr/lib/jvm/jdk1.8.0_31/jre/lib/amd64/libawt_xawt.so
7fc393723000-7fc393727000 rw-p 00054000 08:11 2240494                    /usr/lib/jvm/jdk1.8.0_31/jre/lib/amd64/libawt_xawt.so
7fc393727000-7fc393728000 rw-p 00000000 00:00 0 
7fc393728000-7fc3937ca000 r-xp 00000000 08:11 2240462                    /usr/lib/jvm/jdk1.8.0_31/jre/lib/amd64/libawt.so
7fc3937ca000-7fc3939ca000 ---p 000a2000 08:11 2240462                    /usr/lib/jvm/jdk1.8.0_31/jre/lib/amd64/libawt.so
7fc3939ca000-7fc3939d6000 rw-p 000a2000 08:11 2240462                    /usr/lib/jvm/jdk1.8.0_31/jre/lib/amd64/libawt.so
7fc3939d6000-7fc3939fa000 rw-p 00000000 00:00 0 
7fc3939fa000-7fc3939fb000 ---p 00000000 00:00 0 
7fc3939fb000-7fc393afb000 rw-p 00000000 00:00 0                          [stack:23583]
7fc393afb000-7fc393afe000 ---p 00000000 00:00 0 
7fc393afe000-7fc393bfc000 rw-p 00000000 00:00 0                          [stack:23582]
7fc393bfc000-7fc393bff000 ---p 00000000 00:00 0 
7fc393bff000-7fc393cfd000 rw-p 00000000 00:00 0                          [stack:23581]
7fc393cfd000-7fc393d00000 ---p 00000000 00:00 0 
7fc393d00000-7fc393dfe000 rw-p 00000000 00:00 0                          [stack:23580]
7fc393dfe000-7fc393e01000 ---p 00000000 00:00 0 
7fc393e01000-7fc393eff000 rw-p 00000000 00:00 0                          [stack:23579]
7fc393eff000-7fc393f02000 ---p 00000000 00:00 0 
7fc393f02000-7fc394000000 rw-p 00000000 00:00 0                          [stack:23569]
7fc394000000-7fc394021000 rw-p 00000000 00:00 0 
7fc394021000-7fc398000000 ---p 00000000 00:00 0 
7fc398000000-7fc398001000 rw-s 00000000 00:04 1399455                    /drm mm object (deleted)
7fc398001000-7fc398002000 rw-s 00000000 00:04 1400239                    /drm mm object (deleted)
7fc398002000-7fc398003000 rwxp 00000000 00:00 0 
7fc398003000-7fc39800b000 rw-s 00000000 00:04 1399443                    /drm mm object (deleted)
7fc39800b000-7fc39800c000 r--p 00000000 00:00 0 
7fc39800c000-7fc398010000 r--s 00094000 08:11 2238884                    /usr/lib/jvm/jdk1.8.0_31/jre/lib/jsse.jar
7fc398010000-7fc398011000 rw-s 00000000 00:04 1399444                    /drm mm object (deleted)
7fc398011000-7fc39801f000 r--s 000f3000 08:11 3961956                    /home/kof/processing-git/build/linux/work/lib/pde.jar
7fc39801f000-7fc398033000 r--s 00141000 08:11 3961955                    /home/kof/processing-git/build/linux/work/lib/org.eclipse.osgi_3.8.1.v20120830-144521.jar
7fc398033000-7fc398036000 r--s 00041000 08:11 3961954                    /home/kof/processing-git/build/linux/work/lib/org-netbeans-swing-outline.jar
7fc398036000-7fc39804a000 r--s 00127000 08:11 3961953                    /home/kof/processing-git/build/linux/work/lib/jna.jar
7fc39804a000-7fc398057000 r--s 000c6000 08:11 3961908                    /home/kof/processing-git/build/linux/work/lib/jdimodel.jar
7fc398057000-7fc39805b000 r--s 0000e000 08:11 3961907                    /home/kof/processing-git/build/linux/work/lib/jdi.jar
7fc39805b000-7fc398097000 r--s 00629000 08:11 3961905                    /home/kof/processing-git/build/linux/work/lib/com.ibm.icu_4.4.2.v20110823.jar
7fc398097000-7fc39809c000 r--s 00068000 08:11 3961904                    /home/kof/processing-git/build/linux/work/lib/antlr.jar
7fc39809c000-7fc3980ba000 r--s 001bb000 08:11 3961903                    /home/kof/processing-git/build/linux/work/lib/ant.jar
7fc3980ba000-7fc3980bc000 r--s 00002000 08:11 3961901                    /home/kof/processing-git/build/linux/work/lib/ant-launcher.jar
7fc3980bc000-7fc3980bd000 r--s 00002000 08:11 3962091                    /home/kof/processing-git/build/linux/work/modes/java/libraries/minim/library/tritonus_aos.jar
7fc3980bd000-7fc3980c0000 r--s 00017000 08:11 3962092                    /home/kof/processing-git/build/linux/work/modes/java/libraries/minim/library/tritonus_share.jar
7fc3980c0000-7fc3980c3000 r--s 00016000 08:11 3962089                    /home/kof/processing-git/build/linux/work/modes/java/libraries/minim/library/minim.jar
7fc3980c3000-7fc3980c6000 r--s 00017000 08:11 3962087                    /home/kof/processing-git/build/linux/work/modes/java/libraries/minim/library/jl1.0.jar
7fc3980c6000-7fc3980c8000 r--s 0000a000 08:11 3962088                    /home/kof/processing-git/build/linux/work/modes/java/libraries/minim/library/jsminim.jar
7fc3980c8000-7fc3980c9000 r--s 00005000 08:11 3962090                    /home/kof/processing-git/build/linux/work/modes/java/libraries/minim/library/mp3spi1.9.4.jar
7fc3980c9000-7fc3980ca000 r--s 00023000 08:11 3961890                    /home/kof/processing-git/build/linux/work/core/library/jogl-all-natives-linux-armv6hf.jar
7fc3980ca000-7fc3980ed000 r--s 002ec000 08:11 3961895                    /home/kof/processing-git/build/linux/work/core/library/jogl-all.jar
7fc3980ed000-7fc3980ee000 r--s 00001000 08:11 3961887                    /home/kof/processing-git/build/linux/work/core/library/gluegen-rt-natives-windows-i586.jar
7fc3980ee000-7fc3980ef000 r--s 0002d000 08:11 3961894                    /home/kof/processing-git/build/linux/work/core/library/jogl-all-natives-windows-i586.jar
7fc3980ef000-7fc3980f0000 r--s 0002d000 08:11 3961891                    /home/kof/processing-git/build/linux/work/core/library/jogl-all-natives-linux-i586.jar
7fc3980f0000-7fc3980f3000 ---p 00000000 00:00 0 
7fc3980f3000-7fc3981f1000 rw-p 00000000 00:00 0                          [stack:23566]
7fc3981f1000-7fc3981f4000 ---p 00000000 00:00 0 
7fc3981f4000-7fc3982f2000 rw-p 00000000 00:00 0                          [stack:23565]
7fc3982f2000-7fc3982f6000 r-xp 00000000 08:11 2240426                    /usr/lib/jvm/jdk1.8.0_31/jre/lib/amd64/libdt_socket.so
7fc3982f6000-7fc3984f5000 ---p 00004000 08:11 2240426                    /usr/lib/jvm/jdk1.8.0_31/jre/lib/amd64/libdt_socket.so
7fc3984f5000-7fc3984f6000 rw-p 00003000 08:11 2240426                    /usr/lib/jvm/jdk1.8.0_31/jre/lib/amd64/libdt_socket.so
7fc3984f6000-7fc3984f9000 ---p 00000000 00:00 0 
7fc3984f9000-7fc3985f7000 rw-p 00000000 00:00 0                          [stack:23564]
7fc3985f7000-7fc3985fa000 ---p 00000000 00:00 0 
7fc3985fa000-7fc3986f8000 rw-p 00000000 00:00 0                          [stack:23563]
7fc3986f8000-7fc3986fb000 ---p 00000000 00:00 0 
7fc3986fb000-7fc3987f9000 rw-p 00000000 00:00 0                          [stack:23562]
7fc3987f9000-7fc3987fa000 ---p 00000000 00:00 0 
7fc3987fa000-7fc3998ae000 rw-p 00000000 00:00 0                          [stack:23561]
7fc3998ae000-7fc399a84000 r--s 03cae000 08:11 2238858                    /usr/lib/jvm/jdk1.8.0_31/jre/lib/rt.jar
7fc399a84000-7fc39c2fc000 rw-p 00000000 00:00 0 
7fc39c2fc000-7fc39c2fd000 ---p 00000000 00:00 0 
7fc39c2fd000-7fc39c3fd000 rw-p 00000000 00:00 0                          [stack:23559]
7fc39c3fd000-7fc39c3fe000 ---p 00000000 00:00 0 
7fc39c3fe000-7fc39c4fe000 rw-p 00000000 00:00 0                          [stack:23558]
7fc39c4fe000-7fc39c4ff000 ---p 00000000 00:00 0 
7fc39c4ff000-7fc39c5ff000 rw-p 00000000 00:00 0                          [stack:23557]
7fc39c5ff000-7fc39c600000 ---p 00000000 00:00 0 
7fc39c600000-7fc39c715000 rw-p 00000000 00:00 0                          [stack:23556]
7fc39c715000-7fc39c842000 ---p 00000000 00:00 0 
7fc39c842000-7fc39c857000 rw-p 00000000 00:00 0 
7fc39c857000-7fc39c983000 ---p 00000000 00:00 0 
7fc39c983000-7fc39c996000 rw-p 00000000 00:00 0 
7fc39c996000-7fc39ca24000 ---p 00000000 00:00 0 
7fc39ca24000-7fc39ca3a000 rw-p 00000000 00:00 0 
7fc39ca3a000-7fc39cde5000 ---p 00000000 00:00 0 
7fc39cde5000-7fc39d2f5000 rwxp 00000000 00:00 0 
7fc39d2f5000-7fc3abde5000 ---p 00000000 00:00 0 
7fc3abde5000-7fc3abdff000 r-xp 00000000 08:11 2240468                    /usr/lib/jvm/jdk1.8.0_31/jre/lib/amd64/libzip.so
7fc3abdff000-7fc3abfff000 ---p 0001a000 08:11 2240468                    /usr/lib/jvm/jdk1.8.0_31/jre/lib/amd64/libzip.so
7fc3abfff000-7fc3ac000000 rw-p 0001a000 08:11 2240468                    /usr/lib/jvm/jdk1.8.0_31/jre/lib/amd64/libzip.so
7fc3ac000000-7fc3ac443000 rw-p 00000000 00:00 0 
7fc3ac443000-7fc3b0000000 ---p 00000000 00:00 0 
7fc3b0000000-7fc3b0001000 r--s 00064000 08:11 3961892                    /home/kof/processing-git/build/linux/work/core/library/jogl-all-natives-macosx-universal.jar
7fc3b0001000-7fc3b0003000 r--s 00000000 08:11 3961884                    /home/kof/processing-git/build/linux/work/core/library/gluegen-rt-natives-linux-i586.jar
7fc3b0003000-7fc3b0004000 r--s 00001000 08:11 3961886                    /home/kof/processing-git/build/linux/work/core/library/gluegen-rt-natives-windows-amd64.jar
7fc3b0004000-7fc3b0006000 r--s 00034000 08:11 3961893                    /home/kof/processing-git/build/linux/work/core/library/jogl-all-natives-windows-amd64.jar
7fc3b0006000-7fc3b000c000 r--s 000b1000 08:11 3961880                    /home/kof/processing-git/build/linux/work/core/library/core.jar
7fc3b000c000-7fc3b000e000 r--s 00000000 08:11 3961882                    /home/kof/processing-git/build/linux/work/core/library/gluegen-rt-natives-linux-amd64.jar
7fc3b000e000-7fc3b0019000 r-xp 00000000 08:11 393930                     /lib/x86_64-linux-gnu/libnss_files-2.19.so
7fc3b0019000-7fc3b0218000 ---p 0000b000 08:11 393930                     /lib/x86_64-linux-gnu/libnss_files-2.19.so
7fc3b0218000-7fc3b0219000 r--p 0000a000 08:11 393930                     /lib/x86_64-linux-gnu/libnss_files-2.19.so
7fc3b0219000-7fc3b021a000 rw-p 0000b000 08:11 393930                     /lib/x86_64-linux-gnu/libnss_files-2.19.so
7fc3b021a000-7fc3b0224000 r-xp 00000000 08:11 393934                     /lib/x86_64-linux-gnu/libnss_nis-2.19.so
7fc3b0224000-7fc3b0423000 ---p 0000a000 08:11 393934                     /lib/x86_64-linux-gnu/libnss_nis-2.19.so
7fc3b0423000-7fc3b0424000 r--p 00009000 08:11 393934                     /lib/x86_64-linux-gnu/libnss_nis-2.19.so
7fc3b0424000-7fc3b0425000 rw-p 0000a000 08:11 393934                     /lib/x86_64-linux-gnu/libnss_nis-2.19.so
7fc3b0425000-7fc3b043a000 r-xp 00000000 08:11 393924                     /lib/x86_64-linux-gnu/libnsl-2.19.so
7fc3b043a000-7fc3b0639000 ---p 00015000 08:11 393924                     /lib/x86_64-linux-gnu/libnsl-2.19.so
7fc3b0639000-7fc3b063a000 r--p 00014000 08:11 393924                     /lib/x86_64-linux-gnu/libnsl-2.19.so
7fc3b063a000-7fc3b063b000 rw-p 00015000 08:11 393924                     /lib/x86_64-linux-gnu/libnsl-2.19.so
7fc3b063b000-7fc3b063d000 rw-p 00000000 00:00 0 
7fc3b063d000-7fc3b0644000 r-xp 00000000 08:11 393926                     /lib/x86_64-linux-gnu/libnss_compat-2.19.so
7fc3b0644000-7fc3b0843000 ---p 00007000 08:11 393926                     /lib/x86_64-linux-gnu/libnss_compat-2.19.so
7fc3b0843000-7fc3b0844000 r--p 00006000 08:11 393926                     /lib/x86_64-linux-gnu/libnss_compat-2.19.so
7fc3b0844000-7fc3b0845000 rw-p 00007000 08:11 393926                     /lib/x86_64-linux-gnu/libnss_compat-2.19.so
7fc3b0845000-7fc3b0f30000 r--p 00000000 08:11 1220119                    /usr/lib/locale/locale-archive
7fc3b0f30000-7fc3b0f32000 r-xp 00000000 08:11 2240428                    /usr/lib/jvm/jdk1.8.0_31/jre/lib/amd64/libnpt.so
7fc3b0f32000-7fc3b1132000 ---p 00002000 08:11 2240428                    /usr/lib/jvm/jdk1.8.0_31/jre/lib/amd64/libnpt.so
7fc3b1132000-7fc3b1133000 rw-p 00002000 08:11 2240428                    /usr/lib/jvm/jdk1.8.0_31/jre/lib/amd64/libnpt.so
7fc3b1133000-7fc3b116c000 r-xp 00000000 08:11 2240450                    /usr/lib/jvm/jdk1.8.0_31/jre/lib/amd64/libjdwp.so
7fc3b116c000-7fc3b136b000 ---p 00039000 08:11 2240450                    /usr/lib/jvm/jdk1.8.0_31/jre/lib/amd64/libjdwp.so
7fc3b136b000-7fc3b136d000 rw-p 00038000 08:11 2240450                    /usr/lib/jvm/jdk1.8.0_31/jre/lib/amd64/libjdwp.so
7fc3b136d000-7fc3b1397000 r-xp 00000000 08:11 2240458                    /usr/lib/jvm/jdk1.8.0_31/jre/lib/amd64/libjava.so
7fc3b1397000-7fc3b1597000 ---p 0002a000 08:11 2240458                    /usr/lib/jvm/jdk1.8.0_31/jre/lib/amd64/libjava.so
7fc3b1597000-7fc3b1599000 rw-p 0002a000 08:11 2240458                    /usr/lib/jvm/jdk1.8.0_31/jre/lib/amd64/libjava.so
7fc3b1599000-7fc3b15a6000 r-xp 00000000 08:11 2240466                    /usr/lib/jvm/jdk1.8.0_31/jre/lib/amd64/libverify.so
7fc3b15a6000-7fc3b17a6000 ---p 0000d000 08:11 2240466                    /usr/lib/jvm/jdk1.8.0_31/jre/lib/amd64/libverify.so
7fc3b17a6000-7fc3b17a8000 rw-p 0000d000 08:11 2240466                    /usr/lib/jvm/jdk1.8.0_31/jre/lib/amd64/libverify.so
7fc3b17a8000-7fc3b17af000 r-xp 00000000 08:11 393943                     /lib/x86_64-linux-gnu/librt-2.19.so
7fc3b17af000-7fc3b19ae000 ---p 00007000 08:11 393943                     /lib/x86_64-linux-gnu/librt-2.19.so
7fc3b19ae000-7fc3b19af000 r--p 00006000 08:11 393943                     /lib/x86_64-linux-gnu/librt-2.19.so
7fc3b19af000-7fc3b19b0000 rw-p 00007000 08:11 393943                     /lib/x86_64-linux-gnu/librt-2.19.so
7fc3b19b0000-7fc3b1ab0000 r-xp 00000000 08:11 393920                     /lib/x86_64-linux-gnu/libm-2.19.so
7fc3b1ab0000-7fc3b1caf000 ---p 00100000 08:11 393920                     /lib/x86_64-linux-gnu/libm-2.19.so
7fc3b1caf000-7fc3b1cb0000 r--p 000ff000 08:11 393920                     /lib/x86_64-linux-gnu/libm-2.19.so
7fc3b1cb0000-7fc3b1cb1000 rw-p 00100000 08:11 393920                     /lib/x86_64-linux-gnu/libm-2.19.so
7fc3b1cb1000-7fc3b291f000 r-xp 00000000 08:11 2240518                    /usr/lib/jvm/jdk1.8.0_31/jre/lib/amd64/server/libjvm.so
7fc3b291f000-7fc3b2b1e000 ---p 00c6e000 08:11 2240518                    /usr/lib/jvm/jdk1.8.0_31/jre/lib/amd64/server/libjvm.so
7fc3b2b1e000-7fc3b2bf4000 rw-p 00c6d000 08:11 2240518                    /usr/lib/jvm/jdk1.8.0_31/jre/lib/amd64/server/libjvm.so
7fc3b2bf4000-7fc3b2c37000 rw-p 00000000 00:00 0 
7fc3b2c37000-7fc3b2dd6000 r-xp 00000000 08:11 393896                     /lib/x86_64-linux-gnu/libc-2.19.so
7fc3b2dd6000-7fc3b2fd6000 ---p 0019f000 08:11 393896                     /lib/x86_64-linux-gnu/libc-2.19.so
7fc3b2fd6000-7fc3b2fda000 r--p 0019f000 08:11 393896                     /lib/x86_64-linux-gnu/libc-2.19.so
7fc3b2fda000-7fc3b2fdc000 rw-p 001a3000 08:11 393896                     /lib/x86_64-linux-gnu/libc-2.19.so
7fc3b2fdc000-7fc3b2fe0000 rw-p 00000000 00:00 0 
7fc3b2fe0000-7fc3b2fe3000 r-xp 00000000 08:11 393918                     /lib/x86_64-linux-gnu/libdl-2.19.so
7fc3b2fe3000-7fc3b31e2000 ---p 00003000 08:11 393918                     /lib/x86_64-linux-gnu/libdl-2.19.so
7fc3b31e2000-7fc3b31e3000 r--p 00002000 08:11 393918                     /lib/x86_64-linux-gnu/libdl-2.19.so
7fc3b31e3000-7fc3b31e4000 rw-p 00003000 08:11 393918                     /lib/x86_64-linux-gnu/libdl-2.19.so
7fc3b31e4000-7fc3b31f9000 r-xp 00000000 08:11 2238630                    /usr/lib/jvm/jdk1.8.0_31/lib/amd64/jli/libjli.so
7fc3b31f9000-7fc3b33f8000 ---p 00015000 08:11 2238630                    /usr/lib/jvm/jdk1.8.0_31/lib/amd64/jli/libjli.so
7fc3b33f8000-7fc3b33f9000 rw-p 00014000 08:11 2238630                    /usr/lib/jvm/jdk1.8.0_31/lib/amd64/jli/libjli.so
7fc3b33f9000-7fc3b3411000 r-xp 00000000 08:11 393668                     /lib/x86_64-linux-gnu/libpthread-2.19.so
7fc3b3411000-7fc3b3610000 ---p 00018000 08:11 393668                     /lib/x86_64-linux-gnu/libpthread-2.19.so
7fc3b3610000-7fc3b3611000 r--p 00017000 08:11 393668                     /lib/x86_64-linux-gnu/libpthread-2.19.so
7fc3b3611000-7fc3b3612000 rw-p 00018000 08:11 393668                     /lib/x86_64-linux-gnu/libpthread-2.19.so
7fc3b3612000-7fc3b3616000 rw-p 00000000 00:00 0 
7fc3b3616000-7fc3b3636000 r-xp 00000000 08:11 393845                     /lib/x86_64-linux-gnu/ld-2.19.so
7fc3b3636000-7fc3b36e0000 rw-p 00000000 00:00 0 
7fc3b36e0000-7fc3b36e3000 ---p 00000000 00:00 0 
7fc3b36e3000-7fc3b37e5000 rw-p 00000000 00:00 0                          [stack:23555]
7fc3b37e5000-7fc3b37e6000 r--s 00001000 08:11 3961885                    /home/kof/processing-git/build/linux/work/core/library/gluegen-rt-natives-macosx-universal.jar
7fc3b37e6000-7fc3b37e7000 r--s 00000000 08:11 3961883                    /home/kof/processing-git/build/linux/work/core/library/gluegen-rt-natives-linux-armv6hf.jar
7fc3b37e7000-7fc3b37e8000 r--s 0002f000 08:11 3961889                    /home/kof/processing-git/build/linux/work/core/library/jogl-all-natives-linux-amd64.jar
7fc3b37e8000-7fc3b37ee000 r--s 00041000 08:11 3961888                    /home/kof/processing-git/build/linux/work/core/library/gluegen-rt.jar
7fc3b37ee000-7fc3b382a000 rw-p 00000000 00:00 0 
7fc3b382a000-7fc3b3832000 rw-s 00000000 08:11 1969670                    /tmp/hsperfdata_kof/23554
7fc3b3832000-7fc3b3833000 rw-p 00000000 00:00 0 
7fc3b3833000-7fc3b3834000 r--p 00000000 00:00 0 
7fc3b3834000-7fc3b3836000 rw-p 00000000 00:00 0 
7fc3b3836000-7fc3b3837000 r--p 00020000 08:11 393845                     /lib/x86_64-linux-gnu/ld-2.19.so
7fc3b3837000-7fc3b3838000 rw-p 00021000 08:11 393845                     /lib/x86_64-linux-gnu/ld-2.19.so
7fc3b3838000-7fc3b3839000 rw-p 00000000 00:00 0 
7fffafd7f000-7fffafda2000 rw-p 00000000 00:00 0                          [stack]
7fffafdfc000-7fffafdfe000 r-xp 00000000 00:00 0                          [vdso]
7fffafdfe000-7fffafe00000 r--p 00000000 00:00 0                          [vvar]
ffffffffff600000-ffffffffff601000 r-xp 00000000 00:00 0                  [vsyscall]

VM Arguments:
jvm_args: -agentlib:jdwp=transport=dt_socket,address=8168,server=y,suspend=y -Djava.library.path=:/home/kof/processing-git/build/linux/work/modes/java/libraries/minim/library:/usr/java/packages/lib/amd64:/usr/lib64:/lib64:/lib:/usr/lib -ea 
java_command: processing.core.PApplet --display=0 freqMapIn --sketch-path=/archive/kof/sketchBook/2015/02-unor/freqMapIn
java_class_path (initial): /tmp/vim-processing/freqMapIn:/home/kof/processing-git/build/linux/work/core/library/gluegen-rt.jar:/home/kof/processing-git/build/linux/work/core/library/jogl-all-natives-linux-amd64.jar:/home/kof/processing-git/build/linux/work/core/library/gluegen-rt-natives-linux-armv6hf.jar:/home/kof/processing-git/build/linux/work/core/library/gluegen-rt-natives-linux-amd64.jar:/home/kof/processing-git/build/linux/work/core/library/gluegen-rt-natives-macosx-universal.jar:/home/kof/processing-git/build/linux/work/core/library/core.jar:/home/kof/processing-git/build/linux/work/core/library/jogl-all-natives-windows-amd64.jar:/home/kof/processing-git/build/linux/work/core/library/gluegen-rt-natives-windows-amd64.jar:/home/kof/processing-git/build/linux/work/core/library/gluegen-rt-natives-linux-i586.jar:/home/kof/processing-git/build/linux/work/core/library/jogl-all-natives-macosx-universal.jar:/home/kof/processing-git/build/linux/work/core/library/jogl-all-natives-linux-i586.jar:/home/kof/processing-git/build/linux/work/core/library/jogl-all-natives-windows-i586.jar:/home/kof/processing-git/build/linux/work/core/library/gluegen-rt-natives-windows-i586.jar:/home/kof/processing-git/build/linux/work/core/library/jogl-all.jar:/home/kof/processing-git/build/linux/work/core/library/jogl-all-natives-linux-armv6hf.jar:/home/kof/processing-git/build/linux/work/core/library/gluegen-rt.jar:/home/kof/processing-git/build/linux/work/core/library/jogl-all-natives-linux-amd64.jar:/home/kof/processing-git/build/linux/work/core/library/gluegen-rt-natives-linux-armv6hf.jar:/home/kof/processing-git/build/linux/work/core/library/gluegen-rt-natives-linux-amd64.jar:/home/kof/processing-git/build/linux/work/core/library/gluegen-rt-natives-macosx-universal.jar:/home/kof/processing-git/build/linux/work/core/library/core.jar:/home/kof/processing-git/build/linux/work/core/library/jogl-all-natives-windows-amd64.jar:/home/kof/processing-git/build/linux/work/core/library/gluegen-r
Launcher Type: SUN_STANDARD

Environment Variables:
CLASSPATH=/usr/lib/jvm/jdk1.8.0_31/jre/lib/rt.jar:/home/kof/processing-git/build/linux/work/lib/ant-launcher.jar:/home/kof/processing-git/build/linux/work/lib/ant.jar:/home/kof/processing-git/build/linux/work/lib/antlr.jar:/home/kof/processing-git/build/linux/work/lib/com.ibm.icu_4.4.2.v20110823.jar:/home/kof/processing-git/build/linux/work/lib/jdi.jar:/home/kof/processing-git/build/linux/work/lib/jdimodel.jar:/home/kof/processing-git/build/linux/work/lib/jna.jar:/home/kof/processing-git/build/linux/work/lib/org-netbeans-swing-outline.jar:/home/kof/processing-git/build/linux/work/lib/org.eclipse.osgi_3.8.1.v20120830-144521.jar:/home/kof/processing-git/build/linux/work/lib/pde.jar:/home/kof/processing-git/build/linux/work/core/library/core.jar:/home/kof/processing-git/build/linux/work/core/library/gluegen-rt-natives-linux-amd64.jar:/home/kof/processing-git/build/linux/work/core/library/gluegen-rt-natives-linux-armv6hf.jar:/home/kof/processing-git/build/linux/work/core/library/gluegen-rt-natives-linux-i586.jar:/home/kof/processing-git/build/linux/work/core/library/gluegen-rt-natives-macosx-universal.jar:/home/kof/processing-git/build/linux/work/core/library/gluegen-rt-natives-windows-amd64.jar:/home/kof/processing-git/build/linux/work/core/library/gluegen-rt-natives-windows-i586.jar:/home/kof/processing-git/build/linux/work/core/library/gluegen-rt.jar:/home/kof/processing-git/build/linux/work/core/library/jogl-all-natives-linux-amd64.jar:/home/kof/processing-git/build/linux/work/core/library/jogl-all-natives-linux-armv6hf.jar:/home/kof/processing-git/build/linux/work/core/library/jogl-all-natives-linux-i586.jar:/home/kof/processing-git/build/linux/work/core/library/jogl-all-natives-macosx-universal.jar:/home/kof/processing-git/build/linux/work/core/library/jogl-all-natives-windows-amd64.jar:/home/kof/processing-git/build/linux/work/core/library/jogl-all-natives-windows-i586.jar:/home/kof/processing-git/build/linux/work/core/library/jogl-all.jar
PATH=/usr/lib/jvm/jdk1.8.0_31/bin:/usr/bin:/bin:/usr/sbin/:/home/kof/bin:/usr/local/bin
SHELL=/usr/bin/zsh
DISPLAY=:0.0

Signal Handlers:
SIGSEGV: [libjvm.so+0xa7a650], sa_mask[0]=11111111011111111101111111111110, sa_flags=SA_RESTART|SA_SIGINFO
SIGBUS: [libjvm.so+0xa7a650], sa_mask[0]=11111111011111111101111111111110, sa_flags=SA_RESTART|SA_SIGINFO
SIGFPE: [libjvm.so+0x8e28f0], sa_mask[0]=11111111011111111101111111111110, sa_flags=SA_RESTART|SA_SIGINFO
SIGPIPE: [libjvm.so+0x8e28f0], sa_mask[0]=11111111011111111101111111111110, sa_flags=SA_RESTART|SA_SIGINFO
SIGXFSZ: [libjvm.so+0x8e28f0], sa_mask[0]=11111111011111111101111111111110, sa_flags=SA_RESTART|SA_SIGINFO
SIGILL: [libjvm.so+0x8e28f0], sa_mask[0]=11111111011111111101111111111110, sa_flags=SA_RESTART|SA_SIGINFO
SIGUSR1: SIG_DFL, sa_mask[0]=00000000000000000000000000000000, sa_flags=none
SIGUSR2: [libjvm.so+0x8e4120], sa_mask[0]=00100000000000000000000000000000, sa_flags=SA_RESTART|SA_SIGINFO
SIGHUP: [libjvm.so+0x8e54e0], sa_mask[0]=11111111011111111101111111111110, sa_flags=SA_RESTART|SA_SIGINFO
SIGINT: [libjvm.so+0x8e54e0], sa_mask[0]=11111111011111111101111111111110, sa_flags=SA_RESTART|SA_SIGINFO
SIGTERM: [libjvm.so+0x8e54e0], sa_mask[0]=11111111011111111101111111111110, sa_flags=SA_RESTART|SA_SIGINFO
SIGQUIT: [libjvm.so+0x8e54e0], sa_mask[0]=11111111011111111101111111111110, sa_flags=SA_RESTART|SA_SIGINFO


---------------  S Y S T E M  ---------------

OS:PRETTY_NAME="Debian GNU/Linux 8 (jessie)"
NAME="Debian GNU/Linux"
VERSION_ID="8"
VERSION="8 (jessie)"
ID=debian
HOME_URL="http://www.debian.org/"
SUPPORT_URL="http://www.debian.org/support/"
BUG_REPORT_URL="https://bugs.debian.org/"

uname:Linux 3.16.0-4-amd64 #1 SMP Debian 3.16.7-ckt2-1 (2014-12-08) x86_64
libc:glibc 2.19 NPTL 2.19 
rlimit: STACK 8192k, CORE 0k, NPROC 15332, NOFILE 65536, AS infinity
load average:0.98 1.11 0.94

/proc/meminfo:
MemTotal:        3944792 kB
MemFree:          322264 kB
MemAvailable:    2110080 kB
Buffers:          278588 kB
Cached:          1119360 kB
SwapCached:        11736 kB
Active:          1283956 kB
Inactive:        1088260 kB
Active(anon):     772492 kB
Inactive(anon):   583680 kB
Active(file):     511464 kB
Inactive(file):   504580 kB
Unevictable:       80384 kB
Mlocked:           84528 kB
SwapTotal:       3212284 kB
SwapFree:        3150908 kB
Dirty:              1440 kB
Writeback:             0 kB
AnonPages:       1045144 kB
Mapped:           359648 kB
Shmem:            381904 kB
Slab:            1065472 kB
SReclaimable:    1025176 kB
SUnreclaim:        40296 kB
KernelStack:        9616 kB
PageTables:        33364 kB
NFS_Unstable:          0 kB
Bounce:                0 kB
WritebackTmp:          0 kB
CommitLimit:     5184680 kB
Committed_AS:    4444704 kB
VmallocTotal:   34359738367 kB
VmallocUsed:      389320 kB
VmallocChunk:   34359313996 kB
HardwareCorrupted:     0 kB
AnonHugePages:         0 kB
HugePages_Total:       0
HugePages_Free:        0
HugePages_Rsvd:        0
HugePages_Surp:        0
Hugepagesize:       2048 kB
DirectMap4k:      161408 kB
DirectMap2M:     3917824 kB


CPU:total 4 (2 cores per cpu, 2 threads per core) family 6 model 42 stepping 7, cmov, cx8, fxsr, mmx, sse, sse2, sse3, ssse3, sse4.1, sse4.2, popcnt, avx, aes, clmul, ht, tsc, tscinvbit

/proc/cpuinfo:
processor	: 0
vendor_id	: GenuineIntel
cpu family	: 6
model		: 42
model name	: Intel(R) Core(TM) i5-2520M CPU @ 2.50GHz
stepping	: 7
microcode	: 0x29
cpu MHz		: 3118.261
cache size	: 3072 KB
physical id	: 0
siblings	: 4
core id		: 0
cpu cores	: 2
apicid		: 0
initial apicid	: 0
fpu		: yes
fpu_exception	: yes
cpuid level	: 13
wp		: yes
flags		: fpu vme de pse tsc msr pae mce cx8 apic sep mtrr pge mca cmov pat pse36 clflush dts acpi mmx fxsr sse sse2 ss ht tm pbe syscall nx rdtscp lm constant_tsc arch_perfmon pebs bts nopl xtopology nonstop_tsc aperfmperf eagerfpu pni pclmulqdq dtes64 monitor ds_cpl vmx smx est tm2 ssse3 cx16 xtpr pdcm pcid sse4_1 sse4_2 x2apic popcnt tsc_deadline_timer aes xsave avx lahf_lm ida arat epb xsaveopt pln pts dtherm tpr_shadow vnmi flexpriority ept vpid
bogomips	: 4983.97
clflush size	: 64
cache_alignment	: 64
address sizes	: 36 bits physical, 48 bits virtual
power management:

processor	: 1
vendor_id	: GenuineIntel
cpu family	: 6
model		: 42
model name	: Intel(R) Core(TM) i5-2520M CPU @ 2.50GHz
stepping	: 7
microcode	: 0x29
cpu MHz		: 3033.789
cache size	: 3072 KB
physical id	: 0
siblings	: 4
core id		: 0
cpu cores	: 2
apicid		: 1
initial apicid	: 1
fpu		: yes
fpu_exception	: yes
cpuid level	: 13
wp		: yes
flags		: fpu vme de pse tsc msr pae mce cx8 apic sep mtrr pge mca cmov pat pse36 clflush dts acpi mmx fxsr sse sse2 ss ht tm pbe syscall nx rdtscp lm constant_tsc arch_perfmon pebs bts nopl xtopology nonstop_tsc aperfmperf eagerfpu pni pclmulqdq dtes64 monitor ds_cpl vmx smx est tm2 ssse3 cx16 xtpr pdcm pcid sse4_1 sse4_2 x2apic popcnt tsc_deadline_timer aes xsave avx lahf_lm ida arat epb xsaveopt pln pts dtherm tpr_shadow vnmi flexpriority ept vpid
bogomips	: 4983.97
clflush size	: 64
cache_alignment	: 64
address sizes	: 36 bits physical, 48 bits virtual
power management:

processor	: 2
vendor_id	: GenuineIntel
cpu family	: 6
model		: 42
model name	: Intel(R) Core(TM) i5-2520M CPU @ 2.50GHz
stepping	: 7
microcode	: 0x29
cpu MHz		: 3000.195
cache size	: 3072 KB
physical id	: 0
siblings	: 4
core id		: 1
cpu cores	: 2
apicid		: 2
initial apicid	: 2
fpu		: yes
fpu_exception	: yes
cpuid level	: 13
wp		: yes
flags		: fpu vme de pse tsc msr pae mce cx8 apic sep mtrr pge mca cmov pat pse36 clflush dts acpi mmx fxsr sse sse2 ss ht tm pbe syscall nx rdtscp lm constant_tsc arch_perfmon pebs bts nopl xtopology nonstop_tsc aperfmperf eagerfpu pni pclmulqdq dtes64 monitor ds_cpl vmx smx est tm2 ssse3 cx16 xtpr pdcm pcid sse4_1 sse4_2 x2apic popcnt tsc_deadline_timer aes xsave avx lahf_lm ida arat epb xsaveopt pln pts dtherm tpr_shadow vnmi flexpriority ept vpid
bogomips	: 4983.97
clflush size	: 64
cache_alignment	: 64
address sizes	: 36 bits physical, 48 bits virtual
power management:

processor	: 3
vendor_id	: GenuineIntel
cpu family	: 6
model		: 42
model name	: Intel(R) Core(TM) i5-2520M CPU @ 2.50GHz
stepping	: 7
microcode	: 0x29
cpu MHz		: 3024.316
cache size	: 3072 KB
physical id	: 0
siblings	: 4
core id		: 1
cpu cores	: 2
apicid		: 3
initial apicid	: 3
fpu		: yes
fpu_exception	: yes
cpuid level	: 13
wp		: yes
flags		: fpu vme de pse tsc msr pae mce cx8 apic sep mtrr pge mca cmov pat pse36 clflush dts acpi mmx fxsr sse sse2 ss ht tm pbe syscall nx rdtscp lm constant_tsc arch_perfmon pebs bts nopl xtopology nonstop_tsc aperfmperf eagerfpu pni pclmulqdq dtes64 monitor ds_cpl vmx smx est tm2 ssse3 cx16 xtpr pdcm pcid sse4_1 sse4_2 x2apic popcnt tsc_deadline_timer aes xsave avx lahf_lm ida arat epb xsaveopt pln pts dtherm tpr_shadow vnmi flexpriority ept vpid
bogomips	: 4983.97
clflush size	: 64
cache_alignment	: 64
address sizes	: 36 bits physical, 48 bits virtual
power management:



Memory: 4k page, physical 3944792k(322264k free), swap 3212284k(3150908k free)

vm_info: Java HotSpot(TM) 64-Bit Server VM (25.31-b07) for linux-amd64 JRE (1.8.0_31-b13), built on Dec 17 2014 20:40:15 by "java_re" with gcc 4.3.0 20080428 (Red Hat 4.3.0-8)

time: Wed Feb  4 14:02:36 2015
elapsed time: 8 seconds (0d 0h 0m 8s)

